***************************************
*** ###easy### TPC-C Load Generator ***
***************************************
option h with value '192.241.149.101'
option d with value 'tpcc'
option u with value 'root'
option p with value 'password'
option w with value '20'
option c with value '200'
option r with value '1200'
option l with value '7200'
<Parameters>
     [server]: 192.241.149.101
     [port]: 3306
     [DBname]: tpcc
       [user]: root
       [pass]: password
  [warehouse]: 20
 [connection]: 200
     [rampup]: 1200 (sec.)
    [measure]: 7200 (sec.)

RAMP-UP TIME.(1200 sec.)

MEASURING START.

  10, 228(2):5.145|8.469, 244(0):1.090|3.470, 23(0):0.614|0.909, 20(0):6.601|9.222, 22(0):16.113|18.879
  20, 234(5):5.037|5.241, 226(0):1.054|1.126, 23(0):0.454|0.464, 22(0):5.880|5.994, 25(0):15.122|15.156
  30, 239(7):5.053|5.202, 233(0):0.971|4.648, 24(0):0.492|0.562, 23(0):6.030|6.226, 22(0):15.296|15.705
  40, 269(1):4.959|5.020, 255(0):1.069|1.114, 27(0):0.520|0.574, 26(0):5.858|5.932, 28(0):14.341|15.130
  50, 186(0):4.769|4.919, 204(0):1.017|1.173, 18(0):0.446|0.519, 20(0):6.021|6.146, 20(0):14.960|15.074
  60, 224(4):5.090|5.170, 237(0):0.955|1.184, 24(0):0.439|0.651, 20(0):6.117|6.559, 22(0):14.440|15.187
  70, 208(2):4.849|5.250, 183(0):0.985|0.991, 20(0):0.456|0.460, 24(0):5.795|6.178, 18(0):14.690|14.941
  80, 204(4):5.091|5.546, 206(0):0.991|1.195, 19(0):0.596|0.767, 23(0):5.928|6.022, 23(0):14.473|14.581
  90, 254(1):4.721|5.127, 266(0):1.021|1.200, 27(0):0.447|0.546, 25(0):5.855|5.939, 23(0):14.588|15.595
 100, 260(5):5.043|5.302, 248(0):0.988|1.132, 26(0):0.497|0.525, 26(0):6.017|6.109, 29(0):15.043|15.130
 110, 247(1):4.785|5.150, 235(0):0.961|1.121, 24(0):0.412|0.437, 21(0):5.689|5.703, 24(0):13.994|15.459
 120, 200(0):4.696|4.720, 227(0):0.985|1.160, 20(0):0.441|0.491, 22(0):5.461|5.723, 17(0):13.402|13.418
 130, 212(8):5.257|5.357, 191(0):1.091|1.657, 21(0):0.506|0.724, 25(0):6.136|6.236, 28(0):15.108|15.224
 140, 207(11):5.475|5.588, 211(0):1.128|1.209, 21(0):0.449|0.451, 16(0):6.269|6.670, 12(0):15.315|15.483
 150, 232(14):5.235|5.595, 249(0):1.077|1.198, 24(0):0.610|0.675, 24(0):5.914|6.075, 27(0):15.104|15.700
 160, 267(1):4.857|5.365, 255(0):0.896|1.057, 25(0):0.481|0.580, 24(0):5.878|6.526, 25(0):14.057|14.521
 170, 274(2):4.807|5.088, 269(0):0.990|1.055, 28(0):0.497|0.598, 32(0):5.520|5.526, 26(0):14.457|15.006
 180, 200(5):5.050|5.149, 225(0):1.006|1.523, 22(0):0.400|0.431, 20(0):5.593|5.634, 25(0):15.058|15.408
 190, 237(5):5.054|5.961, 219(0):0.972|1.007, 23(0):0.525|0.530, 20(0):6.051|6.068, 22(0):14.580|14.898
 200, 201(4):5.048|5.590, 195(0):1.183|1.467, 19(0):0.485|0.532, 22(0):5.767|5.795, 20(0):14.867|14.879
 210, 209(0):4.858|4.953, 215(0):0.993|1.180, 21(0):0.471|0.573, 21(0):6.244|6.424, 20(0):14.393|14.420
 220, 194(4):5.025|5.295, 209(0):1.083|1.122, 21(0):0.446|0.452, 19(0):5.971|6.073, 19(0):14.264|14.318
 230, 271(5):5.160|5.405, 256(0):1.012|1.203, 25(0):0.531|0.598, 29(0):6.123|6.634, 29(0):14.330|15.842
 240, 226(6):5.102|5.222, 219(0):0.994|1.176, 23(0):0.465|0.471, 21(0):5.963|6.207, 26(0):15.078|15.146
 250, 222(5):5.040|5.231, 226(0):1.141|1.546, 22(0):0.509|0.584, 20(0):6.177|6.349, 17(0):13.981|14.560
 260, 238(5):5.046|7.972, 253(0):1.033|1.117, 25(0):0.463|0.476, 25(0):6.067|6.132, 22(0):14.461|14.668
 270, 219(2):4.943|5.534, 211(0):0.989|1.253, 22(0):0.464|0.489, 27(0):6.113|6.390, 26(0):14.284|15.005
 280, 230(3):4.896|5.186, 214(0):0.978|1.689, 22(0):0.470|0.495, 20(0):5.932|6.398, 24(0):13.709|14.043
 290, 217(0):4.824|4.984, 214(0):0.980|1.107, 22(0):0.478|0.531, 25(0):5.652|5.764, 24(0):14.135|15.255
 300, 236(2):4.945|5.154, 236(0):1.178|1.651, 23(0):0.508|0.546, 19(0):5.806|5.919, 19(0):13.323|13.372
 310, 214(4):5.014|5.335, 214(0):0.996|1.156, 21(0):0.486|0.526, 24(0):5.918|5.996, 24(0):14.207|14.218
 320, 197(3):5.017|5.140, 211(0):1.054|1.196, 21(0):0.514|0.680, 19(0):5.879|5.941, 19(0):14.458|14.755
 330, 172(6):5.067|5.249, 170(0):0.986|1.183, 17(0):0.494|0.780, 13(0):5.813|6.443, 16(0):14.302|14.324
 340, 221(7):5.046|5.313, 214(0):1.039|1.280, 21(0):0.489|0.554, 22(0):5.831|6.119, 22(0):15.200|15.387
 350, 146(2):4.961|5.808, 145(0):0.956|1.111, 15(0):0.466|0.564, 18(0):6.101|6.313, 19(0):14.677|15.026
 360, 202(5):5.048|5.425, 209(0):1.038|1.157, 21(0):0.555|0.619, 18(0):5.889|5.893, 13(0):14.579|14.790
 370, 228(11):5.251|5.609, 229(0):1.061|1.510, 22(0):0.461|0.527, 25(0):6.446|6.707, 25(0):15.526|15.692
 380, 212(4):5.013|5.386, 229(0):1.022|1.186, 23(0):0.511|0.628, 23(0):5.827|6.344, 21(0):15.122|15.554
 390, 230(0):4.859|4.927, 224(0):1.044|1.094, 22(0):0.486|0.501, 20(0):5.934|5.963, 28(0):14.719|14.817
 400, 253(5):5.096|5.255, 220(0):1.006|1.132, 25(0):0.454|0.458, 27(0):5.898|6.063, 26(0):14.758|14.822
 410, 219(5):5.058|8.990, 242(0):1.066|1.143, 21(0):0.516|0.534, 22(0):6.026|6.062, 19(0):14.952|15.152
 420, 200(8):5.225|5.388, 197(0):1.043|1.207, 21(0):0.449|0.487, 21(0):6.501|6.536, 16(0):14.685|15.199
 430, 255(34):6.100|6.432, 266(0):1.404|1.987, 26(0):0.614|1.054, 23(0):6.622|7.017, 30(0):16.480|16.543
 440, 203(44):6.467|7.193, 192(0):1.236|2.034, 19(0):0.588|0.696, 20(0):7.793|8.004, 19(0):17.876|18.298
 450, 163(14):5.395|5.570, 152(0):1.088|1.124, 16(0):0.475|0.544, 15(0):6.562|6.696, 13(0):16.646|16.858
 460, 229(4):5.049|5.241, 245(0):1.058|1.320, 24(0):0.533|0.582, 29(0):6.273|6.277, 24(0):16.357|17.309
 470, 244(1):4.985|5.027, 238(0):1.056|1.278, 23(0):0.564|0.599, 22(0):5.837|5.942, 27(0):15.627|16.529
 480, 246(4):5.014|5.426, 257(0):1.014|1.101, 26(0):0.468|0.473, 23(0):5.772|5.881, 23(0):14.033|14.577
 490, 241(8):5.065|5.223, 236(0):1.015|1.125, 24(0):0.579|0.604, 23(0):5.706|6.101, 24(0):14.667|14.745
 500, 199(8):5.298|5.696, 192(0):1.072|1.148, 19(0):0.503|0.508, 25(0):5.853|6.052, 20(0):14.812|15.579
 510, 263(2):4.907|5.169, 241(0):1.048|1.210, 26(0):0.454|0.477, 22(0):5.993|6.029, 29(0):14.784|14.935
 520, 204(5):5.047|5.290, 227(0):1.068|1.270, 21(0):0.478|0.541, 22(0):6.013|6.057, 20(0):14.512|15.512
 530, 267(4):5.042|6.138, 267(0):1.078|1.128, 28(0):0.422|0.433, 26(0):6.018|6.168, 23(0):14.183|14.411
 540, 219(3):4.995|5.326, 221(0):1.022|1.285, 21(0):0.536|0.552, 23(0):5.743|6.139, 24(0):13.788|14.218
 550, 214(1):4.956|5.143, 211(0):1.009|1.171, 22(0):0.497|0.623, 21(0):5.849|6.052, 25(0):14.726|15.553
 560, 230(5):5.114|5.242, 241(0):1.079|1.121, 23(0):0.465|0.545, 19(0):6.095|6.394, 19(0):14.221|14.871
 570, 253(5):5.167|5.630, 250(0):1.086|1.586, 26(0):0.472|0.495, 30(0):6.365|6.472, 24(0):14.994|15.544
 580, 202(9):5.341|5.844, 210(0):1.030|1.176, 20(0):0.529|0.615, 18(0):6.252|6.268, 20(0):14.973|15.056
 590, 240(0):4.846|4.987, 223(0):1.006|1.035, 23(0):0.445|0.448, 23(0):6.139|6.231, 24(0):14.943|14.987
 600, 241(2):4.875|5.575, 239(0):0.967|1.123, 23(0):0.539|0.562, 24(0):6.077|6.108, 24(0):14.431|14.634
 610, 231(3):4.988|5.194, 247(0):1.048|1.176, 24(0):0.456|0.465, 23(0):5.867|6.758, 24(0):14.433|14.807
 620, 274(5):5.044|6.237, 276(0):1.051|1.241, 27(0):0.450|0.508, 29(0):6.050|8.782, 26(0):13.983|14.016
 630, 237(5):5.009|5.237, 227(0):1.014|1.138, 23(0):0.428|0.484, 20(0):5.955|6.264, 22(0):14.583|15.155
 640, 187(2):4.952|5.258, 188(0):1.223|1.404, 19(0):0.488|0.559, 26(0):6.275|6.467, 22(0):14.706|15.457
 650, 227(3):4.938|5.477, 214(0):0.955|1.034, 23(0):0.432|0.553, 23(0):6.131|6.306, 24(0):14.480|15.565
 660, 226(1):4.922|5.111, 233(0):1.012|1.146, 23(0):0.487|0.508, 17(0):5.805|6.331, 22(0):14.588|15.676
 670, 234(13):5.300|6.092, 230(0):1.025|1.073, 23(0):0.497|0.596, 24(0):6.130|6.459, 25(0):14.963|15.216
 680, 251(3):4.953|5.215, 240(0):1.039|1.079, 25(0):0.543|0.562, 26(0):6.006|6.035, 24(0):14.612|14.773
 690, 253(6):5.144|5.258, 279(0):1.198|1.521, 26(0):0.441|0.481, 26(0):6.154|6.408, 21(0):15.337|15.374
 700, 242(9):5.187|5.312, 213(0):1.096|1.150, 24(0):0.600|0.645, 24(0):5.955|6.172, 26(0):15.191|15.346
 710, 264(21):5.519|6.134, 267(0):1.385|1.942, 26(0):0.557|0.744, 27(0):6.440|6.457, 28(0):15.757|15.924
 720, 213(3):4.934|5.405, 220(0):1.028|1.182, 21(0):0.668|0.680, 21(0):5.994|6.340, 21(0):14.636|15.206
 730, 244(25):5.542|5.879, 260(0):1.293|1.374, 26(0):0.624|0.677, 22(0):6.383|6.560, 26(0):16.687|17.330
 740, 236(28):5.725|6.169, 234(0):1.190|1.295, 24(0):0.525|0.907, 23(0):7.331|7.341, 22(0):18.017|18.825
 750, 269(31):5.470|5.907, 256(0):1.120|1.272, 25(0):0.524|0.603, 30(0):6.451|6.852, 27(0):16.256|16.333
 760, 222(16):5.293|5.513, 206(0):1.039|3.937, 22(0):0.526|0.635, 21(0):6.422|6.658, 23(0):15.498|16.423
 770, 236(10):5.231|5.801, 245(0):1.308|1.549, 23(0):0.544|0.848, 24(0):6.389|6.963, 22(0):15.665|16.131
 780, 260(4):5.054|5.239, 264(0):1.025|1.109, 27(0):0.692|0.741, 25(0):5.968|6.258, 26(0):14.551|14.731
 790, 225(3):4.995|5.175, 230(0):1.097|1.175, 23(0):0.563|0.572, 24(0):6.011|6.117, 21(0):14.539|14.861
 800, 220(2):4.961|5.073, 242(0):1.154|1.214, 22(0):0.520|0.528, 23(0):5.870|6.732, 24(0):14.575|14.677
 810, 238(3):4.893|5.259, 238(0):1.088|1.148, 24(0):0.475|0.486, 22(0):5.859|6.032, 24(0):14.806|15.194
 820, 219(14):5.332|5.525, 213(0):1.035|1.138, 22(0):0.458|0.723, 25(0):6.151|6.168, 20(0):14.979|15.523
 830, 214(7):5.236|5.394, 217(0):1.119|1.162, 22(0):0.497|0.529, 20(0):6.547|6.609, 27(0):14.771|15.061
 840, 216(4):5.048|5.097, 214(0):0.983|1.047, 22(0):0.510|0.662, 22(0):5.806|6.129, 18(0):14.094|14.455
 850, 250(2):4.977|5.247, 238(0):1.040|1.153, 24(0):0.471|0.519, 24(0):6.003|6.099, 25(0):14.809|16.443
 860, 239(6):5.101|5.293, 230(0):1.078|1.219, 23(0):0.422|0.442, 23(0):6.062|6.099, 24(0):14.164|15.413
 870, 243(6):5.144|5.504, 261(0):1.007|1.089, 26(0):0.546|0.555, 24(0):6.120|6.649, 24(0):14.682|15.579
 880, 220(3):4.899|5.029, 205(0):1.066|1.559, 21(0):0.442|0.572, 23(0):5.911|6.000, 22(0):13.605|13.755
 890, 280(3):4.864|5.454, 289(0):1.014|1.722, 29(0):0.464|0.517, 30(0):5.766|5.813, 29(0):14.323|14.576
 900, 191(0):4.850|4.885, 186(0):1.012|1.055, 18(0):0.441|0.485, 16(0):5.556|5.659, 23(0):14.014|15.053
 910, 213(1):4.925|5.107, 218(0):0.987|1.066, 20(0):0.590|0.665, 21(0):6.285|6.787, 20(0):13.997|15.540
 920, 217(4):5.007|5.335, 229(0):1.033|1.483, 24(0):0.639|0.716, 20(0):6.083|6.238, 18(0):14.106|14.880
 930, 206(14):5.524|5.907, 180(0):1.069|1.138, 19(0):0.559|0.631, 23(0):6.030|6.182, 22(0):13.682|13.738
 940, 179(6):5.040|5.228, 182(0):1.011|1.066, 19(0):0.521|0.560, 18(0):6.057|6.281, 19(0):14.533|14.584
 950, 222(5):5.088|5.353, 225(0):1.033|1.087, 21(0):0.551|0.625, 23(0):5.784|5.848, 24(0):15.346|15.517
 960, 243(7):5.333|6.944, 254(0):1.062|1.400, 25(0):0.502|0.526, 19(0):6.030|6.081, 15(0):14.200|14.424
 970, 204(2):4.959|5.261, 211(0):1.020|1.368, 21(0):0.442|0.636, 25(0):6.059|6.180, 25(0):15.022|15.065
 980, 240(3):4.999|5.150, 235(0):0.933|1.305, 23(0):0.493|0.495, 26(0):5.768|5.881, 27(0):13.687|13.699
 990, 226(1):4.962|5.291, 227(0):1.017|1.066, 24(0):0.479|0.603, 23(0):5.753|5.812, 21(0):13.979|14.293
1000, 239(6):5.048|5.367, 241(0):1.045|1.370, 23(0):0.494|0.502, 20(0):5.754|5.918, 24(0):14.370|16.530
1010, 211(0):4.824|4.888, 211(0):1.078|1.609, 22(0):0.495|0.616, 21(0):5.802|5.939, 23(0):13.403|14.340
1020, 204(4):5.014|5.123, 207(0):1.153|3.041, 20(0):0.527|0.579, 23(0):5.942|6.487, 20(0):14.872|15.060
1030, 210(16):6.018|6.364, 206(0):1.288|1.574, 20(0):0.482|0.561, 21(0):6.646|6.909, 21(0):15.522|16.466
1040, 250(18):5.568|7.501, 249(0):1.260|1.721, 25(0):0.505|0.706, 22(0):6.410|6.521, 24(0):15.341|16.264
1050, 236(12):5.193|5.549, 226(0):1.102|1.128, 24(0):0.519|0.544, 24(0):6.228|6.340, 22(0):15.024|15.083
1060, 222(2):4.962|5.398, 243(0):1.000|1.152, 22(0):0.442|0.521, 23(0):5.887|5.986, 27(0):15.258|15.269
1070, 254(3):4.990|5.227, 244(0):1.061|1.354, 25(0):0.490|0.647, 25(0):6.135|6.486, 20(0):14.104|14.330
1080, 216(5):5.301|5.635, 233(0):1.011|1.420, 23(0):0.532|0.645, 22(0):5.915|6.160, 23(0):15.326|15.567
1090, 244(7):5.150|5.383, 224(0):1.083|1.127, 24(0):0.519|1.076, 26(0):5.926|6.060, 24(0):15.603|16.092
1100, 167(2):4.921|5.106, 163(0):0.988|1.129, 17(0):0.487|0.505, 15(0):6.071|6.079, 20(0):15.185|15.344
1110, 149(2):4.986|5.251, 140(0):1.044|1.210, 14(0):0.458|0.465, 17(0):6.030|6.111, 11(0):14.232|14.877
1120, 235(7):5.330|5.536, 247(0):1.053|1.267, 24(0):0.653|0.734, 25(0):6.219|6.447, 22(0):15.419|15.805
1130, 247(4):5.018|5.301, 244(0):0.963|1.141, 24(0):0.736|0.840, 18(0):6.174|6.403, 27(0):14.585|14.848
1140, 220(5):5.065|5.277, 223(0):1.030|1.158, 22(0):0.560|0.618, 24(0):6.013|6.243, 20(0):14.489|14.527
1150, 228(2):4.937|5.132, 223(0):0.969|1.300, 23(0):0.457|0.753, 23(0):6.214|6.269, 23(0):14.669|15.039
1160, 217(7):5.154|5.421, 207(0):1.078|1.184, 22(0):0.511|0.561, 24(0):6.093|6.169, 23(0):15.152|15.350
1170, 236(2):4.953|5.062, 254(0):0.955|1.013, 24(0):0.460|0.469, 24(0):5.965|6.493, 24(0):15.194|15.504
1180, 205(2):4.917|5.216, 196(0):1.006|1.099, 21(0):0.437|0.506, 22(0):5.889|6.037, 20(0):15.024|15.217
1190, 226(6):5.094|5.131, 254(0):1.052|1.081, 23(0):0.548|0.662, 23(0):5.991|6.341, 23(0):15.371|15.446
1200, 205(4):5.034|5.311, 190(0):1.104|1.179, 20(0):0.448|0.493, 16(0):6.179|6.289, 19(0):15.591|15.914
1210, 223(3):4.936|5.338, 225(0):1.034|1.093, 22(0):0.485|0.533, 26(0):6.226|6.522, 22(0):14.830|15.122
1220, 221(4):5.004|5.158, 225(0):1.038|1.150, 23(0):0.466|0.703, 20(0):6.021|6.197, 27(0):15.232|16.083
1230, 229(10):5.225|5.303, 222(0):1.114|1.304, 23(0):0.519|0.613, 23(0):6.267|6.432, 20(0):14.143|14.642
1240, 234(3):4.915|5.374, 223(0):1.048|1.140, 21(0):0.494|0.570, 24(0):6.251|6.262, 21(0):14.908|15.128
1250, 256(3):4.972|5.254, 240(0):0.975|1.181, 26(0):0.611|0.785, 23(0):5.943|6.026, 28(0):14.725|15.058
1260, 215(0):4.892|4.988, 233(0):1.111|1.572, 21(0):0.455|0.558, 22(0):5.761|5.870, 22(0):13.704|14.602
1270, 211(12):5.399|8.676, 211(0):1.161|1.460, 23(0):0.576|0.581, 23(0):6.052|6.284, 23(0):15.198|15.422
1280, 256(4):5.007|5.266, 245(0):1.085|1.429, 25(0):0.460|0.523, 27(0):5.866|6.265, 26(0):14.922|16.411
1290, 218(4):5.070|5.353, 222(0):1.048|1.165, 21(0):0.443|0.502, 21(0):5.939|5.940, 18(0):14.974|15.036
1300, 231(4):5.092|5.452, 236(0):1.082|1.161, 23(0):0.456|0.570, 20(0):6.344|6.431, 23(0):14.998|15.705
1310, 241(12):5.135|5.405, 251(0):1.084|1.120, 25(0):0.539|0.569, 26(0):6.227|6.281, 26(0):15.564|15.866
1320, 253(7):5.093|5.389, 245(0):1.155|1.374, 25(0):0.448|0.536, 23(0):6.001|6.263, 26(0):14.254|14.469
1330, 218(25):5.979|6.240, 207(0):1.160|1.630, 21(0):0.502|0.507, 22(0):6.191|6.570, 22(0):16.227|16.570
1340, 255(24):5.397|5.618, 260(0):1.130|1.535, 26(0):0.447|0.511, 28(0):6.606|6.683, 24(0):15.719|16.144
1350, 204(5):5.024|5.166, 207(0):1.033|1.622, 21(0):0.486|0.570, 20(0):6.074|6.261, 23(0):14.744|15.002
1360, 247(7):5.067|5.335, 256(0):1.008|1.182, 25(0):0.522|0.564, 24(0):5.867|6.118, 24(0):15.302|16.358
1370, 226(2):4.852|5.110, 224(0):0.892|3.769, 22(0):0.453|0.636, 29(0):5.626|5.847, 30(0):13.851|13.930
1380, 249(1):4.755|5.052, 233(0):0.989|1.046, 25(0):0.457|0.472, 20(0):5.579|5.807, 18(0):13.025|13.733
1390, 241(1):4.750|5.037, 245(0):0.936|1.028, 23(0):0.479|0.494, 24(0):5.483|5.681, 20(0):14.021|14.961
1400, 172(1):4.925|5.130, 176(0):0.995|1.011, 19(0):0.471|0.568, 17(0):5.870|5.939, 22(0):13.783|14.290
1410, 141(12):5.230|5.249, 159(0):1.064|1.437, 13(0):0.502|0.581, 13(0):6.136|6.172, 8(0):14.463|16.805
1420, 200(9):5.306|5.455, 191(0):1.030|1.104, 19(0):0.530|0.541, 22(0):6.349|7.161, 23(0):15.159|15.275
1430, 224(3):4.875|5.131, 217(0):1.003|1.298, 23(0):0.507|0.547, 22(0):5.872|6.115, 22(0):15.265|15.378
1440, 229(1):4.829|5.136, 238(0):1.066|1.217, 24(0):0.415|0.774, 21(0):5.962|6.061, 22(0):15.123|15.222
1450, 241(5):5.125|6.860, 242(0):0.983|1.012, 25(0):0.550|0.627, 22(0):5.894|5.895, 26(0):14.293|14.852
1460, 254(4):5.040|5.134, 251(0):1.022|1.496, 25(0):0.483|0.486, 29(0):5.791|6.061, 23(0):15.540|15.899
1470, 216(4):5.024|5.278, 218(0):0.994|1.113, 21(0):0.644|0.746, 23(0):6.033|6.102, 21(0):14.263|15.554
1480, 281(3):4.920|5.298, 260(0):1.031|1.258, 27(0):0.432|0.445, 25(0):5.902|5.918, 32(0):14.815|16.002
1490, 201(1):4.780|5.056, 228(0):1.105|1.319, 22(0):0.465|0.879, 21(0):6.152|6.361, 17(0):14.674|15.509
1500, 173(3):5.081|5.300, 155(0):1.075|1.109, 15(0):0.439|0.452, 17(0):5.976|6.278, 21(0):15.434|16.701
1510, 253(16):5.475|6.924, 251(0):1.099|1.307, 27(0):0.589|0.605, 27(0):6.295|6.338, 22(0):14.551|15.884
1520, 231(5):5.085|5.401, 238(0):1.068|1.299, 23(0):0.425|0.504, 22(0):6.005|6.100, 24(0):14.686|15.334
1530, 256(11):5.141|5.604, 252(0):1.205|1.279, 25(0):0.588|0.636, 27(0):6.438|6.564, 26(0):14.696|15.591
1540, 203(7):5.101|5.225, 205(0):1.038|1.148, 21(0):0.519|0.581, 18(0):6.265|6.416, 19(0):15.174|16.515
1550, 200(4):5.047|5.353, 202(0):1.034|1.134, 20(0):0.494|0.501, 24(0):5.993|6.390, 25(0):13.987|14.952
1560, 270(6):5.198|5.822, 266(0):1.044|1.182, 26(0):0.590|0.607, 23(0):5.807|6.041, 24(0):14.374|14.545
1570, 225(2):4.941|5.063, 232(0):1.063|1.191, 22(0):0.558|0.643, 24(0):5.918|6.133, 20(0):15.014|15.160
1580, 252(13):5.251|5.596, 249(0):1.035|1.262, 26(0):0.447|0.473, 24(0):6.566|6.999, 31(0):15.148|15.581
1590, 180(10):5.190|5.326, 189(0):1.086|1.135, 18(0):0.496|0.498, 19(0):6.082|6.177, 13(0):15.433|16.486
1600, 223(14):5.353|5.680, 218(0):1.047|1.243, 24(0):0.528|0.529, 23(0):6.438|6.680, 24(0):14.860|14.892
1610, 255(11):5.146|5.861, 244(0):1.144|1.248, 24(0):0.571|0.829, 25(0):6.585|6.741, 24(0):15.563|16.239
1620, 244(11):5.157|5.427, 253(0):1.116|1.176, 25(0):0.476|0.520, 22(0):6.163|6.230, 25(0):15.000|15.626
1630, 216(53):7.328|8.321, 205(0):1.393|1.418, 20(0):0.541|0.563, 24(0):7.182|8.045, 22(0):16.519|17.503
1640, 227(72):7.447|10.539, 234(0):1.346|1.808, 24(0):0.498|0.559, 22(0):8.190|8.531, 25(0):17.840|18.157
1650, 210(22):5.547|6.133, 220(0):1.148|1.210, 21(0):0.509|0.558, 21(0):6.599|6.706, 19(0):15.931|17.874
1660, 149(25):5.791|5.808, 122(0):1.183|1.252, 14(0):0.494|0.497, 14(0):6.581|7.025, 14(0):15.310|15.619
1670, 167(23):5.577|5.830, 173(0):1.059|1.165, 17(0):0.473|0.483, 20(0):6.645|6.714, 15(0):15.980|16.115
1680, 215(10):5.126|5.234, 225(0):1.194|1.275, 21(0):0.505|0.599, 18(0):6.368|6.479, 23(0):16.124|16.197
1690, 251(5):5.054|5.202, 250(0):1.035|1.397, 26(0):0.483|0.516, 25(0):5.924|6.097, 25(0):14.815|14.942
1700, 210(1):4.918|5.189, 224(0):1.090|1.425, 22(0):0.487|0.519, 23(0):6.077|6.269, 23(0):14.687|14.717
1710, 259(0):4.589|4.877, 240(0):0.992|1.086, 24(0):0.527|0.687, 27(0):5.318|5.519, 26(0):12.502|13.611
1720, 224(0):4.853|4.986, 239(0):1.023|1.235, 24(0):0.468|0.511, 20(0):5.585|6.246, 25(0):13.885|14.155
1730, 245(0):4.926|4.979, 233(0):1.072|1.875, 24(0):0.439|0.498, 25(0):5.789|6.135, 18(0):13.662|16.616
1740, 224(3):4.919|5.432, 241(0):0.974|1.271, 23(0):0.471|0.576, 23(0):5.769|5.793, 23(0):14.407|14.674
1750, 243(5):5.059|6.474, 248(0):1.031|1.044, 25(0):0.530|0.637, 25(0):5.824|5.878, 26(0):15.057|15.288
1760, 215(4):5.011|5.139, 186(0):1.017|1.108, 20(0):0.411|0.603, 19(0):5.788|6.016, 20(0):14.461|15.736
1770, 254(5):5.257|5.450, 272(0):1.097|1.254, 26(0):0.537|0.541, 29(0):6.129|6.173, 26(0):13.966|14.651
1780, 166(3):5.054|5.089, 158(0):0.988|1.142, 16(0):0.496|0.520, 15(0):5.724|5.879, 18(0):14.526|16.097
1790, 225(12):5.354|6.228, 227(0):1.107|1.198, 22(0):0.476|0.529, 21(0):6.451|9.237, 23(0):14.349|15.791
1800, 234(18):5.493|5.813, 248(0):1.201|1.459, 24(0):0.529|0.561, 25(0):6.953|7.048, 23(0):15.800|15.929
1810, 234(10):5.126|6.181, 221(0):1.097|1.222, 24(0):0.482|0.531, 23(0):6.095|6.250, 26(0):15.338|16.044
1820, 220(3):4.991|5.208, 231(0):1.089|1.355, 22(0):0.509|0.527, 25(0):6.019|6.134, 20(0):14.996|15.398
1830, 256(10):5.218|5.614, 223(0):1.089|1.157, 23(0):0.484|0.504, 23(0):5.981|6.064, 26(0):15.395|15.536
1840, 202(2):4.921|5.066, 222(0):1.066|1.302, 22(0):0.467|0.601, 18(0):5.806|6.131, 17(0):14.753|15.405
1850, 231(6):5.252|5.417, 227(0):0.981|1.294, 23(0):0.489|0.596, 23(0):6.314|6.386, 26(0):14.431|14.488
1860, 243(10):5.356|6.223, 240(0):1.057|1.138, 25(0):0.521|0.652, 28(0):6.100|6.395, 23(0):14.993|15.133
1870, 199(6):5.114|5.239, 204(0):0.974|1.188, 19(0):0.506|0.574, 19(0):6.143|6.238, 19(0):15.635|16.487
1880, 265(6):5.051|5.353, 295(0):1.159|1.336, 28(0):0.488|0.505, 25(0):5.961|6.302, 26(0):14.555|15.162
1890, 229(17):5.257|6.123, 211(0):1.078|1.145, 22(0):0.519|0.530, 20(0):6.434|6.446, 24(0):15.771|15.790
1900, 212(17):5.368|5.490, 199(0):1.083|1.119, 21(0):0.507|0.657, 22(0):6.618|6.655, 19(0):16.160|16.481
1910, 144(16):5.324|6.157, 144(0):1.021|1.050, 15(0):0.492|0.575, 16(0):6.569|6.680, 19(0):15.773|16.342
1920, 201(5):5.029|5.089, 217(0):0.990|1.051, 20(0):0.478|0.480, 20(0):5.902|6.241, 19(0):15.237|15.337
1930, 220(31):5.870|6.491, 213(0):1.314|1.506, 21(0):0.632|0.749, 23(0):6.281|7.364, 20(0):15.670|16.103
1940, 188(19):5.760|6.079, 174(0):1.363|1.386, 19(0):0.434|0.615, 18(0):6.646|6.712, 24(0):16.360|16.561
1950, 245(29):5.592|5.856, 258(0):1.215|1.259, 25(0):0.554|0.586, 23(0):6.704|6.895, 21(0):16.570|17.507
1960, 210(5):5.041|5.127, 217(0):1.033|1.284, 21(0):0.416|0.470, 24(0):5.811|5.921, 20(0):14.424|16.426
1970, 253(0):4.566|4.769, 247(0):0.948|1.187, 25(0):0.425|0.466, 26(0):5.466|5.720, 25(0):13.672|13.780
1980, 165(0):4.646|4.969, 181(0):0.947|1.035, 17(0):0.421|0.442, 14(0):5.210|5.324, 18(0):13.223|14.041
1990, 191(4):5.069|6.457, 183(0):1.013|1.741, 19(0):0.423|0.428, 21(0):5.499|5.955, 19(0):14.059|14.383
2000, 233(0):4.753|4.883, 221(0):1.005|1.140, 23(0):0.457|0.463, 26(0):5.916|6.074, 22(0):13.507|14.192
2010, 252(0):4.630|4.807, 233(0):0.933|1.171, 24(0):0.485|0.566, 19(0):5.491|5.746, 27(0):13.686|14.017
2020, 213(4):5.030|5.284, 226(0):1.039|1.243, 23(0):0.477|0.500, 25(0):5.771|5.829, 20(0):13.693|14.344
2030, 223(7):5.033|5.165, 228(0):1.028|1.128, 22(0):0.448|0.483, 22(0):5.905|6.116, 22(0):14.059|15.926
2040, 218(0):4.907|4.968, 208(0):0.926|0.994, 21(0):0.504|0.521, 21(0):5.557|5.645, 21(0):15.023|15.609
2050, 238(1):4.884|5.306, 248(0):1.007|1.944, 25(0):0.505|0.536, 23(0):6.025|6.410, 26(0):14.068|14.456
2060, 225(1):4.800|5.258, 239(0):0.974|1.092, 22(0):0.473|0.493, 22(0):5.639|5.774, 21(0):13.586|13.725
2070, 238(3):4.927|5.124, 228(0):1.031|1.228, 25(0):0.472|0.510, 28(0):5.717|5.781, 25(0):14.034|14.965
2080, 240(1):4.778|5.036, 252(0):0.999|1.116, 24(0):0.525|0.554, 23(0):5.377|5.868, 26(0):14.175|14.327
2090, 226(1):4.731|5.049, 211(0):1.030|1.420, 22(0):0.469|0.474, 18(0):5.637|5.713, 21(0):13.601|14.131
2100, 178(2):4.929|5.020, 169(0):0.965|1.239, 17(0):0.406|0.653, 19(0):5.860|6.026, 18(0):14.634|15.122
2110, 205(0):4.803|4.973, 220(0):1.011|1.459, 22(0):0.516|0.537, 26(0):5.819|5.821, 20(0):13.735|14.490
2120, 231(0):4.635|4.975, 230(0):0.944|1.064, 22(0):0.437|0.741, 21(0):5.572|5.635, 24(0):14.601|15.535
2130, 231(0):4.800|4.939, 222(0):0.932|1.139, 23(0):0.440|0.486, 21(0):5.482|5.588, 22(0):14.222|15.218
2140, 226(2):4.786|5.189, 232(0):0.958|1.137, 23(0):0.430|0.446, 23(0):5.700|5.920, 22(0):13.928|14.631
2150, 220(0):4.864|4.971, 222(0):1.027|1.109, 21(0):0.438|0.443, 21(0):5.907|6.016, 20(0):14.088|14.236
2160, 245(0):4.742|4.963, 242(0):0.976|1.061, 25(0):0.432|0.522, 26(0):5.571|5.748, 23(0):14.190|14.226
2170, 214(4):5.039|7.828, 213(0):1.024|1.475, 22(0):0.456|0.471, 22(0):5.919|5.937, 27(0):14.311|14.352
2180, 199(3):5.067|5.236, 206(0):1.060|1.210, 20(0):0.512|0.560, 17(0):6.038|6.944, 22(0):14.970|15.098
2190, 240(10):5.148|5.393, 234(0):1.093|1.311, 23(0):0.516|0.531, 22(0):6.335|6.347, 22(0):15.351|15.420
2200, 228(10):5.164|5.298, 239(0):1.085|1.171, 23(0):0.510|0.539, 25(0):6.542|6.566, 20(0):14.589|14.612
2210, 244(13):5.289|5.579, 210(0):1.224|2.298, 24(0):0.625|0.642, 23(0):6.075|6.204, 24(0):15.928|16.224
2220, 209(5):5.037|5.156, 227(0):1.011|1.365, 21(0):0.484|0.486, 21(0):5.986|6.081, 24(0):15.495|15.582
2230, 246(31):5.866|6.991, 240(0):1.197|1.574, 24(0):0.609|0.833, 29(0):6.839|7.017, 26(0):15.886|16.577
2240, 229(15):5.260|5.606, 228(0):1.190|1.250, 23(0):0.585|0.887, 21(0):6.761|7.198, 19(0):15.086|15.758
2250, 234(9):5.205|5.387, 243(0):1.111|1.207, 23(0):0.487|0.534, 23(0):6.280|6.418, 23(0):15.907|16.691
2260, 237(1):4.924|5.006, 239(0):1.084|1.364, 25(0):0.467|0.497, 26(0):6.038|6.592, 24(0):14.281|15.164
2270, 226(5):5.321|6.151, 228(0):1.045|1.080, 22(0):0.474|0.479, 21(0):5.908|6.016, 21(0):13.953|14.351
2280, 245(10):5.218|5.509, 248(0):0.999|1.263, 24(0):0.478|0.523, 26(0):6.212|6.289, 30(0):14.651|14.962
2290, 242(2):4.941|5.193, 240(0):1.115|1.170, 25(0):0.485|0.513, 21(0):5.789|5.906, 21(0):14.244|14.308
2300, 225(13):5.311|5.586, 203(0):1.100|1.157, 22(0):0.535|1.163, 23(0):6.095|6.701, 22(0):15.339|15.379
2310, 255(18):5.481|6.298, 250(0):1.283|1.526, 25(0):0.481|0.687, 24(0):6.332|6.454, 26(0):14.867|15.477
2320, 221(2):4.983|5.649, 252(0):1.045|1.077, 23(0):0.570|0.606, 23(0):6.313|7.168, 20(0):14.775|15.202
2330, 235(6):5.111|5.273, 228(0):1.085|1.356, 24(0):0.538|0.541, 27(0):5.971|5.975, 27(0):15.280|15.509
2340, 241(8):5.136|5.414, 243(0):1.135|4.454, 24(0):0.482|0.495, 23(0):5.845|6.374, 23(0):14.833|16.254
2350, 223(3):4.969|5.875, 218(0):1.063|1.383, 22(0):0.446|0.532, 23(0):6.051|6.377, 25(0):15.132|16.304
2360, 217(14):5.261|5.720, 234(0):1.103|1.330, 23(0):0.508|0.598, 19(0):6.255|6.342, 21(0):15.358|15.903
2370, 232(11):5.336|5.452, 229(0):0.983|1.235, 22(0):0.482|0.487, 26(0):6.159|6.165, 22(0):15.556|15.716
2380, 239(10):5.466|6.927, 224(0):1.027|1.080, 24(0):0.565|0.590, 22(0):5.931|6.405, 25(0):15.636|15.990
2390, 256(5):5.172|5.578, 254(0):1.061|1.658, 25(0):0.512|0.523, 25(0):5.901|5.977, 22(0):14.661|14.703
2400, 228(5):5.127|5.385, 229(0):1.102|2.820, 23(0):0.497|0.728, 23(0):6.107|6.154, 23(0):14.363|14.483
2410, 247(19):5.360|5.829, 256(0):1.204|1.615, 25(0):0.472|0.526, 25(0):6.445|6.480, 28(0):15.761|16.021
2420, 234(14):5.248|5.464, 226(0):1.112|1.159, 23(0):0.549|0.583, 25(0):6.460|6.530, 22(0):15.516|15.674
2430, 250(3):4.976|5.168, 249(0):1.106|1.146, 26(0):0.458|0.599, 24(0):6.019|6.258, 23(0):15.095|15.711
2440, 222(3):4.997|5.089, 221(0):1.011|1.323, 21(0):0.478|0.549, 22(0):5.808|5.829, 22(0):14.327|15.334
2450, 255(5):5.058|5.316, 261(0):1.063|1.400, 27(0):0.534|0.536, 23(0):5.992|6.187, 28(0):14.805|14.875
2460, 246(9):5.231|5.559, 232(0):1.010|1.428, 23(0):0.512|0.723, 25(0):6.320|6.361, 22(0):15.044|15.231
2470, 220(3):4.986|5.210, 248(0):1.032|1.113, 23(0):0.527|0.539, 26(0):6.065|6.409, 25(0):15.026|15.084
2480, 242(8):5.126|5.561, 235(0):1.057|1.166, 25(0):0.565|0.668, 24(0):6.047|6.331, 24(0):14.721|15.078
2490, 251(6):5.158|5.906, 241(0):1.040|1.191, 24(0):0.457|0.544, 25(0):5.816|6.185, 25(0):14.523|14.572
2500, 251(9):5.255|5.530, 240(0):1.062|1.128, 25(0):0.591|0.625, 26(0):6.493|6.628, 26(0):15.153|15.682
2510, 239(28):5.443|5.570, 254(0):1.235|1.441, 24(0):0.506|0.571, 22(0):6.444|6.601, 21(0):15.238|15.894
2520, 262(26):5.512|5.559, 250(0):1.120|1.401, 26(0):0.508|0.527, 26(0):6.347|6.687, 27(0):15.746|16.149
2530, 260(48):6.700|7.629, 246(0):1.372|2.271, 25(0):0.609|0.654, 27(0):7.378|7.929, 29(0):16.945|17.714
2540, 177(40):6.006|6.118, 194(0):1.203|1.343, 19(0):0.567|0.667, 18(0):6.956|7.397, 18(0):18.065|18.266
2550, 248(20):5.224|5.341, 255(0):1.044|1.113, 26(0):0.529|0.540, 25(0):6.225|6.298, 27(0):15.308|15.516
2560, 224(14):5.245|5.620, 233(0):1.112|1.291, 22(0):0.440|0.498, 22(0):6.351|6.474, 20(0):15.218|15.237
2570, 237(1):4.895|5.033, 204(0):0.965|1.092, 22(0):0.569|0.588, 22(0):5.950|6.202, 21(0):14.256|14.978
2580, 233(3):4.971|5.162, 258(0):1.040|1.090, 24(0):0.464|0.546, 23(0):6.111|6.653, 22(0):14.461|15.714
2590, 244(3):4.934|5.153, 244(0):1.041|1.238, 24(0):0.499|0.521, 23(0):5.979|6.058, 23(0):14.844|15.679
2600, 248(2):4.928|5.287, 250(0):0.998|1.022, 25(0):0.457|0.500, 26(0):5.940|6.206, 26(0):15.108|15.174
2610, 186(2):4.972|5.197, 184(0):1.130|4.416, 19(0):0.423|0.453, 17(0):5.637|5.786, 20(0):14.015|14.888
2620, 240(5):5.008|5.218, 242(0):0.987|1.024, 24(0):0.436|0.446, 27(0):6.043|6.867, 22(0):14.676|15.023
2630, 251(4):5.062|5.475, 249(0):1.099|1.271, 25(0):0.441|0.478, 25(0):6.135|6.634, 27(0):15.210|15.607
2640, 217(12):5.177|6.899, 220(0):1.026|1.262, 22(0):0.480|0.566, 21(0):6.054|6.486, 25(0):14.497|14.633
2650, 254(11):5.257|7.047, 235(0):1.100|1.299, 25(0):0.479|0.524, 28(0):6.172|6.418, 24(0):14.881|15.673
2660, 225(9):5.201|5.357, 238(0):1.125|1.295, 22(0):0.507|0.533, 19(0):6.264|6.304, 22(0):15.749|16.013
2670, 257(16):5.431|5.736, 254(0):1.074|1.196, 26(0):0.533|0.574, 26(0):6.095|6.274, 25(0):15.481|16.144
2680, 230(10):5.180|5.416, 250(0):1.016|1.303, 24(0):0.561|0.646, 21(0):6.419|6.511, 27(0):14.595|15.237
2690, 231(3):4.944|5.193, 234(0):1.046|1.093, 23(0):0.584|0.770, 27(0):6.189|6.198, 17(0):14.978|15.483
2700, 255(6):5.109|5.379, 253(0):1.020|1.049, 25(0):0.470|0.473, 25(0):6.133|6.424, 25(0):14.540|15.968
2710, 257(3):4.994|5.205, 240(0):1.033|1.138, 25(0):0.491|0.521, 24(0):5.957|6.184, 25(0):15.401|15.477
2720, 217(12):5.255|5.811, 217(0):1.146|1.413, 22(0):0.544|0.545, 26(0):6.172|6.307, 27(0):14.733|14.988
2730, 243(14):5.303|5.532, 250(0):1.096|1.198, 25(0):0.501|0.663, 21(0):6.248|6.252, 21(0):14.550|15.462
2740, 230(11):5.131|5.417, 233(0):1.028|1.190, 23(0):0.425|0.486, 25(0):6.407|6.445, 24(0):15.622|16.412
2750, 224(4):5.044|5.535, 232(0):1.004|1.148, 22(0):0.442|0.448, 18(0):6.070|6.106, 21(0):14.054|14.564
2760, 262(12):5.218|5.322, 245(0):1.105|1.207, 27(0):0.513|0.608, 28(0):6.117|6.421, 29(0):14.846|16.056
2770, 224(7):5.149|5.219, 214(0):1.083|1.380, 21(0):0.483|0.545, 22(0):6.018|6.270, 22(0):15.448|16.250
2780, 224(4):5.203|5.274, 230(0):1.010|1.157, 23(0):0.517|0.521, 24(0):6.007|6.452, 20(0):14.729|17.357
2790, 244(11):5.290|6.263, 253(0):1.059|1.714, 25(0):0.517|0.533, 26(0):6.059|6.133, 28(0):15.217|15.456
2800, 253(11):5.316|5.465, 228(0):1.073|1.189, 23(0):0.442|0.448, 25(0):6.104|6.187, 21(0):14.622|16.494
2810, 241(11):5.392|5.630, 251(0):1.149|1.401, 25(0):0.506|0.529, 22(0):6.290|6.417, 28(0):14.536|14.838
2820, 240(13):5.211|5.507, 241(0):1.130|1.384, 24(0):0.541|0.596, 23(0):6.302|6.575, 22(0):14.662|15.054
2830, 242(43):6.966|7.294, 255(0):1.349|1.967, 26(0):0.641|0.695, 27(0):7.617|8.023, 26(1):17.128|20.069
2840, 229(28):6.347|6.620, 232(0):1.122|1.450, 23(0):0.618|0.709, 19(0):6.898|7.044, 23(0):16.880|16.905
2850, 232(16):5.306|5.820, 213(0):1.078|1.370, 22(0):0.459|0.473, 24(0):6.637|7.164, 23(0):15.309|17.882
2860, 233(19):5.473|5.646, 235(0):1.191|1.328, 23(0):0.509|0.526, 25(0):6.271|6.410, 21(0):15.128|15.424
2870, 238(11):5.221|5.369, 262(0):1.095|1.262, 25(0):0.493|0.616, 23(0):6.024|6.045, 26(0):14.984|15.673
2880, 229(7):5.121|5.283, 231(0):1.045|1.166, 23(0):0.424|0.447, 24(0):5.993|6.015, 21(0):14.404|15.507
2890, 256(26):5.545|5.901, 234(0):1.200|1.350, 25(0):0.585|0.689, 28(0):6.460|6.769, 26(0):14.910|15.073
2900, 238(5):5.068|5.263, 239(0):1.024|1.440, 24(0):0.481|0.527, 23(0):6.057|6.189, 25(0):14.185|15.284
2910, 218(5):5.014|6.104, 227(0):0.988|1.092, 22(0):0.492|0.505, 21(0):5.858|6.630, 23(0):14.375|14.829
2920, 246(5):5.031|5.351, 240(0):0.986|1.056, 24(0):0.510|0.514, 24(0):5.771|5.893, 22(0):14.482|15.180
2930, 234(3):4.960|5.099, 244(0):1.020|1.072, 23(0):0.497|0.537, 20(0):6.102|6.280, 20(0):14.881|15.212
2940, 240(5):5.003|5.191, 231(0):1.143|1.426, 23(0):0.453|0.456, 26(0):5.879|5.880, 26(0):14.832|15.134
2950, 210(3):4.997|5.257, 211(0):1.005|1.058, 23(0):0.475|0.478, 22(0):6.071|6.090, 24(0):15.573|15.966
2960, 234(13):5.205|6.644, 227(0):1.159|1.425, 22(0):0.475|0.520, 25(0):5.944|6.188, 21(0):14.778|15.847
2970, 240(13):5.423|7.408, 250(0):1.159|1.646, 25(0):0.526|0.585, 26(0):6.351|6.435, 27(0):15.278|15.742
2980, 237(0):4.802|4.937, 243(0):1.123|1.251, 24(0):0.479|0.499, 19(0):5.900|6.133, 20(0):14.272|14.595
2990, 246(2):4.955|5.030, 227(0):1.015|1.237, 24(0):0.603|0.613, 27(0):6.103|6.237, 25(0):15.797|16.255
3000, 224(1):4.909|5.737, 244(0):0.996|1.264, 23(0):0.469|0.506, 22(0):5.762|6.057, 21(0):14.535|15.364
3010, 210(1):4.800|5.146, 226(0):0.984|1.327, 22(0):0.464|0.477, 18(0):5.834|5.948, 25(0):14.358|14.976
3020, 283(5):5.153|5.224, 245(0):1.047|1.223, 26(0):0.564|0.803, 29(0):6.227|6.255, 25(0):14.094|15.093
3030, 190(4):5.163|5.656, 226(0):1.019|1.125, 21(0):0.432|0.436, 23(0):5.889|5.996, 22(0):14.276|15.607
3040, 264(5):5.115|5.197, 244(0):1.043|1.162, 25(0):0.517|0.618, 22(0):6.005|6.017, 25(0):14.676|15.900
3050, 212(4):5.042|5.195, 192(0):1.045|1.155, 20(0):0.481|0.616, 21(0):5.796|5.936, 21(0):13.817|14.188
3060, 231(1):4.918|5.163, 250(0):1.026|1.446, 25(0):0.489|0.673, 25(0):5.835|5.863, 24(0):13.978|14.465
3070, 241(1):4.738|5.088, 242(0):1.072|1.119, 23(0):0.433|0.476, 25(0):5.775|5.797, 25(0):13.776|14.080
3080, 228(5):5.129|5.448, 218(0):1.077|1.205, 23(0):0.512|0.531, 20(0):5.883|6.057, 21(0):14.830|15.037
3090, 246(7):5.102|5.531, 249(0):1.095|1.176, 25(0):0.535|0.562, 24(0):5.935|6.131, 26(0):14.853|16.831
3100, 232(4):5.086|5.680, 226(0):0.996|1.122, 23(0):0.445|0.520, 31(0):5.913|5.938, 21(0):15.000|15.663
3110, 240(3):4.981|5.573, 246(0):0.997|1.380, 23(0):0.455|0.581, 20(0):5.905|6.085, 26(0):15.120|16.675
3120, 261(5):5.062|5.261, 265(0):1.045|1.148, 27(0):0.490|0.505, 26(0):6.207|6.780, 25(0):14.481|14.493
3130, 222(29):5.556|6.035, 234(0):1.267|4.071, 22(0):0.560|0.615, 20(0):6.374|6.587, 22(0):16.681|17.015
3140, 234(45):6.128|6.331, 215(0):1.235|1.594, 24(0):0.536|0.923, 25(0):6.854|7.239, 22(0):17.338|17.657
3150, 245(19):5.277|5.585, 253(0):1.149|1.202, 25(0):0.534|0.549, 24(0):6.512|6.659, 25(0):15.112|15.184
3160, 243(9):5.099|5.318, 254(0):1.101|1.173, 24(0):0.509|0.569, 21(0):6.401|6.493, 24(0):16.520|18.295
3170, 219(3):4.998|5.599, 215(0):1.043|1.396, 22(0):0.463|0.465, 28(0):6.152|6.357, 25(0):14.910|15.133
3180, 233(8):5.154|5.485, 225(0):0.993|1.053, 23(0):0.526|0.547, 20(0):6.049|6.269, 22(0):14.626|15.720
3190, 240(8):5.372|5.555, 227(0):1.072|1.272, 24(0):0.643|0.715, 23(0):5.966|6.275, 22(0):15.593|15.986
3200, 235(22):5.464|5.636, 238(0):1.176|1.239, 22(0):0.724|3.019, 24(0):6.508|6.534, 26(0):15.409|15.577
3210, 230(8):5.222|5.642, 252(0):1.080|1.569, 25(0):0.476|0.491, 22(0):6.287|6.554, 20(0):15.506|16.183
3220, 239(13):5.372|5.618, 212(0):1.071|1.841, 23(0):0.583|3.590, 25(0):6.308|6.453, 27(0):15.141|15.413
3230, 254(3):4.967|5.120, 252(0):1.045|1.192, 25(0):0.532|0.609, 27(0):6.606|6.684, 25(0):15.246|15.593
3240, 254(2):4.962|5.216, 256(0):0.926|1.099, 26(0):0.488|0.494, 25(0):5.710|5.957, 25(0):14.454|15.018
3250, 222(6):5.105|5.487, 242(0):1.092|1.170, 22(0):0.476|0.496, 23(0):6.237|6.409, 23(0):14.817|14.826
3260, 254(7):5.158|5.401, 235(0):1.104|1.160, 26(0):0.627|0.785, 24(0):6.042|6.312, 25(0):14.916|15.410
3270, 246(6):5.165|5.336, 245(0):0.998|1.074, 24(0):0.591|0.626, 25(0):6.127|6.217, 25(0):15.043|15.124
3280, 235(5):5.035|5.292, 239(0):0.991|1.093, 23(0):0.513|0.581, 24(0):5.885|6.059, 24(0):13.835|13.952
3290, 244(7):5.126|5.542, 242(0):1.011|3.561, 25(0):0.496|0.726, 24(0):5.747|5.822, 26(0):14.446|15.173
3300, 249(5):5.085|5.453, 265(0):1.059|1.239, 25(0):0.480|0.530, 27(0):6.130|6.183, 25(0):13.975|14.694
3310, 259(10):5.212|5.877, 252(0):1.020|1.094, 25(0):0.481|0.498, 23(0):6.123|6.634, 22(0):14.984|15.212
3320, 225(6):5.080|5.427, 220(0):1.068|1.320, 23(0):0.462|0.498, 22(0):6.092|6.471, 25(0):14.493|14.971
3330, 186(2):4.976|5.204, 204(0):0.977|1.059, 19(0):0.490|0.501, 20(0):6.043|6.343, 16(0):13.513|15.003
3340, 151(8):5.356|5.516, 124(0):0.994|1.050, 15(0):0.516|0.724, 17(0):5.990|6.022, 19(0):15.180|15.234
3350, 167(13):5.372|5.434, 168(0):1.201|2.233, 17(0):0.470|0.567, 12(0):5.974|6.001, 14(0):15.720|15.795
3360, 214(6):5.057|5.631, 231(0):1.041|1.240, 22(0):0.556|0.575, 24(0):6.214|6.528, 22(0):15.158|15.744
3370, 256(6):5.050|5.287, 261(0):1.052|1.347, 25(0):0.466|0.540, 24(0):5.984|6.096, 24(0):14.277|14.597
3380, 253(6):5.094|5.240, 243(0):0.995|1.223, 25(0):0.501|0.697, 25(0):6.065|6.092, 26(0):14.149|14.980
3390, 220(1):4.923|5.237, 217(0):0.984|1.146, 22(0):0.521|0.822, 26(0):6.171|6.256, 23(0):13.883|14.748
3400, 246(10):5.265|5.609, 257(0):1.090|1.541, 24(0):0.478|0.483, 23(0):6.067|6.104, 23(0):14.522|15.192
3410, 244(5):5.061|5.503, 233(0):1.088|1.178, 25(0):0.463|0.487, 23(0):5.899|6.366, 23(0):15.762|15.797
3420, 254(11):5.135|5.513, 262(0):1.096|1.170, 25(0):0.492|0.507, 27(0):6.150|6.461, 27(0):15.250|15.487
3430, 220(37):6.421|7.628, 234(0):1.411|1.848, 23(0):0.647|0.648, 22(0):6.545|8.068, 23(0):17.862|18.480
3440, 266(33):6.053|6.800, 252(0):1.239|2.408, 26(0):0.548|0.718, 27(0):7.166|7.803, 26(0):17.992|18.251
3450, 239(7):5.081|5.302, 231(0):1.102|1.352, 24(0):0.470|0.515, 22(0):6.323|6.503, 22(0):14.786|15.102
3460, 230(20):5.350|5.998, 247(0):1.143|1.505, 24(0):0.576|0.579, 24(0):6.409|6.884, 26(0):15.673|16.023
3470, 244(2):4.968|5.080, 210(0):1.043|1.198, 23(0):0.461|0.479, 22(0):6.107|6.345, 23(0):14.860|14.886
3480, 241(6):5.092|5.219, 250(0):1.072|1.392, 23(0):0.475|0.521, 25(0):5.943|6.144, 25(0):15.054|15.441
3490, 237(10):5.148|5.218, 261(0):1.012|1.099, 26(0):0.444|0.525, 27(0):6.073|6.206, 24(0):15.281|15.373
3500, 259(5):5.069|5.919, 248(0):1.015|1.227, 25(0):0.472|0.482, 24(0):5.869|5.928, 25(0):15.500|15.879
3510, 229(3):4.988|5.252, 246(0):1.056|1.189, 24(0):0.466|0.468, 23(0):6.042|6.062, 27(0):15.225|15.539
3520, 242(10):5.141|5.256, 217(0):1.054|1.160, 23(0):0.550|0.584, 23(0):6.033|6.299, 22(0):14.888|15.372
3530, 234(4):5.026|5.319, 250(0):1.019|1.077, 23(0):0.449|0.472, 22(0):6.094|6.366, 24(0):14.528|15.134
3540, 234(1):4.884|5.046, 241(0):1.007|1.859, 24(0):0.466|0.468, 24(0):5.925|6.356, 19(0):14.413|14.818
3550, 265(8):5.178|5.641, 249(0):1.041|1.090, 26(0):0.526|0.557, 30(0):6.259|6.581, 28(0):14.528|14.644
3560, 226(6):5.063|5.132, 239(0):1.215|1.402, 22(0):0.524|0.599, 20(0):5.916|6.313, 24(0):15.180|15.473
3570, 224(7):5.202|5.221, 240(0):1.060|1.158, 26(0):0.440|0.547, 21(0):6.122|6.152, 19(0):14.752|14.856
3580, 170(9):5.328|5.521, 156(0):1.065|1.138, 15(0):0.490|0.589, 19(0):6.038|6.179, 21(0):15.988|16.379
3590, 166(16):5.427|5.570, 160(0):1.135|1.269, 17(0):0.524|0.572, 17(0):6.069|6.170, 13(0):14.832|15.145
3600, 237(7):5.144|5.593, 216(0):1.080|1.278, 22(0):0.559|0.629, 23(0):6.231|6.248, 27(0):15.252|15.647
3610, 228(8):5.146|8.077, 252(0):1.052|1.218, 24(0):0.483|0.618, 26(0):6.379|6.719, 21(0):15.886|17.203
3620, 253(24):5.555|6.008, 237(0):1.040|1.239, 25(0):0.620|0.662, 21(0):6.447|6.473, 26(0):16.429|16.745
3630, 216(7):5.103|5.281, 234(0):1.093|1.168, 21(0):0.513|0.521, 21(0):6.116|6.141, 22(0):14.207|14.455
3640, 215(2):4.857|5.275, 216(0):1.032|4.719, 22(0):0.474|0.489, 22(0):6.056|6.087, 21(0):14.065|14.942
3650, 212(7):5.189|5.500, 194(0):1.074|1.224, 20(0):0.441|0.459, 26(0):6.095|6.510, 21(0):14.843|15.143
3660, 214(6):5.096|5.433, 228(0):1.157|1.235, 24(0):0.469|0.550, 20(0):5.964|6.178, 21(0):14.265|15.334
3670, 252(9):5.136|5.436, 247(0):1.021|1.173, 24(0):0.482|0.544, 22(0):6.370|6.641, 27(0):14.060|14.190
3680, 224(7):5.069|5.489, 225(0):1.111|1.594, 22(0):0.430|0.470, 21(0):5.998|6.494, 19(0):13.950|14.179
3690, 199(5):5.057|5.404, 197(0):1.060|1.214, 20(0):0.595|0.726, 23(0):6.072|6.253, 21(0):14.961|15.652
3700, 232(21):5.576|6.098, 220(0):1.074|1.175, 23(0):0.460|0.508, 22(0):6.458|6.519, 25(0):15.331|16.070
3710, 243(10):5.122|5.249, 256(0):1.075|1.213, 26(0):0.534|0.566, 25(0):6.113|6.163, 24(0):14.574|14.767
3720, 261(25):5.472|6.048, 250(0):1.134|1.261, 24(0):0.486|0.516, 26(0):6.564|6.622, 24(0):16.410|17.539
3730, 221(35):5.901|8.751, 223(0):1.440|1.932, 23(0):0.538|0.845, 20(0):6.982|7.101, 24(0):16.692|16.768
3740, 234(26):5.636|5.951, 230(0):1.059|1.179, 23(0):0.512|0.526, 28(0):6.699|6.771, 25(0):16.391|17.207
3750, 247(13):5.364|5.607, 240(0):1.104|1.189, 24(0):0.489|0.535, 22(0):6.264|6.364, 24(0):15.635|15.982
3760, 242(6):5.044|5.542, 263(0):1.118|1.207, 25(0):0.546|0.754, 24(0):6.348|8.378, 22(0):15.325|15.557
3770, 239(3):4.925|5.063, 228(0):0.996|1.535, 24(0):0.536|0.551, 22(0):5.919|6.054, 24(0):14.497|14.544
3780, 228(7):5.246|5.505, 239(0):1.041|1.275, 23(0):0.460|0.574, 23(0):5.976|6.173, 25(0):14.166|15.895
3790, 230(8):5.281|5.397, 223(0):1.131|1.768, 23(0):0.475|0.496, 25(0):6.440|6.504, 21(0):15.506|15.640
3800, 232(6):5.178|5.337, 232(0):1.032|1.213, 23(0):0.538|0.590, 23(0):6.243|6.311, 24(0):14.661|15.239
3810, 220(8):5.060|5.703, 233(0):1.027|1.119, 23(0):0.424|0.434, 23(0):6.030|6.433, 22(0):14.136|14.815
3820, 237(5):5.086|5.159, 221(0):1.070|1.373, 22(0):0.506|0.541, 23(0):5.825|5.934, 22(0):14.830|14.940
3830, 222(9):5.237|5.245, 237(0):1.137|1.272, 23(0):0.466|0.478, 21(0):5.747|6.400, 25(0):14.399|14.686
3840, 242(1):4.845|5.031, 235(0):0.998|1.177, 24(0):0.501|0.510, 24(0):5.952|6.002, 21(0):15.578|15.760
3850, 238(2):4.866|5.291, 244(0):1.055|1.128, 24(0):0.546|0.619, 25(0):6.003|6.007, 25(0):14.528|15.394
3860, 244(7):5.138|5.311, 244(0):1.036|1.060, 25(0):0.473|0.585, 22(0):5.872|5.988, 24(0):15.013|15.370
3870, 216(11):5.245|5.483, 217(0):1.048|1.138, 22(0):0.487|0.495, 24(0):6.169|6.254, 23(0):14.550|15.316
3880, 238(10):5.150|5.493, 239(0):1.021|1.213, 23(0):0.472|0.873, 26(0):6.184|6.328, 23(0):14.402|14.844
3890, 205(8):5.065|5.294, 190(0):1.106|1.226, 20(0):0.424|0.455, 18(0):6.330|6.435, 22(0):14.011|14.333
3900, 244(3):4.979|5.192, 244(0):1.053|4.593, 25(0):0.475|0.488, 21(0):6.063|6.154, 23(0):14.316|14.983
3910, 229(3):4.993|5.295, 233(0):1.054|1.177, 23(0):0.459|0.462, 28(0):6.185|6.210, 24(0):14.514|14.798
3920, 238(2):4.910|5.137, 255(0):1.130|1.357, 24(0):0.460|0.471, 23(0):6.039|6.470, 22(0):14.358|14.488
3930, 251(7):5.197|5.342, 240(0):1.009|1.137, 24(0):0.487|0.500, 27(0):6.014|6.226, 27(0):14.842|15.089
3940, 231(14):5.440|5.954, 244(0):1.101|1.337, 25(0):0.498|0.512, 23(0):5.995|6.036, 23(0):16.477|17.411
3950, 263(0):4.794|4.925, 243(0):1.001|1.303, 25(0):0.493|0.519, 26(0):5.898|6.017, 27(0):13.674|13.844
3960, 245(3):4.979|5.221, 243(0):1.049|1.189, 24(0):0.532|0.541, 24(0):5.930|6.046, 24(0):14.902|15.117
3970, 224(11):5.230|5.980, 224(0):1.091|1.443, 23(0):0.563|0.594, 21(0):6.099|6.457, 25(0):15.004|16.877
3980, 253(15):5.264|5.351, 256(0):1.083|1.520, 25(0):0.543|0.717, 26(0):6.380|7.189, 23(0):15.666|16.628
3990, 248(2):4.952|5.289, 253(0):1.032|1.075, 26(0):0.496|0.523, 23(0):6.196|6.387, 26(0):14.251|14.867
4000, 235(9):5.147|5.364, 227(0):1.101|1.141, 23(0):0.488|0.544, 26(0):6.098|6.193, 22(0):15.355|15.644
4010, 234(22):5.458|5.974, 237(0):1.220|1.319, 22(0):0.593|0.604, 24(0):6.533|6.698, 22(0):15.956|16.420
4020, 232(7):5.162|5.461, 231(0):1.070|1.367, 24(0):0.450|0.617, 22(0):5.966|6.128, 23(0):14.815|16.403
4030, 246(33):5.930|6.415, 255(0):1.332|1.452, 24(0):0.692|1.439, 22(0):6.667|6.676, 25(0):16.697|16.730
4040, 243(28):6.041|6.295, 243(0):1.500|1.777, 25(0):0.585|0.796, 25(0):7.236|7.581, 24(0):19.174|19.451
4050, 238(15):5.196|5.460, 222(0):1.093|2.023, 24(0):0.466|0.487, 26(0):6.406|7.186, 24(0):15.450|15.803
4060, 235(21):5.381|5.515, 248(0):1.072|1.196, 23(0):0.568|0.615, 21(0):6.402|7.117, 22(0):14.333|14.486
4070, 230(10):5.276|5.533, 236(0):1.003|1.028, 24(0):0.457|0.502, 24(0):6.146|6.200, 26(0):16.051|16.100
4080, 242(8):5.158|5.348, 224(0):1.084|1.295, 22(0):0.532|0.630, 26(0):6.103|6.130, 23(0):14.554|14.559
4090, 240(11):5.185|5.727, 266(0):1.111|1.409, 27(0):0.549|0.563, 23(0):6.007|6.069, 26(0):15.970|17.141
4100, 250(5):5.075|5.869, 246(0):1.047|1.232, 25(0):0.490|0.506, 24(0):5.898|5.947, 27(0):15.201|15.299
4110, 232(3):4.978|5.223, 216(0):0.986|1.090, 22(0):0.431|0.461, 28(0):5.961|6.199, 21(0):13.576|13.666
4120, 247(2):4.992|5.287, 261(0):1.072|1.283, 25(0):0.476|0.488, 22(0):5.680|5.784, 26(0):13.306|13.734
4130, 271(0):4.923|4.988, 247(0):0.984|1.125, 26(0):0.458|0.471, 26(0):6.090|6.643, 24(0):14.106|14.699
4140, 242(3):4.943|5.069, 228(0):1.134|1.433, 22(0):0.455|0.479, 24(0):6.023|6.377, 24(0):15.142|15.387
4150, 236(5):5.043|5.154, 238(0):1.123|1.417, 26(0):0.468|0.498, 24(0):6.446|6.601, 24(0):14.286|15.073
4160, 243(10):5.260|5.521, 270(0):1.110|1.862, 25(0):0.514|0.520, 23(0):6.045|6.483, 26(0):14.651|14.872
4170, 238(8):5.111|5.353, 228(0):0.971|1.078, 23(0):0.495|0.568, 26(0):6.197|6.331, 24(0):15.161|15.236
4180, 238(8):5.108|5.668, 220(0):1.056|1.369, 24(0):0.486|0.492, 25(0):6.136|6.162, 25(0):14.773|15.286
4190, 253(11):5.445|6.085, 283(0):1.089|1.128, 26(0):0.460|0.633, 21(0):6.104|6.221, 23(0):15.180|15.279
4200, 211(2):4.973|5.039, 199(0):1.038|1.148, 20(0):0.467|0.578, 26(0):6.023|6.198, 23(0):14.510|14.933
4210, 230(10):5.316|5.506, 239(0):1.214|2.962, 23(0):0.484|0.516, 21(0):6.000|6.075, 20(0):15.091|15.549
4220, 256(11):5.111|5.554, 240(0):1.097|1.521, 26(0):0.453|0.534, 23(0):6.339|6.509, 25(0):14.961|15.121
4230, 237(0):4.959|4.995, 260(0):1.048|1.220, 24(0):0.487|0.569, 25(0):5.839|5.959, 24(0):14.798|15.620
4240, 245(5):5.113|5.204, 236(0):0.999|1.230, 25(0):0.500|0.610, 23(0):5.959|6.098, 23(0):14.708|15.212
4250, 241(3):4.958|5.358, 242(0):1.090|1.185, 24(0):0.463|0.489, 27(0):6.212|6.431, 26(0):15.606|16.294
4260, 235(2):4.977|5.267, 239(0):1.023|1.102, 23(0):0.496|0.506, 23(0):6.128|6.318, 24(0):14.539|14.733
4270, 246(4):5.018|5.317, 251(0):1.058|1.130, 26(0):0.700|0.768, 22(0):6.026|6.038, 27(0):14.831|15.272
4280, 228(5):5.113|5.315, 215(0):1.069|1.196, 21(0):0.525|0.689, 20(0):6.109|6.458, 18(0):14.277|15.087
4290, 201(5):5.039|5.250, 231(0):1.106|1.394, 22(0):0.440|0.465, 25(0):6.071|6.152, 22(0):14.368|16.064
4300, 237(6):5.053|5.252, 215(0):1.048|1.306, 21(0):0.475|0.612, 22(0):6.359|6.400, 23(0):14.490|14.521
4310, 219(17):5.331|5.708, 237(0):1.099|1.153, 23(0):0.567|0.633, 23(0):6.324|6.713, 22(0):15.468|16.351
4320, 251(16):5.454|5.553, 239(0):1.100|1.196, 26(0):0.564|0.565, 26(0):6.214|6.434, 26(0):16.295|16.494
4330, 252(41):6.283|7.742, 228(0):1.291|1.354, 24(0):0.667|0.673, 27(0):7.485|8.611, 27(0):16.943|18.044
4340, 236(31):5.870|6.332, 263(0):1.200|1.884, 24(0):0.513|0.571, 20(0):7.196|7.404, 22(0):16.737|18.734
4350, 242(31):5.566|6.001, 235(0):1.087|1.355, 25(0):0.559|0.716, 24(0):6.627|6.639, 24(0):15.944|17.199
4360, 264(17):5.373|5.904, 261(0):1.249|1.353, 25(0):0.504|0.586, 26(0):6.583|6.810, 25(0):15.545|16.760
4370, 241(10):5.128|5.579, 231(0):1.029|1.098, 24(0):0.443|0.576, 25(0):6.249|6.685, 25(0):14.279|14.343
4380, 249(6):5.049|5.078, 257(0):1.043|1.183, 25(0):0.438|0.463, 24(0):6.056|6.128, 26(0):14.524|15.996
4390, 225(8):5.214|5.264, 231(0):1.087|1.388, 23(0):0.614|0.741, 25(0):6.348|6.358, 20(0):14.889|17.363
4400, 231(7):5.110|5.553, 209(0):1.096|1.633, 22(0):0.489|0.553, 22(0):6.129|6.280, 26(0):15.744|15.808
4410, 227(6):5.057|5.215, 248(0):1.039|1.304, 23(0):0.547|0.700, 22(0):5.971|6.363, 20(0):14.308|15.014
4420, 261(4):5.074|5.490, 258(0):0.961|0.999, 26(0):0.459|0.541, 27(0):5.994|6.296, 28(0):14.597|14.947
4430, 257(4):5.076|5.109, 243(0):1.062|1.107, 27(0):0.500|0.690, 29(0):6.067|6.219, 26(0):14.676|15.756
4440, 246(13):5.191|5.389, 250(0):1.070|1.427, 24(0):0.468|0.469, 18(0):6.032|6.143, 23(0):14.592|15.575
4450, 237(5):5.051|5.455, 248(0):1.036|1.292, 24(0):0.555|0.580, 27(0):6.226|6.291, 27(0):14.125|14.868
4460, 232(7):5.100|5.218, 219(0):1.025|1.129, 23(0):0.455|0.465, 26(0):6.309|6.320, 22(0):14.556|14.691
4470, 265(4):5.025|5.257, 276(0):1.058|1.177, 26(0):0.649|0.684, 22(0):5.991|6.121, 24(0):14.502|15.241
4480, 253(4):5.019|5.506, 254(0):1.190|1.264, 26(0):0.548|0.651, 28(0):5.956|5.960, 27(0):14.300|14.755
4490, 245(10):5.255|5.700, 222(0):1.146|1.186, 24(0):0.461|0.675, 24(0):5.999|6.186, 26(0):14.608|15.002
4500, 210(7):5.107|5.209, 234(0):1.075|1.179, 22(0):0.490|0.501, 22(0):5.800|6.282, 18(0):14.737|16.128
4510, 270(14):5.269|5.477, 246(0):1.143|1.284, 25(0):0.460|0.482, 25(0):6.245|6.302, 26(0):15.821|16.747
4520, 204(7):5.119|5.268, 243(0):1.131|1.356, 23(0):0.552|0.571, 23(0):6.195|6.231, 23(0):15.236|15.663
4530, 223(9):5.251|5.344, 219(0):1.052|1.152, 21(0):0.526|0.736, 18(0):6.367|6.465, 20(0):15.568|16.385
4540, 225(5):5.024|5.159, 241(0):1.045|1.252, 24(0):0.473|0.493, 25(0):6.188|6.301, 25(0):15.451|15.884
4550, 272(4):5.033|5.322, 249(0):1.058|1.138, 26(0):0.499|0.507, 26(0):5.905|5.949, 27(0):14.805|14.838
4560, 224(4):5.001|5.495, 225(0):0.970|1.098, 21(0):0.509|0.536, 21(0):5.933|6.039, 24(0):14.802|15.557
4570, 229(11):5.338|5.533, 240(0):1.023|1.463, 26(0):0.545|0.554, 31(0):6.415|6.502, 25(0):15.376|15.619
4580, 223(11):5.485|5.601, 189(0):1.148|1.234, 20(0):0.490|0.542, 19(0):5.997|6.041, 21(0):15.211|16.357
4590, 237(10):5.242|5.512, 267(0):1.176|1.350, 24(0):0.492|0.502, 21(0):5.993|6.000, 23(0):15.728|15.868
4600, 241(17):5.315|5.432, 209(0):1.065|1.259, 23(0):0.444|0.553, 26(0):6.356|6.472, 23(0):15.274|15.753
4610, 236(11):5.173|5.225, 253(0):1.055|1.089, 24(0):0.494|0.508, 21(0):6.055|6.278, 22(0):15.072|16.124
4620, 236(14):5.408|7.571, 242(0):1.089|1.437, 25(0):0.544|0.546, 23(0):6.307|6.610, 27(0):14.820|16.372
4630, 224(49):6.369|8.401, 215(0):1.383|1.773, 21(0):0.560|0.666, 22(0):6.948|7.215, 19(0):16.879|18.374
4640, 210(29):6.366|6.919, 237(0):1.252|1.430, 24(0):0.541|0.550, 25(0):7.423|7.643, 23(0):17.305|17.769
4650, 192(26):5.604|5.832, 167(0):1.074|1.132, 17(0):0.511|0.576, 17(0):6.528|7.369, 16(0):15.982|16.111
4660, 225(25):5.505|5.840, 235(0):1.069|1.124, 23(0):0.543|0.594, 24(0):6.337|6.375, 22(0):16.411|16.441
4670, 225(19):5.291|5.633, 209(0):1.115|1.229, 22(0):0.467|0.631, 23(0):6.314|6.366, 25(0):15.131|16.181
4680, 236(4):5.015|5.367, 234(0):1.093|1.227, 23(0):0.488|0.512, 22(0):6.145|6.260, 27(0):15.362|15.576
4690, 251(16):5.417|5.796, 256(0):1.171|1.383, 25(0):0.489|0.610, 24(0):6.352|6.429, 25(0):14.651|14.921
4700, 235(6):5.313|5.470, 229(0):1.020|1.218, 23(0):0.465|0.488, 25(0):6.164|6.837, 20(0):14.750|15.089
4710, 233(4):5.097|5.552, 238(0):1.143|3.863, 25(0):0.472|0.508, 24(0):5.809|5.919, 24(0):14.554|14.574
4720, 256(9):5.103|5.564, 241(0):1.068|1.155, 25(0):0.560|0.610, 23(0):6.024|6.074, 24(0):15.101|16.065
4730, 245(13):5.138|5.277, 247(0):1.149|1.333, 24(0):0.532|0.571, 26(0):6.344|6.575, 25(0):15.361|15.392
4740, 256(3):4.945|5.481, 270(0):1.098|1.214, 26(0):0.528|0.603, 25(0):6.006|6.029, 28(0):14.281|15.186
4750, 231(9):5.211|5.569, 237(0):1.048|1.116, 23(0):0.589|0.662, 24(0):6.144|6.516, 22(0):15.326|15.430
4760, 223(3):4.915|5.070, 212(0):1.126|1.459, 23(0):0.507|0.564, 21(0):6.011|6.152, 21(0):14.544|14.662
4770, 223(7):5.065|5.299, 218(0):1.041|1.110, 21(0):0.464|0.607, 21(0):6.070|6.562, 23(0):14.441|14.544
4780, 248(10):5.255|5.370, 260(0):1.080|1.378, 26(0):0.500|0.547, 28(0):6.045|6.448, 24(0):15.430|15.713
4790, 240(11):5.188|5.355, 229(0):1.040|1.382, 22(0):0.426|0.504, 23(0):6.095|6.105, 24(0):14.469|14.701
4800, 224(4):5.019|5.337, 227(0):1.075|1.356, 24(0):0.453|0.630, 22(0):6.235|6.496, 22(0):14.598|14.606
4810, 247(3):4.786|5.312, 239(0):1.005|1.163, 23(0):0.528|0.539, 28(0):5.787|5.975, 25(0):14.161|15.218
4820, 218(14):5.362|5.608, 236(0):1.112|1.338, 24(0):0.474|0.490, 20(0):5.958|6.145, 23(0):14.654|14.861
4830, 231(4):5.009|5.317, 210(0):1.096|1.316, 21(0):0.478|0.542, 22(0):5.851|5.887, 21(0):14.130|14.392
4840, 210(6):5.106|5.505, 248(0):1.005|1.273, 23(0):0.449|0.453, 20(0):6.090|6.097, 22(0):15.661|16.128
4850, 253(11):5.190|5.338, 232(0):1.062|1.110, 25(0):0.550|0.639, 25(0):6.215|6.269, 27(0):14.866|15.436
4860, 259(13):5.225|5.367, 237(0):1.075|1.116, 25(0):0.604|0.749, 28(0):5.972|6.337, 24(0):14.842|15.152
4870, 224(10):5.433|5.557, 254(0):1.089|1.238, 24(0):0.518|0.617, 24(0):6.089|6.112, 24(0):15.145|15.964
4880, 216(4):5.012|5.520, 230(0):1.044|1.113, 22(0):0.490|0.573, 20(0):6.055|6.554, 20(0):14.441|15.819
4890, 246(8):5.088|5.740, 257(0):1.027|1.458, 25(0):0.603|0.617, 23(0):6.024|6.218, 26(0):15.369|15.802
4900, 238(16):5.259|5.635, 212(0):1.050|1.121, 23(0):0.454|0.489, 26(0):6.238|6.253, 26(0):14.875|15.275
4910, 232(8):5.201|5.782, 231(0):1.028|1.122, 23(0):0.575|0.664, 23(0):6.146|6.254, 20(0):15.461|16.113
4920, 246(10):5.227|5.532, 250(0):1.076|1.157, 24(0):0.540|0.558, 22(0):6.473|6.561, 25(0):15.546|15.621
4930, 252(36):5.745|11.004, 231(0):1.210|1.464, 24(0):0.585|0.610, 25(0):7.136|7.322, 25(0):15.199|15.356
4940, 216(20):5.377|5.757, 233(0):1.123|1.307, 23(0):0.578|0.693, 23(0):6.669|6.767, 22(0):16.270|16.738
4950, 246(13):5.313|5.653, 241(0):1.030|1.165, 24(0):0.505|0.521, 23(0):6.497|6.937, 25(0):15.932|16.098
4960, 234(23):5.848|6.254, 220(0):1.044|1.329, 23(0):0.481|0.782, 25(0):6.670|7.200, 23(0):15.908|16.516
4970, 226(15):5.415|5.776, 245(0):1.066|1.094, 23(0):0.524|0.622, 23(0):6.230|6.270, 23(0):15.733|16.510
4980, 251(4):5.019|5.120, 242(0):1.060|1.197, 25(0):0.550|0.664, 25(0):5.879|6.803, 24(0):14.951|15.337
4990, 258(9):5.249|5.376, 271(0):1.115|1.271, 27(0):0.608|0.618, 25(0):6.176|6.249, 30(0):15.256|16.026
5000, 227(41):6.016|6.283, 219(0):1.369|1.765, 23(0):0.591|0.603, 23(0):6.573|6.779, 20(0):15.886|16.295
5010, 243(29):6.388|7.065, 243(0):1.861|2.449, 24(0):0.720|1.088, 24(0):7.111|7.224, 24(0):17.443|18.407
5020, 230(25):6.598|7.261, 222(0):1.249|1.510, 22(0):0.443|0.536, 23(0):7.919|8.133, 24(0):19.265|19.673
5030, 236(10):5.092|5.193, 249(0):1.000|1.134, 23(0):0.497|0.862, 24(0):5.927|6.150, 23(0):14.602|15.376
5040, 267(3):4.914|5.323, 239(0):1.006|1.319, 26(0):0.427|0.438, 27(0):5.829|5.876, 24(0):14.371|14.503
5050, 229(3):4.998|5.172, 257(0):1.032|1.115, 25(0):0.457|0.479, 21(0):5.915|6.030, 26(0):14.449|14.694
5060, 242(12):5.252|5.296, 243(0):1.133|1.290, 24(0):0.534|0.610, 30(0):5.825|5.945, 26(0):14.794|14.970
5070, 228(5):5.024|5.132, 240(0):1.077|1.165, 24(0):0.647|0.657, 20(0):6.114|6.287, 17(0):14.685|14.849
5080, 240(8):5.169|5.459, 227(0):1.073|1.163, 23(0):0.541|0.620, 23(0):5.872|6.116, 30(0):15.382|15.951
5090, 239(8):5.055|5.168, 237(0):0.986|1.022, 24(0):0.473|0.586, 20(0):6.029|6.106, 20(0):14.279|14.630
5100, 240(6):5.146|5.376, 231(0):1.067|1.247, 24(0):0.468|0.532, 27(0):6.260|6.336, 27(0):14.631|14.835
5110, 236(8):5.163|5.476, 253(0):1.126|1.164, 24(0):0.496|0.503, 26(0):5.935|6.353, 21(0):14.236|14.364
5120, 240(9):5.200|5.549, 232(0):1.043|1.215, 23(0):0.481|0.893, 21(0):6.080|6.230, 25(0):14.748|14.975
5130, 256(3):4.980|5.553, 250(0):1.013|1.192, 26(0):0.548|0.563, 27(0):5.858|5.896, 23(0):14.910|15.170
5140, 224(6):5.054|5.330, 231(0):1.043|1.172, 22(0):0.482|0.505, 26(0):5.772|5.875, 24(0):14.705|15.233
5150, 240(1):4.867|5.366, 231(0):1.083|1.188, 23(0):0.444|0.474, 22(0):6.009|6.848, 21(0):15.513|15.678
5160, 243(3):4.938|5.081, 256(0):1.056|1.145, 26(0):0.463|0.480, 26(0):5.969|5.985, 30(0):14.205|14.208
5170, 262(8):5.181|5.346, 249(0):1.114|1.401, 25(0):0.493|0.513, 23(0):5.834|5.900, 22(0):13.752|14.144
5180, 236(4):5.015|5.453, 234(0):1.022|1.058, 24(0):0.518|0.623, 23(0):5.845|6.122, 25(0):15.283|15.435
5190, 254(0):4.780|4.942, 260(0):1.028|1.180, 25(0):0.495|0.504, 28(0):5.975|6.104, 26(0):13.756|13.864
5200, 246(2):4.957|5.089, 257(0):1.050|1.298, 26(0):0.466|0.584, 23(0):5.884|6.465, 27(0):14.296|15.499
5210, 253(4):5.031|5.231, 239(0):1.106|1.190, 24(0):0.566|0.590, 23(0):6.069|6.123, 22(0):14.381|14.464
5220, 233(2):4.932|5.140, 249(0):1.092|1.275, 25(0):0.521|0.660, 28(0):6.342|6.442, 26(0):14.711|14.966
5230, 238(61):7.727|8.028, 242(0):1.490|2.951, 23(0):0.711|1.065, 20(0):7.256|7.494, 21(1):17.748|20.232
5240, 249(71):6.903|7.385, 239(0):1.579|2.000, 25(0):0.636|0.693, 27(0):8.746|9.972, 28(1):19.992|20.128
5250, 255(25):5.615|5.725, 252(0):1.209|1.646, 25(0):0.510|0.538, 24(0):6.201|6.267, 24(0):16.491|16.571
5260, 238(18):5.444|5.668, 237(0):1.168|2.043, 24(0):0.505|0.516, 26(0):6.164|6.513, 25(0):15.000|15.154
5270, 264(19):5.510|8.182, 250(0):1.175|1.269, 26(0):0.519|0.525, 26(0):6.293|6.820, 25(0):15.458|15.775
5280, 245(12):5.510|5.572, 263(0):1.117|1.309, 25(0):0.503|0.617, 23(0):6.102|6.314, 22(0):15.414|15.477
5290, 244(20):5.325|5.735, 242(0):1.103|1.245, 25(0):0.517|0.727, 23(0):6.222|6.450, 26(0):16.123|16.840
5300, 256(18):5.490|9.337, 244(0):1.075|1.127, 23(0):0.540|0.541, 26(0):6.424|6.573, 26(0):15.439|15.678
5310, 242(5):5.058|5.513, 250(0):1.045|1.262, 26(0):0.518|0.557, 24(0):6.103|6.104, 29(0):14.947|15.660
5320, 256(6):5.181|5.348, 252(0):1.176|1.299, 25(0):0.519|0.526, 29(0):6.140|6.301, 20(0):14.582|15.237
5330, 229(2):4.951|5.397, 236(0):1.011|1.112, 24(0):0.513|0.843, 22(0):5.868|6.352, 24(0):14.445|15.125
5340, 258(18):5.323|5.735, 255(0):1.235|1.274, 24(0):0.557|0.706, 23(0):6.290|6.420, 24(0):15.027|15.100
5350, 233(7):5.145|5.564, 250(0):1.035|1.141, 26(0):0.494|0.647, 24(0):5.843|5.893, 27(0):14.808|14.892
5360, 231(10):5.167|5.307, 217(0):1.125|1.284, 22(0):0.485|0.504, 27(0):5.985|5.994, 18(0):15.107|15.491
5370, 233(8):5.133|5.369, 253(0):1.071|1.294, 25(0):0.516|0.518, 21(0):5.837|6.340, 27(0):14.289|14.575
5380, 258(8):5.148|5.332, 241(0):1.102|1.280, 24(0):0.474|0.607, 27(0):5.979|6.060, 20(0):14.691|15.402
5390, 250(9):5.109|5.566, 245(0):1.122|1.305, 25(0):0.486|0.625, 24(0):6.326|6.737, 29(0):15.186|15.197
5400, 249(15):5.334|5.486, 249(0):1.124|1.450, 23(0):0.429|0.437, 23(0):6.636|6.742, 25(0):15.226|15.239
5410, 226(15):5.224|5.448, 245(0):1.117|1.661, 25(0):0.547|0.602, 24(0):6.288|6.369, 20(0):15.830|16.084
5420, 257(3):4.999|5.180, 220(0):0.981|1.101, 24(0):0.475|0.491, 25(0):5.983|6.126, 29(0):15.312|15.595
5430, 262(4):5.040|5.552, 272(0):1.064|1.164, 27(0):0.520|0.598, 29(0):5.885|5.932, 25(0):14.387|15.314
5440, 230(3):4.922|5.279, 232(0):1.033|1.132, 22(0):0.462|0.491, 20(0):5.988|6.072, 24(0):14.621|14.769
5450, 244(5):5.031|5.378, 230(0):1.049|1.117, 24(0):0.546|0.711, 23(0):5.978|6.216, 25(0):14.129|14.477
5460, 232(2):4.864|5.337, 248(0):1.030|1.283, 24(0):0.438|0.514, 26(0):5.941|6.307, 23(0):15.281|15.314
5470, 263(0):4.905|4.928, 247(0):1.068|1.182, 26(0):0.527|0.537, 24(0):5.890|6.275, 22(0):15.340|15.806
5480, 227(1):4.932|5.016, 235(0):1.046|1.429, 23(0):0.439|0.466, 24(0):5.936|6.063, 27(0):14.968|15.219
5490, 230(6):5.089|5.883, 237(0):1.074|1.202, 24(0):0.557|0.615, 24(0):6.096|6.187, 25(0):14.448|15.161
5500, 240(8):5.163|5.356, 240(0):1.082|1.227, 22(0):0.523|0.555, 22(0):6.174|6.707, 22(0):15.080|15.204
5510, 265(14):5.412|7.951, 269(0):1.101|1.169, 27(0):0.542|0.597, 26(0):6.161|6.205, 25(0):14.947|15.310
5520, 232(7):5.129|5.568, 236(0):1.110|1.191, 24(0):0.548|0.592, 23(0):6.229|6.231, 24(0):15.321|15.428
5530, 230(27):5.563|6.392, 227(0):1.144|1.571, 24(0):0.540|0.551, 30(0):6.495|6.720, 26(0):15.671|15.799
5540, 256(36):5.802|6.394, 260(0):1.221|2.217, 26(0):0.595|0.688, 19(0):6.850|7.106, 23(0):16.383|17.140
5550, 261(25):5.917|6.740, 246(0):1.256|1.429, 25(0):0.549|0.692, 28(0):6.729|6.848, 27(0):15.485|15.952
5560, 233(21):5.601|6.112, 249(0):1.202|1.901, 24(0):0.523|0.593, 22(0):6.671|6.899, 22(0):15.664|17.094
5570, 246(13):5.299|5.768, 256(0):1.054|1.242, 25(0):0.500|0.541, 27(0):6.505|6.740, 27(0):15.446|15.753
5580, 248(6):5.163|5.381, 231(0):1.047|1.096, 24(0):0.507|0.534, 26(0):6.067|6.124, 25(0):13.714|13.911
5590, 254(6):5.243|5.567, 244(0):1.028|1.129, 25(0):0.565|0.625, 22(0):5.772|5.829, 26(0):14.500|15.142
5600, 193(5):5.139|5.325, 204(0):1.069|1.377, 19(0):0.483|0.497, 20(0):6.030|6.092, 17(0):14.548|15.019
5610, 222(6):5.118|5.208, 227(0):0.974|0.992, 23(0):0.472|0.743, 22(0):6.048|6.296, 19(0):14.642|15.810
5620, 200(7):5.280|5.646, 210(0):0.981|1.006, 20(0):0.407|0.409, 20(0):5.870|6.060, 22(0):14.619|15.134
5630, 259(3):4.994|5.167, 238(0):1.101|1.426, 25(0):0.454|0.518, 24(0):5.996|6.009, 24(0):14.401|14.939
5640, 235(2):4.892|5.418, 244(0):1.040|1.214, 24(0):0.425|0.427, 25(0):5.901|6.060, 26(0):14.013|14.678
5650, 215(2):4.913|5.211, 208(0):1.060|1.249, 21(0):0.453|0.480, 20(0):5.998|6.008, 17(0):14.107|14.530
5660, 232(4):5.006|5.188, 233(0):1.024|1.112, 24(0):0.641|0.890, 26(0):6.481|6.941, 28(0):14.650|14.739
5670, 256(14):5.283|5.913, 264(0):1.138|1.287, 26(0):0.465|0.546, 23(0):6.023|6.036, 25(0):14.875|15.669
5680, 207(7):5.158|5.320, 196(0):1.103|1.163, 20(0):0.533|0.590, 22(0):6.024|6.086, 20(0):14.720|16.189
5690, 228(8):5.201|5.291, 234(0):1.002|1.034, 23(0):0.485|0.802, 21(0):6.520|6.694, 23(0):15.224|15.368
5700, 232(6):5.023|5.286, 229(0):1.056|1.198, 22(0):0.478|0.494, 25(0):6.116|6.723, 23(0):15.114|15.139
5710, 241(5):5.029|5.403, 243(0):1.065|1.114, 25(0):0.494|0.495, 22(0):6.004|6.131, 27(0):15.644|16.100
5720, 213(5):5.048|5.212, 204(0):1.039|1.155, 20(0):0.526|0.614, 22(0):6.066|6.076, 19(0):14.626|15.704
5730, 236(7):5.096|6.566, 254(0):1.068|1.272, 25(0):0.494|0.529, 27(0):6.533|6.784, 23(0):14.780|15.633
5740, 171(9):5.368|5.450, 171(0):0.987|1.118, 18(0):0.483|0.567, 18(0):6.023|6.218, 18(0):14.106|14.382
5750, 232(6):5.083|5.679, 206(0):0.979|1.053, 21(0):0.491|0.733, 16(0):6.197|6.260, 25(0):14.922|15.770
5760, 244(3):4.980|5.162, 257(0):1.036|1.267, 25(0):0.501|0.526, 30(0):5.708|5.725, 23(0):14.686|14.987
5770, 245(14):5.216|6.162, 229(0):1.145|1.288, 25(0):0.466|0.533, 23(0):6.391|6.420, 23(0):14.533|14.752
5780, 248(8):5.088|5.506, 280(0):1.069|1.158, 27(0):0.525|0.543, 29(0):5.846|6.396, 27(0):15.122|16.559
5790, 245(8):5.126|5.368, 227(0):1.008|1.114, 22(0):0.467|0.469, 22(0):6.039|6.215, 25(0):15.386|15.784
5800, 227(11):5.296|5.431, 225(0):1.170|1.411, 24(0):0.578|0.843, 23(0):6.320|6.805, 23(0):14.927|15.382
5810, 232(12):5.225|5.325, 244(0):1.072|1.258, 22(0):0.474|0.505, 20(0):6.235|6.289, 23(0):14.970|15.042
5820, 241(8):5.163|5.367, 247(0):1.033|1.102, 26(0):0.431|0.475, 28(0):6.013|6.215, 22(0):14.146|15.742
5830, 237(28):5.583|6.220, 235(0):1.113|1.327, 23(0):0.546|0.598, 22(0):6.421|6.533, 25(0):15.407|16.125
5840, 253(30):6.063|8.889, 235(0):1.299|4.559, 25(0):0.462|0.613, 26(0):7.112|7.345, 27(0):16.899|17.014
5850, 227(20):5.412|5.497, 237(0):1.159|1.402, 22(0):0.478|0.501, 22(0):6.474|6.646, 24(0):14.977|15.201
5860, 229(15):5.277|5.522, 229(0):1.133|1.280, 23(0):0.559|0.561, 24(0):6.296|6.360, 20(0):15.418|15.704
5870, 234(7):5.172|5.303, 232(0):1.054|1.158, 24(0):0.523|0.552, 25(0):6.239|6.343, 22(0):14.750|15.207
5880, 266(18):5.240|5.425, 264(0):1.067|1.713, 27(0):0.545|0.559, 27(0):6.177|6.244, 30(0):14.559|14.570
5890, 249(10):5.198|5.325, 251(0):1.151|1.198, 24(0):0.570|0.608, 22(0):6.173|6.255, 21(0):14.407|14.443
5900, 249(7):5.329|5.713, 248(0):1.109|1.446, 24(0):0.502|0.530, 23(0):6.145|6.177, 24(0):14.678|15.335
5910, 229(6):5.068|5.263, 231(0):1.055|1.171, 23(0):0.499|0.592, 23(0):6.108|6.160, 25(0):14.858|15.013
5920, 251(6):5.129|5.303, 255(0):1.085|1.322, 25(0):0.551|0.653, 29(0):6.147|6.158, 26(0):14.351|15.238
5930, 218(6):5.098|5.396, 217(0):0.977|1.028, 23(0):0.446|0.498, 18(0):5.850|6.223, 22(0):14.783|15.081
5940, 197(4):5.049|5.282, 194(0):1.074|1.130, 20(0):0.526|0.538, 22(0):5.943|5.990, 19(0):14.190|15.614
5950, 198(12):5.222|5.337, 183(0):1.039|1.119, 19(0):0.454|0.487, 20(0):6.049|6.059, 19(0):15.440|15.702
5960, 189(8):5.229|5.319, 209(0):1.001|1.081, 19(0):0.450|0.548, 17(0):5.842|6.581, 20(0):14.075|14.248
5970, 236(2):4.792|5.193, 220(0):1.077|1.222, 23(0):0.489|0.493, 23(0):5.849|6.082, 23(0):14.739|14.887
5980, 216(3):4.984|5.426, 234(0):1.101|1.173, 23(0):0.511|0.516, 23(0):6.140|6.181, 23(0):13.898|14.224
5990, 251(7):5.203|5.458, 252(0):1.105|1.358, 25(0):0.637|0.693, 26(0):6.047|6.267, 24(0):14.769|14.851
6000, 254(8):5.186|5.404, 258(0):1.072|1.456, 25(0):0.485|0.512, 23(0):6.145|6.162, 23(0):14.254|14.652
6010, 235(3):4.995|5.101, 218(0):1.039|1.044, 23(0):0.520|0.568, 26(0):6.125|6.329, 26(0):14.560|14.564
6020, 243(2):4.903|5.176, 250(0):0.987|1.261, 25(0):0.452|0.489, 21(0):6.045|6.143, 24(0):14.422|14.761
6030, 238(2):4.880|5.059, 247(0):0.986|1.037, 24(0):0.499|0.578, 24(0):6.035|6.044, 26(0):14.206|14.522
6040, 269(6):5.082|5.202, 260(0):1.005|1.116, 27(0):0.479|0.534, 28(0):5.907|8.669, 27(0):14.346|15.379
6050, 256(7):5.279|5.711, 261(0):1.037|1.586, 25(0):0.533|0.541, 23(0):5.558|5.961, 20(0):14.080|14.322
6060, 231(7):5.122|5.496, 231(0):0.993|1.120, 23(0):0.523|0.556, 27(0):5.970|5.990, 26(0):14.809|15.026
6070, 244(3):4.970|5.290, 224(0):0.988|1.035, 24(0):0.659|0.737, 26(0):6.100|6.326, 26(0):14.099|14.612
6080, 247(3):4.987|5.149, 283(0):0.974|1.277, 26(0):0.470|0.535, 22(0):5.763|5.816, 21(0):14.428|14.538
6090, 186(4):5.042|5.108, 165(0):1.033|1.127, 18(0):0.453|0.492, 17(0):5.837|5.916, 18(0):13.875|13.973
6100, 185(24):5.456|6.488, 172(0):1.117|1.232, 18(0):0.523|0.619, 21(0):6.114|6.147, 18(0):15.150|15.561
6110, 240(12):5.300|5.398, 260(0):1.008|1.081, 25(0):0.615|0.701, 24(0):5.910|6.207, 26(0):15.747|16.568
6120, 221(12):5.171|5.486, 233(0):1.120|1.405, 22(0):0.472|0.658, 21(0):6.003|6.256, 22(0):15.876|16.174
6130, 208(24):6.184|8.270, 188(0):1.364|1.809, 20(0):0.519|0.533, 24(0):6.682|7.068, 22(0):16.613|19.907
6140, 252(12):5.192|5.451, 236(0):1.105|1.856, 24(0):0.520|0.587, 20(0):6.513|6.578, 22(0):15.722|16.133
6150, 225(16):5.480|6.097, 242(0):1.148|1.459, 24(0):0.529|0.559, 26(0):6.389|6.402, 27(0):15.590|15.705
6160, 249(32):5.537|5.669, 263(0):1.252|1.345, 26(0):0.486|0.501, 25(0):6.806|7.109, 26(0):16.887|17.329
6170, 243(17):5.473|5.759, 238(0):1.054|1.360, 23(0):0.433|0.533, 25(0):6.508|6.560, 22(0):15.184|15.765
6180, 251(4):5.030|5.261, 241(0):0.989|1.058, 25(0):0.566|0.671, 25(0):5.998|6.106, 25(0):15.195|15.250
6190, 235(5):5.085|5.282, 217(0):1.065|1.252, 23(0):0.457|0.551, 21(0):5.915|5.975, 23(0):14.636|14.745
6200, 240(11):5.292|5.415, 273(0):1.081|1.162, 26(0):0.540|0.649, 24(0):6.345|6.448, 29(0):14.678|14.857
6210, 209(10):5.200|5.317, 204(0):1.105|1.219, 20(0):0.482|0.503, 21(0):6.469|6.519, 21(0):14.892|16.566
6220, 183(8):5.245|5.533, 181(0):1.057|1.145, 18(0):0.441|0.526, 17(0):5.923|6.286, 13(0):15.262|15.946
6230, 238(12):5.293|5.525, 238(0):1.035|1.202, 23(0):0.467|0.474, 29(0):6.120|6.458, 21(0):14.881|15.439
6240, 257(5):5.088|5.660, 246(0):1.014|1.172, 25(0):0.435|0.441, 21(0):5.812|5.821, 30(0):15.064|15.402
6250, 232(9):5.184|5.322, 229(0):1.117|1.244, 25(0):0.473|0.495, 26(0):6.260|6.536, 24(0):15.119|15.641
6260, 240(4):5.172|5.373, 260(0):1.020|1.138, 25(0):0.452|0.500, 25(0):6.151|6.271, 23(0):14.696|15.051
6270, 270(4):5.002|5.200, 253(0):0.987|1.241, 25(0):0.443|0.460, 23(0):5.818|5.827, 25(0):14.664|14.999
6280, 232(5):5.017|5.181, 234(0):1.071|1.460, 23(0):0.451|0.630, 26(0):5.995|6.004, 23(0):14.036|14.413
6290, 259(8):5.114|5.453, 279(0):1.063|1.232, 27(0):0.616|1.129, 24(0):5.871|6.039, 27(0):14.712|15.797
6300, 248(1):4.863|5.262, 241(0):1.042|1.322, 25(0):0.442|0.494, 27(0):5.995|6.110, 26(0):14.503|15.257
6310, 242(3):4.973|5.108, 214(0):1.020|1.199, 22(0):0.460|0.510, 23(0):6.032|6.149, 23(0):14.611|15.192
6320, 223(6):5.108|7.088, 248(0):1.059|1.148, 24(0):0.531|0.624, 22(0):6.189|6.230, 25(0):14.437|14.862
6330, 220(5):5.106|5.910, 205(0):1.048|1.142, 21(0):0.530|0.553, 21(0):6.257|6.307, 18(0):14.491|15.009
6340, 207(11):5.453|6.491, 233(0):1.044|1.642, 22(0):0.521|1.072, 20(0):6.013|6.039, 23(0):14.972|15.078
6350, 234(7):5.167|5.475, 229(0):1.079|1.286, 24(0):0.514|0.526, 25(0):6.222|7.385, 22(0):14.006|14.565
6360, 199(18):5.302|6.184, 180(0):1.077|1.146, 19(0):0.491|0.567, 19(0):6.608|6.649, 19(0):15.493|16.311
6370, 231(11):5.235|5.470, 243(0):1.023|1.262, 24(0):0.528|0.542, 25(0):6.122|6.122, 25(0):14.608|15.130
6380, 263(5):5.056|5.120, 247(0):1.065|1.161, 26(0):0.501|0.506, 30(0):6.216|6.457, 28(0):15.229|15.449
6390, 244(1):4.935|5.530, 270(0):1.011|1.066, 24(0):0.473|0.485, 20(0):6.006|6.210, 20(0):15.484|15.705
6400, 258(11):5.191|5.410, 245(0):1.046|1.232, 25(0):0.528|0.551, 25(0):6.101|6.251, 27(0):14.738|15.418
6410, 229(9):5.115|5.372, 234(0):1.093|1.271, 24(0):0.469|0.555, 23(0):6.149|6.325, 24(0):14.595|14.675
6420, 256(19):5.276|5.609, 249(0):1.116|1.316, 25(0):0.492|0.570, 25(0):6.192|6.211, 26(0):15.484|16.105
6430, 200(34):6.010|6.815, 180(0):1.272|1.363, 18(0):0.544|0.662, 24(0):6.650|6.863, 19(0):16.999|17.047
6440, 232(25):5.578|5.764, 271(0):1.189|1.210, 27(0):0.669|0.919, 22(0):6.964|7.079, 23(0):17.160|17.616
6450, 267(10):5.110|5.517, 240(0):1.160|1.280, 25(0):0.476|0.482, 25(0):6.218|6.615, 28(0):16.627|16.630
6460, 206(4):5.002|5.527, 228(0):1.082|1.162, 22(0):0.694|0.886, 19(0):6.274|6.679, 20(0):15.916|15.950
6470, 259(4):5.091|5.291, 258(0):1.147|1.593, 25(0):0.546|0.577, 26(0):6.178|6.188, 24(0):14.422|15.349
6480, 252(1):4.838|5.110, 219(0):0.946|1.013, 24(0):0.506|0.543, 24(0):5.782|6.223, 25(0):13.691|13.920
6490, 243(2):4.837|5.100, 250(0):1.002|1.465, 24(0):0.420|0.444, 28(0):5.917|6.440, 27(0):14.217|14.253
6500, 218(5):5.025|5.371, 240(0):1.115|1.307, 23(0):0.543|0.574, 21(0):6.239|6.268, 22(0):15.488|15.889
6510, 255(1):4.869|5.066, 240(0):1.103|1.233, 24(0):0.458|0.466, 22(0):5.865|5.895, 25(0):13.604|15.060
6520, 244(0):4.883|4.968, 243(0):0.977|1.048, 26(0):0.477|0.511, 29(0):5.707|6.428, 29(0):14.036|14.401
6530, 242(1):4.880|5.040, 263(0):1.054|1.448, 24(0):0.490|0.612, 20(0):5.614|5.653, 16(0):13.538|13.764
6540, 216(1):4.830|5.247, 199(0):1.006|1.143, 21(0):0.420|0.439, 23(0):6.032|6.205, 28(0):14.312|14.326
6550, 235(5):5.055|5.338, 235(0):1.048|1.083, 25(0):0.521|0.562, 24(0):6.008|6.020, 22(0):14.809|15.059
6560, 228(3):4.858|5.201, 240(0):1.006|1.085, 22(0):0.441|0.469, 24(0):6.056|6.084, 25(0):14.296|16.076
6570, 242(3):4.932|5.163, 221(0):1.043|1.176, 24(0):0.443|0.516, 22(0):5.671|5.942, 21(0):14.562|15.320
6580, 234(2):4.927|5.225, 243(0):1.063|1.137, 23(0):0.436|0.473, 26(0):5.755|5.861, 26(0):14.093|14.916
6590, 259(4):5.008|5.270, 246(0):1.028|1.161, 26(0):0.473|0.519, 24(0):6.072|6.239, 25(0):14.886|15.410
6600, 188(2):4.951|5.402, 203(0):1.009|1.044, 19(0):0.411|0.416, 21(0):5.894|5.903, 20(0):13.745|15.084
6610, 151(9):5.150|5.502, 164(0):1.192|1.318, 16(0):0.420|0.471, 14(0):6.178|6.414, 14(0):15.279|15.706
6620, 204(13):5.324|5.686, 216(0):1.025|1.254, 21(0):0.531|0.709, 22(0):6.214|6.497, 18(0):15.379|15.725
6630, 220(14):5.210|5.603, 214(0):1.097|1.452, 22(0):0.533|0.594, 25(0):6.204|6.297, 24(0):14.694|15.896
6640, 191(8):5.207|5.459, 168(0):1.037|1.141, 17(0):0.445|0.459, 14(0):6.520|6.613, 17(0):15.523|15.609
6650, 191(3):5.123|5.252, 206(0):1.026|1.294, 20(0):0.484|0.501, 18(0):5.942|6.154, 19(0):14.731|16.497
6660, 232(3):4.927|5.297, 212(0):1.051|1.138, 23(0):0.444|0.467, 25(0):6.302|6.640, 26(0):15.116|15.138
6670, 263(1):4.907|5.144, 270(0):1.052|1.905, 27(0):0.536|0.546, 29(0):5.960|6.125, 26(0):14.918|15.069
6680, 251(5):5.009|5.275, 250(0):1.036|1.155, 25(0):0.488|0.515, 25(0):5.952|5.968, 24(0):14.784|14.796
6690, 246(3):4.933|5.364, 240(0):0.960|1.250, 24(0):0.409|0.416, 21(0):5.720|5.756, 27(0):13.292|13.559
6700, 196(0):4.877|4.952, 194(0):1.149|1.367, 19(0):0.454|0.470, 20(0):5.814|5.815, 16(0):13.449|14.000
6710, 194(4):5.064|5.334, 190(0):1.071|1.200, 20(0):0.469|0.510, 18(0):6.099|6.297, 20(0):14.692|14.800
6720, 211(9):5.165|5.564, 209(0):1.075|1.096, 20(0):0.478|0.489, 21(0):6.201|6.343, 19(0):15.236|15.263
6730, 230(9):5.443|5.872, 239(0):1.144|1.288, 23(0):0.480|0.567, 24(0):6.131|6.186, 25(0):14.689|15.310
6740, 246(13):5.439|5.604, 269(0):1.154|1.304, 25(0):0.638|0.708, 23(0):6.470|6.869, 22(0):16.004|16.539
6750, 264(27):5.471|6.032, 254(0):1.142|1.254, 27(0):0.488|0.531, 28(0):6.847|7.017, 28(0):15.248|15.384
6760, 216(15):5.342|5.673, 207(0):1.011|1.045, 21(0):0.549|0.598, 25(0):6.256|6.294, 26(0):14.947|15.466
6770, 228(6):5.280|5.372, 235(0):1.047|1.118, 24(0):0.544|0.572, 23(0):5.787|6.009, 22(0):15.355|17.423
6780, 242(24):5.464|5.689, 235(0):1.319|1.648, 24(0):0.531|0.533, 23(0):6.187|6.306, 19(0):15.428|16.216
6790, 244(15):5.318|5.797, 245(0):1.118|1.262, 24(0):0.483|0.491, 24(0):6.851|7.011, 27(0):15.746|16.231
6800, 224(11):5.278|5.300, 227(0):1.008|1.083, 23(0):0.512|0.524, 22(0):6.120|6.285, 22(0):14.850|15.164
6810, 242(4):5.031|5.426, 243(0):1.015|1.331, 23(0):0.486|0.497, 22(0):6.151|6.626, 23(0):14.674|14.685
6820, 234(14):5.251|5.494, 242(0):1.097|1.355, 25(0):0.470|0.473, 27(0):6.105|6.559, 23(0):13.683|14.867
6830, 257(11):5.131|5.765, 237(0):1.177|1.333, 25(0):0.542|0.733, 26(0):6.438|6.774, 32(0):15.680|15.835
6840, 234(7):5.221|5.707, 249(0):1.054|1.151, 23(0):0.486|0.560, 20(0):6.249|6.359, 19(0):14.586|14.792
6850, 231(11):5.094|5.401, 236(0):1.079|1.248, 24(0):0.472|0.582, 25(0):6.132|6.177, 22(0):14.669|15.063
6860, 263(5):5.124|5.680, 255(0):1.075|1.172, 24(0):0.538|0.554, 25(0):6.267|6.568, 26(0):14.747|15.038
6870, 240(7):5.120|5.545, 249(0):1.049|1.169, 26(0):0.511|0.542, 24(0):6.066|6.087, 26(0):15.768|15.827
6880, 252(3):4.960|5.321, 237(0):1.038|1.404, 25(0):0.509|0.531, 26(0):5.921|5.988, 27(0):14.938|15.569
6890, 233(8):5.207|5.426, 240(0):1.070|1.267, 24(0):0.403|0.416, 24(0):6.069|6.594, 22(0):14.730|14.786
6900, 258(8):5.210|5.297, 261(0):1.058|1.153, 25(0):0.501|0.529, 25(0):6.211|6.318, 27(0):14.336|14.676
6910, 268(1):4.822|5.032, 261(0):1.004|1.487, 27(0):0.553|0.557, 23(0):5.716|5.873, 25(0):14.278|15.297
6920, 233(1):4.881|5.216, 230(0):1.046|1.188, 23(0):0.466|0.486, 28(0):5.968|6.086, 22(0):14.699|14.757
6930, 202(2):4.898|5.189, 212(0):0.969|1.100, 21(0):0.466|0.504, 19(0):5.750|5.764, 21(0):14.391|14.886
6940, 257(10):5.226|5.622, 260(0):1.025|1.121, 25(0):0.491|0.564, 27(0):6.309|6.323, 29(0):14.666|16.937
6950, 258(5):5.053|5.604, 240(0):1.019|1.240, 26(0):0.487|0.531, 28(0):6.193|6.477, 25(0):13.725|14.680
6960, 247(0):4.806|4.902, 250(0):1.029|1.144, 25(0):0.500|0.705, 26(0):5.928|5.939, 24(0):14.073|14.387
6970, 228(1):4.894|5.115, 223(0):0.991|1.067, 22(0):0.474|0.541, 15(0):5.757|6.533, 23(0):14.753|15.380
6980, 270(7):5.117|5.283, 273(0):0.974|0.988, 26(0):0.496|0.528, 31(0):5.771|5.781, 25(0):14.054|14.142
6990, 254(5):5.090|5.635, 261(0):1.054|1.143, 27(0):0.510|0.631, 23(0):5.719|6.297, 27(0):14.851|15.404
7000, 225(10):5.129|5.412, 233(0):0.968|1.099, 22(0):0.467|0.494, 25(0):6.020|6.070, 21(0):15.635|15.642
7010, 203(13):5.402|5.866, 204(0):1.010|1.461, 21(0):0.474|0.504, 21(0):6.042|6.071, 22(0):15.160|17.063
7020, 244(3):4.946|5.352, 243(0):0.989|1.019, 25(0):0.553|0.649, 26(0):6.148|6.352, 23(0):14.814|15.079
7030, 248(38):6.023|6.514, 227(0):1.287|1.459, 23(0):0.562|0.623, 20(0):7.285|7.453, 25(0):17.208|17.597
7040, 234(8):5.175|5.527, 236(0):1.200|1.716, 23(0):0.555|0.574, 26(0):6.767|6.998, 23(0):15.262|16.091
7050, 233(11):5.137|5.538, 247(0):1.044|1.148, 24(0):0.447|0.562, 23(0):6.285|6.413, 24(0):15.922|16.028
7060, 249(5):5.065|5.331, 253(0):1.055|1.249, 26(0):0.541|0.583, 22(0):6.127|6.230, 25(0):14.822|15.213
7070, 217(7):5.183|5.279, 197(0):1.044|1.095, 20(0):0.494|0.501, 26(0):6.197|6.379, 19(0):15.427|16.884
7080, 237(3):4.992|5.240, 251(0):1.021|1.122, 25(0):0.546|0.687, 22(0):6.039|6.064, 26(0):14.299|14.636
7090, 234(4):5.086|5.315, 221(0):1.066|1.315, 23(0):0.457|0.514, 21(0):5.982|6.371, 24(0):14.122|15.143
7100, 244(6):5.037|5.561, 254(0):1.064|1.525, 24(0):0.456|0.474, 27(0):6.239|6.349, 24(0):15.601|15.754
7110, 261(8):5.061|5.318, 280(0):1.114|1.229, 28(0):0.536|0.580, 28(0):6.283|6.540, 27(0):15.335|15.621
7120, 244(13):5.186|5.366, 221(0):1.043|1.207, 22(0):0.492|0.576, 21(0):6.008|6.379, 23(0):14.661|15.825
7130, 233(12):5.237|5.509, 256(0):1.032|1.562, 24(0):0.497|1.026, 21(0):6.310|6.316, 25(0):15.649|15.914
7140, 251(11):5.180|5.712, 231(0):1.116|1.213, 24(0):0.504|0.529, 27(0):6.103|6.143, 24(0):14.406|14.841
7150, 252(10):5.173|5.239, 252(0):0.960|1.076, 26(0):0.508|0.510, 28(0):6.172|6.255, 26(0):14.298|14.841
7160, 240(7):5.103|5.397, 252(0):1.085|1.209, 25(0):0.543|0.580, 26(0):6.221|6.526, 23(0):15.785|17.229
7170, 262(16):5.397|7.127, 261(0):1.168|1.495, 25(0):0.437|0.613, 22(0):5.985|6.264, 25(0):14.802|14.954
7180, 243(3):4.982|5.220, 253(0):1.006|1.117, 27(0):0.466|0.511, 25(0):6.116|6.234, 29(0):14.041|15.169
7190, 267(3):4.923|5.320, 245(0):1.018|1.713, 25(0):0.466|0.491, 29(0):5.828|5.833, 24(0):14.236|14.590
7200, 255(1):4.891|5.025, 266(0):0.971|1.108, 25(0):0.461|0.701, 23(0):5.855|6.185, 23(0):14.326|14.347

STOPPING THREADS........................................................................................................................................................................................................

<Raw Results>
  [0] sc:161015  lt:6428  rt:0  fl:0 
  [1] sc:167445  lt:0  rt:0  fl:0 
  [2] sc:16744  lt:0  rt:0  fl:0 
  [3] sc:16741  lt:0  rt:0  fl:0 
  [4] sc:16741  lt:3  rt:0  fl:0 
 in 7200 sec.

<Raw Results2(sum ver.)>
  [0] sc:161015  lt:6428  rt:0  fl:0 
  [1] sc:167445  lt:0  rt:0  fl:0 
  [2] sc:16744  lt:0  rt:0  fl:0 
  [3] sc:16741  lt:0  rt:0  fl:0 
  [4] sc:16741  lt:3  rt:0  fl:0 

<Constraint Check> (all must be [OK])
 [transaction percentage]
        Payment: 43.48% (>=43.0%) [OK]
   Order-Status: 4.35% (>= 4.0%) [OK]
       Delivery: 4.35% (>= 4.0%) [OK]
    Stock-Level: 4.35% (>= 4.0%) [OK]
 [response time (at least 90% passed)]
      New-Order: 96.16%  [OK]
        Payment: 100.00%  [OK]
   Order-Status: 100.00%  [OK]
       Delivery: 100.00%  [OK]
    Stock-Level: 99.98%  [OK]

<TpmC>
                 1395.358 TpmC
Start: 2013-08-02 12:12:56 - Finish: 2013-08-02 14:32:59
AVG Idle CPU: 0.01
AVG Commit: 80.33
