***************************************
*** ###easy### TPC-C Load Generator ***
***************************************
option h with value '192.241.149.101'
option d with value 'tpcc'
option u with value 'root'
option p with value 'password'
option w with value '40'
option c with value '400'
option r with value '1200'
option l with value '7200'
<Parameters>
     [server]: 192.241.149.101
     [port]: 3306
     [DBname]: tpcc
       [user]: root
       [pass]: password
  [warehouse]: 40
 [connection]: 400
     [rampup]: 1200 (sec.)
    [measure]: 7200 (sec.)

RAMP-UP TIME.(1200 sec.)

MEASURING START.

  10, 230(12):5.510|9.489, 247(0):1.152|3.462, 24(0):0.655|1.029, 19(0):6.960|9.867, 19(0):17.382|19.345
  20, 206(14):5.533|5.833, 202(0):1.037|1.106, 21(0):0.499|0.540, 23(0):6.481|6.484, 22(0):16.088|16.468
  30, 236(13):5.237|5.798, 249(0):1.074|1.093, 22(0):0.461|0.487, 22(0):6.276|6.553, 24(0):16.238|17.323
  40, 211(8):5.273|5.574, 201(0):1.102|1.221, 22(0):0.522|0.834, 20(0):6.185|6.337, 18(0):15.651|15.850
  50, 213(19):5.413|5.869, 228(0):1.039|1.190, 22(0):0.503|0.514, 25(0):6.409|6.816, 29(0):16.401|16.662
  60, 202(16):5.452|5.583, 190(0):1.064|1.144, 19(0):0.504|0.526, 17(0):6.027|6.047, 14(0):15.951|16.061
  70, 172(21):5.611|7.145, 165(0):1.069|1.127, 17(0):0.522|0.567, 17(0):6.191|6.413, 20(0):15.316|15.357
  80, 204(30):5.654|6.007, 198(0):1.136|1.217, 21(0):0.475|0.546, 23(0):6.463|6.482, 24(0):16.008|17.019
  90, 197(30):5.676|6.000, 219(0):1.052|1.132, 20(0):0.581|0.690, 19(0):6.367|6.451, 19(0):15.373|18.053
 100, 221(50):6.197|6.678, 204(0):1.267|1.456, 21(0):0.615|2.209, 22(0):6.957|7.074, 19(0):17.098|17.374
 110, 231(38):5.892|6.400, 225(0):1.191|1.349, 24(0):0.547|0.583, 21(0):7.159|7.423, 23(0):17.772|17.866
 120, 178(20):5.561|5.869, 195(0):1.127|1.256, 18(0):0.495|0.615, 21(0):6.521|7.094, 16(0):15.993|16.634
 130, 239(45):5.735|5.967, 231(0):1.215|1.843, 22(0):0.606|0.664, 24(0):6.681|6.817, 25(0):17.147|17.179
 140, 221(17):5.537|5.637, 211(0):1.197|1.258, 23(0):0.541|0.872, 18(0):6.245|6.339, 22(0):16.660|16.721
 150, 204(15):5.383|5.564, 195(0):1.128|1.206, 21(0):0.513|0.514, 23(0):6.474|6.639, 21(0):15.956|17.128
 160, 183(12):5.363|6.106, 187(0):1.076|1.253, 18(0):0.480|0.506, 19(0):6.101|6.297, 21(0):15.115|15.485
 170, 232(10):5.095|5.240, 229(0):1.056|1.187, 22(0):0.500|0.543, 22(0):6.035|6.393, 22(0):15.486|16.229
 180, 202(4):5.079|5.477, 208(0):1.047|1.102, 21(0):0.459|0.544, 20(0):6.114|6.234, 20(0):14.505|15.113
 190, 178(6):5.111|5.241, 200(0):1.080|1.095, 19(0):0.439|0.495, 18(0):6.232|6.488, 20(0):15.529|15.616
 200, 176(5):5.133|5.230, 172(0):1.023|1.257, 18(0):0.456|0.473, 18(0):6.198|6.493, 15(0):14.813|15.339
 210, 214(6):5.055|5.404, 194(0):1.082|1.396, 19(0):0.403|0.674, 19(0):6.198|6.467, 21(0):15.139|15.416
 220, 225(21):5.503|5.596, 214(0):1.166|1.343, 23(0):0.581|0.606, 23(0):6.460|6.577, 21(0):16.308|16.312
 230, 190(24):5.637|5.825, 216(0):1.190|1.283, 19(0):0.521|0.581, 22(0):6.595|6.730, 21(0):15.899|17.561
 240, 158(25):5.586|5.918, 163(0):1.134|1.233, 17(0):0.522|0.524, 15(0):6.800|7.070, 18(0):17.148|17.162
 250, 132(14):5.267|5.535, 124(0):1.019|1.464, 13(0):0.510|0.517, 11(0):6.545|6.634, 11(0):15.639|16.766
 260, 188(19):5.496|5.549, 214(0):1.083|1.153, 19(0):0.442|0.487, 17(0):6.575|6.633, 20(0):15.540|15.663
 270, 166(15):5.316|5.539, 179(0):1.112|1.208, 19(0):0.503|0.587, 25(0):6.432|6.866, 14(0):15.168|15.304
 280, 187(26):5.631|5.791, 146(0):1.124|1.239, 15(0):0.523|0.706, 10(0):6.182|6.751, 19(0):16.785|19.140
 290, 179(19):5.506|5.567, 202(0):1.088|1.180, 19(0):0.515|0.545, 20(0):6.495|6.535, 18(0):16.141|16.143
 300, 168(13):5.253|5.496, 158(0):1.023|1.055, 18(0):0.485|0.487, 18(0):6.300|6.451, 19(0):15.196|15.395
 310, 164(11):5.333|5.500, 156(0):1.051|1.082, 16(0):0.515|0.749, 19(0):6.138|6.373, 16(0):14.920|16.603
 320, 228(25):5.488|5.798, 215(0):1.089|1.181, 22(0):0.477|0.482, 20(0):6.175|6.494, 21(0):15.753|15.919
 330, 208(24):5.566|5.818, 198(0):1.117|1.202, 19(0):0.464|0.492, 24(0):6.367|6.498, 23(0):15.892|15.899
 340, 193(16):5.479|5.820, 206(0):1.070|1.259, 21(0):0.588|0.604, 19(0):6.366|9.040, 20(0):15.151|15.196
 350, 185(13):5.257|5.412, 167(0):1.097|1.435, 18(0):0.477|0.524, 17(0):6.227|6.390, 21(0):16.045|16.756
 360, 157(17):5.501|5.753, 166(0):1.206|1.377, 16(0):0.604|0.611, 16(0):6.299|6.759, 16(0):15.616|16.711
 370, 150(22):5.415|5.532, 162(0):1.107|1.346, 15(0):0.524|0.535, 18(0):6.337|6.745, 13(0):15.475|16.375
 380, 177(32):5.768|5.920, 185(0):1.152|1.577, 18(0):0.528|0.551, 17(0):6.593|6.605, 15(0):16.336|16.363
 390, 141(16):5.436|5.778, 140(0):1.249|1.274, 15(0):0.528|0.610, 10(0):6.793|6.815, 18(0):16.308|16.971
 400, 211(56):5.868|6.087, 211(0):1.333|1.548, 20(0):0.631|1.586, 24(0):6.996|7.249, 15(0):18.022|19.001
 410, 122(39):6.400|10.480, 141(0):1.483|3.932, 14(0):0.517|0.526, 12(0):7.420|7.436, 16(0):18.248|18.253
 420, 165(48):6.040|6.223, 142(0):1.273|1.315, 14(0):0.542|0.553, 16(0):7.160|7.287, 15(0):18.696|19.205
 430, 181(24):6.060|6.920, 157(0):1.196|1.391, 18(0):0.576|0.591, 15(0):6.954|7.160, 19(0):17.641|18.389
 440, 152(16):5.665|5.954, 179(0):1.137|1.178, 15(0):0.513|0.515, 16(0):6.819|7.149, 15(0):16.101|17.258
 450, 228(22):5.376|5.534, 239(0):1.136|1.239, 23(0):0.587|0.697, 18(0):6.527|6.546, 21(0):16.870|17.679
 460, 199(18):5.418|6.176, 177(0):1.130|1.194, 21(0):0.645|0.688, 26(0):6.307|6.484, 21(0):14.916|17.304
 470, 214(21):5.387|5.794, 203(0):1.168|1.535, 20(0):0.542|0.746, 20(0):6.367|6.448, 19(0):16.160|16.455
 480, 200(21):5.700|5.792, 194(0):1.083|1.286, 21(0):0.507|0.546, 21(0):6.606|6.714, 18(0):16.653|18.459
 490, 180(15):5.339|6.426, 209(0):1.079|1.244, 19(0):0.452|0.513, 21(0):6.467|6.591, 23(0):16.263|16.380
 500, 157(23):5.652|6.072, 138(0):1.060|1.388, 13(0):0.509|0.525, 12(0):6.172|6.194, 15(0):15.681|16.508
 510, 189(17):5.469|5.765, 198(0):1.099|1.115, 21(0):0.591|0.628, 21(0):6.348|6.446, 15(0):15.894|16.554
 520, 205(25):5.509|5.990, 203(0):1.153|1.296, 20(0):0.539|0.542, 20(0):6.359|6.378, 23(0):16.691|17.927
 530, 173(24):5.488|5.529, 190(0):1.150|1.174, 17(0):0.506|0.553, 13(0):6.730|7.068, 17(0):16.041|17.095
 540, 207(27):5.376|5.579, 204(0):1.008|1.072, 22(0):0.538|0.739, 24(0):6.417|6.459, 22(0):17.160|17.483
 550, 232(23):5.423|5.527, 222(0):1.084|1.292, 23(0):0.528|0.547, 22(0):6.289|6.489, 26(0):15.619|16.195
 560, 223(28):5.515|6.004, 207(0):1.161|1.219, 21(0):0.510|0.513, 23(0):6.363|6.379, 18(0):15.511|16.147
 570, 188(17):5.611|5.902, 192(0):1.124|1.456, 18(0):0.480|0.507, 18(0):6.371|6.893, 21(0):15.936|17.075
 580, 214(17):5.438|5.581, 215(0):1.119|1.269, 22(0):0.524|0.548, 25(0):6.141|6.276, 24(0):15.648|17.556
 590, 183(11):5.401|5.582, 199(0):1.070|1.095, 19(0):0.593|0.883, 18(0):6.202|6.533, 15(0):15.505|17.301
 600, 185(14):5.413|5.674, 191(0):1.087|1.107, 19(0):0.475|0.478, 17(0):6.453|6.553, 21(0):15.942|17.074
 610, 193(15):5.283|5.908, 187(0):1.041|1.096, 19(0):0.534|0.586, 20(0):6.518|6.629, 17(0):15.056|16.366
 620, 217(32):5.540|5.700, 230(0):1.235|1.329, 22(0):0.502|0.560, 18(0):6.560|6.772, 21(0):15.913|16.057
 630, 187(13):5.230|5.305, 190(0):1.143|1.221, 19(0):0.480|0.489, 23(0):6.625|6.846, 20(0):16.024|16.307
 640, 176(23):5.454|5.622, 169(0):1.049|1.290, 18(0):0.586|0.590, 17(0):6.215|6.463, 21(0):15.925|16.233
 650, 189(16):5.572|5.853, 177(0):1.065|1.121, 18(0):0.611|0.630, 22(0):6.290|6.399, 17(0):16.577|16.674
 660, 227(22):5.401|5.606, 223(0):1.164|1.654, 23(0):0.530|0.589, 20(0):6.450|6.475, 26(0):15.794|15.832
 670, 149(8):5.160|5.733, 175(0):1.171|3.962, 16(0):0.587|0.639, 17(0):6.373|6.388, 13(0):16.198|16.396
 680, 213(29):5.561|5.798, 177(0):1.172|1.483, 19(0):0.533|0.599, 19(0):6.485|6.537, 17(0):16.894|17.231
 690, 189(30):5.711|6.000, 213(0):1.189|1.396, 20(0):0.516|0.537, 17(0):6.662|6.936, 21(0):16.671|16.755
 700, 202(48):6.033|6.464, 199(0):1.325|1.382, 20(0):0.703|0.760, 24(0):7.207|7.256, 25(0):17.091|17.142
 710, 176(35):6.068|6.160, 173(0):1.223|1.383, 18(0):0.526|0.559, 17(0):7.152|7.173, 14(0):17.477|18.133
 720, 162(25):5.560|5.596, 158(0):1.111|1.741, 16(0):0.469|0.515, 14(0):6.550|6.882, 17(0):16.607|16.824
 730, 129(21):5.744|6.360, 142(0):1.188|1.277, 13(0):0.490|0.504, 16(0):6.607|6.826, 14(0):15.520|16.541
 740, 188(28):5.611|5.894, 184(0):1.081|1.259, 19(0):0.613|0.665, 24(0):6.690|6.847, 17(0):17.145|17.353
 750, 235(20):5.498|5.670, 241(0):1.094|1.262, 23(0):0.501|0.561, 14(0):6.583|6.781, 21(0):16.024|16.754
 760, 148(16):5.416|5.768, 150(0):1.110|1.719, 16(0):0.645|0.701, 12(0):6.423|6.525, 16(0):15.647|16.289
 770, 155(14):5.386|5.627, 143(0):1.020|1.033, 14(0):0.533|0.858, 19(0):6.302|6.624, 16(0):15.991|16.133
 780, 173(22):5.417|5.569, 164(0):1.044|1.098, 16(0):0.633|0.639, 16(0):6.474|6.518, 19(0):15.991|16.999
 790, 182(15):5.500|5.719, 218(0):1.179|1.420, 22(0):0.513|0.639, 22(0):6.493|6.506, 20(0):15.359|16.319
 800, 167(20):5.363|5.886, 141(0):1.176|1.399, 15(0):0.510|0.529, 18(0):6.383|6.479, 14(0):15.264|15.642
 810, 120(9):5.387|5.673, 114(0):1.096|1.232, 12(0):0.455|0.531, 12(0):6.456|6.563, 8(0):15.470|16.955
 820, 202(17):5.481|5.596, 201(0):1.109|1.248, 19(0):0.497|0.527, 18(0):6.236|6.249, 20(0):15.923|16.132
 830, 187(32):5.566|5.740, 163(0):1.099|1.135, 18(0):0.439|0.443, 19(0):6.139|6.344, 25(0):14.847|15.500
 840, 134(13):5.341|5.808, 137(0):1.129|1.193, 15(0):0.561|0.656, 14(0):6.476|6.607, 10(0):16.110|16.185
 850, 139(9):5.232|5.240, 147(0):1.075|1.116, 14(0):0.486|0.563, 13(0):6.568|6.572, 13(0):16.337|16.367
 860, 206(17):5.245|5.750, 214(0):1.095|1.242, 21(0):0.488|0.566, 20(0):6.395|6.654, 22(0):15.236|17.369
 870, 172(19):5.362|5.450, 181(0):1.054|1.194, 17(0):0.517|0.634, 18(0):6.470|6.682, 17(0):14.987|15.442
 880, 164(19):5.449|6.769, 171(0):1.100|1.135, 16(0):0.445|0.458, 14(0):6.428|6.510, 17(0):15.010|15.335
 890, 202(12):5.236|5.548, 206(0):0.990|1.067, 19(0):0.472|0.485, 17(0):6.564|6.622, 15(0):16.360|16.502
 900, 184(20):5.464|5.639, 179(0):1.153|1.224, 20(0):0.493|0.500, 24(0):6.358|6.658, 24(0):15.488|15.941
 910, 206(23):5.500|5.731, 203(0):1.060|1.271, 20(0):0.465|0.470, 20(0):6.469|6.489, 23(0):16.074|16.464
 920, 173(22):5.398|5.547, 161(0):1.109|1.141, 16(0):0.497|0.852, 16(0):6.396|6.427, 10(0):16.067|17.182
 930, 211(19):5.482|5.633, 220(0):1.025|1.090, 22(0):0.445|0.449, 20(0):6.605|6.729, 24(0):16.702|17.424
 940, 203(27):5.468|5.702, 186(0):1.143|1.165, 21(0):0.536|0.586, 24(0):6.421|6.435, 23(0):15.490|16.049
 950, 199(12):5.505|5.772, 222(0):1.128|1.239, 20(0):0.542|0.759, 18(0):6.414|6.549, 16(0):16.279|18.468
 960, 178(12):5.355|5.566, 171(0):1.016|1.029, 18(0):0.499|0.505, 17(0):6.452|6.641, 17(0):17.154|17.488
 970, 213(11):5.242|5.491, 208(0):1.080|1.106, 21(0):0.571|0.597, 22(0):6.172|6.388, 23(0):16.415|16.523
 980, 179(19):5.361|5.854, 168(0):1.104|1.142, 16(0):0.468|0.621, 12(0):6.409|6.458, 18(0):15.939|17.252
 990, 213(31):5.650|5.843, 227(0):1.171|1.395, 22(0):0.562|0.581, 28(0):6.399|6.420, 21(0):16.479|16.932
1000, 198(30):6.115|9.321, 204(0):1.129|1.638, 21(0):0.547|0.549, 22(0):6.679|6.842, 21(0):16.646|16.779
1010, 166(37):5.932|6.402, 143(0):1.118|1.216, 16(0):0.492|0.645, 14(0):6.750|6.835, 16(0):16.288|16.625
1020, 153(22):5.666|5.809, 179(0):1.197|1.239, 15(0):0.487|0.497, 18(0):6.217|6.519, 15(0):17.560|17.782
1030, 225(41):5.798|6.298, 198(0):1.229|1.347, 23(0):0.508|0.585, 21(0):6.914|7.018, 21(0):17.373|17.640
1040, 142(20):5.640|6.139, 152(0):1.280|1.397, 14(0):0.621|0.645, 14(0):6.605|6.638, 21(0):16.407|16.667
1050, 156(39):5.807|5.861, 158(0):1.340|1.482, 15(0):0.583|0.680, 15(0):6.572|6.845, 12(0):16.105|17.502
1060, 150(23):5.703|5.880, 160(0):1.167|1.346, 16(0):0.493|0.509, 14(0):6.696|7.028, 12(0):16.501|16.736
1070, 126(12):5.548|5.669, 147(0):1.139|1.179, 13(0):0.437|0.540, 14(0):6.695|6.769, 16(0):16.848|17.026
1080, 238(22):5.491|5.640, 180(0):1.163|1.567, 22(0):0.569|0.602, 26(0):6.446|6.580, 23(0):16.418|16.963
1090, 215(8):5.157|5.707, 235(0):1.108|1.213, 22(0):0.444|0.492, 18(0):6.424|6.634, 18(0):16.020|16.602
1100, 194(16):5.509|6.120, 187(0):1.164|1.482, 20(0):0.464|0.472, 17(0):6.363|6.641, 22(0):15.591|15.600
1110, 198(24):5.531|5.649, 219(0):1.035|1.355, 20(0):0.469|0.605, 24(0):6.255|6.408, 20(0):15.549|15.677
1120, 175(16):5.480|5.572, 199(0):1.126|1.151, 18(0):0.541|0.632, 16(0):6.129|6.686, 18(0):14.988|15.361
1130, 176(20):5.535|5.643, 146(0):1.136|1.397, 18(0):0.509|0.526, 16(0):6.413|6.590, 18(0):16.389|16.521
1140, 225(15):5.462|5.682, 236(0):1.030|1.291, 21(0):0.577|0.658, 20(0):6.602|6.909, 18(0):15.645|16.896
1150, 205(15):5.301|5.366, 198(0):1.061|1.123, 21(0):0.545|0.685, 27(0):6.473|6.532, 25(0):16.359|16.790
1160, 187(22):5.487|5.556, 177(0):1.052|1.104, 19(0):0.432|0.463, 20(0):6.283|6.611, 18(0):15.193|17.235
1170, 210(14):5.397|5.660, 217(0):1.064|1.161, 21(0):0.589|0.936, 22(0):6.207|6.386, 21(0):16.042|16.407
1180, 201(16):5.484|6.312, 198(0):1.099|1.242, 19(0):0.473|0.497, 19(0):6.212|6.240, 19(0):14.643|15.199
1190, 181(19):5.293|5.862, 190(0):1.118|1.184, 20(0):0.527|0.594, 17(0):6.222|6.425, 19(0):16.708|16.733
1200, 190(17):5.505|5.708, 188(0):1.079|1.144, 17(0):0.464|0.499, 17(0):6.514|6.528, 18(0):16.080|16.345
1210, 174(19):5.404|5.573, 161(0):1.114|1.452, 17(0):0.469|0.522, 18(0):6.194|6.410, 21(0):16.685|17.175
1220, 148(20):5.465|6.128, 152(0):1.062|1.088, 17(0):0.532|0.639, 16(0):6.692|6.844, 14(0):15.537|16.013
1230, 189(17):5.494|5.736, 203(0):1.013|1.412, 18(0):0.560|0.639, 20(0):6.323|6.570, 20(0):16.844|17.317
1240, 167(24):5.590|5.616, 153(0):1.215|1.566, 16(0):0.520|0.543, 14(0):6.627|6.869, 13(0):14.984|15.274
1250, 213(15):5.569|5.815, 218(0):1.046|1.190, 22(0):0.493|0.513, 21(0):6.379|6.392, 28(0):16.251|16.492
1260, 229(13):5.246|5.463, 224(0):1.105|1.259, 23(0):0.565|0.604, 24(0):6.309|6.422, 19(0):15.877|16.207
1270, 172(19):5.465|5.507, 207(0):1.201|1.285, 19(0):0.568|0.742, 18(0):6.015|6.289, 17(0):16.432|16.705
1280, 218(29):5.533|5.797, 220(0):1.093|1.130, 23(0):0.690|0.915, 20(0):6.735|6.832, 25(0):15.114|15.173
1290, 217(18):5.333|5.471, 176(0):1.041|1.158, 17(0):0.549|0.585, 20(0):6.842|6.984, 19(0):15.548|16.042
1300, 186(62):8.192|9.663, 219(0):1.561|4.236, 22(0):0.679|0.730, 19(0):6.961|7.325, 16(0):16.832|17.610
1310, 176(66):6.913|9.332, 168(0):1.332|1.494, 17(0):0.574|0.889, 20(0):8.483|8.497, 19(0):19.043|19.316
1320, 190(56):6.215|6.423, 188(0):1.425|1.512, 18(0):0.586|0.611, 19(0):7.624|7.631, 21(0):19.059|19.343
1330, 156(32):5.863|5.955, 131(0):1.142|1.654, 15(0):0.503|0.523, 15(0):7.069|7.170, 12(0):16.644|17.475
1340, 202(20):5.423|5.660, 225(0):1.118|1.320, 20(0):0.500|0.506, 16(0):6.537|6.853, 24(0):17.085|17.219
1350, 223(18):5.504|8.111, 207(0):0.996|1.087, 21(0):0.521|0.599, 23(0):6.898|6.913, 19(0):15.795|18.104
1360, 155(20):5.481|5.682, 172(0):1.192|1.411, 18(0):0.522|0.536, 19(0):6.300|6.323, 17(0):15.599|15.709
1370, 197(22):5.323|5.580, 192(0):1.097|1.159, 20(0):0.539|0.560, 20(0):6.292|6.430, 18(0):15.558|16.006
1380, 131(7):5.181|5.232, 142(0):1.073|1.245, 13(0):0.454|0.484, 12(0):6.012|6.022, 16(0):16.817|16.864
1390, 162(12):5.350|7.515, 139(0):1.138|1.649, 15(0):0.535|0.566, 17(0):6.340|7.917, 18(0):15.054|15.699
1400, 168(12):5.416|5.591, 171(0):1.092|1.136, 16(0):0.468|0.518, 12(0):6.232|6.354, 12(0):16.096|16.197
1410, 159(9):5.454|5.737, 175(0):1.124|1.202, 18(0):0.533|0.558, 19(0):6.262|6.371, 16(0):15.637|16.278
1420, 217(21):5.571|5.828, 211(0):1.052|1.306, 21(0):0.467|0.537, 23(0):6.562|6.611, 22(0):16.687|16.720
1430, 186(18):5.350|5.665, 196(0):1.097|1.226, 18(0):0.509|0.627, 19(0):6.328|6.408, 21(0):15.873|17.267
1440, 157(17):5.635|6.299, 163(0):1.040|1.124, 17(0):0.495|0.730, 14(0):6.370|6.424, 15(0):15.585|15.763
1450, 114(15):5.347|5.456, 119(0):1.115|1.242, 10(0):0.472|0.654, 12(0):6.376|6.460, 10(0):15.690|16.003
1460, 174(33):5.741|6.065, 154(0):1.151|1.324, 19(0):0.461|0.529, 16(0):6.384|6.665, 16(0):16.755|17.151
1470, 186(18):5.404|5.747, 189(0):1.076|1.235, 20(0):0.549|0.578, 21(0):6.463|6.621, 23(0):16.006|16.336
1480, 217(26):5.497|5.732, 209(0):1.129|1.212, 18(0):0.488|0.580, 20(0):6.295|6.509, 19(0):15.700|16.175
1490, 155(26):5.555|5.637, 156(0):1.106|1.630, 17(0):0.469|0.553, 19(0):6.836|7.475, 14(0):15.026|16.489
1500, 167(19):5.643|5.747, 159(0):1.165|1.306, 15(0):0.586|0.589, 14(0):6.422|6.610, 17(0):16.797|17.025
1510, 202(26):5.511|5.849, 193(0):1.174|1.213, 22(0):0.517|0.706, 22(0):6.569|6.654, 22(0):16.297|16.602
1520, 200(30):5.800|6.096, 192(0):1.096|1.332, 18(0):0.575|0.595, 16(0):6.554|6.800, 16(0):16.444|16.683
1530, 175(23):5.741|5.844, 203(0):1.093|1.269, 20(0):0.508|0.529, 22(0):6.367|6.454, 22(0):15.949|16.030
1540, 191(22):5.654|5.703, 186(0):1.251|1.278, 19(0):0.459|0.476, 19(0):6.361|6.453, 17(0):15.249|15.456
1550, 215(18):5.474|6.286, 208(0):1.064|1.247, 21(0):0.488|0.565, 19(0):6.467|6.483, 23(0):15.395|15.858
1560, 213(24):5.537|5.805, 217(0):1.056|1.094, 21(0):0.487|0.532, 22(0):6.402|6.524, 21(0):15.371|16.058
1570, 168(18):5.473|5.523, 184(0):1.158|1.250, 18(0):0.517|0.868, 17(0):7.070|8.582, 17(0):16.646|16.968
1580, 210(34):5.976|6.320, 215(0):1.130|2.361, 21(0):0.520|0.584, 20(0):6.418|6.475, 19(0):16.842|17.063
1590, 203(29):5.516|5.698, 196(0):1.122|1.516, 18(0):0.608|0.614, 23(0):6.520|6.627, 22(0):16.176|16.714
1600, 170(45):6.349|8.897, 160(0):1.306|1.924, 18(0):0.635|0.653, 20(0):7.349|7.610, 17(0):16.991|18.300
1610, 151(32):6.445|6.607, 141(0):1.252|1.797, 15(0):0.521|0.564, 17(0):7.116|7.536, 14(0):18.351|18.486
1620, 141(24):5.555|5.800, 132(0):1.112|1.164, 13(0):0.512|0.540, 7(0):6.303|6.317, 13(0):16.900|17.685
1630, 202(41):5.746|6.499, 240(0):1.247|1.326, 22(0):0.521|0.590, 19(0):6.530|6.779, 22(0):17.280|17.835
1640, 158(42):6.000|6.289, 158(0):1.150|1.246, 16(0):0.520|0.582, 19(0):6.625|6.810, 15(0):16.924|16.994
1650, 227(38):5.607|6.088, 198(0):1.180|1.434, 22(0):0.707|0.746, 24(0):6.854|7.056, 26(0):17.557|17.783
1660, 194(42):5.688|5.921, 203(0):1.284|1.749, 19(0):0.541|0.554, 15(0):6.616|6.927, 15(0):15.591|15.951
1670, 219(16):5.522|8.129, 214(0):1.113|1.215, 22(0):0.569|0.641, 25(0):6.462|7.080, 25(0):16.985|17.596
1680, 180(11):5.205|7.047, 171(0):1.094|1.566, 17(0):0.444|0.523, 16(0):6.157|6.238, 14(0):15.075|16.419
1690, 211(17):5.221|6.272, 215(0):1.063|1.418, 22(0):0.592|0.684, 21(0):6.170|6.354, 26(0):15.238|15.432
1700, 210(7):5.088|5.185, 188(0):1.143|1.178, 20(0):0.741|0.780, 25(0):6.133|6.171, 17(0):14.921|16.067
1710, 142(7):5.187|5.426, 190(0):1.092|1.327, 18(0):0.483|0.581, 15(0):6.098|6.387, 16(0):15.329|15.379
1720, 211(13):5.312|5.452, 196(0):1.007|1.057, 19(0):0.483|0.488, 18(0):6.122|6.190, 21(0):15.584|16.350
1730, 157(5):5.045|5.109, 165(0):1.025|1.198, 16(0):0.463|0.652, 11(0):5.657|5.660, 12(0):14.894|14.944
1740, 203(11):5.258|5.411, 212(0):1.017|1.143, 20(0):0.563|0.607, 23(0):6.058|6.333, 24(0):14.937|15.827
1750, 178(6):5.064|5.253, 169(0):1.126|1.307, 18(0):0.536|0.564, 16(0):6.132|6.151, 18(0):15.276|15.347
1760, 192(12):5.258|5.602, 192(0):1.086|1.182, 19(0):0.532|0.564, 18(0):5.980|6.459, 22(0):15.325|15.829
1770, 177(13):5.304|5.399, 177(0):1.068|1.128, 17(0):0.485|0.537, 19(0):6.300|6.407, 20(0):15.397|16.049
1780, 176(32):5.677|5.749, 180(0):1.269|1.415, 19(0):0.447|0.503, 20(0):6.475|6.505, 10(0):15.808|16.011
1790, 164(20):5.488|5.715, 145(0):1.128|1.502, 16(0):0.509|0.586, 15(0):6.330|7.380, 19(0):15.807|16.980
1800, 168(16):5.385|5.527, 175(0):1.118|1.176, 16(0):0.475|0.559, 19(0):6.496|6.551, 17(0):16.849|16.941
1810, 194(19):5.629|6.135, 193(0):1.097|1.126, 20(0):0.531|0.695, 20(0):6.253|6.339, 16(0):15.648|15.983
1820, 140(18):5.428|5.639, 155(0):1.163|1.260, 14(0):0.506|0.508, 12(0):6.292|6.778, 14(0):16.378|17.233
1830, 205(36):5.659|5.685, 184(0):1.149|1.209, 20(0):0.492|0.493, 23(0):6.741|7.043, 22(0):17.245|17.722
1840, 172(30):5.661|5.857, 172(0):1.176|1.353, 19(0):0.468|0.527, 19(0):6.132|6.654, 20(0):16.504|16.809
1850, 204(16):5.316|5.584, 203(0):1.155|1.224, 18(0):0.528|0.880, 16(0):6.556|6.568, 19(0):15.267|16.080
1860, 203(22):5.399|7.198, 204(0):1.110|1.274, 20(0):0.557|0.634, 24(0):6.393|6.570, 20(0):14.940|14.969
1870, 161(32):5.751|5.897, 168(0):1.147|3.472, 16(0):0.530|0.547, 15(0):6.223|6.677, 16(0):15.438|16.620
1880, 198(22):5.890|5.973, 187(0):1.079|1.140, 21(0):0.472|0.624, 18(0):6.827|6.832, 21(0):16.200|16.269
1890, 154(23):5.625|6.107, 189(0):1.202|1.452, 18(0):0.575|0.650, 14(0):6.854|6.866, 15(0):15.624|16.369
1900, 222(66):6.220|7.264, 195(0):1.435|1.514, 19(0):0.583|0.670, 23(0):7.178|7.390, 21(0):18.209|19.813
1910, 182(48):6.297|6.561, 210(0):1.234|1.328, 21(0):0.673|0.795, 20(0):7.416|7.509, 22(1):19.407|21.611
1920, 165(33):6.042|6.148, 148(0):1.086|1.130, 15(0):0.563|0.620, 13(0):7.234|7.318, 14(0):17.221|18.028
1930, 167(22):5.727|5.774, 170(0):1.227|1.608, 16(0):0.496|0.549, 17(0):7.029|7.068, 16(0):17.007|18.336
1940, 130(21):5.887|6.804, 109(0):1.167|1.308, 13(0):0.483|0.485, 14(0):6.681|7.228, 14(0):17.194|17.559
1950, 126(17):5.453|5.508, 120(0):1.178|1.439, 12(0):0.505|0.535, 17(0):6.711|7.687, 14(0):16.696|16.935
1960, 203(42):5.661|6.259, 210(0):1.132|1.273, 20(0):0.476|0.478, 17(0):6.622|6.885, 16(0):16.538|18.323
1970, 195(23):5.551|5.889, 207(0):1.054|1.687, 20(0):0.553|0.578, 18(0):6.531|6.775, 20(0):16.548|17.162
1980, 190(17):5.327|5.513, 164(0):1.132|1.181, 18(0):0.495|0.526, 20(0):6.633|6.805, 21(0):16.754|16.773
1990, 214(22):5.615|5.867, 228(0):1.202|1.445, 22(0):0.599|1.170, 24(0):6.368|6.776, 20(0):15.555|15.614
2000, 243(27):5.447|5.796, 228(0):1.186|1.568, 24(0):0.557|0.579, 25(0):6.294|6.404, 22(0):16.006|16.232
2010, 163(20):5.270|5.410, 194(0):1.093|1.199, 18(0):0.526|0.634, 17(0):6.361|6.761, 21(0):16.486|17.666
2020, 228(29):5.810|6.119, 197(0):1.355|1.541, 21(0):0.598|0.809, 19(0):6.495|6.703, 25(0):16.703|16.758
2030, 226(31):5.523|6.313, 226(0):1.212|1.554, 24(0):0.492|0.603, 23(0):6.683|6.771, 20(0):16.558|16.587
2040, 200(11):5.197|5.437, 188(0):1.188|1.727, 19(0):0.508|0.541, 19(0):6.226|6.266, 17(0):15.695|16.022
2050, 153(14):5.524|5.601, 168(0):1.110|1.279, 16(0):0.432|0.531, 18(0):6.026|6.089, 19(0):15.597|16.159
2060, 167(29):5.552|5.886, 203(0):1.126|1.245, 19(0):0.580|0.700, 20(0):6.679|7.052, 21(0):16.526|16.625
2070, 210(21):5.464|5.682, 179(0):1.127|1.247, 18(0):0.510|0.577, 14(0):6.420|6.455, 11(0):15.272|15.599
2080, 119(21):5.670|5.790, 143(0):1.226|1.337, 14(0):0.480|0.490, 13(0):6.601|6.773, 17(0):16.791|16.918
2090, 222(37):5.934|6.119, 210(0):1.164|1.582, 21(0):0.544|0.583, 21(0):6.646|6.790, 23(0):16.357|17.499
2100, 220(38):6.035|6.279, 234(0):1.235|1.417, 22(0):0.599|0.610, 26(0):6.798|7.241, 20(0):16.422|16.760
2110, 194(41):5.985|6.255, 208(0):1.196|1.272, 21(0):0.556|0.591, 16(0):6.840|6.983, 19(0):17.295|17.459
2120, 199(39):5.941|6.192, 174(0):1.210|1.252, 18(0):0.575|0.635, 23(0):6.829|6.979, 23(0):16.378|16.560
2130, 203(40):5.741|6.281, 184(0):1.104|1.193, 20(0):0.616|0.711, 21(0):7.187|7.772, 22(0):17.314|17.831
2140, 194(49):5.907|6.039, 214(0):1.240|2.137, 20(0):0.617|0.623, 17(0):6.476|6.630, 18(0):16.574|16.885
2150, 205(30):5.670|6.669, 201(0):1.229|3.091, 20(0):0.610|0.642, 25(0):6.993|7.047, 18(0):16.532|17.014
2160, 207(40):6.081|8.060, 205(0):1.443|2.278, 21(0):0.516|0.540, 18(0):6.788|6.965, 25(0):16.900|19.176
2170, 205(32):5.799|6.496, 212(0):1.173|2.559, 20(0):0.559|0.568, 18(0):6.933|7.037, 19(0):17.095|17.876
2180, 169(25):5.811|5.984, 164(0):1.168|1.237, 18(0):0.593|0.600, 21(0):6.733|7.481, 16(0):17.254|17.393
2190, 203(36):5.868|6.746, 207(0):1.115|1.173, 20(0):0.499|0.552, 18(0):6.374|6.604, 18(0):16.598|17.497
2200, 193(22):5.884|6.033, 186(0):1.397|2.034, 19(0):0.562|0.601, 20(0):6.893|7.337, 20(0):16.993|18.774
2210, 201(31):5.635|6.521, 206(0):1.108|1.390, 20(0):0.560|0.596, 19(0):6.699|7.214, 23(0):16.944|17.596
2220, 185(21):5.537|5.911, 187(0):1.249|1.541, 20(0):0.532|0.568, 21(0):6.296|6.376, 18(0):15.144|15.559
2230, 206(42):5.990|6.118, 197(0):1.168|1.555, 19(0):0.537|0.582, 20(0):6.503|7.714, 18(0):15.728|15.800
2240, 204(7):5.177|5.380, 231(0):1.026|1.435, 21(0):0.449|0.607, 22(0):6.415|6.565, 25(0):16.735|16.830
2250, 209(6):5.125|5.355, 196(0):1.062|1.121, 21(0):0.432|0.471, 16(0):5.763|6.007, 17(0):15.212|18.114
2260, 206(12):5.401|7.535, 204(0):1.036|1.083, 19(0):0.490|0.584, 25(0):6.170|6.315, 20(0):15.163|16.594
2270, 196(13):5.318|5.438, 218(0):1.049|1.275, 23(0):0.509|0.514, 21(0):6.237|6.323, 19(0):15.257|15.276
2280, 210(8):5.147|5.566, 189(0):1.008|1.169, 19(0):0.558|0.560, 16(0):6.109|6.122, 21(0):15.141|16.162
2290, 208(16):5.263|5.379, 218(0):1.083|2.403, 20(0):0.516|0.696, 22(0):6.089|6.097, 27(0):15.549|16.281
2300, 207(14):5.252|5.580, 194(0):1.157|1.184, 22(0):0.505|0.516, 23(0):5.947|6.361, 19(0):14.789|15.709
2310, 175(4):5.092|5.291, 215(0):1.074|1.140, 18(0):0.485|0.505, 16(0):6.169|6.216, 13(0):15.774|17.059
2320, 200(22):5.476|5.697, 168(0):1.035|2.096, 20(0):0.472|0.485, 19(0):6.285|6.314, 22(0):15.260|17.528
2330, 207(19):5.367|5.781, 180(0):1.076|1.146, 19(0):0.493|0.547, 20(0):6.539|6.617, 20(0):15.711|15.824
2340, 193(11):5.310|5.389, 207(0):1.074|1.260, 20(0):0.430|0.484, 20(0):6.211|6.295, 17(0):15.380|15.490
2350, 189(9):5.447|6.089, 184(0):1.041|1.140, 18(0):0.469|0.516, 19(0):6.206|6.387, 19(0):15.118|15.668
2360, 189(11):5.349|5.393, 197(0):1.089|1.676, 19(0):0.535|0.575, 18(0):6.258|6.856, 20(0):15.006|15.216
2370, 209(16):5.224|5.480, 179(0):1.116|1.210, 20(0):0.466|0.515, 23(0):6.016|6.114, 25(0):15.174|15.438
2380, 204(6):5.027|5.502, 216(0):1.044|1.140, 21(0):0.526|0.542, 18(0):5.945|6.097, 17(0):14.471|14.807
2390, 164(5):5.346|5.408, 173(0):0.975|1.017, 17(0):0.421|0.490, 16(0):6.020|6.122, 14(0):15.453|15.551
2400, 186(5):5.047|5.356, 218(0):0.978|1.122, 20(0):0.504|0.523, 18(0):6.098|6.292, 22(0):15.255|15.333
2410, 184(3):5.008|5.104, 150(0):1.036|1.081, 17(0):0.643|0.792, 21(0):5.952|6.092, 16(0):14.329|14.518
2420, 223(0):4.802|4.956, 225(0):0.954|1.044, 22(0):0.427|0.449, 26(0):5.636|6.359, 30(0):14.230|14.974
2430, 232(6):5.094|5.326, 221(0):1.069|1.273, 22(0):0.557|0.615, 18(0):6.033|6.055, 17(0):14.290|14.629
2440, 201(17):5.373|5.595, 201(0):1.053|1.443, 21(0):0.485|0.575, 19(0):6.144|6.350, 22(0):15.709|16.325
2450, 190(29):5.804|5.994, 192(0):1.138|1.315, 19(0):0.636|0.821, 19(0):6.855|6.902, 15(0):15.363|16.347
2460, 203(32):5.547|6.726, 228(0):1.110|1.233, 22(0):0.657|0.663, 25(0):6.505|6.658, 23(0):16.406|16.894
2470, 180(35):5.760|5.990, 163(0):1.133|1.235, 16(0):0.664|0.744, 17(0):6.466|6.726, 20(0):16.393|16.801
2480, 229(32):5.520|5.917, 205(0):1.150|1.308, 22(0):0.506|0.962, 22(0):6.881|6.947, 19(0):16.306|17.144
2490, 213(43):5.837|6.444, 222(0):1.153|1.398, 23(0):0.528|0.537, 17(0):6.680|6.712, 25(0):17.554|17.627
2500, 148(35):6.073|6.137, 180(0):1.305|1.443, 15(0):0.541|0.604, 15(0):7.234|7.273, 14(0):16.170|16.242
2510, 177(50):6.468|7.685, 158(0):1.277|1.412, 18(0):0.604|0.625, 23(0):7.255|10.002, 21(0):17.471|17.968
2520, 173(21):5.633|5.828, 183(0):1.157|1.227, 18(0):0.508|0.576, 14(0):7.285|7.675, 14(0):17.767|18.073
2530, 171(37):5.675|5.937, 154(0):1.452|1.727, 15(0):0.488|0.553, 17(0):7.077|7.135, 15(0):16.167|16.339
2540, 191(23):5.652|5.793, 199(0):1.133|1.369, 19(0):0.452|0.512, 24(0):6.685|7.039, 20(0):16.165|16.532
2550, 213(24):5.539|5.878, 226(0):1.120|1.367, 23(0):0.500|0.575, 17(0):6.254|6.474, 20(0):15.844|16.025
2560, 179(17):5.419|5.588, 202(0):1.022|1.088, 18(0):0.484|0.553, 17(0):6.257|6.505, 15(0):15.176|15.699
2570, 128(16):5.339|5.767, 111(0):1.004|1.053, 13(0):0.468|0.504, 14(0):6.275|6.414, 15(0):15.371|15.405
2580, 225(19):5.409|6.330, 208(0):1.093|1.126, 22(0):0.500|0.510, 23(0):6.469|6.558, 24(0):16.049|16.600
2590, 195(21):5.644|5.839, 204(0):1.192|1.362, 19(0):0.747|0.786, 20(0):6.510|6.602, 23(0):16.013|16.474
2600, 188(21):5.692|5.836, 158(0):1.102|1.254, 18(0):0.502|0.524, 19(0):6.376|6.874, 18(0):15.827|16.226
2610, 191(27):5.495|8.119, 192(0):1.262|1.401, 19(0):0.508|0.572, 16(0):6.387|6.733, 14(0):16.152|16.173
2620, 193(25):5.580|6.117, 215(0):1.131|1.232, 21(0):0.540|0.572, 21(0):6.199|6.266, 23(0):16.465|16.794
2630, 212(26):5.608|5.824, 199(0):1.075|1.189, 21(0):0.468|0.491, 25(0):6.375|6.787, 25(0):15.705|16.334
2640, 202(21):5.391|5.578, 180(0):1.110|1.386, 18(0):0.449|0.478, 18(0):6.298|6.377, 19(0):15.207|15.754
2650, 168(22):5.609|5.799, 194(0):1.113|1.215, 18(0):0.507|0.535, 18(0):6.404|6.460, 19(0):16.037|17.201
2660, 145(14):5.365|5.515, 156(0):1.291|1.367, 15(0):0.506|0.534, 15(0):6.094|6.131, 12(0):15.902|16.345
2670, 221(28):5.528|6.023, 220(0):1.079|1.397, 22(0):0.541|1.019, 18(0):6.623|6.892, 18(0):15.859|16.140
2680, 187(21):5.419|5.908, 192(0):1.110|1.305, 19(0):0.585|0.632, 21(0):6.551|6.742, 22(0):16.567|16.985
2690, 213(38):5.739|6.033, 185(0):1.094|1.678, 21(0):0.494|0.528, 19(0):6.521|6.568, 19(0):16.420|16.545
2700, 187(18):5.390|5.495, 212(0):1.211|1.401, 20(0):0.460|0.470, 22(0):6.360|6.569, 18(0):16.327|16.651
2710, 199(20):5.624|5.787, 183(0):1.123|1.695, 18(0):0.580|0.698, 19(0):6.334|6.361, 20(0):16.286|16.717
2720, 167(22):5.558|5.601, 180(0):1.195|1.256, 17(0):0.587|0.854, 21(0):6.368|6.534, 20(0):16.727|17.117
2730, 218(34):5.476|5.916, 226(0):1.136|1.271, 23(0):0.498|0.532, 17(0):6.581|6.852, 20(0):16.236|16.558
2740, 202(21):5.475|6.179, 204(0):1.059|1.218, 20(0):0.494|0.509, 17(0):6.297|6.400, 21(0):15.916|16.054
2750, 170(22):5.604|6.056, 168(0):1.080|1.112, 17(0):0.476|0.519, 20(0):6.233|6.481, 17(0):15.082|16.871
2760, 209(23):5.493|6.015, 196(0):1.088|1.378, 20(0):0.479|0.792, 23(0):6.298|6.755, 20(0):16.196|16.409
2770, 171(24):5.568|5.749, 172(0):1.109|1.148, 17(0):0.555|0.566, 13(0):6.302|6.532, 17(0):16.766|17.046
2780, 174(28):5.856|6.560, 179(0):1.220|1.513, 17(0):0.504|0.522, 19(0):6.589|6.729, 17(0):15.906|17.611
2790, 215(26):5.683|6.137, 227(0):1.138|1.190, 24(0):0.517|0.642, 21(0):6.706|6.795, 21(0):16.982|17.144
2800, 207(46):6.050|6.969, 207(0):1.364|1.521, 21(0):0.605|0.624, 22(0):7.114|7.481, 19(0):16.962|17.103
2810, 191(28):5.598|6.412, 201(0):1.167|1.749, 19(0):0.591|0.594, 17(0):7.059|7.424, 23(0):17.246|18.476
2820, 232(30):5.975|7.267, 223(0):1.262|1.390, 22(0):0.576|0.749, 24(0):7.140|7.264, 21(0):17.143|17.170
2830, 191(37):6.072|6.104, 208(0):1.233|2.074, 21(0):0.548|0.617, 19(0):7.062|7.395, 17(0):16.990|17.725
2840, 205(34):5.630|5.797, 189(0):1.356|1.578, 18(0):0.571|0.607, 25(0):6.870|7.013, 19(0):17.823|19.360
2850, 222(23):5.603|5.763, 218(0):1.199|1.301, 24(0):0.556|0.610, 18(0):6.583|6.605, 23(0):16.483|17.263
2860, 217(20):5.507|5.680, 207(0):1.189|1.390, 20(0):0.486|0.489, 20(0):6.479|6.623, 22(0):16.186|16.429
2870, 176(21):5.359|5.384, 192(0):1.070|1.124, 18(0):0.535|0.540, 15(0):6.451|6.514, 26(0):15.940|16.213
2880, 221(20):5.357|5.513, 212(0):1.045|1.192, 21(0):0.519|0.628, 25(0):6.269|6.313, 16(0):15.739|16.236
2890, 219(18):5.402|5.739, 199(0):1.062|1.071, 21(0):0.447|0.599, 25(0):6.188|6.402, 19(0):15.611|16.228
2900, 198(20):5.579|6.212, 223(0):1.133|1.238, 22(0):0.585|0.692, 20(0):6.222|6.604, 27(0):15.785|15.806
2910, 195(12):5.349|5.505, 192(0):1.040|1.065, 18(0):0.500|0.548, 20(0):6.469|6.580, 17(0):15.881|16.499
2920, 192(23):5.540|6.127, 196(0):1.075|1.139, 20(0):0.459|0.501, 17(0):6.283|6.700, 19(0):15.315|15.614
2930, 211(27):5.549|9.124, 184(0):1.097|1.454, 21(0):0.632|0.740, 19(0):6.379|6.852, 24(0):15.356|15.515
2940, 220(15):5.337|5.791, 242(0):1.098|1.190, 24(0):0.512|0.606, 25(0):6.344|6.717, 17(0):15.734|16.231
2950, 226(23):5.554|5.605, 218(0):1.091|1.134, 21(0):0.492|0.535, 18(0):6.186|6.201, 23(0):15.529|16.152
2960, 203(25):5.511|5.726, 200(0):1.048|1.295, 21(0):0.507|0.522, 22(0):6.156|6.222, 18(0):15.795|16.153
2970, 189(20):5.752|6.168, 195(0):1.117|1.663, 18(0):0.463|0.484, 19(0):6.353|6.660, 19(0):16.245|16.413
2980, 226(23):5.383|6.411, 209(0):1.033|1.072, 20(0):0.597|0.782, 24(0):6.579|6.611, 23(0):15.716|16.258
2990, 200(33):5.768|5.910, 225(0):1.269|1.426, 21(0):0.500|0.746, 17(0):6.872|7.084, 21(0):16.142|16.291
3000, 181(15):5.561|5.704, 184(0):1.046|1.083, 20(0):0.458|0.471, 23(0):6.446|6.479, 18(0):16.603|16.885
3010, 208(10):5.298|5.328, 199(0):1.150|1.203, 22(0):0.480|0.511, 21(0):6.159|6.473, 23(0):16.112|17.028
3020, 195(18):5.314|5.391, 179(0):1.201|1.298, 18(0):0.544|0.558, 15(0):6.265|6.412, 20(0):15.533|15.822
3030, 220(26):5.526|5.956, 225(0):1.129|1.591, 21(0):0.532|0.536, 23(0):6.494|6.546, 22(0):16.565|16.684
3040, 196(18):5.462|5.600, 223(0):1.156|1.342, 22(0):0.508|0.613, 23(0):6.339|6.381, 17(0):15.173|15.651
3050, 206(14):5.560|5.702, 198(0):1.135|1.305, 20(0):0.485|0.510, 18(0):6.561|6.573, 24(0):15.538|15.863
3060, 202(23):5.448|5.838, 183(0):1.092|1.228, 20(0):0.521|1.821, 21(0):6.331|6.398, 17(0):15.827|16.147
3070, 140(15):5.699|6.194, 160(0):1.180|1.689, 16(0):0.454|0.544, 15(0):6.098|6.104, 18(0):15.963|16.570
3080, 230(24):5.544|6.035, 200(0):1.153|1.347, 20(0):0.477|0.522, 26(0):6.592|6.923, 22(0):15.886|16.985
3090, 208(23):5.513|5.744, 215(0):1.197|1.329, 21(0):0.511|0.577, 14(0):6.348|6.528, 17(0):15.620|17.001
3100, 197(35):5.949|6.395, 211(0):1.296|1.429, 21(0):0.721|0.788, 23(0):6.946|6.966, 24(0):16.928|17.188
3110, 206(39):6.043|6.386, 214(0):1.172|1.220, 20(0):0.468|0.483, 20(0):7.365|7.516, 19(0):17.240|17.513
3120, 197(9):5.465|5.738, 188(0):1.109|1.136, 18(0):0.509|0.750, 17(0):6.520|6.597, 21(0):15.643|16.800
3130, 203(16):5.387|5.535, 222(0):1.131|1.382, 24(0):0.466|0.627, 27(0):6.328|6.379, 22(0):16.088|16.225
3140, 224(24):5.869|9.246, 202(0):1.101|1.409, 20(0):0.508|0.612, 21(0):6.720|6.930, 14(0):15.518|16.123
3150, 169(17):5.479|5.789, 203(0):1.062|1.435, 18(0):0.422|0.557, 15(0):6.639|6.777, 21(0):15.350|15.595
3160, 204(20):5.437|5.645, 186(0):1.077|1.157, 21(0):0.516|0.567, 27(0):6.561|6.853, 24(0):15.031|15.389
3170, 185(23):5.418|5.434, 163(0):1.071|1.290, 17(0):0.444|0.458, 11(0):6.422|6.512, 16(0):15.591|16.285
3180, 194(8):5.184|5.397, 215(0):1.092|1.120, 18(0):0.491|0.559, 20(0):6.411|6.478, 19(0):16.273|17.986
3190, 207(14):5.321|5.525, 183(0):1.064|1.294, 22(0):0.492|0.506, 20(0):6.258|6.425, 17(0):15.088|15.966
3200, 156(8):5.383|5.892, 149(0):1.073|1.118, 14(0):0.449|0.456, 14(0):6.228|6.495, 21(0):15.568|15.630
3210, 180(21):5.468|5.542, 205(0):1.093|1.427, 19(0):0.471|0.482, 20(0):6.197|6.423, 15(0):15.400|15.418
3220, 169(20):5.488|6.037, 183(0):1.097|1.271, 19(0):0.492|0.533, 16(0):6.364|6.448, 16(0):15.850|16.131
3230, 208(27):5.462|5.879, 202(0):1.072|1.379, 20(0):0.500|0.527, 20(0):6.259|6.316, 23(0):15.813|16.043
3240, 196(11):5.349|5.490, 177(0):1.018|1.190, 18(0):0.470|0.491, 22(0):6.137|6.217, 18(0):15.139|16.352
3250, 198(7):5.272|5.477, 191(0):1.004|1.063, 21(0):0.532|0.536, 20(0):5.979|6.203, 20(0):15.067|15.916
3260, 147(8):5.272|5.388, 141(0):1.026|1.117, 13(0):0.462|0.467, 14(0):6.189|6.208, 14(0):15.068|16.416
3270, 196(12):5.306|5.399, 209(0):1.012|1.108, 21(0):0.493|0.523, 21(0):6.111|6.541, 25(0):15.333|16.800
3280, 200(8):5.083|5.150, 221(0):1.038|1.096, 21(0):0.536|0.566, 17(0):6.229|6.237, 19(0):14.599|15.069
3290, 179(7):5.131|5.199, 170(0):1.047|1.086, 17(0):0.441|0.441, 15(0):6.179|6.230, 13(0):15.586|16.027
3300, 183(12):5.384|7.422, 174(0):1.105|1.151, 16(0):0.489|0.518, 20(0):6.064|6.191, 23(0):14.842|15.209
3310, 205(16):5.535|7.940, 198(0):1.278|1.332, 22(0):0.551|0.569, 26(0):6.594|6.690, 15(0):15.000|15.105
3320, 216(12):5.390|5.929, 243(0):0.996|1.011, 23(0):0.442|0.682, 17(0):6.383|6.408, 25(0):16.265|16.809
3330, 171(8):5.162|5.389, 178(0):1.020|1.064, 18(0):0.464|0.479, 20(0):6.061|6.156, 20(0):15.041|16.002
3340, 180(11):5.242|5.558, 175(0):1.035|1.066, 18(0):0.519|0.559, 19(0):6.015|6.092, 15(0):15.800|15.856
3350, 208(38):5.666|6.027, 187(0):1.359|1.539, 19(0):0.545|0.547, 20(0):6.494|6.588, 22(0):15.945|16.701
3360, 180(31):5.980|6.609, 173(0):1.197|1.545, 18(0):0.601|0.776, 21(0):6.541|6.922, 15(0):16.847|18.403
3370, 208(47):5.856|6.098, 206(0):1.126|1.174, 21(0):0.546|0.563, 15(0):6.891|6.900, 20(0):16.895|18.668
3380, 160(28):5.500|5.667, 153(0):1.103|1.119, 15(0):0.477|0.504, 14(0):6.586|6.647, 19(0):16.163|16.491
3390, 178(22):5.562|5.683, 208(0):1.097|1.169, 20(0):0.661|0.725, 23(0):6.603|6.707, 18(0):17.435|17.621
3400, 181(34):5.706|5.748, 154(0):1.223|1.244, 17(0):0.491|0.503, 21(0):6.803|7.232, 15(0):16.532|17.410
3410, 176(30):5.963|6.381, 194(0):1.092|1.098, 17(0):0.485|0.491, 13(0):6.683|6.799, 17(0):17.397|17.572
3420, 159(28):6.012|6.251, 156(0):1.113|1.278, 17(0):0.578|0.612, 19(0):6.526|6.558, 23(0):17.103|17.826
3430, 210(39):5.617|6.457, 202(0):1.168|1.293, 20(0):0.490|0.525, 20(0):6.934|7.120, 16(0):16.995|17.238
3440, 193(10):5.460|5.883, 217(0):1.028|1.164, 20(0):0.537|0.557, 14(0):6.123|6.607, 21(0):15.972|16.429
3450, 198(16):5.495|5.557, 186(0):1.030|1.681, 20(0):0.501|0.871, 26(0):6.097|6.116, 21(0):15.427|15.474
3460, 162(4):5.140|5.251, 193(0):1.105|1.307, 18(0):0.487|0.495, 16(0):5.806|5.849, 18(0):15.265|15.622
3470, 158(8):5.337|5.563, 143(0):1.054|1.190, 14(0):0.490|0.588, 14(0):6.058|6.167, 10(0):15.597|15.671
3480, 171(24):5.546|5.807, 165(0):1.105|1.217, 17(0):0.535|0.567, 15(0):6.206|6.234, 20(0):15.080|15.142
3490, 158(10):5.313|5.442, 133(0):1.063|1.308, 15(0):0.501|0.502, 17(0):6.125|6.358, 13(0):15.394|15.409
3500, 142(17):5.462|5.603, 152(0):1.178|1.408, 15(0):0.429|0.441, 13(0):6.214|6.347, 19(0):15.772|17.470
3510, 147(18):5.470|5.548, 137(0):1.181|1.621, 14(0):0.500|0.538, 19(0):6.264|6.301, 11(0):15.305|15.519
3520, 195(21):5.346|5.779, 195(0):1.231|1.776, 20(0):0.544|0.658, 17(0):6.268|6.484, 20(0):15.795|16.620
3530, 205(10):5.340|5.586, 196(0):1.044|3.053, 19(0):0.627|0.666, 21(0):6.073|6.201, 17(0):15.666|15.795
3540, 177(11):5.521|5.725, 180(0):1.059|1.874, 19(0):0.541|0.878, 19(0):5.982|6.122, 21(0):14.847|15.735
3550, 200(4):5.020|5.889, 219(0):1.007|1.150, 21(0):0.516|0.647, 22(0):6.165|6.192, 23(0):15.261|15.367
3560, 202(11):5.432|5.650, 203(0):1.008|1.168, 20(0):0.520|0.553, 20(0):5.913|5.997, 20(0):14.936|16.700
3570, 199(20):5.770|5.880, 206(0):1.040|1.569, 21(0):0.488|0.605, 24(0):6.400|6.590, 17(0):15.741|16.285
3580, 218(17):5.474|5.828, 218(0):1.167|1.304, 21(0):0.594|0.597, 17(0):6.519|7.602, 23(0):15.312|15.669
3590, 210(24):5.647|5.894, 192(0):1.231|1.479, 20(0):0.614|0.637, 18(0):6.598|6.611, 20(0):15.745|16.257
3600, 223(21):5.407|5.883, 224(0):1.215|1.730, 22(0):0.554|0.566, 21(0):6.547|6.818, 19(0):16.262|16.631
3610, 199(17):5.337|5.487, 213(0):1.105|1.421, 21(0):0.493|0.564, 19(0):6.233|6.364, 21(0):16.119|16.527
3620, 216(2):4.910|5.302, 213(0):1.004|1.053, 21(0):0.486|0.552, 24(0):6.008|6.059, 26(0):14.960|15.255
3630, 211(4):5.022|5.415, 225(0):1.004|1.061, 23(0):0.440|0.477, 24(0):5.878|5.887, 18(0):14.426|15.265
3640, 193(9):5.124|5.313, 177(0):1.182|1.394, 16(0):0.534|0.577, 16(0):5.943|6.199, 22(0):14.345|14.893
3650, 208(7):5.055|5.579, 220(0):1.040|1.244, 24(0):0.470|0.517, 21(0):5.827|5.883, 18(0):14.661|16.071
3660, 211(29):5.518|5.681, 204(0):1.160|1.330, 20(0):0.550|0.566, 18(0):6.200|6.279, 22(0):15.405|15.892
3670, 184(17):5.607|6.031, 189(0):1.294|1.467, 18(0):0.449|0.684, 23(0):6.574|7.076, 17(0):15.871|16.048
3680, 218(32):5.785|6.308, 188(0):1.321|2.280, 21(0):0.558|0.595, 22(0):6.686|6.754, 25(0):16.160|16.634
3690, 119(16):5.444|5.565, 127(0):1.044|1.084, 12(0):0.502|0.620, 12(0):6.389|7.045, 9(0):15.295|17.038
3700, 181(45):6.162|6.643, 199(0):1.443|1.789, 19(0):0.685|0.711, 16(0):6.838|7.459, 19(0):17.381|17.536
3710, 150(52):6.352|6.713, 168(0):1.374|1.532, 15(0):0.508|0.533, 19(0):7.405|7.571, 19(0):18.034|18.205
3720, 232(63):6.020|7.153, 221(0):1.252|1.416, 23(0):0.594|0.624, 16(0):7.742|7.951, 20(0):17.174|17.463
3730, 207(42):5.815|6.224, 198(0):1.260|1.426, 20(0):0.532|0.830, 25(0):7.271|8.672, 20(0):17.603|18.023
3740, 210(27):5.431|6.059, 202(0):1.087|1.166, 20(0):0.476|0.677, 19(0):6.758|7.055, 22(0):16.016|17.216
3750, 205(29):5.732|5.800, 214(0):1.095|1.272, 23(0):0.505|0.550, 22(0):6.669|6.745, 25(0):16.969|17.118
3760, 204(35):5.595|5.939, 216(0):1.079|1.213, 20(0):0.505|0.540, 24(0):6.744|6.849, 14(0):16.029|16.354
3770, 186(33):5.696|5.843, 190(0):1.168|2.051, 19(0):0.468|0.475, 16(0):6.774|6.820, 19(0):17.242|17.576
3780, 204(26):5.746|6.113, 193(0):1.229|1.250, 19(0):0.505|0.526, 13(0):6.658|6.882, 19(0):16.464|16.803
3790, 171(32):5.952|7.600, 163(0):1.112|1.171, 18(0):0.493|0.703, 21(0):6.677|6.854, 19(0):16.276|16.896
3800, 198(33):5.644|5.804, 211(0):1.149|1.385, 19(0):0.490|0.493, 21(0):6.487|7.300, 20(0):15.996|18.002
3810, 204(32):5.717|6.113, 193(0):1.164|1.482, 21(0):0.546|0.557, 20(0):6.819|6.978, 23(1):18.100|21.031
3820, 213(42):5.759|6.668, 205(0):1.208|2.034, 20(0):0.616|0.666, 29(0):6.910|7.408, 20(0):16.867|17.273
3830, 218(32):5.663|6.194, 236(0):1.278|1.305, 24(0):0.536|0.846, 19(0):6.486|6.502, 25(0):16.747|17.024
3840, 218(28):5.485|5.949, 203(0):1.222|1.475, 20(0):0.529|0.539, 17(0):6.725|7.742, 16(0):16.820|17.414
3850, 222(29):5.446|5.709, 212(0):1.125|1.559, 22(0):0.530|0.572, 23(0):6.361|6.373, 20(0):15.420|16.704
3860, 187(22):5.643|5.775, 196(0):1.373|1.726, 19(0):0.516|0.594, 17(0):6.721|6.974, 22(0):16.578|16.933
3870, 215(15):5.553|5.784, 216(0):1.061|1.170, 21(0):0.594|0.610, 24(0):6.708|6.902, 21(0):16.430|16.539
3880, 161(24):5.612|5.852, 147(0):1.119|1.417, 16(0):0.500|0.510, 15(0):6.526|6.905, 14(0):14.799|15.368
3890, 214(34):5.840|6.004, 200(0):1.153|1.377, 21(0):0.482|0.539, 22(0):6.693|8.325, 22(0):16.869|17.431
3900, 146(22):5.545|5.604, 169(0):1.100|1.128, 15(0):0.482|0.485, 18(0):6.467|6.651, 16(0):16.378|16.748
3910, 142(18):5.571|5.701, 140(0):1.202|1.318, 14(0):0.464|0.516, 12(0):6.282|6.320, 15(0):16.544|16.851
3920, 184(21):5.685|5.950, 159(0):1.100|1.254, 18(0):0.434|0.512, 19(0):6.408|6.525, 20(0):15.316|16.789
3930, 196(29):5.717|6.453, 218(0):1.198|1.619, 21(0):0.558|0.662, 21(0):6.487|6.750, 19(0):15.368|16.605
3940, 211(32):5.526|5.856, 211(0):1.116|1.261, 21(0):0.556|0.579, 19(0):6.800|6.950, 22(0):15.789|15.806
3950, 202(22):5.530|6.088, 204(0):1.099|1.368, 20(0):0.497|0.542, 20(0):6.197|6.603, 21(0):15.976|16.011
3960, 188(22):5.775|6.477, 197(0):1.099|1.191, 20(0):0.535|0.696, 21(0):6.329|6.614, 20(0):15.820|16.023
3970, 200(10):5.501|5.525, 179(0):1.123|1.511, 18(0):0.479|0.500, 18(0):6.355|6.499, 15(0):15.370|16.146
3980, 211(20):5.395|5.721, 234(0):1.176|1.483, 22(0):0.530|0.818, 18(0):6.486|6.691, 22(0):15.945|16.605
3990, 154(22):5.734|5.931, 147(0):1.212|1.579, 15(0):0.526|0.741, 15(0):6.991|7.820, 17(0):16.095|19.246
4000, 195(61):6.775|10.016, 202(0):1.350|1.668, 20(0):0.629|0.773, 25(0):7.181|7.249, 20(0):17.328|17.717
4010, 157(43):6.458|6.640, 151(0):1.323|1.563, 17(0):0.518|0.579, 14(0):7.550|7.619, 15(0):18.663|18.911
4020, 156(29):5.822|5.908, 164(0):1.215|1.355, 16(0):0.564|0.671, 16(0):7.046|7.137, 14(0):17.695|18.213
4030, 166(26):5.880|6.140, 175(0):1.329|1.354, 15(0):0.480|0.519, 11(0):6.939|6.969, 15(0):17.121|17.399
4040, 203(24):5.562|5.665, 164(0):1.143|1.317, 19(0):0.591|0.609, 21(0):6.644|7.483, 18(0):16.632|17.618
4050, 185(25):5.686|5.942, 205(0):1.129|1.351, 19(0):0.469|0.474, 22(0):6.732|6.825, 26(0):17.120|18.023
4060, 204(19):5.451|5.993, 226(0):1.229|1.473, 22(0):0.550|0.561, 19(0):6.698|6.722, 16(0):15.480|15.570
4070, 213(23):5.402|5.843, 199(0):1.116|2.152, 20(0):0.458|0.527, 20(0):6.855|6.903, 27(0):15.787|16.033
4080, 171(8):5.215|5.408, 177(0):1.247|1.706, 18(0):0.469|0.564, 20(0):5.955|6.974, 13(0):15.153|15.438
4090, 178(28):5.653|5.969, 198(0):1.135|1.218, 18(0):0.511|0.517, 23(0):6.137|6.274, 16(0):14.986|15.044
4100, 168(16):5.302|5.644, 186(0):1.049|1.202, 18(0):0.541|0.584, 12(0):6.149|6.433, 20(0):16.009|16.309
4110, 185(8):5.361|5.465, 161(0):1.064|1.106, 18(0):0.483|0.493, 19(0):6.432|6.577, 15(0):16.082|16.149
4120, 212(6):5.215|5.478, 194(0):1.134|1.278, 20(0):0.505|0.534, 22(0):5.841|5.922, 27(0):16.306|17.105
4130, 187(10):5.178|5.822, 190(0):1.114|1.155, 20(0):0.438|0.505, 19(0):5.748|6.025, 18(0):13.981|14.947
4140, 188(3):5.045|5.477, 177(0):0.988|1.218, 18(0):0.459|0.563, 18(0):6.302|6.517, 16(0):14.836|14.942
4150, 213(7):5.030|5.135, 216(0):1.064|1.140, 21(0):0.440|0.629, 23(0):5.923|6.213, 25(0):14.634|16.646
4160, 201(10):5.147|5.270, 199(0):1.038|1.175, 20(0):0.467|0.514, 18(0):5.794|6.142, 17(0):14.787|15.335
4170, 221(18):5.354|5.503, 222(0):1.063|1.508, 21(0):0.436|0.496, 23(0):5.882|6.242, 20(0):15.290|15.343
4180, 171(15):5.363|5.551, 187(0):1.067|1.376, 20(0):0.536|0.610, 18(0):6.069|6.122, 24(0):15.242|15.275
4190, 222(15):5.369|5.610, 207(0):1.167|1.463, 20(0):0.494|0.502, 19(0):6.399|6.456, 18(0):14.725|16.217
4200, 164(14):5.500|5.616, 180(0):1.089|1.122, 18(0):0.483|0.531, 20(0):6.291|6.366, 15(0):15.170|15.743
4210, 185(12):5.371|7.663, 172(0):1.233|1.405, 17(0):0.464|0.513, 16(0):6.334|6.570, 15(0):15.620|16.358
4220, 217(3):4.993|5.504, 200(0):0.982|1.002, 22(0):0.537|0.695, 20(0):5.923|5.964, 29(0):14.586|14.795
4230, 187(4):5.139|5.323, 197(0):1.073|1.120, 17(0):0.530|0.563, 16(0):6.009|6.067, 12(0):13.373|13.580
4240, 199(28):5.650|5.936, 209(0):1.161|1.209, 21(0):0.514|0.549, 22(0):6.253|6.330, 23(0):14.691|15.192
4250, 163(18):5.411|5.681, 158(0):1.072|1.228, 17(0):0.451|0.584, 18(0):6.368|6.513, 21(0):15.974|16.427
4260, 230(7):5.161|5.284, 231(0):1.093|1.404, 22(0):0.503|0.598, 21(0):6.111|6.348, 14(0):14.828|15.658
4270, 189(29):5.490|5.688, 198(0):1.241|1.420, 20(0):0.491|0.497, 19(0):6.474|6.605, 21(0):16.798|17.081
4280, 161(28):5.836|5.964, 146(0):1.178|1.213, 17(0):0.489|0.548, 20(0):6.391|6.472, 16(0):15.730|16.130
4290, 201(30):5.642|6.465, 177(0):1.063|1.253, 19(0):0.543|0.563, 20(0):6.514|6.630, 25(0):15.794|16.187
4300, 173(39):6.138|6.196, 186(0):1.391|2.023, 17(0):0.588|0.632, 18(0):6.775|6.827, 16(0):16.170|16.656
4310, 219(33):6.012|7.723, 220(0):1.168|1.233, 21(0):0.580|0.612, 19(0):6.584|6.596, 20(0):16.196|17.056
4320, 187(31):5.749|6.121, 198(0):1.210|2.129, 19(0):0.510|0.546, 20(0):6.732|7.461, 20(0):17.027|18.431
4330, 216(35):5.826|8.987, 210(0):1.202|1.734, 22(0):0.589|0.618, 23(0):6.913|6.999, 20(0):16.257|16.891
4340, 205(41):5.691|5.857, 207(0):1.146|1.329, 20(0):0.522|0.576, 18(0):7.344|7.499, 22(0):17.773|18.045
4350, 197(26):5.593|5.963, 213(0):1.193|1.292, 22(0):0.488|0.552, 20(0):6.462|6.854, 21(0):16.501|17.015
4360, 173(25):5.522|8.058, 165(0):1.171|1.332, 16(0):0.494|0.524, 18(0):6.532|6.580, 14(0):15.580|17.141
4370, 132(0):4.808|4.980, 156(0):0.965|1.143, 15(0):0.411|0.424, 15(0):6.299|6.437, 15(0):15.535|16.675
4380, 153(8):5.145|5.373, 152(0):1.043|1.137, 14(0):0.531|0.535, 8(0):5.843|5.857, 15(0):14.733|15.090
4390, 180(20):5.380|5.587, 169(0):1.101|1.150, 18(0):0.472|0.475, 27(0):6.370|6.407, 21(0):15.189|15.196
4400, 202(19):5.313|5.651, 201(0):1.066|1.469, 21(0):0.479|0.542, 15(0):6.139|6.318, 20(0):15.789|16.303
4410, 177(14):5.357|5.495, 173(0):1.087|1.154, 16(0):0.480|0.488, 18(0):6.301|6.424, 20(0):14.866|15.497
4420, 242(26):5.428|5.579, 218(0):1.054|1.398, 24(0):0.564|0.597, 23(0):6.438|6.572, 20(0):15.602|15.796
4430, 206(28):5.530|5.648, 198(0):1.165|1.432, 20(0):0.564|0.566, 19(0):6.510|6.545, 21(0):16.749|18.063
4440, 191(11):5.342|5.544, 206(0):1.101|1.266, 21(0):0.504|0.512, 25(0):6.781|6.785, 15(0):15.731|16.361
4450, 206(10):5.361|5.548, 228(0):1.080|1.226, 19(0):0.680|0.744, 18(0):6.264|6.448, 23(0):16.094|16.097
4460, 174(22):5.476|5.623, 138(0):1.079|3.379, 17(0):0.484|0.498, 13(0):6.131|6.201, 21(0):15.219|15.242
4470, 195(12):5.368|5.836, 207(0):1.024|1.374, 21(0):0.485|0.493, 22(0):6.367|6.701, 20(0):15.486|15.713
4480, 190(15):5.499|5.573, 202(0):1.083|1.202, 19(0):0.485|0.738, 23(0):6.238|6.316, 17(0):14.922|14.959
4490, 208(16):5.199|5.542, 208(0):1.019|1.178, 20(0):0.441|0.501, 22(0):6.268|6.420, 21(0):15.059|15.626
4500, 215(14):5.197|5.459, 219(0):1.110|1.360, 22(0):0.480|0.496, 18(0):6.209|6.227, 22(0):15.396|15.849
4510, 170(22):5.807|6.133, 166(0):1.171|1.211, 18(0):0.601|0.620, 19(0):6.250|6.254, 17(0):15.603|15.873
4520, 209(36):5.935|6.015, 227(0):1.148|1.463, 20(0):0.484|0.492, 18(0):7.220|8.040, 19(0):16.237|16.513
4530, 169(22):5.403|6.666, 131(0):0.990|1.189, 16(0):0.618|0.678, 16(0):6.199|6.399, 16(0):15.052|16.519
4540, 202(13):5.517|5.835, 225(0):1.097|1.509, 21(0):0.463|0.507, 21(0):6.591|6.901, 22(0):15.235|16.029
4550, 195(5):5.146|6.193, 190(0):0.990|1.094, 19(0):0.430|0.569, 20(0):6.114|6.315, 19(0):15.026|15.140
4560, 181(2):4.997|5.279, 166(0):1.088|1.207, 18(0):0.462|0.487, 17(0):5.782|5.863, 19(0):14.538|14.694
4570, 204(9):5.238|5.425, 244(0):1.053|1.374, 23(0):0.516|0.606, 24(0):6.073|6.320, 24(0):15.377|15.935
4580, 232(12):5.245|5.507, 216(0):1.253|1.677, 22(0):0.466|0.470, 23(0):6.189|6.694, 15(0):14.896|15.158
4590, 191(5):5.240|5.269, 182(0):1.043|1.073, 19(0):0.465|0.485, 18(0):5.807|6.286, 20(0):15.040|16.056
4600, 228(31):5.723|6.508, 209(0):1.440|1.800, 20(0):0.579|0.669, 19(0):6.416|6.761, 27(0):15.621|16.187
4610, 181(6):5.224|5.376, 212(0):1.009|1.096, 21(0):0.529|0.533, 20(0):6.650|6.834, 16(0):16.579|17.169
4620, 193(19):5.566|5.678, 183(0):1.129|1.387, 19(0):0.485|0.605, 21(0):6.301|7.304, 21(0):15.887|16.095
4630, 227(43):5.629|5.814, 214(0):1.144|1.286, 22(0):0.555|0.775, 24(0):6.685|6.817, 22(0):16.263|17.505
4640, 213(7):5.192|5.545, 205(1):1.190|5.036, 21(0):0.517|0.551, 21(0):6.779|7.004, 18(0):15.396|15.800
4650, 210(21):5.302|5.400, 231(0):1.076|1.965, 22(0):0.474|0.530, 19(0):6.177|6.693, 24(0):15.647|16.257
4660, 227(15):5.404|5.597, 211(0):1.074|1.137, 21(0):0.491|0.524, 19(0):6.332|6.417, 21(0):15.893|17.522
4670, 186(21):5.434|5.743, 205(0):1.063|1.073, 19(0):0.498|0.745, 22(0):6.235|7.184, 18(0):16.010|17.177
4680, 197(20):5.353|5.565, 189(0):1.063|4.531, 20(0):0.489|0.566, 15(0):6.385|6.572, 19(0):15.581|16.027
4690, 180(17):5.613|6.187, 193(0):1.091|1.213, 19(0):0.485|0.510, 24(0):6.555|6.635, 15(0):15.716|15.770
4700, 211(19):5.446|5.584, 197(0):1.158|1.528, 20(0):0.487|0.526, 17(0):6.200|6.274, 21(0):16.542|17.127
4710, 180(19):5.504|5.591, 201(0):0.997|1.148, 18(0):0.604|0.704, 20(0):6.694|7.229, 16(0):16.017|16.070
4720, 191(25):5.405|5.460, 172(0):1.244|1.675, 19(0):0.520|0.689, 16(0):6.429|6.533, 23(0):16.273|16.510
4730, 186(17):5.494|5.773, 188(0):1.029|1.146, 19(0):0.514|0.871, 23(0):6.409|7.191, 21(0):16.145|16.452
4740, 232(17):5.210|5.484, 219(0):1.024|1.173, 23(0):0.529|0.696, 21(0):6.317|6.714, 21(0):14.879|15.803
4750, 207(12):5.326|6.060, 225(0):1.079|1.232, 22(0):0.530|0.571, 22(0):6.512|6.580, 22(0):15.875|16.154
4760, 219(20):5.410|5.521, 219(0):1.095|1.197, 22(0):0.576|0.614, 25(0):6.653|6.667, 22(0):15.880|16.182
4770, 186(7):5.217|5.440, 168(0):1.043|1.101, 16(0):0.462|0.477, 14(0):6.379|6.383, 18(0):16.172|16.510
4780, 217(27):5.639|5.914, 223(0):1.076|1.319, 23(0):0.513|0.533, 23(0):6.296|6.354, 20(0):15.533|15.872
4790, 172(16):5.574|5.766, 200(0):1.102|1.188, 19(0):0.486|0.579, 21(0):6.403|7.198, 22(0):15.735|15.943
4800, 198(22):5.603|6.050, 193(0):1.070|1.134, 17(0):0.512|0.574, 19(0):6.235|6.368, 19(0):15.447|15.505
4810, 142(14):5.665|6.173, 143(0):1.065|1.118, 16(0):0.547|0.653, 13(0):6.338|6.387, 17(0):16.625|16.634
4820, 215(22):5.421|5.575, 204(0):1.065|1.181, 21(0):0.499|0.579, 19(0):6.426|6.911, 19(0):15.995|16.055
4830, 213(22):5.581|5.957, 220(0):1.055|1.151, 22(0):0.630|0.670, 21(0):6.423|6.546, 19(0):15.346|16.241
4840, 206(17):5.454|5.577, 202(0):1.029|1.061, 21(0):0.544|0.602, 20(0):6.305|6.506, 20(0):15.478|16.447
4850, 192(17):5.336|5.471, 207(0):1.119|1.636, 20(0):0.517|0.565, 22(0):6.320|6.762, 22(0):15.607|15.820
4860, 207(13):5.150|5.435, 177(0):1.099|1.271, 18(0):0.453|0.602, 20(0):5.906|5.999, 17(0):15.402|15.628
4870, 228(3):4.977|5.152, 226(0):0.974|1.064, 23(0):0.450|0.515, 24(0):5.996|6.068, 25(0):15.303|16.360
4880, 200(4):5.078|5.321, 230(0):1.019|1.752, 21(0):0.523|0.545, 16(0):5.626|5.782, 24(0):13.921|14.944
4890, 154(9):5.420|5.486, 187(0):1.059|1.104, 17(0):0.464|0.515, 20(0):6.017|6.071, 12(0):14.545|14.793
4900, 152(33):6.230|6.680, 133(0):1.813|2.083, 15(0):0.622|1.278, 11(0):6.432|6.593, 15(0):16.227|16.968
4910, 180(56):6.589|6.877, 153(0):1.292|1.444, 17(0):0.595|0.751, 19(0):7.428|10.381, 19(0):17.044|17.436
4920, 172(42):6.163|6.355, 162(0):1.249|1.432, 17(0):0.607|0.635, 19(0):7.633|7.792, 18(0):18.281|18.597
4930, 175(44):5.987|6.106, 177(0):1.538|4.996, 17(0):0.527|0.649, 21(0):7.276|7.948, 19(0):17.825|17.895
4940, 219(15):5.416|5.825, 221(0):1.044|1.108, 21(0):0.457|0.539, 18(0):6.507|7.145, 19(0):16.584|16.814
4950, 188(8):5.151|5.442, 194(0):0.975|1.112, 19(0):0.503|0.521, 22(0):6.030|7.636, 20(0):15.017|15.482
4960, 209(10):5.174|5.706, 182(0):1.083|1.115, 20(0):0.475|0.478, 16(0):5.655|5.749, 21(0):15.128|15.560
4970, 159(6):5.234|5.457, 166(0):1.054|2.227, 17(0):0.451|0.467, 18(0):5.608|5.854, 14(0):15.072|16.207
4980, 132(3):5.099|5.399, 138(0):1.077|1.178, 13(0):0.439|0.647, 10(0):6.066|6.114, 18(0):14.173|14.454
4990, 215(16):5.367|6.411, 230(0):1.096|1.230, 23(0):0.525|0.553, 26(0):6.094|6.183, 18(0):16.088|16.410
5000, 170(13):5.380|5.525, 161(0):1.123|1.315, 16(0):0.496|0.593, 15(0):6.127|6.410, 13(0):15.527|16.579
5010, 213(19):5.325|5.539, 230(0):1.023|1.069, 23(0):0.477|0.589, 23(0):6.470|6.690, 29(0):16.591|16.633
5020, 202(33):5.601|5.928, 181(0):1.122|1.152, 18(0):0.556|0.600, 20(0):6.309|6.325, 16(0):14.569|14.807
5030, 177(30):5.534|5.638, 165(0):1.055|1.188, 18(0):0.464|0.549, 18(0):6.455|6.463, 20(0):16.874|17.077
5040, 211(11):5.410|5.606, 221(0):1.020|1.112, 22(0):0.534|0.570, 22(0):6.610|6.907, 23(0):15.902|16.718
5050, 186(13):5.242|5.317, 204(0):1.118|1.218, 19(0):0.494|0.554, 16(0):6.148|6.443, 15(0):14.748|15.385
5060, 238(13):5.308|5.498, 226(0):1.022|1.328, 23(0):0.459|0.476, 24(0):6.099|6.184, 21(0):15.106|16.137
5070, 187(6):5.019|5.245, 180(0):0.993|1.101, 17(0):0.451|0.460, 20(0):6.128|6.147, 19(0):15.323|16.892
5080, 201(16):5.267|5.422, 214(0):1.073|1.148, 22(0):0.559|0.583, 22(0):5.902|5.946, 22(0):15.524|16.222
5090, 208(16):5.339|5.606, 179(0):1.024|1.117, 19(0):0.504|0.905, 18(0):6.414|6.922, 22(0):16.308|17.129
5100, 202(18):5.232|5.692, 213(0):1.009|1.277, 21(0):0.518|0.606, 22(0):6.230|6.234, 19(0):15.842|15.911
5110, 199(15):5.440|5.553, 203(0):1.153|1.334, 20(0):0.547|0.662, 16(0):6.004|6.013, 18(0):15.685|16.091
5120, 183(17):5.390|5.757, 195(0):1.071|1.186, 19(0):0.422|0.446, 25(0):6.329|6.521, 21(0):15.076|15.976
5130, 202(13):5.242|5.342, 177(0):1.016|1.057, 19(0):0.452|0.495, 17(0):6.134|6.289, 22(0):15.440|16.305
5140, 205(8):5.138|8.542, 192(0):1.069|1.168, 20(0):0.469|0.501, 22(0):6.080|6.338, 16(0):16.323|16.484
5150, 209(17):5.302|5.762, 233(0):1.086|1.212, 23(0):0.500|0.565, 22(0):6.444|6.698, 23(0):15.492|16.350
5160, 179(18):5.488|5.747, 183(0):1.027|1.069, 18(0):0.505|0.553, 12(0):6.383|6.427, 19(0):16.030|16.173
5170, 210(16):5.445|5.654, 202(0):1.117|1.395, 21(0):0.476|0.681, 22(0):6.490|6.519, 18(0):15.468|15.734
5180, 172(26):5.589|5.912, 207(0):1.069|1.290, 18(0):0.576|0.746, 19(0):6.427|7.818, 18(0):15.891|16.273
5190, 215(20):5.403|5.986, 174(0):1.102|1.189, 19(0):0.455|0.464, 23(0):6.610|6.919, 21(0):16.961|18.147
5200, 213(48):6.222|6.630, 221(0):1.287|1.565, 21(0):0.562|0.575, 21(0):6.795|6.858, 22(0):16.244|16.794
5210, 181(59):6.530|6.591, 178(0):1.284|1.608, 18(0):0.566|0.586, 22(0):7.253|7.919, 17(0):17.294|18.332
5220, 183(32):5.899|6.015, 198(0):1.102|1.164, 20(0):0.588|0.597, 12(0):7.143|7.209, 19(0):19.063|19.347
5230, 175(20):5.671|5.854, 175(0):1.183|1.619, 18(0):0.532|0.583, 16(0):6.575|7.281, 15(0):17.513|17.578
5240, 200(12):5.498|5.528, 199(0):1.170|1.329, 20(0):0.451|0.508, 26(0):6.526|7.002, 26(0):16.703|16.746
5250, 193(13):5.287|5.316, 186(0):1.037|1.081, 18(0):0.423|0.465, 20(0):6.190|6.193, 20(0):15.183|15.664
5260, 193(17):5.314|7.242, 200(0):1.063|1.231, 20(0):0.482|0.505, 17(0):6.256|6.347, 17(0):15.402|15.422
5270, 203(14):5.319|5.834, 196(0):1.012|1.315, 20(0):0.633|0.663, 14(0):6.100|6.143, 18(0):16.336|16.632
5280, 206(13):5.295|5.586, 224(0):1.036|1.074, 21(0):0.519|0.531, 26(0):6.102|6.201, 22(0):16.280|16.368
5290, 221(15):5.335|5.718, 202(0):1.087|1.285, 20(0):0.522|0.529, 19(0):6.374|6.489, 20(0):14.963|15.283
5300, 210(23):5.424|5.788, 209(0):1.098|1.234, 23(0):0.530|0.565, 23(0):6.357|6.476, 22(0):15.711|16.016
5310, 213(14):5.153|5.931, 206(0):1.047|1.298, 20(0):0.442|0.459, 19(0):6.222|6.421, 21(0):15.281|15.670
5320, 197(10):5.256|5.322, 210(0):1.147|1.368, 20(0):0.462|0.581, 18(0):6.301|6.450, 18(0):15.351|15.722
5330, 181(13):5.352|5.507, 174(0):1.013|1.109, 18(0):0.546|0.572, 21(0):6.211|6.657, 20(0):14.975|15.003
5340, 210(12):5.210|5.763, 215(0):1.024|1.177, 21(0):0.537|0.577, 26(0):6.274|6.528, 25(0):15.930|16.762
5350, 224(11):5.098|5.458, 226(0):1.040|1.100, 24(0):0.512|0.775, 17(0):6.181|6.576, 20(0):14.711|15.926
5360, 203(10):5.367|5.695, 185(0):1.010|1.067, 20(0):0.538|0.723, 21(0):6.204|6.361, 19(0):15.777|16.232
5370, 207(10):5.335|5.381, 218(0):1.212|1.319, 20(0):0.593|0.602, 24(0):6.340|6.610, 26(0):15.183|15.818
5380, 188(23):5.560|6.151, 176(0):1.118|1.131, 18(0):0.672|0.678, 17(0):6.142|6.752, 15(0):15.326|15.376
5390, 142(13):5.414|5.769, 156(0):1.061|1.315, 15(0):0.454|0.505, 12(0):6.370|6.428, 14(0):15.597|15.624
5400, 187(16):5.382|5.485, 196(0):1.139|1.281, 20(0):0.440|0.581, 22(0):6.272|6.316, 20(0):15.583|15.800
5410, 204(21):5.330|5.505, 195(0):1.022|1.348, 20(0):0.488|0.529, 20(0):6.407|7.222, 18(0):15.312|16.553
5420, 179(23):5.507|5.619, 191(0):1.096|1.153, 18(0):0.513|0.538, 18(0):6.305|6.315, 19(0):15.959|16.120
5430, 194(21):5.277|5.385, 188(0):1.062|1.162, 18(0):0.515|0.548, 17(0):6.273|6.350, 19(0):15.594|15.805
5440, 219(34):5.776|5.851, 231(0):1.115|1.400, 22(0):0.581|0.632, 22(0):6.455|6.577, 22(0):16.054|16.528
5450, 214(25):5.394|5.775, 193(0):1.054|1.497, 22(0):0.508|0.510, 21(0):6.513|7.583, 20(0):16.565|17.544
5460, 185(11):5.294|5.789, 197(0):1.130|1.194, 19(0):0.482|0.509, 22(0):6.474|6.500, 20(0):15.540|18.960
5470, 210(34):5.765|5.966, 217(0):1.103|1.189, 20(0):0.601|0.649, 21(0):6.748|6.854, 20(0):15.764|16.977
5480, 235(25):5.344|5.553, 219(0):1.099|1.141, 22(0):0.545|0.691, 22(0):6.620|7.381, 25(0):16.183|16.329
5490, 207(17):5.669|6.185, 200(0):1.120|1.375, 22(0):0.535|0.647, 19(0):6.395|6.411, 20(0):15.472|15.794
5500, 221(45):6.112|7.196, 224(0):1.197|2.460, 23(0):0.522|0.581, 23(0):7.077|7.256, 23(0):17.395|17.704
5510, 191(49):5.935|6.187, 191(0):1.302|1.396, 19(0):0.521|0.575, 20(0):7.005|7.088, 23(0):18.576|18.837
5520, 222(20):5.387|5.563, 216(0):1.059|1.336, 23(0):0.520|0.524, 25(0):6.256|7.198, 20(0):17.144|17.750
5530, 189(18):5.905|6.269, 205(0):1.111|1.357, 18(0):0.523|0.567, 13(0):6.796|6.923, 16(0):15.970|16.168
5540, 164(16):5.566|5.787, 168(0):1.230|1.485, 18(0):0.490|0.534, 20(0):6.509|6.606, 17(0):15.930|16.626
5550, 219(15):5.293|5.469, 213(0):0.988|1.094, 21(0):0.543|0.679, 20(0):6.175|6.456, 23(0):16.759|17.006
5560, 211(27):5.596|5.816, 195(0):1.124|1.246, 19(0):0.517|0.706, 23(0):6.308|6.595, 17(0):15.979|16.962
5570, 188(12):5.375|5.440, 210(0):1.045|1.108, 21(0):0.492|0.650, 20(0):6.147|6.945, 25(0):15.700|16.097
5580, 187(12):5.337|5.730, 177(0):1.026|1.355, 18(0):0.453|0.470, 18(0):6.118|6.222, 24(0):14.966|15.140
5590, 208(15):5.190|5.259, 201(0):1.058|1.210, 21(0):0.445|0.451, 21(0):6.334|6.339, 12(0):14.994|15.103
5600, 218(7):5.135|5.515, 205(0):1.027|1.175, 21(0):0.620|0.865, 19(0):6.064|6.122, 25(0):15.899|16.119
5610, 186(10):5.196|5.243, 201(0):1.089|1.218, 19(0):0.484|0.487, 21(0):6.193|6.231, 13(0):15.559|16.176
5620, 211(23):5.346|5.718, 211(0):1.100|1.135, 20(0):0.518|0.550, 16(0):6.267|6.304, 26(0):16.006|16.558
5630, 203(14):5.702|6.023, 213(0):1.021|1.185, 21(0):0.515|0.524, 23(0):6.348|6.445, 16(0):15.656|15.681
5640, 207(11):5.234|5.399, 199(0):0.988|1.187, 21(0):0.642|1.010, 21(0):6.101|6.125, 20(0):14.999|15.874
5650, 171(14):5.353|5.717, 182(0):1.281|2.110, 17(0):0.496|0.551, 16(0):6.100|6.283, 19(0):15.827|16.090
5660, 190(25):5.447|5.500, 211(0):1.097|1.183, 21(0):0.505|0.549, 19(0):6.570|6.704, 22(0):14.623|15.075
5670, 187(14):5.540|5.744, 189(0):1.047|1.084, 19(0):0.462|0.509, 19(0):6.420|7.090, 19(0):15.662|16.912
5680, 214(35):5.350|5.531, 199(0):1.107|1.289, 19(0):0.528|0.536, 18(0):6.201|6.213, 17(0):15.433|17.526
5690, 224(27):5.292|5.408, 208(0):1.000|1.103, 23(0):0.575|0.786, 23(0):6.526|6.716, 22(0):15.085|16.178
5700, 146(11):5.428|5.545, 148(0):1.072|1.091, 14(0):0.550|0.568, 16(0):6.178|6.360, 17(0):15.802|15.883
5710, 202(18):5.580|6.037, 193(0):1.210|1.290, 20(0):0.564|0.842, 22(0):6.621|6.968, 21(0):15.810|15.932
5720, 187(8):5.190|5.463, 191(0):1.114|1.267, 19(0):0.465|0.480, 21(0):6.379|6.495, 18(0):16.203|17.683
5730, 207(11):5.106|5.717, 201(0):1.039|1.174, 21(0):0.552|0.694, 23(0):6.093|6.429, 20(0):15.537|15.683
5740, 228(23):5.547|5.788, 230(0):1.083|4.595, 22(0):0.510|0.575, 19(0):6.365|6.383, 24(0):15.163|15.617
5750, 166(21):5.334|5.524, 151(0):1.218|1.298, 16(0):0.550|0.586, 17(0):6.357|6.413, 16(0):15.360|15.809
5760, 194(15):5.518|5.800, 220(0):1.121|1.214, 21(0):0.496|0.584, 23(0):6.549|6.643, 23(0):15.723|15.820
5770, 164(17):5.393|5.634, 178(0):1.064|1.124, 17(0):0.434|0.484, 19(0):6.339|6.388, 13(0):14.853|15.653
5780, 187(22):5.280|5.421, 148(0):1.179|1.665, 17(0):0.555|0.629, 12(0):6.223|6.557, 21(0):15.755|16.014
5790, 176(15):5.446|5.497, 180(0):1.185|1.395, 17(0):0.524|0.666, 20(0):6.245|6.409, 16(0):15.956|16.749
5800, 214(59):6.060|7.893, 211(0):1.239|1.360, 22(0):0.599|0.989, 20(0):6.685|6.904, 23(0):16.844|17.839
5810, 201(41):5.732|6.099, 218(0):1.147|1.324, 21(0):0.548|0.608, 16(0):7.078|7.122, 15(0):16.903|17.446
5820, 220(33):5.397|5.676, 208(0):1.121|1.298, 21(0):0.514|0.564, 27(0):6.937|7.133, 26(0):16.350|16.429
5830, 210(33):5.920|6.118, 206(0):1.237|2.051, 20(0):0.506|0.645, 21(0):7.133|7.168, 19(0):16.797|16.877
5840, 168(13):5.654|5.692, 168(0):1.121|1.155, 17(0):0.557|0.677, 13(0):6.557|6.570, 16(0):16.980|17.029
5850, 167(26):5.600|5.793, 174(0):1.110|1.369, 18(0):0.539|0.804, 19(0):6.434|6.469, 17(0):16.543|16.671
5860, 165(17):5.403|5.690, 207(0):1.044|1.100, 18(0):0.494|0.498, 20(0):6.430|6.628, 22(0):16.436|16.470
5870, 226(16):5.419|5.613, 188(0):1.068|1.093, 21(0):0.465|0.654, 20(0):6.335|6.461, 18(0):15.552|15.610
5880, 208(14):5.423|5.554, 207(0):1.010|1.094, 22(0):0.507|0.564, 20(0):6.258|6.345, 21(0):15.048|17.811
5890, 199(11):5.258|5.814, 215(0):1.018|1.350, 20(0):0.528|0.539, 20(0):6.086|6.522, 20(0):15.185|15.615
5900, 149(19):5.513|5.940, 141(0):1.115|1.227, 14(0):0.467|0.556, 14(0):6.286|6.369, 16(0):16.600|16.775
5910, 207(24):5.440|8.349, 207(0):1.089|1.188, 21(0):0.592|0.628, 23(0):6.283|6.306, 22(0):15.536|16.241
5920, 200(26):5.501|5.805, 207(0):1.174|1.340, 19(0):0.630|0.636, 20(0):6.106|6.140, 18(0):15.937|16.048
5930, 186(11):5.519|6.483, 199(0):1.181|1.922, 19(0):0.486|0.587, 18(0):6.381|6.430, 19(0):15.737|17.043
5940, 210(18):5.419|7.272, 190(0):1.076|1.100, 22(0):0.528|0.573, 22(0):6.265|6.270, 21(0):15.333|15.356
5950, 233(19):5.448|5.752, 229(0):1.143|2.154, 22(0):0.520|0.575, 19(0):6.516|6.762, 22(0):15.078|15.321
5960, 184(17):5.365|5.418, 187(0):1.144|1.243, 19(0):0.442|0.518, 19(0):6.818|6.888, 24(0):15.711|15.812
5970, 228(29):5.387|5.878, 224(0):1.139|1.277, 23(0):0.499|0.512, 26(0):6.489|6.623, 19(0):16.063|16.298
5980, 202(16):5.511|5.738, 212(0):1.069|1.160, 21(0):0.518|0.552, 17(0):6.484|6.909, 23(0):16.091|16.430
5990, 239(20):5.516|5.741, 220(0):1.084|1.158, 22(0):0.526|0.597, 24(0):6.564|6.890, 19(0):16.700|16.868
6000, 187(21):5.581|6.281, 198(0):1.166|1.273, 20(0):0.541|0.587, 20(0):6.340|6.459, 18(0):16.296|16.607
6010, 183(11):5.237|5.306, 190(0):1.075|1.131, 18(0):0.527|0.626, 18(0):6.369|6.440, 23(0):15.614|15.735
6020, 198(8):5.341|5.399, 187(0):1.006|1.076, 18(0):0.497|0.543, 16(0):6.043|6.111, 15(0):15.266|15.963
error at thread_main
error at thread_main
error at thread_main
error at thread_main
error at thread_main
error at thread_main
error at thread_main
error at thread_main
error at thread_main
error at thread_main
error at thread_main
error at thread_main
error at thread_main
error at thread_main
error at thread_main
error at thread_main
error at thread_main
error at thread_main
error at thread_main
error at thread_main
error at thread_main
error at thread_main
error at thread_main
error at thread_main
error at thread_main
error at thread_main
error at thread_main
error at thread_main
error at thread_main
error at thread_main
error at thread_main
error at thread_main
error at thread_main
error at thread_main
error at thread_main
error at thread_main
error at thread_main
error at thread_main
error at thread_main
error at thread_main
error at thread_main
error at thread_main
error at thread_main
error at thread_main
error at thread_main
error at thread_main
error at thread_main
error at thread_main
error at thread_main
error at thread_main
error at thread_main
error at thread_main
error at thread_main
error at thread_main
error at thread_main
error at thread_main
error at thread_main
error at thread_main
error at thread_main
error at thread_main
error at thread_main
error at thread_main
error at thread_main
error at thread_main
error at thread_main
error at thread_main
error at thread_main
error at thread_main
error at thread_main
error at thread_main
error at thread_main
error at thread_main
error at thread_main
error at thread_main
error at thread_main
error at thread_main
error at thread_main
error at thread_main
6030, 167(4):5.075|5.300, 173(0):1.077|1.156, 18(0):0.495|0.497, 19(0):6.479|7.213, 20(0):15.341|15.426
6040, 184(14):5.260|5.341, 189(0):1.010|1.026, 18(0):0.546|0.623, 19(0):6.266|6.388, 17(0):15.564|15.953
6050, 218(16):5.270|5.483, 199(0):1.047|1.221, 22(0):0.499|0.524, 22(0):6.532|6.580, 19(0):14.938|14.991
6060, 191(8):5.244|5.536, 218(0):1.034|1.137, 21(0):0.497|0.507, 18(0):6.342|6.578, 21(0):15.312|15.393
6070, 206(24):5.823|6.605, 192(0):1.122|1.267, 18(0):0.517|0.519, 22(0):6.580|7.305, 25(0):15.477|16.760
6080, 166(7):5.308|5.446, 178(0):1.121|1.184, 17(0):0.461|0.517, 18(0):6.580|6.697, 13(0):15.715|17.289
6090, 146(21):5.394|5.616, 164(0):1.043|1.161, 17(0):0.519|0.521, 18(0):6.181|6.372, 20(0):16.468|16.836
6100, 212(55):6.144|6.794, 176(0):1.249|1.279, 19(0):0.553|0.598, 18(0):6.762|6.805, 17(0):17.747|19.177
6110, 204(24):5.866|6.543, 217(0):1.129|2.555, 21(0):0.538|0.569, 19(0):7.066|7.094, 20(0):17.381|17.571
6120, 209(45):5.781|6.946, 197(0):1.238|1.251, 21(0):0.557|0.651, 21(0):6.995|7.183, 17(0):16.379|16.899
6130, 201(30):5.781|6.179, 195(0):1.183|1.328, 20(0):0.570|0.572, 24(0):6.556|7.095, 21(0):16.921|17.154
6140, 185(17):5.421|5.522, 189(0):1.109|1.483, 19(0):0.538|0.598, 14(0):6.143|6.220, 20(0):15.505|15.662
6150, 199(22):5.479|5.567, 194(0):1.085|1.106, 20(0):0.462|0.475, 24(0):6.359|6.821, 21(0):16.242|16.858
6160, 223(24):5.633|5.924, 222(0):1.141|1.208, 21(0):0.550|0.775, 17(0):6.364|6.436, 21(0):15.641|15.784
6170, 196(17):5.513|5.632, 199(0):1.058|1.071, 19(0):0.463|0.472, 20(0):6.348|6.367, 19(0):15.247|15.394
6180, 179(11):5.370|5.426, 232(0):1.060|1.156, 22(0):0.434|0.443, 22(0):6.196|6.439, 21(0):15.427|15.957
6190, 221(18):5.348|5.798, 208(0):0.981|1.024, 20(0):0.544|0.612, 24(0):6.224|6.338, 21(0):14.643|15.344
6200, 165(13):5.204|5.582, 159(0):1.058|1.277, 17(0):0.488|0.496, 11(0):6.088|6.184, 15(0):15.230|15.724
6210, 138(10):5.343|5.484, 128(0):1.097|1.184, 12(0):0.579|0.808, 12(0):6.065|6.067, 15(0):16.134|16.218
6220, 177(20):5.511|5.532, 172(0):1.054|1.135, 20(0):0.597|0.627, 22(0):6.397|6.486, 17(0):15.641|16.170
6230, 172(28):5.618|6.065, 149(0):1.185|1.242, 15(0):0.481|0.575, 16(0):6.531|6.914, 20(0):16.407|16.620
6240, 210(13):5.384|5.919, 215(0):1.052|1.287, 22(0):0.499|0.587, 23(0):6.272|6.614, 19(0):16.126|16.981
6250, 192(22):5.465|5.552, 185(0):1.070|1.337, 18(0):0.525|0.558, 19(0):6.457|6.613, 19(0):15.761|16.426
6260, 190(10):5.109|5.245, 200(0):1.185|1.619, 19(0):0.555|0.669, 16(0):6.250|6.472, 19(0):16.063|16.414
6270, 176(20):5.577|5.706, 191(0):1.062|1.251, 18(0):0.481|0.554, 17(0):6.251|6.346, 14(0):15.996|16.463
6280, 148(14):5.352|5.563, 141(0):1.181|1.198, 16(0):0.448|1.243, 18(0):6.308|6.322, 18(0):16.077|16.703
6290, 147(16):5.514|5.620, 168(0):1.138|1.326, 16(0):0.468|0.621, 19(0):6.267|6.418, 18(0):15.772|16.047
6300, 186(34):5.754|5.947, 183(0):1.135|1.203, 18(0):0.523|0.739, 21(0):6.321|6.817, 21(0):14.969|15.111
6310, 214(17):5.468|5.689, 207(0):1.147|1.224, 21(0):0.465|0.505, 13(0):6.585|6.657, 16(0):15.409|16.550
6320, 237(17):5.254|5.668, 204(0):1.113|1.249, 21(0):0.541|0.717, 25(0):6.336|7.219, 20(0):15.759|16.655
6330, 180(16):5.331|5.425, 204(0):1.095|3.192, 20(0):0.474|0.482, 17(0):6.263|6.305, 17(0):15.294|15.827
6340, 207(13):5.269|5.447, 230(0):1.139|1.266, 22(0):0.519|0.592, 23(0):6.330|6.333, 26(0):16.214|16.405
6350, 231(27):5.587|6.281, 200(0):1.089|1.582, 20(0):0.471|0.508, 17(0):6.383|6.395, 21(0):15.749|16.034
6360, 207(12):5.245|5.677, 233(0):1.085|2.109, 23(0):0.578|0.619, 24(0):6.353|6.434, 24(0):16.407|16.439
6370, 188(25):5.430|5.812, 171(0):1.027|1.108, 19(0):0.483|0.492, 20(0):6.234|6.457, 16(0):15.242|15.812
6380, 189(16):5.322|5.528, 198(0):1.121|1.353, 18(0):0.483|0.516, 21(0):6.315|6.527, 17(0):15.387|15.620
6390, 224(19):5.542|5.706, 172(0):1.068|1.154, 19(0):0.617|0.730, 20(0):5.949|6.295, 25(0):15.064|15.262
6400, 164(38):5.814|6.345, 180(0):1.260|1.395, 19(0):0.671|0.796, 17(0):6.979|6.995, 17(0):15.253|15.532
6410, 224(36):5.670|6.056, 239(0):1.121|1.239, 22(0):0.551|0.570, 21(0):6.777|7.254, 20(0):17.403|18.282
6420, 178(20):5.617|5.837, 172(0):1.201|1.360, 18(0):0.546|0.555, 19(0):6.713|6.774, 16(0):15.648|15.731
6430, 208(31):5.794|6.035, 214(0):1.135|1.185, 21(0):0.524|0.581, 20(0):6.756|6.859, 24(0):16.441|19.246
6440, 195(27):5.797|5.921, 201(0):1.098|1.304, 19(0):0.437|0.448, 18(0):6.673|6.767, 21(0):15.907|17.175
6450, 152(8):5.251|5.529, 188(0):1.191|1.961, 16(0):0.491|0.515, 17(0):6.231|6.251, 13(0):15.638|15.773
6460, 181(14):5.387|5.568, 176(0):1.138|1.149, 19(0):0.502|0.540, 16(0):6.373|6.499, 16(0):15.436|15.529
6470, 191(13):5.392|5.708, 195(0):1.153|1.274, 19(0):0.465|0.478, 19(0):6.631|6.659, 21(0):16.231|16.662
6480, 190(22):5.593|5.652, 173(0):1.051|1.288, 19(0):0.486|0.500, 15(0):6.355|6.435, 21(0):14.847|15.271
6490, 212(15):5.203|5.415, 206(0):1.058|1.192, 21(0):0.458|0.468, 29(0):6.467|6.563, 23(0):15.510|16.154
6500, 180(19):5.478|5.559, 182(0):1.148|1.689, 18(0):0.506|0.569, 17(0):6.185|6.468, 15(0):16.182|16.801
6510, 162(17):5.507|5.658, 168(0):1.121|1.278, 17(0):0.613|0.760, 17(0):6.250|6.496, 17(0):16.318|17.114
6520, 181(12):5.307|5.497, 154(0):1.080|1.382, 16(0):0.482|0.506, 17(0):6.305|6.389, 19(0):16.351|16.761
6530, 200(26):5.618|5.920, 223(0):1.063|1.446, 22(0):0.544|0.629, 20(0):6.579|6.664, 23(0):16.603|17.178
6540, 180(10):5.518|5.623, 170(0):0.990|1.132, 17(0):0.445|0.565, 18(0):6.489|6.717, 13(0):14.966|15.963
6550, 207(20):5.348|5.797, 209(0):1.058|1.203, 18(0):0.505|0.518, 18(0):6.351|6.472, 22(0):15.556|16.183
6560, 174(13):5.382|5.569, 165(0):1.037|1.143, 19(0):0.570|0.693, 17(0):5.926|6.156, 19(0):15.554|15.831
6570, 186(13):5.363|5.491, 195(0):1.021|1.212, 20(0):0.454|0.588, 22(0):6.272|6.732, 17(0):14.682|14.990
6580, 191(14):5.315|5.756, 187(0):1.051|1.266, 19(0):0.444|0.483, 16(0):6.032|6.224, 16(0):15.243|16.461
6590, 151(18):5.296|5.597, 159(0):1.110|1.329, 16(0):0.532|1.129, 17(0):6.205|6.549, 18(0):15.161|16.247
6600, 210(13):5.161|5.597, 211(0):1.058|1.083, 20(0):0.516|0.527, 25(0):6.182|6.246, 19(0):15.204|16.037
6610, 172(4):5.106|5.171, 188(0):1.150|1.239, 18(0):0.506|0.516, 17(0):6.005|6.072, 18(0):15.115|15.137
6620, 190(16):5.386|5.426, 175(0):1.055|1.137, 19(0):0.558|0.559, 17(0):6.268|6.286, 18(0):15.920|16.544
6630, 212(13):5.198|5.373, 206(0):1.025|1.081, 20(0):0.467|0.469, 18(0):5.984|6.727, 23(0):15.356|15.400
6640, 193(15):5.390|5.612, 180(0):1.279|1.373, 19(0):0.524|0.538, 21(0):6.407|6.583, 21(0):15.770|16.057
6650, 207(6):5.195|5.691, 208(0):1.081|1.298, 22(0):0.491|0.676, 26(0):6.130|6.244, 16(0):15.395|16.834
6660, 210(18):5.529|5.709, 233(0):1.058|2.084, 21(0):0.441|0.469, 19(0):6.189|6.193, 24(0):15.746|15.807
6670, 216(28):5.474|7.553, 211(0):1.156|1.220, 21(0):0.511|0.532, 18(0):6.287|6.572, 19(0):15.786|16.162
6680, 134(5):5.091|5.334, 146(0):1.092|1.209, 14(0):0.485|0.603, 12(0):6.146|6.415, 15(0):15.928|16.422
6690, 229(29):5.399|5.660, 194(0):1.156|1.272, 22(0):0.596|0.728, 25(0):6.240|6.434, 22(0):15.405|15.675
6700, 183(39):6.315|8.812, 197(0):1.567|2.815, 18(0):0.564|0.626, 20(0):6.928|7.398, 18(0):17.198|18.187
6710, 158(34):5.970|6.252, 163(0):1.213|1.292, 17(0):0.501|0.523, 13(0):7.086|7.242, 18(0):18.863|18.946
6720, 189(27):5.711|6.243, 203(0):1.045|1.445, 19(0):0.500|0.534, 17(0):6.776|6.869, 18(0):17.496|17.974
6730, 176(22):5.724|5.894, 180(0):1.157|1.249, 18(0):0.521|0.573, 21(0):6.849|6.917, 20(0):16.329|16.899
6740, 194(21):5.538|5.808, 177(0):1.098|1.228, 19(0):0.485|0.634, 17(0):6.720|7.016, 20(0):15.779|16.160
6750, 213(19):5.595|5.845, 224(0):1.076|1.237, 22(0):0.480|0.548, 21(0):6.435|6.574, 18(0):16.420|17.381
6760, 218(22):5.354|5.673, 186(0):1.270|2.072, 21(0):0.452|0.522, 30(0):6.449|6.451, 22(0):15.497|15.538
6770, 208(7):5.184|5.370, 214(0):1.082|1.136, 20(0):0.532|0.533, 15(0):6.245|6.334, 22(0):15.086|15.215
6780, 191(18):5.487|5.712, 208(0):1.034|1.121, 18(0):0.462|0.606, 22(0):6.257|6.707, 18(0):15.067|15.647
6790, 204(11):5.257|5.567, 216(0):1.088|1.203, 23(0):0.513|0.575, 14(0):6.003|6.232, 21(0):14.952|16.072
6800, 224(14):5.192|5.736, 234(0):1.150|1.268, 21(0):0.556|0.580, 23(0):6.024|6.634, 23(0):15.741|16.179
6810, 190(14):5.331|5.537, 189(0):1.080|1.132, 21(0):0.494|0.553, 22(0):6.083|6.334, 16(0):14.834|14.980
6820, 171(17):5.589|5.631, 155(0):1.071|1.153, 15(0):0.518|0.524, 14(0):6.372|6.411, 17(0):15.020|15.163
6830, 179(20):5.476|5.633, 194(0):1.144|1.191, 18(0):0.462|0.496, 14(0):6.406|6.469, 18(0):16.255|16.523
6840, 209(14):5.300|5.839, 195(0):1.022|1.167, 22(0):0.487|0.489, 27(0):6.310|6.384, 22(0):15.280|16.743
6850, 185(14):5.358|5.518, 182(0):1.152|1.334, 17(0):0.523|0.562, 16(0):6.003|6.155, 19(0):16.205|16.705
6860, 215(18):5.314|8.751, 213(0):1.087|1.221, 22(0):0.496|0.512, 25(0):6.415|6.736, 24(0):15.760|16.694
6870, 192(12):5.420|5.510, 175(0):1.004|1.131, 18(0):0.479|0.504, 24(0):6.180|6.317, 17(0):14.231|14.371
6880, 205(23):5.525|5.769, 231(0):1.421|2.884, 22(0):0.640|0.908, 17(0):6.833|6.963, 16(0):15.442|15.604
6890, 233(112):7.828|8.990, 201(0):1.755|3.893, 22(0):0.601|0.664, 22(0):8.435|8.792, 28(3):19.999|21.544
6900, 205(91):7.637|8.165, 239(0):1.820|2.711, 22(0):2.073|2.655, 20(0):9.291|11.124, 23(7):19.999|21.986
6910, 211(82):7.217|9.269, 206(0):1.616|1.794, 21(0):0.910|1.442, 21(0):8.471|8.806, 23(3):19.999|21.485
6920, 205(105):8.207|13.027, 198(0):1.816|2.111, 20(0):0.792|1.278, 20(0):8.890|9.184, 16(6):19.999|22.946
6930, 230(58):6.817|7.455, 219(0):1.740|2.045, 23(0):0.667|0.792, 20(0):9.234|9.772, 18(4):19.999|20.699
6940, 191(70):7.475|8.445, 214(0):1.952|2.543, 20(0):0.831|0.927, 22(0):9.090|9.128, 22(2):19.999|20.398
6950, 208(30):6.628|6.901, 230(1):1.658|6.091, 21(0):0.686|0.792, 21(0):7.691|8.535, 27(0):18.575|18.805
6960, 193(93):7.773|11.128, 158(0):1.769|2.258, 19(0):0.705|0.834, 20(0):8.897|9.640, 19(0):19.511|19.906
6970, 188(72):7.873|9.009, 202(0):1.570|2.805, 18(0):0.693|0.744, 19(0):8.791|9.441, 16(3):19.999|24.391
6980, 135(69):7.843|8.302, 135(0):1.871|2.110, 15(0):0.841|0.879, 17(0):9.615|11.985, 13(4):19.999|21.830
6990, 198(118):8.752|12.861, 169(0):1.997|4.114, 18(0):0.921|0.932, 16(0):11.056|12.972, 22(16):19.999|25.127
7000, 190(94):9.406|10.081, 181(1):3.467|5.856, 18(0):0.919|0.938, 17(0):10.286|12.919, 18(9):19.999|23.160
7010, 174(103):9.103|10.714, 189(0):2.102|3.526, 20(0):0.936|1.033, 20(0):10.884|12.974, 21(14):19.999|26.277
7020, 150(74):8.653|11.438, 166(0):2.529|4.669, 13(0):0.891|0.959, 12(0):9.716|11.548, 10(4):19.999|21.431
7030, 197(38):6.649|7.641, 192(0):1.419|1.557, 20(0):0.710|0.845, 22(0):8.628|8.807, 21(3):19.999|21.465
7040, 198(91):8.343|8.842, 195(0):2.083|4.428, 21(0):1.019|1.882, 20(0):8.257|9.039, 19(1):19.738|20.352
7050, 178(90):7.599|7.923, 172(0):1.953|3.911, 17(0):0.892|0.905, 19(0):8.870|9.237, 20(5):19.999|22.813
7060, 132(68):7.681|8.765, 139(0):1.591|1.778, 14(0):0.729|1.921, 15(0):10.113|10.501, 12(6):19.999|25.457
7070, 148(58):7.801|10.142, 159(0):1.547|2.262, 15(0):0.757|0.865, 13(0):8.920|9.315, 15(9):19.999|28.578
7080, 180(49):9.147|9.703, 186(0):1.391|2.046, 18(0):0.595|0.799, 15(0):9.014|9.063, 16(3):19.999|23.113
7090, 181(59):7.688|8.187, 174(0):2.118|2.344, 18(0):1.011|1.363, 24(0):7.730|10.301, 23(0):17.769|18.120
7100, 193(85):7.649|10.170, 169(0):1.752|1.959, 19(0):1.098|1.172, 14(0):8.733|9.380, 15(7):19.999|22.536
7110, 205(77):7.589|7.766, 219(0):1.772|2.416, 20(0):0.996|1.019, 18(0):9.115|9.829, 17(3):19.999|20.526
7120, 200(98):8.030|8.951, 212(0):1.957|3.189, 21(1):0.891|5.463, 22(0):9.042|9.301, 22(7):19.999|22.535
7130, 120(69):8.347|9.149, 138(0):1.694|2.031, 11(0):0.723|0.725, 12(0):9.419|9.829, 14(4):19.999|22.875
7140, 142(82):7.653|10.840, 117(0):2.011|2.457, 15(0):1.007|1.981, 15(0):8.638|8.642, 17(10):19.999|22.450
7150, 214(78):7.752|8.969, 207(0):2.074|4.624, 21(0):0.747|0.908, 23(0):9.277|9.954, 20(4):19.999|21.269
7160, 194(59):6.850|10.892, 215(0):1.684|1.811, 21(0):0.869|1.577, 19(0):8.212|8.894, 19(0):18.764|19.417
7170, 200(73):7.413|7.845, 168(0):1.803|2.076, 16(0):0.572|0.868, 16(0):8.794|9.160, 14(0):18.671|19.287
7180, 188(69):7.809|8.742, 182(1):2.307|10.901, 20(0):0.866|2.677, 23(0):9.178|9.415, 26(2):19.999|21.407
7190, 175(68):7.362|10.056, 190(0):1.906|4.852, 18(0):0.966|1.116, 17(0):8.382|10.059, 14(1):19.711|20.321
7200, 154(74):7.725|10.798, 142(1):2.266|5.918, 16(0):0.821|0.968, 20(0):8.991|9.483, 18(1):19.421|20.418

STOPPING THREADS..................................................................................................................................................................................................................................................................................................................................

<Raw Results>
  [0] sc:121092  lt:16881  rt:0  fl:0 
  [1] sc:137960  lt:5  rt:222  fl:0 
  [2] sc:13797  lt:1  rt:0  fl:0 
  [3] sc:13802  lt:0  rt:0  fl:0 
  [4] sc:13658  lt:143  rt:0  fl:0 
 in 7200 sec.

<Raw Results2(sum ver.)>
  [0] sc:121092  lt:16881  rt:0  fl:0 
  [1] sc:137960  lt:5  rt:222  fl:0 
  [2] sc:13797  lt:1  rt:0  fl:0 
  [3] sc:13802  lt:0  rt:0  fl:0 
  [4] sc:13658  lt:143  rt:0  fl:0 

<Constraint Check> (all must be [OK])
 [transaction percentage]
        Payment: 43.48% (>=43.0%) [OK]
   Order-Status: 4.35% (>= 4.0%) [OK]
       Delivery: 4.35% (>= 4.0%) [OK]
    Stock-Level: 4.35% (>= 4.0%) [OK]
 [response time (at least 90% passed)]
      New-Order: 87.76%  [NG] *
        Payment: 100.00%  [OK]
   Order-Status: 99.99%  [OK]
       Delivery: 100.00%  [OK]
    Stock-Level: 98.96%  [OK]

<TpmC>
                 1149.775 TpmC
Start: 2013-08-03 00:18:29 - Finish: 2013-08-03 02:38:34
AVG Idle CPU: 0.00
AVG Commit: 88.95
