***************************************
*** ###easy### TPC-C Load Generator ***
***************************************
option h with value '192.241.149.101'
option d with value 'tpcc'
option u with value 'root'
option p with value 'password'
option w with value '40'
option c with value '400'
option r with value '1200'
option l with value '7200'
<Parameters>
     [server]: 192.241.149.101
     [port]: 3306
     [DBname]: tpcc
       [user]: root
       [pass]: password
  [warehouse]: 40
 [connection]: 400
     [rampup]: 1200 (sec.)
    [measure]: 7200 (sec.)

RAMP-UP TIME.(1200 sec.)

MEASURING START.

  10, 278(12):5.355|7.993, 266(0):1.081|4.974, 28(0):0.618|3.227, 30(0):6.851|9.668, 26(0):16.439|21.164
  20, 229(5):5.126|5.313, 272(0):1.004|1.254, 23(0):0.461|0.564, 20(0):5.758|5.804, 25(0):14.416|14.525
  30, 241(5):5.141|5.493, 232(0):1.015|1.267, 27(0):0.489|0.499, 23(0):5.783|6.013, 32(0):15.234|15.753
  40, 318(1):4.934|5.040, 300(0):1.029|1.190, 29(0):0.466|0.468, 37(0):5.905|6.134, 28(0):13.695|13.785
  50, 266(4):5.051|5.346, 251(0):0.993|1.073, 27(0):0.581|4.213, 18(0):5.785|5.804, 30(0):14.053|14.531
  60, 237(4):5.018|5.485, 246(0):0.999|1.022, 23(0):0.472|0.519, 37(0):5.806|5.875, 36(0):13.955|14.321
  70, 272(8):5.165|5.226, 253(0):1.054|1.192, 27(0):0.567|0.647, 26(0):5.862|6.137, 11(0):15.782|15.937
  80, 287(9):5.158|5.189, 300(0):1.151|1.480, 29(0):0.525|0.562, 22(0):6.153|6.719, 28(0):14.765|15.509
  90, 242(7):5.254|5.488, 251(0):1.096|1.932, 26(0):0.500|0.532, 29(0):6.185|6.226, 27(0):14.638|14.828
 100, 296(26):5.449|5.594, 288(0):1.093|1.338, 29(0):0.511|0.591, 31(0):6.346|6.442, 31(0):15.573|18.124
 110, 274(2):4.889|5.210, 269(0):1.079|1.189, 27(0):0.476|0.540, 16(0):5.624|5.886, 16(0):14.569|14.643
 120, 219(6):5.057|5.487, 248(0):0.965|1.044, 23(0):0.523|0.589, 27(0):6.052|6.072, 39(0):14.852|15.689
 130, 272(5):5.088|5.392, 233(0):1.106|1.384, 26(0):0.416|0.431, 38(0):5.945|6.306, 14(0):14.815|16.270
 140, 278(5):5.074|5.493, 271(0):1.056|1.167, 27(0):0.536|0.644, 17(0):5.778|5.910, 36(0):14.119|14.805
 150, 251(5):5.111|5.621, 274(0):0.992|1.079, 27(0):0.491|0.508, 27(0):5.973|6.488, 29(0):14.207|14.609
 160, 308(2):4.842|5.311, 277(0):0.931|1.157, 30(0):0.454|0.484, 28(0):5.949|5.968, 31(0):13.966|14.675
 170, 273(0):4.869|4.974, 302(0):0.977|1.039, 27(0):0.442|0.462, 31(0):5.626|5.722, 27(0):13.555|13.815
 180, 277(1):4.898|5.080, 273(0):0.960|1.296, 28(0):0.468|0.525, 31(0):5.662|5.752, 26(0):13.375|13.645
 190, 243(2):4.925|5.074, 277(0):1.024|1.163, 23(0):0.488|0.492, 17(0):5.559|6.053, 21(0):14.534|15.653
 200, 276(6):5.095|5.508, 248(0):0.948|1.353, 29(0):0.442|0.552, 29(0):5.920|6.550, 27(0):15.157|16.083
 210, 261(5):5.054|5.159, 280(0):1.084|1.132, 27(0):0.548|0.590, 28(0):5.717|5.792, 18(0):15.356|16.330
 220, 218(12):5.184|5.439, 156(0):1.014|1.099, 19(0):0.450|0.469, 18(0):6.060|6.306, 30(0):15.290|15.670
 230, 227(1):4.948|5.176, 282(0):0.971|1.069, 25(0):0.508|0.533, 31(0):6.122|6.247, 21(0):14.477|14.971
 240, 280(13):5.235|5.578, 268(0):1.027|1.060, 28(0):0.470|0.531, 21(0):5.672|6.515, 30(0):14.801|15.349
 250, 298(1):4.839|5.167, 282(0):1.005|1.062, 28(0):0.448|0.572, 35(0):5.715|6.078, 31(0):13.887|14.132
 260, 322(6):5.014|5.572, 315(0):1.027|1.075, 33(0):0.454|0.842, 29(0):5.868|5.907, 33(0):15.584|15.773
 270, 300(5):5.111|5.413, 318(0):1.044|1.193, 31(0):0.467|0.673, 29(0):5.670|5.750, 21(0):13.710|13.890
 280, 311(10):5.236|5.477, 324(0):1.041|1.642, 32(0):0.500|0.516, 28(0):5.855|6.245, 48(0):15.268|16.238
 290, 361(1):4.771|5.209, 379(0):1.018|1.362, 37(0):0.448|0.492, 37(0):5.745|5.784, 33(0):14.990|15.156
 300, 306(2):4.929|5.056, 321(0):0.982|1.158, 31(0):0.491|0.523, 33(0):5.566|6.039, 30(0):14.486|14.642
 310, 292(13):5.171|5.560, 267(0):1.005|3.851, 26(0):0.624|0.687, 26(0):5.735|5.788, 34(0):14.841|15.081
 320, 274(3):4.978|5.051, 268(0):1.076|1.123, 27(0):0.498|0.546, 34(0):5.840|5.864, 24(0):13.877|14.483
 330, 343(2):4.877|6.110, 318(0):0.973|1.137, 34(0):0.479|0.589, 34(0):5.679|5.835, 19(0):14.368|14.419
 340, 319(8):5.059|5.382, 345(0):1.005|1.219, 33(0):0.470|0.483, 28(0):5.715|5.999, 36(0):14.002|14.603
 350, 305(1):4.830|5.109, 282(0):1.020|1.065, 30(0):0.466|0.609, 27(0):5.730|6.032, 34(0):14.624|15.147
 360, 218(3):4.997|5.435, 251(0):1.019|1.371, 21(0):0.478|0.518, 26(0):6.083|6.525, 22(0):14.595|14.734
 370, 284(8):5.086|5.233, 262(0):0.983|1.309, 30(0):0.540|0.545, 34(0):5.779|5.985, 26(0):14.662|14.980
 380, 243(12):5.172|5.234, 266(0):1.090|1.666, 26(0):0.646|0.728, 24(0):6.002|6.385, 33(0):14.890|15.089
 390, 327(21):5.547|6.669, 327(0):1.602|2.698, 32(0):0.666|0.869, 30(0):6.639|7.108, 33(0):16.142|16.716
 400, 279(75):7.155|12.131, 260(0):1.807|1.933, 27(0):0.686|0.746, 21(0):8.205|8.457, 22(0):18.635|18.880
 410, 340(21):5.375|5.563, 326(0):1.046|1.213, 34(0):0.530|0.583, 41(0):6.484|6.674, 40(0):14.880|14.937
 420, 279(9):5.247|5.296, 277(0):1.054|1.126, 27(0):0.585|0.890, 26(0):5.904|5.931, 17(0):14.473|14.571
 430, 282(11):5.196|5.736, 290(0):1.098|1.168, 29(0):0.560|0.688, 27(0):6.020|6.556, 29(0):16.032|17.279
 440, 229(12):5.403|7.911, 264(0):1.152|1.232, 25(0):0.530|0.643, 24(0):6.140|6.217, 18(0):15.224|16.640
 450, 254(24):5.503|5.816, 222(0):1.020|1.144, 21(0):0.478|0.512, 25(0):6.290|6.312, 35(0):15.875|16.194
 460, 267(10):5.398|5.808, 274(0):1.027|1.222, 28(0):0.545|0.554, 30(0):6.006|6.220, 17(0):14.555|15.647
 470, 286(4):5.151|5.380, 256(0):1.038|1.201, 29(0):0.481|0.586, 27(0):5.957|6.013, 31(0):14.568|15.071
 480, 246(0):4.817|4.906, 270(0):0.984|1.137, 23(0):0.467|0.509, 26(0):5.781|6.100, 26(0):14.283|14.677
 490, 277(0):4.720|4.797, 250(0):0.944|1.631, 29(0):0.497|0.521, 25(0):5.294|5.384, 33(0):13.376|15.230
 500, 273(0):4.861|4.974, 272(0):0.941|1.035, 27(0):0.675|0.779, 27(0):5.429|5.451, 31(0):13.895|13.955
 510, 290(2):4.783|5.039, 329(0):1.033|1.130, 30(0):0.575|0.653, 29(0):5.832|6.783, 13(0):13.566|14.073
 520, 267(6):5.087|5.414, 252(0):0.947|1.112, 26(0):0.456|0.461, 28(0):5.446|5.576, 40(0):14.705|14.935
 530, 312(1):4.781|5.028, 290(0):0.979|1.126, 31(0):0.477|0.681, 25(0):5.375|5.478, 40(0):13.488|13.584
 540, 288(2):4.681|5.401, 295(0):0.970|1.078, 29(0):0.417|0.436, 35(0):5.467|5.525, 26(0):13.332|13.700
 550, 317(2):4.732|5.235, 322(0):0.925|1.095, 31(0):0.413|0.419, 29(0):5.337|5.424, 23(0):13.379|13.757
 560, 319(1):4.738|5.071, 334(0):0.935|1.394, 35(0):0.451|0.481, 34(0):5.383|5.445, 42(0):13.022|13.098
 570, 336(2):4.685|5.181, 335(0):0.980|1.226, 32(0):0.494|0.932, 31(0):5.383|5.448, 18(0):12.335|12.552
 580, 262(0):4.761|4.896, 274(0):0.946|1.058, 26(0):0.440|0.476, 25(0):5.225|5.244, 34(0):13.431|14.215
 590, 274(2):4.775|5.064, 261(0):0.972|1.164, 26(0):0.553|0.617, 30(0):5.274|5.356, 20(0):12.996|13.178
 600, 221(1):4.817|5.086, 222(0):0.975|1.346, 24(0):0.485|0.487, 24(0):5.807|5.860, 37(0):14.395|14.743
 610, 318(3):4.890|5.492, 328(0):1.023|1.338, 32(0):0.492|0.625, 30(0):5.529|5.597, 24(0):13.128|13.340
 620, 345(0):4.648|4.976, 312(0):0.971|1.143, 32(0):0.440|0.443, 33(0):5.617|5.739, 29(0):13.458|14.099
 630, 239(2):4.915|6.384, 284(0):1.053|1.711, 25(0):0.501|0.528, 25(0):5.840|5.897, 21(0):13.725|14.493
 640, 284(1):4.775|5.223, 254(0):0.995|1.176, 29(0):0.434|0.464, 31(0):5.754|5.768, 32(0):15.006|15.051
 650, 260(3):4.965|5.132, 322(0):1.011|1.170, 29(0):0.571|0.635, 26(0):5.705|5.742, 28(0):13.647|13.807
 660, 305(10):5.032|5.427, 265(0):1.187|2.630, 27(0):0.521|0.546, 29(0):5.851|6.182, 25(0):14.151|14.786
 670, 247(19):5.344|6.524, 220(0):1.359|2.059, 25(0):0.600|0.666, 25(0):6.199|6.412, 23(0):14.564|15.449
 680, 305(31):5.653|6.185, 287(0):1.205|1.442, 30(0):0.572|0.573, 33(0):7.016|8.030, 46(0):15.630|16.192
 690, 260(14):5.519|10.970, 279(0):1.257|1.538, 26(0):0.520|0.523, 18(0):6.433|7.399, 19(0):15.559|15.911
 700, 287(50):5.794|7.832, 277(0):1.220|2.543, 29(0):0.543|0.628, 31(0):7.148|7.215, 32(0):17.116|17.402
 710, 294(22):5.629|6.436, 307(0):1.202|1.537, 31(0):0.531|0.577, 36(0):6.444|6.904, 27(0):15.263|15.672
 720, 291(18):5.489|6.814, 271(0):1.328|2.555, 28(0):0.612|0.634, 23(0):6.393|8.135, 27(0):15.852|16.576
 730, 269(32):5.518|5.878, 274(0):1.201|1.338, 26(0):0.551|0.565, 29(0):6.552|6.675, 32(0):15.163|17.226
 740, 300(58):6.042|6.949, 297(0):1.336|1.558, 30(0):0.539|0.640, 28(0):6.757|8.744, 26(0):16.444|17.079
 750, 297(48):6.254|11.031, 326(0):1.313|1.923, 31(0):0.566|0.629, 35(0):7.211|7.371, 34(0):15.971|16.637
 760, 310(46):5.820|6.132, 298(1):1.522|5.811, 31(0):0.504|0.570, 32(0):6.678|6.703, 27(0):16.101|16.609
 770, 315(7):5.294|8.549, 344(0):1.137|2.793, 31(0):0.529|0.534, 23(0):5.768|6.103, 33(0):15.742|16.132
 780, 300(19):5.263|8.000, 279(0):1.163|1.237, 30(0):0.622|0.729, 29(0):6.348|6.986, 18(0):15.389|15.589
 790, 295(38):5.677|9.653, 254(0):1.232|4.657, 28(0):0.539|0.617, 35(0):6.592|6.763, 42(0):15.950|16.121
 800, 256(30):5.841|7.267, 271(1):1.176|8.225, 26(0):0.567|0.576, 26(0):6.650|6.768, 30(1):17.246|20.335
 810, 273(35):6.296|9.432, 303(0):1.286|2.453, 29(0):0.528|0.665, 30(0):7.859|8.749, 18(0):16.104|16.445
 820, 203(55):8.231|10.957, 201(1):3.348|5.039, 22(0):0.582|0.601, 23(0):9.114|10.047, 28(3):19.999|23.140
 830, 250(46):7.337|9.012, 258(0):2.035|4.766, 23(0):0.603|0.618, 24(0):8.400|9.720, 18(1):19.886|20.356
 840, 354(36):7.528|19.711, 334(0):1.407|2.023, 35(0):0.713|1.163, 32(0):9.017|10.049, 38(1):18.579|22.156
 850, 291(1):4.695|5.042, 302(0):0.918|3.507, 29(0):0.418|0.466, 35(0):5.566|5.616, 27(0):13.196|13.349
 860, 314(2):4.893|5.623, 332(0):0.952|1.129, 33(0):0.479|0.523, 22(0):5.400|5.421, 30(0):13.883|14.466
 870, 265(2):4.840|5.929, 257(0):0.948|0.982, 26(0):0.438|0.444, 33(0):5.599|5.817, 29(0):13.812|13.830
 880, 388(14):5.438|6.772, 370(0):1.114|2.019, 37(0):0.454|0.549, 36(0):5.665|5.779, 36(0):14.791|15.501
 890, 215(0):4.703|4.992, 227(0):0.977|1.083, 23(0):0.480|0.543, 14(0):5.676|5.705, 33(0):14.275|15.036
 900, 293(9):5.181|5.346, 285(0):1.008|1.122, 28(0):0.514|0.539, 37(0):6.108|6.205, 19(0):15.308|15.699
 910, 261(21):5.348|5.493, 224(0):1.027|1.164, 25(0):0.506|0.634, 30(0):6.036|6.094, 38(0):15.140|16.225
 920, 284(19):5.396|5.478, 335(0):1.083|1.856, 30(0):0.615|0.672, 24(0):5.923|6.104, 17(0):15.065|15.460
 930, 284(28):5.440|5.672, 283(0):1.273|1.578, 28(0):0.546|0.644, 32(0):6.264|6.277, 33(0):15.393|15.570
 940, 288(35):5.605|8.536, 279(0):1.155|1.484, 30(0):0.553|0.565, 27(0):6.561|6.680, 24(0):14.693|15.757
 950, 240(12):5.190|5.325, 263(0):1.120|1.141, 23(0):0.567|0.619, 20(0):5.879|6.054, 16(0):15.421|15.690
 960, 261(25):5.433|8.837, 237(0):1.105|1.198, 27(0):0.547|0.687, 29(0):6.189|6.378, 35(0):15.387|15.651
 970, 257(16):5.254|6.009, 252(0):1.015|1.121, 24(0):0.514|0.573, 27(0):6.177|6.228, 23(0):15.174|15.464
 980, 277(28):5.396|6.339, 271(0):1.086|2.395, 29(0):0.550|0.649, 23(0):6.360|6.566, 33(0):16.471|16.479
 990, 253(27):5.490|5.628, 244(0):1.190|1.634, 24(0):0.564|0.622, 25(0):6.315|6.334, 26(0):15.394|15.403
1000, 319(56):5.739|6.271, 356(0):1.290|1.897, 33(0):0.585|0.592, 37(0):6.805|6.995, 26(0):17.566|18.206
1010, 307(37):6.120|8.392, 321(0):1.208|1.318, 33(0):0.765|1.560, 29(0):6.475|6.489, 33(0):16.528|16.820
1020, 236(32):5.572|5.945, 235(0):1.168|1.559, 22(0):0.546|0.551, 21(0):6.483|6.552, 24(0):17.191|17.449
1030, 255(40):5.767|6.403, 245(0):1.125|1.577, 26(0):0.639|0.818, 26(0):6.558|6.665, 24(0):17.126|17.224
1040, 276(31):5.433|5.505, 277(0):1.091|1.374, 28(0):0.536|0.540, 25(0):6.272|6.405, 26(0):15.224|15.790
1050, 256(25):5.519|5.652, 228(0):1.096|1.231, 23(0):0.498|0.874, 28(0):6.354|6.625, 22(0):15.941|16.048
1060, 238(27):5.494|5.728, 250(0):1.131|1.206, 24(0):0.468|0.503, 26(0):6.350|6.417, 26(0):16.379|16.703
1070, 275(17):5.392|7.670, 252(0):1.034|1.106, 26(0):0.563|0.671, 26(0):6.117|6.151, 30(0):15.590|16.510
1080, 253(26):5.724|8.748, 254(0):1.136|1.217, 26(0):0.528|0.571, 31(0):6.237|6.463, 24(0):16.110|16.480
1090, 230(27):5.437|5.537, 250(0):1.107|1.312, 25(0):0.515|0.528, 23(0):6.289|6.746, 27(0):15.935|16.493
1100, 256(15):5.384|5.677, 259(0):1.109|1.268, 26(0):0.528|0.611, 21(0):6.134|6.268, 26(0):15.591|16.011
1110, 266(26):5.656|6.358, 279(0):1.104|1.195, 26(0):0.604|0.640, 32(0):6.206|6.211, 22(0):15.054|15.473
1120, 258(37):5.801|6.070, 219(0):1.208|2.269, 25(0):0.507|0.517, 22(0):6.606|6.638, 23(0):15.488|16.303
1130, 256(18):5.358|5.446, 243(0):1.129|1.147, 25(0):0.498|0.533, 22(0):6.497|7.198, 37(0):16.073|17.236
1140, 253(16):5.412|5.662, 272(0):1.078|1.356, 27(0):0.562|0.597, 26(0):6.555|6.636, 24(0):15.434|16.556
1150, 223(24):5.585|5.832, 233(0):1.182|1.222, 22(0):0.561|0.564, 22(0):6.448|6.473, 17(0):15.305|16.461
1160, 281(34):5.611|6.014, 255(0):1.047|1.250, 27(0):0.552|0.646, 24(0):6.700|6.900, 25(0):16.756|17.333
1170, 269(13):5.270|5.549, 305(0):0.962|2.222, 28(0):0.557|0.781, 28(0):6.386|6.394, 27(0):15.268|15.579
1180, 247(12):5.210|5.658, 260(0):1.148|1.216, 24(0):0.517|0.580, 33(0):6.063|6.271, 21(0):15.298|15.857
1190, 245(25):5.453|5.613, 245(0):1.086|1.151, 26(0):0.471|0.566, 26(0):6.145|6.319, 28(0):15.187|16.319
1200, 222(13):5.281|6.649, 239(0):1.081|1.329, 20(0):0.444|0.462, 15(0):6.108|6.307, 30(0):15.394|15.495
1210, 279(12):5.149|5.488, 254(0):1.097|1.307, 31(0):0.583|0.587, 31(0):6.166|9.527, 25(0):15.356|15.820
1220, 256(33):5.544|6.049, 263(0):1.086|1.359, 25(0):0.484|0.559, 27(0):6.279|6.795, 21(0):15.686|16.840
1230, 340(25):5.402|5.817, 319(0):1.195|1.432, 32(0):0.512|0.624, 28(0):6.541|6.729, 23(0):15.481|16.177
1240, 265(14):5.322|5.719, 253(0):1.180|1.388, 27(0):0.588|0.600, 30(0):6.353|6.742, 39(0):16.641|16.667
1250, 234(10):5.282|5.656, 260(0):1.052|1.130, 24(0):0.473|0.534, 25(0):6.264|6.532, 23(0):15.657|15.761
1260, 272(20):5.320|5.602, 227(0):1.022|1.255, 26(0):0.516|0.536, 30(0):5.873|6.241, 30(0):15.143|15.223
1270, 242(11):5.131|6.372, 256(0):1.072|1.510, 25(0):0.520|0.596, 19(0):6.103|6.112, 23(0):16.321|16.879
1280, 302(23):5.219|5.752, 344(0):1.080|1.188, 32(0):0.494|0.555, 33(0):6.319|6.774, 33(0):15.189|15.337
1290, 242(20):5.417|7.168, 226(0):1.187|1.236, 23(0):0.587|0.653, 25(0):6.326|6.418, 21(0):14.595|16.435
1300, 265(83):6.708|7.043, 261(0):1.483|2.483, 25(0):0.626|0.655, 20(0):7.807|7.929, 35(0):19.205|19.655
1310, 236(22):5.746|7.209, 233(0):1.079|1.144, 24(0):0.500|0.510, 25(0):6.291|6.775, 20(0):14.918|15.313
1320, 233(34):5.551|5.756, 253(0):1.064|1.204, 23(0):0.516|0.553, 26(0):6.176|6.524, 12(0):15.442|16.854
1330, 248(55):5.718|6.033, 232(0):1.172|1.623, 26(0):0.600|0.633, 22(0):6.702|7.132, 28(0):17.093|17.269
1340, 278(30):5.620|5.924, 257(0):1.084|1.148, 27(0):0.548|0.554, 30(0):6.533|6.758, 35(0):15.814|15.884
1350, 272(25):5.509|6.812, 292(0):1.093|1.236, 27(0):0.540|0.602, 22(0):6.030|6.117, 17(0):15.775|16.022
1360, 280(19):5.351|5.461, 279(0):1.125|1.511, 27(0):0.515|0.520, 35(0):6.271|6.273, 28(0):15.608|15.790
1370, 221(21):5.494|5.893, 218(0):1.080|1.119, 24(0):0.511|0.522, 27(0):6.314|6.381, 20(0):15.392|15.436
1380, 212(20):5.434|8.233, 214(0):0.982|1.427, 20(0):0.457|0.461, 11(0):5.903|6.004, 26(0):16.207|16.277
1390, 255(10):5.145|5.237, 233(0):0.978|1.094, 25(0):0.533|0.551, 30(0):5.762|5.825, 37(0):14.459|16.047
1400, 292(10):5.283|5.546, 278(0):0.992|1.024, 29(0):0.531|0.556, 29(0):5.934|6.045, 34(0):14.010|15.660
1410, 240(9):5.155|5.548, 238(0):1.071|1.196, 25(0):0.571|0.659, 23(0):6.017|6.104, 10(0):15.422|16.031
1420, 257(26):5.320|5.641, 293(0):1.128|1.329, 26(0):0.483|0.520, 30(0):6.600|6.606, 31(0):16.363|16.932
1430, 250(38):5.629|5.913, 250(0):1.113|1.175, 24(0):0.611|1.218, 26(0):6.253|6.340, 16(0):15.753|16.218
1440, 260(17):5.362|5.748, 259(0):1.102|1.314, 27(0):0.499|0.872, 23(0):6.042|6.164, 36(0):15.207|15.609
1450, 256(24):5.461|5.529, 227(0):1.057|1.268, 24(0):0.497|0.502, 24(0):6.199|6.340, 27(0):16.319|17.380
1460, 272(20):5.292|5.536, 277(0):1.259|1.468, 29(0):0.552|1.894, 25(0):6.417|6.431, 25(0):16.219|16.557
1470, 284(19):5.464|5.959, 281(0):1.089|1.176, 28(0):0.498|0.719, 33(0):6.339|6.489, 30(0):15.554|16.974
1480, 243(27):5.535|10.231, 250(0):1.099|1.209, 25(0):0.506|0.566, 28(0):6.131|6.195, 27(0):15.720|16.065
1490, 247(18):5.228|5.327, 255(0):1.108|1.199, 25(0):0.476|0.512, 20(0):6.079|6.378, 14(0):14.489|14.695
1500, 275(16):5.323|5.978, 271(0):1.038|1.079, 26(0):0.516|0.521, 23(0):6.363|6.376, 32(0):15.488|15.810
1510, 230(22):5.527|5.997, 256(0):1.046|1.213, 23(0):0.523|0.568, 20(0):6.188|6.316, 19(0):14.960|15.515
1520, 273(22):5.734|6.633, 253(0):1.068|1.338, 27(0):0.576|0.722, 34(0):6.303|6.404, 29(0):15.524|16.391
1530, 233(16):5.525|5.638, 272(0):1.096|1.291, 26(0):0.484|0.492, 28(0):6.186|6.299, 29(0):15.945|16.253
1540, 270(21):5.425|5.725, 253(0):1.073|1.208, 26(0):0.487|0.519, 24(0):6.360|6.595, 20(0):15.884|16.122
1550, 238(13):5.399|5.767, 238(0):1.066|1.134, 24(0):0.498|0.630, 21(0):6.008|6.546, 28(0):15.896|15.962
1560, 260(23):5.381|5.811, 264(0):1.132|1.318, 26(0):0.552|0.563, 32(0):6.292|6.426, 21(0):16.079|16.568
1570, 250(14):5.354|5.380, 234(0):1.000|1.199, 24(0):0.525|0.580, 21(0):6.178|6.303, 31(0):16.142|16.148
1580, 258(37):5.756|6.967, 247(0):1.038|1.184, 25(0):0.511|0.750, 22(0):6.555|6.593, 16(0):14.367|14.689
1590, 269(44):6.070|6.191, 282(0):1.324|1.453, 26(0):0.579|0.874, 28(0):6.476|6.730, 28(0):16.613|16.710
1600, 296(72):6.137|7.323, 290(0):1.305|1.658, 30(0):0.555|1.379, 24(0):7.210|7.252, 30(0):17.465|18.013
1610, 306(62):5.794|8.047, 293(0):1.216|2.387, 32(0):0.537|0.541, 39(0):7.582|7.654, 35(0):17.221|17.728
1620, 238(33):6.004|6.796, 260(0):1.361|1.944, 24(0):0.508|0.704, 23(0):6.610|7.144, 26(0):18.106|18.587
1630, 247(34):6.078|6.579, 253(0):1.258|4.447, 26(0):0.563|0.583, 20(0):6.546|6.656, 21(0):15.941|16.039
1640, 238(29):5.581|5.894, 232(0):1.106|1.197, 22(0):0.601|0.691, 28(0):6.644|6.684, 22(0):15.998|16.746
1650, 230(36):5.764|6.285, 215(0):1.009|1.102, 23(0):0.621|0.705, 24(0):6.428|6.670, 27(0):16.133|16.163
1660, 244(32):5.543|5.952, 293(0):1.103|1.260, 28(0):0.658|0.781, 26(0):6.399|6.648, 28(0):16.138|16.285
1670, 261(18):5.303|5.597, 246(0):1.203|1.279, 24(0):0.525|0.567, 25(0):5.970|6.105, 28(0):15.360|15.372
1680, 257(28):5.626|9.336, 202(0):1.082|1.568, 23(0):0.535|0.539, 19(0):6.060|6.223, 22(0):15.030|15.907
1690, 235(30):5.766|8.417, 256(0):1.084|1.324, 25(0):0.479|0.503, 29(0):6.521|6.664, 22(0):16.475|17.026
1700, 227(9):5.195|5.405, 240(0):1.058|1.154, 21(0):0.499|0.538, 21(0):6.134|6.224, 23(0):15.330|15.896
1710, 287(8):5.138|5.344, 282(0):1.054|1.110, 31(0):0.601|0.703, 31(0):6.175|6.511, 31(0):15.083|15.377
1720, 289(8):5.085|5.370, 314(0):1.042|1.518, 30(0):0.499|0.509, 22(0):5.952|5.982, 19(0):14.217|14.662
1730, 224(3):4.957|5.689, 207(0):0.930|1.110, 21(0):0.417|0.491, 34(0):5.830|6.221, 28(0):14.774|15.859
1740, 229(3):4.999|5.128, 222(0):1.048|1.099, 24(0):0.560|0.708, 17(0):5.527|5.574, 29(0):14.434|14.851
1750, 249(2):4.957|5.160, 244(0):0.944|1.058, 24(0):0.441|0.495, 28(0):5.599|6.344, 23(0):14.322|14.936
1760, 298(6):5.064|5.240, 277(0):0.979|1.141, 29(0):0.625|0.928, 28(0):5.688|5.721, 27(0):13.764|14.132
1770, 227(6):5.140|5.429, 232(0):1.048|1.321, 22(0):0.481|0.485, 17(0):5.988|6.014, 29(0):13.825|14.006
1780, 265(3):4.993|5.144, 283(0):0.968|1.131, 28(0):0.466|0.544, 32(0):6.123|6.130, 18(0):14.230|15.012
1790, 251(4):5.058|5.472, 237(0):0.976|1.446, 23(0):0.460|0.475, 21(0):5.755|5.914, 30(0):14.104|14.995
1800, 215(6):5.042|5.235, 215(0):0.951|1.088, 23(0):0.499|0.507, 26(0):6.124|6.370, 15(0):14.170|14.333
1810, 210(6):5.133|5.453, 253(0):0.961|1.365, 24(0):0.580|0.607, 21(0):5.689|5.752, 34(0):14.537|15.131
1820, 304(5):5.008|5.325, 284(0):1.041|1.416, 28(0):0.484|0.768, 31(0):5.747|5.761, 21(0):13.873|13.882
1830, 291(11):5.176|5.678, 293(0):1.042|1.092, 27(0):0.574|0.758, 27(0):6.412|6.531, 21(0):14.810|15.076
1840, 228(18):5.429|5.647, 239(0):1.032|1.384, 23(0):0.531|0.582, 16(0):6.290|6.327, 24(0):15.619|17.313
1850, 222(4):5.074|5.238, 206(0):0.946|1.145, 24(0):0.442|0.519, 25(0):5.965|6.413, 27(0):15.274|16.468
1860, 236(7):5.082|5.361, 230(0):0.953|1.028, 24(0):0.545|0.846, 26(0):5.933|5.990, 32(0):14.457|14.527
1870, 214(4):5.020|5.394, 239(0):1.105|1.183, 22(0):0.475|0.503, 25(0):5.861|5.983, 14(0):14.519|14.579
1880, 278(16):5.307|5.582, 258(0):1.100|1.174, 26(0):0.568|0.709, 23(0):6.487|6.881, 26(0):15.010|15.779
1890, 267(22):5.492|5.631, 277(0):1.243|2.153, 28(0):0.550|0.554, 30(0):6.755|7.773, 26(0):15.944|16.051
1900, 264(76):6.548|8.091, 249(0):1.521|3.075, 26(0):0.542|0.712, 31(0):7.468|7.507, 30(0):19.034|19.821
1910, 248(51):6.110|6.484, 230(0):1.250|1.747, 22(0):0.606|0.609, 19(0):7.228|7.524, 20(0):17.607|17.729
1920, 231(46):5.871|6.037, 258(0):1.165|1.278, 25(0):0.548|0.699, 24(0):6.591|6.790, 25(0):17.458|17.784
1930, 261(34):5.756|6.032, 228(0):1.149|1.392, 25(0):0.541|0.633, 29(0):6.534|6.612, 25(0):16.099|16.693
1940, 236(35):5.750|5.920, 276(0):1.163|1.276, 25(0):0.470|0.496, 22(0):6.435|7.021, 24(0):17.111|17.125
1950, 268(41):5.680|6.191, 246(0):1.320|1.896, 25(0):0.478|0.488, 25(0):6.634|6.993, 25(0):16.752|17.712
1960, 280(27):5.515|5.838, 273(0):1.083|1.204, 29(0):0.569|0.738, 24(0):6.206|6.388, 34(0):15.216|15.920
1970, 254(17):5.279|5.841, 278(0):1.078|1.319, 26(0):0.505|0.515, 26(0):6.046|6.503, 20(0):14.979|15.909
1980, 266(12):5.300|5.691, 251(0):1.070|1.181, 27(0):0.497|0.535, 31(0):5.966|6.050, 25(0):15.635|15.975
1990, 241(17):5.358|5.702, 242(0):1.073|1.189, 23(0):0.549|0.598, 26(0):6.097|6.172, 25(0):15.383|16.281
2000, 239(13):5.272|5.415, 248(0):1.120|1.285, 25(0):0.484|0.512, 21(0):6.164|6.347, 24(0):15.350|15.364
2010, 278(15):5.337|5.667, 260(0):1.061|1.142, 27(0):0.486|0.567, 32(0):6.225|6.522, 35(0):16.127|16.128
2020, 269(19):5.648|6.019, 285(0):1.077|1.241, 28(0):0.489|0.534, 21(0):6.226|6.251, 24(0):15.108|15.208
2030, 329(12):5.294|6.131, 334(0):1.043|2.226, 33(0):0.515|0.894, 37(0):6.202|6.999, 32(0):14.760|15.669
2040, 268(14):5.394|6.529, 258(0):1.168|2.259, 26(0):0.495|0.538, 24(0):6.012|6.160, 18(0):14.368|14.745
2050, 228(13):5.552|7.700, 259(0):1.018|1.069, 24(0):0.487|0.733, 24(0):5.946|6.313, 29(0):15.450|15.487
2060, 262(13):5.238|5.398, 276(0):1.058|1.132, 27(0):0.465|0.467, 28(0):6.225|6.237, 29(0):17.499|18.896
2070, 262(17):5.474|5.719, 235(0):1.052|1.151, 25(0):0.680|0.726, 24(0):6.159|6.177, 24(0):15.807|15.905
2080, 223(11):5.394|6.087, 222(0):1.119|2.337, 22(0):0.539|0.540, 21(0):6.184|7.197, 35(0):15.614|15.847
2090, 285(24):5.546|9.103, 250(0):1.159|1.388, 28(0):0.643|0.669, 31(0):6.321|6.616, 21(0):15.156|15.495
2100, 259(22):5.478|5.902, 317(0):0.991|2.490, 28(0):0.540|0.561, 23(0):6.258|6.289, 20(0):14.451|14.511
2110, 267(3):4.984|5.694, 221(0):0.986|2.498, 24(0):0.561|0.721, 30(0):5.853|5.865, 34(0):15.295|15.305
2120, 218(15):5.347|6.488, 215(0):1.135|1.506, 23(0):0.525|0.560, 24(0):6.027|6.340, 19(0):14.478|15.169
2130, 236(8):5.126|5.279, 241(0):1.020|1.130, 23(0):0.547|0.713, 19(0):5.896|6.110, 20(0):15.038|15.166
2140, 216(13):5.345|5.794, 230(0):1.025|1.339, 22(0):0.503|0.564, 20(0):6.248|6.760, 28(0):15.059|15.168
2150, 237(16):5.515|6.464, 265(0):1.090|1.315, 25(0):0.526|0.574, 23(0):6.254|6.322, 17(0):14.545|15.070
2160, 242(6):5.192|5.547, 222(0):1.099|1.751, 23(0):0.497|0.526, 32(0):6.062|6.150, 34(0):14.820|15.657
2170, 236(9):5.162|5.349, 215(0):0.991|1.139, 23(0):0.468|0.476, 16(0):5.703|5.887, 18(0):14.387|14.856
2180, 261(10):5.054|5.707, 262(0):1.050|1.319, 27(0):0.438|0.483, 33(0):5.924|6.097, 22(0):14.694|14.910
2190, 266(34):5.697|5.905, 252(0):1.312|1.555, 26(0):0.794|0.968, 21(0):6.401|7.690, 27(0):16.092|16.874
2200, 257(46):5.964|7.709, 256(0):1.288|1.524, 26(0):0.525|0.747, 27(0):7.148|9.265, 37(0):16.284|16.425
2210, 253(24):5.405|6.261, 280(0):1.210|1.989, 26(0):0.869|1.605, 29(0):6.118|6.129, 15(0):15.009|15.493
2220, 292(21):5.480|6.061, 277(0):1.195|1.338, 27(0):0.503|0.823, 24(0):6.369|7.556, 35(0):16.429|16.742
2230, 265(20):5.292|5.524, 310(0):1.139|3.232, 28(0):0.570|0.656, 26(0):6.167|6.441, 21(0):14.942|15.170
2240, 256(13):5.310|5.660, 245(0):1.013|1.123, 26(0):0.473|0.543, 26(0):6.156|6.519, 26(0):14.676|15.285
2250, 209(20):5.497|5.678, 218(0):1.159|1.247, 22(0):0.538|0.996, 24(0):6.296|6.643, 17(0):16.327|16.487
2260, 224(29):5.536|5.702, 199(0):1.230|1.386, 20(0):0.478|0.516, 26(0):6.762|6.938, 29(0):16.887|17.393
2270, 227(22):5.528|5.965, 232(0):1.111|1.163, 25(0):0.508|0.701, 21(0):6.211|6.266, 21(0):16.397|17.293
2280, 272(7):5.174|5.796, 271(0):1.035|1.301, 26(0):0.483|0.506, 26(0):5.906|6.177, 24(0):14.304|14.869
2290, 235(2):4.931|6.046, 245(0):1.011|1.031, 24(0):0.458|0.525, 23(0):6.118|6.344, 30(0):14.749|14.898
2300, 266(4):5.079|5.551, 210(0):1.042|1.140, 25(0):0.549|0.552, 29(0):5.916|6.042, 25(0):14.288|14.566
2310, 291(10):5.466|6.227, 316(0):1.030|1.110, 29(0):0.492|0.538, 23(0):6.034|6.093, 24(0):14.498|14.501
2320, 233(8):5.343|8.083, 266(0):1.109|1.270, 27(0):0.472|0.583, 29(0):5.712|5.905, 32(0):15.141|15.486
2330, 290(12):5.245|5.503, 250(0):1.085|1.156, 26(0):0.457|0.511, 23(0):6.076|6.103, 27(0):14.433|15.101
2340, 255(6):5.061|6.134, 261(0):1.031|1.155, 27(0):0.465|0.470, 34(0):5.833|6.208, 28(0):14.038|14.306
2350, 253(18):5.352|5.675, 245(0):1.140|1.202, 23(0):0.521|0.651, 17(0):6.095|6.156, 21(0):14.949|15.232
2360, 231(6):5.090|5.268, 266(0):1.145|1.221, 26(0):0.534|0.537, 32(0):6.337|7.244, 25(0):15.085|15.193
2370, 276(12):5.200|5.529, 212(0):0.985|1.115, 24(0):0.442|0.519, 23(0):5.984|6.239, 24(0):14.064|14.653
2380, 266(13):5.124|5.339, 291(0):1.222|1.357, 28(0):0.475|0.508, 21(0):5.916|6.386, 20(0):15.292|16.155
2390, 260(12):5.256|5.449, 258(0):1.171|1.504, 24(0):0.599|0.612, 29(0):6.226|6.338, 30(0):14.889|16.398
2400, 272(38):5.502|5.941, 285(0):1.094|1.208, 29(0):0.575|0.579, 28(0):6.811|8.717, 22(0):16.764|17.500
2410, 250(8):5.174|5.769, 238(0):1.078|1.373, 25(0):0.498|0.689, 26(0):6.218|6.269, 38(0):14.981|15.120
2420, 234(10):5.368|5.742, 246(0):1.057|1.238, 23(0):0.478|0.660, 26(0):5.907|5.926, 16(0):14.957|15.659
2430, 249(19):5.424|9.674, 248(0):1.115|1.224, 24(0):0.738|0.793, 25(0):6.085|6.546, 33(0):15.009|15.465
2440, 261(14):5.356|5.805, 279(0):1.068|1.239, 29(0):0.536|0.562, 23(0):5.983|6.014, 21(0):14.392|14.402
2450, 276(13):5.387|5.496, 277(0):1.051|1.191, 27(0):0.544|0.551, 23(0):6.284|6.366, 30(0):15.184|15.376
2460, 238(14):5.384|6.134, 228(0):1.180|1.560, 24(0):0.501|0.542, 29(0):5.893|6.077, 24(0):15.242|15.582
2470, 267(40):5.758|6.061, 254(0):1.274|1.911, 26(0):0.499|0.521, 29(0):6.208|6.247, 27(0):15.214|15.257
2480, 254(29):5.609|6.286, 248(0):1.249|1.427, 24(0):0.525|0.567, 15(0):6.606|7.763, 22(0):16.327|16.634
2490, 204(20):5.549|5.675, 245(0):1.168|2.343, 24(0):0.756|0.930, 31(0):6.297|6.429, 33(0):15.944|16.118
2500, 280(42):6.008|6.722, 233(0):1.282|2.203, 26(0):0.546|0.854, 29(0):7.087|7.407, 14(0):15.172|15.362
2510, 230(8):5.239|5.667, 262(0):1.053|1.243, 23(0):0.508|0.518, 18(0):6.015|6.220, 19(0):15.183|15.185
2520, 258(12):5.209|5.549, 255(0):1.076|1.256, 26(0):0.482|0.515, 27(0):6.130|6.239, 30(0):14.989|15.028
2530, 252(20):5.445|8.145, 262(0):1.096|1.497, 26(0):0.515|0.574, 25(0):5.955|6.162, 26(0):15.409|15.822
2540, 259(17):5.423|5.711, 240(0):1.299|2.069, 25(0):0.545|0.557, 31(0):6.164|6.790, 27(0):15.004|15.600
2550, 237(24):5.730|6.181, 228(0):1.024|1.301, 23(0):0.542|0.549, 20(0):6.642|7.640, 22(0):16.576|17.605
2560, 273(12):5.263|6.930, 286(0):1.101|1.192, 28(0):0.495|0.506, 23(0):6.226|6.371, 40(0):15.774|16.029
2570, 242(4):5.034|5.375, 232(0):0.994|1.135, 23(0):0.460|0.533, 22(0):5.937|6.118, 9(0):13.342|15.957
2580, 211(8):5.244|5.623, 265(0):1.128|1.393, 24(0):0.550|0.921, 30(0):6.221|6.581, 22(0):15.276|16.627
2590, 215(5):5.049|5.530, 171(0):0.975|1.259, 20(0):0.418|0.502, 18(0):5.591|5.634, 27(0):14.740|14.773
2600, 252(2):4.955|5.141, 248(0):1.003|1.388, 24(0):0.458|0.475, 22(0):5.643|6.312, 19(0):13.266|13.829
2610, 233(3):4.884|7.902, 251(0):0.942|1.090, 25(0):0.512|0.544, 25(0):5.785|5.940, 25(0):13.852|14.578
2620, 234(1):4.898|5.067, 220(0):1.032|1.254, 21(0):0.472|0.538, 25(0):5.912|6.131, 23(0):13.024|15.453
2630, 237(1):4.691|5.051, 258(0):0.951|1.063, 25(0):0.434|0.479, 25(0):5.481|5.703, 22(0):14.021|14.778
2640, 244(1):4.763|5.033, 250(0):0.965|1.424, 26(0):0.430|0.455, 20(0):5.356|5.358, 25(0):13.761|15.070
2650, 255(0):4.719|4.893, 221(0):0.944|1.151, 23(0):0.504|0.542, 28(0):5.673|5.880, 30(0):13.558|16.483
2660, 281(3):4.889|5.301, 308(0):0.952|1.020, 30(0):0.479|0.617, 26(0):5.594|5.746, 28(0):13.877|13.938
2670, 236(0):4.667|4.791, 210(0):1.019|1.074, 22(0):0.419|0.422, 25(0):5.345|5.459, 24(0):13.856|15.003
2680, 309(0):4.834|4.970, 307(0):0.932|1.217, 32(0):0.435|0.446, 38(0):5.569|5.685, 32(0):13.143|13.501
2690, 242(1):4.904|5.124, 251(0):1.118|1.316, 24(0):0.402|0.427, 15(0):5.533|5.656, 28(0):13.720|14.215
2700, 242(0):4.692|4.923, 254(0):1.037|1.219, 23(0):0.477|0.583, 25(0):5.384|5.617, 27(0):13.044|13.369
2710, 269(4):5.132|6.034, 227(0):1.007|1.061, 27(0):0.517|0.640, 24(0):5.752|7.579, 22(0):14.258|14.739
2720, 235(4):5.022|5.147, 225(0):0.973|1.094, 23(0):0.477|0.502, 30(0):5.776|5.946, 16(0):13.738|13.960
2730, 242(3):4.967|5.066, 255(0):1.187|1.874, 25(0):0.515|0.625, 21(0):5.593|5.755, 34(0):15.088|16.011
2740, 246(3):4.997|5.414, 231(0):0.988|1.039, 23(0):0.420|0.430, 25(0):5.981|6.257, 15(0):12.929|13.430
2750, 224(3):4.878|5.213, 240(0):1.046|1.149, 24(0):0.483|0.506, 20(0):5.642|5.887, 30(0):14.239|14.353
2760, 266(3):4.911|5.246, 318(0):1.051|1.260, 27(0):0.547|0.554, 33(0):6.053|6.137, 19(0):14.033|14.179
2770, 278(11):5.216|5.680, 275(0):1.072|1.371, 28(0):0.463|0.489, 24(0):5.509|5.781, 26(0):14.255|15.152
2780, 257(12):5.426|5.848, 232(0):1.149|2.076, 27(0):0.520|0.580, 30(0):5.941|6.263, 36(0):15.236|15.578
2790, 257(12):5.402|5.853, 254(0):1.338|2.731, 25(0):0.640|1.525, 28(0):7.221|7.401, 19(0):15.885|16.109
2800, 309(77):6.255|8.841, 314(0):1.280|1.663, 30(0):0.728|1.098, 24(0):7.739|9.117, 37(0):17.993|18.121
2810, 301(6):5.080|6.299, 297(0):1.105|2.626, 30(0):0.535|0.561, 30(0):6.104|6.237, 31(0):16.280|19.437
2820, 250(9):5.295|5.548, 236(0):1.107|1.254, 25(0):0.526|0.569, 27(0):5.870|5.926, 23(0):14.835|15.264
2830, 266(14):5.278|5.574, 277(0):1.071|1.141, 25(0):0.509|0.571, 25(0):5.886|6.441, 17(0):14.952|15.002
2840, 268(4):5.004|5.354, 289(0):1.009|1.069, 29(0):0.514|0.540, 24(0):5.749|5.925, 32(0):14.256|14.286
2850, 265(4):5.034|5.480, 264(0):0.969|1.088, 25(0):0.475|0.507, 27(0):5.479|5.567, 19(0):14.412|14.810
2860, 221(6):5.145|5.385, 196(0):1.053|1.099, 23(0):0.509|0.654, 28(0):5.633|6.007, 38(0):14.196|14.258
2870, 259(12):5.235|5.489, 275(0):1.085|1.189, 26(0):0.520|0.582, 24(0):6.016|6.017, 26(0):14.974|15.171
2880, 279(15):5.282|5.444, 250(0):1.156|1.600, 27(0):0.580|0.657, 27(0):6.249|6.604, 19(0):14.969|16.235
2890, 239(2):4.914|5.084, 257(0):1.185|1.289, 24(0):0.547|0.611, 21(0):5.656|6.265, 21(0):14.521|16.326
2900, 209(12):5.357|5.734, 223(0):1.137|1.374, 23(0):0.524|0.546, 21(0):5.991|6.264, 32(0):15.141|15.341
2910, 255(4):5.014|6.923, 238(0):1.045|1.127, 24(0):0.575|0.580, 27(0):6.318|6.365, 14(0):13.878|15.160
2920, 280(9):5.118|5.638, 270(0):1.076|1.161, 28(0):0.500|0.540, 37(0):6.302|6.761, 37(0):15.177|15.797
2930, 248(1):4.904|5.214, 281(0):0.984|1.124, 25(0):0.556|0.682, 15(0):5.409|5.938, 19(0):14.318|14.661
2940, 233(2):4.707|5.282, 263(0):0.916|0.936, 26(0):0.430|0.490, 24(0):5.420|5.528, 28(0):14.868|14.885
2950, 246(1):4.904|5.037, 210(0):0.949|1.071, 24(0):0.477|0.487, 32(0):5.506|5.543, 25(0):13.666|13.933
2960, 268(1):4.838|5.047, 278(0):1.029|1.914, 26(0):0.464|0.487, 19(0):5.977|6.008, 30(0):15.346|15.460
2970, 220(5):5.261|7.598, 191(0):1.035|1.211, 21(0):0.509|0.513, 24(0):5.899|6.006, 17(0):13.460|13.522
2980, 226(7):5.124|5.283, 241(0):1.057|1.309, 23(0):0.505|0.514, 20(0):6.439|6.536, 22(0):15.100|15.351
2990, 233(2):4.893|5.671, 203(0):0.983|1.074, 21(0):0.455|0.526, 27(0):5.653|5.707, 18(0):14.299|14.730
3000, 244(0):4.865|4.969, 266(0):1.062|1.267, 26(0):0.556|0.656, 24(0):5.691|5.956, 30(0):14.750|14.998
3010, 259(9):5.438|7.617, 265(0):1.157|1.287, 27(0):0.511|0.598, 28(0):6.402|6.484, 25(0):14.670|15.396
3020, 210(12):5.228|5.484, 215(0):1.003|1.222, 20(0):0.438|0.492, 18(0):6.253|6.658, 19(0):14.383|14.512
3030, 275(8):5.253|5.363, 279(0):1.075|1.481, 29(0):0.555|0.621, 28(0):6.132|6.586, 19(0):14.601|14.798
3040, 292(22):5.695|6.759, 280(0):1.070|1.521, 28(0):0.640|1.130, 28(0):6.224|7.002, 32(0):16.099|16.276
3050, 288(16):5.325|5.834, 316(0):1.126|1.253, 28(0):0.549|0.558, 27(0):6.126|6.227, 36(0):15.052|15.069
3060, 233(16):5.248|5.396, 204(0):1.034|1.159, 24(0):0.536|0.556, 27(0):5.823|9.678, 18(0):15.153|15.184
3070, 290(32):5.688|6.576, 298(0):1.197|1.278, 29(0):0.530|0.575, 21(0):6.498|6.501, 27(0):15.660|15.929
3080, 244(23):5.440|5.500, 249(0):1.146|1.265, 25(0):0.451|0.599, 27(0):6.320|6.335, 29(0):15.878|15.929
3090, 230(51):6.314|7.096, 211(0):1.658|1.831, 22(0):0.554|0.589, 32(0):7.126|7.505, 23(0):16.932|18.596
3100, 253(71):6.690|7.026, 258(0):1.319|1.468, 23(0):0.599|0.615, 15(0):7.516|7.600, 28(0):18.317|18.857
3110, 209(46):5.768|7.234, 222(0):1.299|1.718, 23(0):0.491|0.517, 29(0):6.675|6.679, 15(0):16.719|17.667
3120, 268(47):5.774|6.322, 240(0):1.123|1.188, 25(0):0.592|0.665, 28(0):6.527|6.815, 27(0):17.145|17.666
3130, 228(15):5.510|8.589, 242(0):1.133|1.220, 24(0):0.579|0.702, 20(0):6.237|6.266, 27(0):15.681|17.048
3140, 262(27):5.407|6.114, 257(0):1.118|1.373, 26(0):0.576|0.853, 30(0):6.588|6.632, 28(0):16.045|16.072
3150, 243(22):5.686|6.057, 250(0):1.183|1.409, 26(0):0.538|0.583, 18(0):6.163|6.483, 22(0):15.599|16.689
3160, 234(17):5.478|5.882, 291(0):1.024|1.468, 24(0):0.477|0.505, 25(0):6.390|6.414, 21(0):15.696|15.968
3170, 233(20):5.509|5.697, 177(0):1.385|1.685, 22(0):0.537|0.561, 24(0):6.315|6.347, 24(0):16.146|17.029
3180, 228(39):5.871|6.233, 218(0):1.234|1.925, 23(0):0.481|0.537, 22(0):6.528|6.647, 21(0):15.986|16.425
3190, 254(30):5.455|5.875, 250(0):1.103|4.937, 25(0):0.473|0.588, 17(0):6.524|6.559, 37(0):16.778|16.813
3200, 212(32):5.588|6.431, 207(0):1.166|1.247, 21(0):0.536|0.608, 31(0):6.744|6.917, 15(0):14.843|16.374
3210, 265(13):5.211|5.489, 294(0):1.085|1.107, 27(0):0.497|0.514, 28(0):6.336|6.393, 26(0):16.228|16.628
3220, 241(26):5.644|5.718, 235(0):1.081|1.396, 24(0):0.493|0.671, 21(0):6.067|6.140, 24(0):15.503|16.032
3230, 234(32):5.734|6.476, 247(0):1.199|1.398, 26(0):0.547|0.548, 21(0):6.406|6.660, 22(0):16.129|16.530
3240, 206(14):5.297|8.482, 207(0):1.133|1.408, 19(0):0.629|0.886, 20(0):6.329|6.649, 23(0):16.690|16.837
3250, 238(26):6.291|9.067, 239(0):1.119|1.217, 22(0):0.460|0.475, 28(0):6.052|6.061, 19(0):16.168|17.508
3260, 237(33):5.710|6.036, 217(0):1.378|1.709, 23(0):0.624|0.660, 30(0):6.451|6.519, 20(0):16.126|16.159
3270, 253(32):5.930|6.496, 252(0):1.398|4.228, 26(0):0.532|0.553, 19(0):6.127|6.487, 32(0):16.554|16.746
3280, 260(48):5.741|5.856, 238(0):1.148|1.384, 26(0):0.539|0.604, 22(0):6.546|7.055, 30(0):16.583|17.045
3290, 231(34):5.796|6.902, 263(0):1.261|1.390, 25(0):0.504|0.508, 25(0):6.468|6.498, 19(0):17.287|18.054
3300, 237(39):5.703|5.895, 217(0):1.282|1.445, 22(0):0.609|0.617, 25(0):6.516|6.705, 18(0):16.191|18.171
3310, 258(28):5.495|6.514, 287(0):1.211|2.478, 27(0):0.592|0.644, 23(0):6.286|6.381, 27(0):15.662|16.749
3320, 278(27):5.485|8.872, 267(0):1.077|1.162, 28(0):0.550|0.694, 34(0):6.595|6.684, 34(0):16.003|16.218
3330, 246(29):5.673|7.399, 246(0):1.124|1.183, 25(0):0.652|0.968, 19(0):6.452|6.635, 22(0):16.404|16.622
3340, 256(33):5.694|6.260, 252(0):1.157|1.499, 24(0):0.520|0.527, 31(0):6.423|6.571, 30(0):16.432|17.689
3350, 261(20):5.424|6.063, 220(0):1.067|1.134, 25(0):0.546|0.589, 23(0):6.184|6.244, 21(0):15.299|15.424
3360, 231(7):5.139|5.640, 303(0):1.056|1.455, 25(0):0.523|0.595, 22(0):6.171|6.223, 21(0):14.831|15.215
3370, 212(22):5.389|5.583, 233(0):1.218|1.678, 24(0):0.500|0.533, 21(0):6.040|6.156, 23(0):16.035|16.334
3380, 263(41):5.573|6.345, 217(0):1.176|1.256, 24(0):0.615|0.639, 26(0):6.678|6.728, 29(0):16.459|16.585
3390, 203(50):6.118|6.582, 251(0):1.287|2.394, 24(0):0.664|0.743, 24(0):7.192|7.725, 24(0):18.171|19.986
3400, 275(61):6.451|9.055, 228(0):1.343|1.503, 23(0):0.549|0.678, 15(0):6.993|7.015, 24(0):17.585|17.848
3410, 276(26):5.605|5.883, 254(0):1.126|1.329, 28(0):0.568|0.665, 41(0):6.885|7.533, 35(0):16.940|17.098
3420, 240(21):5.426|5.645, 233(0):0.982|1.088, 23(0):0.438|0.648, 16(0):6.400|6.497, 21(0):15.511|15.783
3430, 211(17):5.392|5.714, 238(0):1.146|1.511, 22(0):0.583|0.646, 31(0):6.769|7.577, 16(0):15.456|15.631
3440, 265(37):5.704|6.106, 247(0):1.086|1.169, 25(0):0.555|0.675, 24(0):6.642|6.977, 20(0):16.556|16.628
3450, 289(23):5.517|5.666, 258(0):1.189|4.463, 28(0):0.559|0.566, 28(0):6.746|7.368, 33(0):16.506|16.768
3460, 245(20):5.347|5.666, 264(0):1.280|1.469, 26(0):0.540|0.584, 19(0):6.391|7.000, 29(0):15.458|15.477
3470, 251(29):5.606|5.807, 277(0):1.152|1.677, 26(0):0.518|0.551, 29(0):6.557|6.734, 20(0):17.067|18.777
3480, 203(26):5.442|5.940, 213(0):1.061|1.425, 21(0):0.533|0.550, 26(0):6.290|6.293, 24(0):15.040|16.043
3490, 251(15):5.523|5.776, 251(0):1.157|1.417, 25(0):0.730|0.850, 21(0):6.148|6.323, 29(0):15.577|16.119
3500, 267(12):5.399|5.668, 234(0):1.074|1.155, 24(0):0.489|0.738, 20(0):5.953|6.248, 24(0):14.548|15.183
3510, 247(3):4.995|5.416, 278(0):1.259|1.395, 26(0):0.545|0.576, 26(0):6.035|6.394, 27(0):14.655|14.890
3520, 252(24):5.417|5.647, 268(0):1.134|1.414, 25(0):0.492|0.493, 29(0):6.212|6.333, 14(0):14.676|14.793
3530, 227(26):5.684|6.082, 216(0):1.076|1.173, 25(0):0.618|0.776, 22(0):6.275|6.287, 36(0):15.213|15.611
3540, 231(15):5.372|5.747, 230(0):1.093|1.195, 22(0):0.533|0.978, 24(0):6.117|6.196, 13(0):14.688|16.590
3550, 244(9):5.270|5.916, 223(0):1.129|1.202, 25(0):0.467|0.472, 21(0):6.145|6.163, 28(0):15.117|15.489
3560, 206(12):5.366|5.748, 228(0):1.112|1.705, 21(0):0.515|0.520, 23(0):5.921|6.019, 17(0):14.911|15.582
3570, 250(18):5.279|5.462, 245(0):1.126|1.490, 24(0):0.549|0.557, 28(0):6.380|6.459, 31(0):15.175|15.403
3580, 250(25):5.645|6.551, 245(0):1.209|1.355, 25(0):0.833|1.939, 23(0):6.318|6.566, 26(0):16.520|16.615
3590, 269(14):5.229|5.781, 271(0):1.111|1.271, 26(0):0.505|0.519, 23(0):6.256|7.487, 22(0):15.557|15.786
3600, 211(10):5.356|5.565, 210(0):1.118|1.243, 22(0):0.556|0.563, 27(0):6.079|6.293, 26(0):15.282|16.411
3610, 224(30):5.736|5.864, 263(0):1.174|1.329, 24(0):0.498|0.499, 18(0):6.171|6.607, 17(0):15.508|17.164
3620, 259(33):5.878|6.237, 254(0):1.290|2.077, 26(0):0.506|0.582, 25(0):6.350|6.459, 36(0):16.709|16.910
3630, 240(42):5.774|6.085, 198(0):1.268|1.509, 21(0):0.559|0.575, 26(0):6.605|6.693, 17(0):16.783|17.940
3640, 250(27):5.696|6.106, 229(0):1.232|1.438, 25(0):0.562|0.597, 26(0):6.428|6.835, 30(0):16.161|17.405
3650, 241(14):5.384|5.861, 272(0):1.025|1.412, 25(0):0.545|0.925, 27(0):5.962|6.171, 16(0):15.875|16.212
3660, 221(20):5.610|5.985, 221(0):1.175|1.488, 23(0):0.539|0.553, 26(0):6.242|6.443, 25(0):14.949|15.594
3670, 253(22):5.415|5.686, 216(0):1.069|1.207, 24(0):0.464|0.505, 16(0):5.890|5.972, 28(0):15.077|15.432
3680, 262(40):5.754|7.147, 287(0):1.304|1.506, 26(0):0.593|0.655, 33(0):6.591|6.798, 25(0):15.577|15.724
3690, 244(33):5.648|6.306, 264(0):1.089|1.171, 27(0):0.500|0.561, 26(0):6.560|6.573, 28(0):16.600|16.644
3700, 249(44):5.697|5.871, 234(0):1.167|1.281, 24(0):0.577|0.592, 24(0):6.492|6.509, 27(0):15.538|15.697
3710, 242(30):5.670|5.895, 234(0):1.111|1.313, 23(0):0.480|0.485, 16(0):6.120|6.485, 25(0):16.113|16.303
3720, 226(27):5.645|6.077, 279(0):1.059|1.268, 26(0):0.623|0.675, 33(0):6.461|6.564, 23(0):16.146|17.337
3730, 258(27):5.571|7.105, 208(0):1.156|1.585, 22(0):0.613|1.256, 21(0):6.713|6.918, 20(0):16.446|16.870
3740, 245(57):6.029|6.309, 250(0):1.516|3.093, 23(0):0.562|0.563, 20(0):6.485|6.780, 18(0):17.557|18.910
3750, 230(38):5.937|6.521, 218(0):1.159|1.294, 24(0):0.550|0.643, 28(0):6.902|6.909, 32(0):17.420|17.766
3760, 291(32):5.879|6.281, 280(0):1.127|1.389, 29(0):0.548|0.664, 26(0):6.607|7.032, 21(0):15.979|17.349
3770, 228(18):5.383|5.494, 236(0):1.130|1.292, 23(0):0.620|0.631, 24(0):5.965|5.987, 25(0):15.779|16.365
3780, 245(40):5.949|6.274, 261(0):1.181|1.745, 26(0):0.662|0.764, 24(0):6.872|7.736, 26(0):16.780|17.324
3790, 223(14):5.338|5.947, 219(0):1.147|1.431, 22(0):0.520|0.556, 21(0):6.012|6.602, 27(0):15.834|15.997
3800, 279(43):5.862|7.734, 284(0):1.417|1.609, 26(0):0.560|0.612, 30(0):6.504|6.747, 16(0):15.177|15.779
3810, 291(35):5.728|6.040, 288(0):1.263|1.513, 32(0):0.507|0.632, 24(0):6.338|6.568, 39(0):16.776|17.438
3820, 219(19):5.424|6.334, 253(0):1.111|1.150, 21(0):0.469|0.719, 29(0):6.433|6.589, 22(0):15.058|15.138
3830, 268(30):5.598|6.171, 237(0):1.218|1.517, 26(0):0.545|0.559, 21(0):6.185|6.469, 21(0):15.361|16.494
3840, 266(35):5.735|6.017, 251(0):1.176|1.998, 26(0):0.619|0.827, 30(0):6.343|6.404, 29(0):15.963|16.281
3850, 231(22):5.447|5.717, 239(0):1.225|1.289, 25(0):0.474|0.555, 27(0):6.474|7.091, 23(0):15.654|15.733
3860, 257(16):5.544|5.719, 221(0):1.077|2.112, 24(0):0.517|0.523, 21(0):6.237|6.485, 24(0):15.911|16.986
3870, 247(28):5.482|5.674, 301(0):1.146|1.318, 24(0):0.449|0.594, 26(0):6.504|6.786, 26(0):15.810|16.313
3880, 324(31):5.483|5.980, 322(0):1.105|1.434, 34(0):0.604|0.683, 33(0):6.611|6.792, 33(0):15.460|15.725
3890, 265(10):5.185|5.844, 243(0):0.981|1.540, 28(0):0.608|0.630, 29(0):5.974|5.990, 30(0):15.642|15.747
3900, 307(13):5.180|5.547, 284(0):1.045|1.065, 28(0):0.528|0.560, 26(0):5.922|6.181, 28(0):14.862|15.368
3910, 224(15):5.597|6.827, 250(0):1.071|1.325, 23(0):0.565|0.586, 25(0):6.077|6.106, 24(0):15.707|16.069
3920, 244(12):5.386|5.530, 273(0):1.039|1.189, 25(0):0.550|0.564, 17(0):5.860|5.890, 15(0):14.729|15.197
3930, 237(23):5.554|5.671, 219(0):1.077|1.512, 24(0):0.554|0.560, 33(0):6.113|6.280, 26(0):15.370|16.533
3940, 224(16):5.381|5.752, 222(0):1.095|1.278, 22(0):0.565|0.584, 19(0):6.014|6.205, 24(0):15.135|15.618
3950, 310(23):5.394|6.127, 313(0):1.189|1.369, 31(0):0.481|0.490, 29(0):6.041|6.161, 29(0):15.878|15.892
3960, 231(23):5.327|5.450, 230(0):1.235|1.700, 23(0):0.511|0.521, 19(0):6.468|6.715, 26(0):15.193|15.240
3970, 274(57):6.072|6.927, 261(0):1.213|1.562, 25(0):0.565|0.655, 35(0):6.484|6.542, 28(0):16.338|16.684
3980, 291(67):6.210|7.094, 304(0):1.165|1.393, 31(0):0.677|0.764, 26(0):6.341|6.962, 31(0):17.540|19.507
3990, 250(52):6.611|9.081, 259(0):1.743|2.365, 26(0):0.809|1.586, 27(0):6.676|7.021, 17(0):18.052|19.388
4000, 267(117):9.251|14.295, 270(0):2.095|3.039, 28(0):0.718|0.856, 29(0):10.050|10.143, 33(11):19.999|21.924
4010, 302(31):5.830|7.013, 277(0):1.405|1.592, 28(0):0.537|0.583, 30(0):6.672|6.741, 40(1):18.733|20.377
4020, 261(21):5.570|7.992, 275(0):1.354|1.511, 27(0):0.486|0.565, 20(0):6.823|6.954, 13(0):14.420|14.965
4030, 228(24):5.574|5.666, 222(0):1.265|1.606, 22(0):0.533|0.763, 23(0):6.196|6.211, 29(0):16.030|16.862
4040, 242(31):5.588|5.822, 245(0):1.111|1.538, 25(0):0.510|0.516, 26(0):6.427|6.458, 19(0):15.114|15.927
4050, 216(28):5.518|5.791, 192(0):1.310|1.620, 22(0):0.495|0.496, 25(0):6.379|6.398, 30(0):15.961|16.730
4060, 269(34):5.720|6.041, 285(0):1.265|1.326, 26(0):0.872|1.081, 28(0):6.901|7.709, 23(0):16.555|16.958
4070, 252(18):5.409|6.275, 268(0):1.642|1.859, 25(0):0.508|0.547, 19(0):6.376|6.753, 20(0):15.889|16.014
4080, 247(16):5.327|5.936, 251(0):1.085|1.234, 25(0):0.541|0.554, 28(0):5.981|6.213, 26(0):15.583|15.894
4090, 224(17):5.216|5.444, 245(0):1.082|1.255, 23(0):0.514|0.617, 26(0):6.050|6.278, 20(0):16.044|16.118
4100, 238(16):5.404|10.841, 227(0):1.077|1.249, 25(0):0.578|0.622, 22(0):6.044|6.137, 35(0):14.919|14.954
4110, 251(23):5.481|5.857, 196(0):1.092|1.115, 21(0):0.487|0.595, 21(0):6.297|6.301, 25(0):15.094|15.975
4120, 252(7):5.305|5.507, 309(0):1.102|1.283, 28(0):0.546|0.560, 29(0):6.276|6.958, 17(0):15.008|15.134
4130, 249(9):5.226|5.533, 206(0):1.024|1.167, 23(0):0.615|0.687, 25(0):5.952|6.289, 24(0):17.032|17.322
4140, 236(22):5.441|5.866, 241(0):1.233|2.479, 24(0):0.516|0.653, 15(0):6.006|6.138, 25(0):15.678|15.772
4150, 264(15):5.267|5.525, 284(0):1.172|1.352, 27(0):0.494|0.558, 37(0):6.429|6.432, 32(0):15.360|15.940
4160, 296(23):5.310|5.859, 303(0):1.124|1.420, 31(0):0.506|0.575, 24(0):5.935|6.222, 29(0):15.237|15.959
4170, 246(10):5.215|5.999, 236(0):1.088|1.216, 25(0):0.509|0.513, 25(0):6.324|6.425, 19(0):14.942|16.147
4180, 248(18):5.484|5.899, 252(0):1.169|1.279, 24(0):0.507|0.531, 34(0):5.945|6.078, 29(0):15.177|15.326
4190, 324(8):5.122|5.409, 312(0):0.989|1.094, 32(0):0.513|0.607, 31(0):5.686|5.919, 29(0):14.543|14.913
4200, 322(8):5.086|5.566, 320(0):1.069|1.985, 32(0):0.576|0.582, 32(0):5.762|5.836, 41(0):15.204|15.415
4210, 293(6):5.058|5.663, 322(0):0.998|1.080, 29(0):0.511|0.538, 20(0):5.737|5.885, 22(0):13.725|13.937
4220, 330(19):5.409|5.947, 308(0):1.072|1.298, 33(0):0.577|0.582, 33(0):6.330|6.678, 30(0):15.506|16.979
4230, 288(11):5.227|5.994, 306(0):1.054|1.209, 30(0):0.653|0.812, 32(0):6.017|9.209, 27(0):15.620|15.736
4240, 299(8):5.152|5.545, 252(0):1.257|1.763, 28(0):0.511|0.540, 24(0):5.679|5.704, 33(0):14.973|15.469
4250, 236(4):5.209|5.685, 255(0):1.068|1.255, 26(0):0.474|0.479, 34(0):6.092|6.144, 36(0):15.247|15.267
4260, 234(3):4.999|5.283, 235(0):1.030|1.174, 21(0):0.536|0.570, 18(0):5.722|6.117, 9(0):13.299|13.334
4270, 249(14):5.339|5.781, 247(0):1.202|1.860, 24(0):0.476|0.479, 26(0):6.556|7.896, 23(0):15.715|15.763
4280, 210(21):5.838|6.046, 236(0):1.087|1.248, 23(0):0.504|0.512, 21(0):6.665|6.840, 30(0):15.696|16.419
4290, 228(36):5.688|6.655, 227(0):1.242|1.373, 24(0):0.608|0.685, 18(0):6.389|6.484, 22(0):15.375|15.504
4300, 257(52):5.862|6.377, 262(0):1.391|1.622, 25(0):0.707|0.719, 30(0):7.309|7.341, 21(0):17.622|17.625
4310, 249(27):5.934|7.163, 225(0):1.181|1.927, 24(0):0.510|0.612, 22(0):6.589|6.726, 24(0):17.393|18.260
4320, 223(33):5.929|6.091, 215(0):1.083|1.393, 23(0):0.483|0.501, 26(0):6.414|6.429, 27(0):15.808|16.310
4330, 290(21):5.266|5.588, 301(0):1.052|1.320, 29(0):0.600|0.786, 35(0):6.276|6.484, 27(0):15.177|15.397
4340, 284(27):5.542|6.399, 304(0):1.149|1.365, 28(0):0.493|0.508, 22(0):6.110|6.168, 35(0):16.289|17.888
4350, 304(33):5.460|5.576, 253(0):1.084|1.538, 28(0):0.549|0.574, 27(0):6.125|6.256, 29(0):16.152|16.246
4360, 279(32):5.789|6.899, 327(0):1.196|1.372, 32(0):0.545|0.548, 33(0):6.418|6.645, 25(0):16.611|16.656
4370, 292(12):5.230|5.530, 285(0):1.038|1.098, 27(0):0.562|1.082, 19(0):6.338|6.579, 25(0):14.276|14.429
4380, 295(5):5.065|5.348, 267(0):0.985|1.064, 29(0):0.536|0.615, 39(0):5.739|5.832, 29(0):14.692|15.180
4390, 285(4):5.018|5.264, 302(0):0.980|1.150, 30(0):0.459|0.511, 26(0):5.762|5.791, 28(0):14.471|14.600
4400, 245(3):4.992|5.185, 221(0):0.998|1.075, 24(0):0.485|0.488, 23(0):5.861|5.863, 29(0):14.286|14.461
4410, 206(6):5.086|5.175, 236(0):1.021|1.114, 21(0):0.472|0.783, 32(0):5.821|5.897, 19(0):14.187|14.658
4420, 216(11):5.129|5.314, 205(0):0.974|1.885, 22(0):0.446|0.553, 19(0):5.699|5.715, 25(0):14.572|14.691
4430, 256(7):5.117|5.571, 267(0):1.010|1.156, 25(0):0.502|0.581, 18(0):5.923|6.046, 17(0):14.704|15.141
4440, 228(18):5.440|5.605, 229(0):1.074|1.215, 23(0):0.491|0.494, 26(0):5.896|6.391, 30(0):15.339|15.871
4450, 288(5):5.023|5.201, 294(0):1.097|1.842, 29(0):0.499|0.510, 25(0):5.668|5.832, 27(0):15.056|15.101
4460, 267(16):5.347|5.835, 244(0):1.046|1.399, 25(0):0.479|0.520, 30(0):5.970|6.070, 40(0):14.625|15.187
4470, 322(9):5.082|5.287, 327(0):0.996|1.036, 33(0):0.428|0.442, 32(0):5.977|6.081, 17(0):13.692|14.051
4480, 278(3):4.762|5.485, 295(0):1.142|1.622, 29(0):0.463|0.482, 21(0):5.803|5.828, 28(0):14.324|14.451
4490, 222(3):4.945|5.147, 218(0):0.979|1.195, 21(0):0.470|0.644, 30(0):5.888|5.961, 19(0):14.593|15.059
4500, 259(13):5.204|5.494, 261(0):1.093|1.160, 26(0):0.469|0.506, 23(0):6.133|6.184, 29(0):15.284|15.310
4510, 273(10):5.197|5.282, 270(0):0.973|1.122, 27(0):0.487|0.492, 26(0):5.851|6.220, 28(0):15.047|15.258
4520, 230(4):5.035|5.749, 249(0):1.006|1.135, 24(0):0.454|0.484, 23(0):6.207|6.440, 18(0):14.762|15.922
4530, 228(9):5.224|5.295, 233(0):1.120|1.248, 24(0):0.469|0.815, 26(0):5.950|6.002, 25(0):15.322|16.788
4540, 251(10):5.458|6.282, 230(0):0.970|1.110, 24(0):0.491|0.541, 27(0):5.930|6.028, 30(0):15.758|16.508
4550, 248(7):5.182|5.407, 233(0):0.978|1.380, 24(0):0.475|0.696, 23(0):5.580|5.622, 23(0):13.646|13.788
4560, 226(2):4.913|5.443, 247(0):1.203|1.402, 22(0):0.500|0.735, 22(0):5.826|5.920, 23(0):14.416|14.509
4570, 213(8):5.108|5.710, 217(0):1.036|1.167, 23(0):0.448|0.547, 21(0):5.833|6.252, 18(0):14.830|14.897
4580, 280(17):5.336|5.441, 266(0):1.098|1.220, 27(0):0.565|0.600, 25(0):6.214|6.640, 32(0):15.640|16.021
4590, 301(18):5.232|5.870, 285(0):1.277|1.594, 29(0):0.534|0.535, 32(0):6.235|6.819, 24(0):16.024|16.357
4600, 272(40):6.093|6.771, 287(0):1.238|1.396, 28(0):0.574|0.778, 25(0):7.059|7.872, 30(0):16.581|16.785
4610, 234(18):5.412|5.615, 279(0):1.043|1.233, 26(0):0.471|0.593, 22(0):6.525|6.627, 24(0):15.873|15.983
4620, 250(25):5.428|5.695, 217(0):1.129|1.184, 24(0):0.517|0.555, 30(0):6.005|6.222, 31(0):15.261|15.401
4630, 233(7):5.183|5.787, 240(0):1.085|1.199, 24(0):0.447|0.471, 25(0):6.037|6.124, 26(0):14.809|14.825
4640, 284(8):5.145|5.294, 240(0):1.008|1.050, 26(0):0.478|0.494, 29(0):6.151|6.458, 23(0):14.464|14.966
4650, 240(11):5.285|5.960, 257(0):1.113|1.458, 26(0):0.505|0.559, 24(0):5.964|6.096, 28(0):14.989|15.049
4660, 262(18):5.439|5.996, 266(0):1.069|1.191, 25(0):0.538|0.582, 25(0):5.836|5.901, 18(0):15.718|15.888
4670, 236(6):5.101|5.228, 255(0):1.004|1.138, 24(0):0.516|0.544, 19(0):5.751|5.796, 26(0):14.369|15.797
4680, 212(4):5.005|5.063, 212(0):1.002|1.034, 21(0):0.520|0.576, 25(0):5.834|5.867, 21(0):14.343|16.198
4690, 241(5):5.100|5.192, 223(0):0.959|1.257, 23(0):0.506|0.586, 23(0):5.720|6.021, 26(0):14.006|15.435
4700, 230(13):5.306|5.414, 222(0):1.008|1.056, 23(0):0.487|0.525, 27(0):5.803|5.881, 25(0):14.209|14.439
4710, 285(7):5.125|5.366, 261(0):0.992|1.239, 28(0):0.486|0.735, 22(0):5.924|5.930, 22(0):14.487|14.753
4720, 291(7):5.224|5.420, 322(0):1.050|1.159, 30(0):0.528|0.575, 33(0):5.710|5.980, 29(0):15.254|15.271
4730, 225(7):5.166|5.755, 218(0):0.920|1.054, 23(0):0.453|0.609, 25(0):5.567|5.892, 25(0):14.667|15.614
4740, 229(1):4.933|5.021, 240(0):1.056|1.097, 23(0):0.543|0.591, 20(0):5.945|6.067, 22(0):14.633|15.718
4750, 256(8):5.200|5.573, 264(0):1.027|1.379, 26(0):0.441|0.471, 26(0):5.820|6.434, 27(0):14.340|14.526
4760, 247(2):4.958|5.208, 250(0):0.995|1.168, 24(0):0.499|0.535, 24(0):5.914|5.961, 29(0):15.999|16.364
4770, 250(3):4.977|5.478, 257(0):0.994|1.198, 26(0):0.614|0.645, 21(0):5.980|6.071, 17(0):15.416|16.765
4780, 220(10):5.313|5.448, 210(0):0.986|1.474, 22(0):0.507|0.589, 28(0):5.862|5.868, 22(0):15.560|15.870
4790, 230(10):5.217|5.349, 228(0):0.975|1.018, 21(0):0.561|0.626, 19(0):5.787|5.894, 23(0):15.052|15.776
4800, 232(14):5.233|5.291, 196(0):1.088|1.343, 24(0):0.518|0.578, 29(0):6.061|6.290, 29(0):15.042|15.356
4810, 262(5):5.093|5.325, 271(0):1.011|1.059, 26(0):0.523|0.624, 22(0):6.093|6.322, 24(0):14.063|14.773
4820, 198(6):5.154|5.267, 216(0):1.019|1.180, 20(0):0.530|0.545, 16(0):5.858|6.096, 16(0):13.814|13.994
4830, 236(12):5.429|5.800, 256(0):1.090|1.105, 23(0):0.500|0.523, 22(0):5.959|5.964, 22(0):14.981|15.476
4840, 214(12):5.402|5.745, 183(0):1.003|1.006, 20(0):0.445|0.448, 26(0):5.963|5.997, 29(0):15.176|15.899
4850, 212(7):5.222|5.311, 269(0):1.080|1.382, 26(0):0.438|0.445, 21(0):5.879|5.887, 23(0):16.149|16.172
4860, 242(17):5.349|5.659, 209(0):1.206|1.430, 23(0):0.487|0.506, 25(0):5.810|5.965, 22(0):14.746|14.909
4870, 232(14):5.445|5.619, 225(0):1.054|1.203, 22(0):0.498|0.507, 21(0):5.891|5.908, 19(0):15.151|15.520
4880, 253(8):5.144|5.653, 243(0):1.037|1.070, 25(0):0.516|0.533, 22(0):5.837|5.974, 24(0):15.484|15.620
4890, 161(14):5.369|5.454, 185(0):1.177|1.423, 18(0):0.655|0.846, 27(0):6.212|7.066, 30(0):16.506|17.083
4900, 270(36):5.876|6.103, 261(0):1.095|1.552, 25(0):0.541|0.574, 21(0):6.972|7.252, 14(0):15.553|16.238
4910, 243(43):7.365|8.891, 261(1):1.519|6.933, 26(0):0.681|0.766, 22(0):8.078|10.924, 25(1):16.701|20.369
4920, 215(87):9.150|12.035, 198(2):4.886|5.806, 21(0):0.769|0.829, 23(0):12.117|13.746, 24(4):19.999|24.706
4930, 214(75):7.686|17.477, 223(1):1.727|8.840, 22(0):0.638|0.687, 33(0):9.146|11.740, 35(3):19.999|21.253
4940, 266(52):6.201|13.440, 216(1):1.556|6.379, 24(0):0.612|0.723, 15(0):8.267|8.334, 18(1):19.431|20.116
4950, 248(73):8.695|11.266, 267(0):3.009|4.391, 25(0):1.080|1.848, 30(0):7.660|8.305, 19(0):19.270|19.751
4960, 285(65):9.523|12.011, 292(2):1.834|6.413, 29(0):0.687|0.743, 27(0):9.779|11.806, 30(4):19.999|22.266
4970, 222(54):7.938|11.851, 233(1):1.333|7.309, 24(0):0.569|0.771, 19(0):8.933|9.613, 18(1):18.321|20.796
4980, 216(35):6.827|10.018, 231(0):1.613|3.317, 20(0):0.658|0.733, 23(0):8.207|9.649, 19(1):17.709|21.184
4990, 197(8):5.790|9.580, 168(0):0.987|1.054, 20(0):0.454|0.476, 25(0):6.521|6.532, 24(0):16.262|16.773
5000, 247(3):4.978|5.363, 224(0):0.971|1.370, 22(0):0.406|0.409, 19(0):5.710|6.036, 16(0):14.450|15.869
5010, 223(2):4.905|5.688, 241(0):1.018|1.259, 24(0):0.557|0.707, 18(0):5.620|5.623, 34(0):14.718|15.191
5020, 207(4):5.009|5.155, 208(0):1.090|1.104, 22(0):0.475|0.665, 31(0):5.784|5.788, 20(0):14.593|14.648
5030, 224(14):5.327|5.484, 231(0):1.134|1.465, 23(0):0.590|0.719, 20(0):5.969|6.051, 27(0):15.559|15.664
5040, 255(26):5.434|5.604, 261(0):1.044|1.116, 24(0):0.496|0.498, 22(0):6.120|6.529, 20(0):14.487|14.582
5050, 241(18):5.343|5.936, 224(0):1.071|1.160, 24(0):0.516|0.607, 22(0):6.195|6.534, 20(0):15.436|16.210
5060, 204(18):5.402|5.792, 212(0):1.151|1.338, 21(0):0.487|0.517, 25(0):6.121|6.154, 21(0):15.981|16.514
5070, 263(21):5.499|5.771, 252(0):1.101|1.193, 25(0):0.526|0.725, 22(0):6.267|6.451, 29(0):15.795|15.912
5080, 278(24):5.653|5.840, 297(0):1.303|1.391, 30(0):0.569|0.650, 29(0):6.303|6.750, 29(0):16.270|16.273
5090, 246(11):5.362|5.764, 260(0):1.079|1.305, 25(0):0.446|0.495, 29(0):6.287|6.405, 24(0):15.424|15.567
5100, 288(24):5.322|5.411, 255(0):1.077|1.213, 25(0):0.552|0.557, 24(0):6.382|6.521, 20(0):14.719|14.784
5110, 229(22):5.503|5.676, 228(0):1.163|1.326, 25(0):0.448|0.523, 25(0):6.194|6.480, 29(0):16.677|16.948
5120, 220(26):5.485|5.764, 244(0):1.211|1.293, 23(0):0.552|0.559, 16(0):6.233|6.413, 18(0):16.039|17.179
5130, 211(35):5.526|6.033, 243(0):1.128|2.055, 22(0):0.632|0.661, 25(0):6.399|6.939, 30(0):15.010|16.111
5140, 231(31):5.570|5.908, 199(0):1.133|1.323, 21(0):0.511|0.561, 27(0):6.295|6.723, 17(0):15.440|15.475
5150, 276(28):5.546|6.688, 261(0):1.170|1.373, 26(0):0.516|0.593, 20(0):5.852|6.191, 22(0):16.648|16.914
5160, 220(21):5.465|6.037, 220(0):1.139|1.199, 25(0):0.607|0.641, 33(0):6.374|6.398, 35(0):15.761|16.057
5170, 238(16):5.361|5.705, 246(0):1.036|1.406, 24(0):0.474|0.540, 21(0):5.694|5.745, 22(0):13.923|14.815
5180, 212(11):5.248|5.473, 237(0):1.069|4.760, 20(0):0.434|0.521, 12(0):6.185|6.354, 16(0):14.982|15.571
5190, 219(27):5.643|6.354, 206(0):1.161|1.822, 21(0):0.525|0.529, 28(0):6.661|6.786, 20(0):16.672|17.081
5200, 279(50):5.730|6.173, 269(0):1.311|1.905, 30(0):0.592|0.655, 32(0):6.693|6.893, 33(0):16.432|16.688
5210, 295(15):5.523|6.594, 289(0):1.053|1.097, 29(0):0.488|0.583, 26(0):6.098|6.410, 25(0):14.821|15.718
5220, 234(36):5.512|5.582, 245(0):1.195|1.292, 23(0):0.538|0.545, 20(0):6.533|6.743, 29(0):15.602|15.849
5230, 219(35):5.682|5.850, 240(0):1.317|1.886, 23(0):0.523|0.529, 24(0):6.417|6.869, 22(0):15.782|16.002
5240, 252(28):5.592|6.151, 232(0):1.235|1.443, 23(0):0.535|2.109, 28(0):6.642|6.898, 24(0):16.185|16.247
5250, 223(19):5.527|5.759, 217(0):1.095|1.197, 23(0):0.541|0.582, 19(0):6.462|6.631, 23(0):16.028|16.031
5260, 230(28):5.621|5.792, 227(0):1.163|1.243, 24(0):0.641|0.760, 32(0):6.659|6.696, 26(0):15.925|16.234
5270, 266(46):5.781|5.833, 267(0):1.113|1.229, 27(0):0.538|0.570, 23(0):6.062|6.622, 24(0):16.348|16.404
5280, 209(18):5.421|5.571, 223(0):1.072|1.265, 19(0):0.518|0.607, 18(0):5.840|5.973, 23(0):16.082|16.904
5290, 231(26):5.608|5.724, 248(0):1.139|1.496, 24(0):0.501|0.508, 20(0):5.986|6.109, 19(0):15.550|15.617
5300, 252(19):5.475|5.534, 209(0):1.039|1.146, 24(0):0.558|0.565, 24(0):6.313|6.532, 21(0):14.715|15.453
5310, 236(20):5.561|5.994, 236(0):1.135|1.300, 23(0):0.506|0.514, 29(0):6.336|6.488, 27(0):15.945|16.616
5320, 242(14):5.543|5.822, 223(0):1.125|1.195, 25(0):0.570|0.684, 19(0):6.277|6.347, 25(0):14.793|15.055
5330, 205(29):5.520|5.601, 242(0):1.139|1.306, 23(0):0.486|0.510, 25(0):6.288|6.886, 23(0):15.925|17.322
5340, 208(25):5.440|5.645, 188(0):1.112|1.247, 18(0):0.474|0.474, 20(0):6.071|6.171, 26(0):15.827|16.731
5350, 214(27):5.458|5.925, 218(0):1.066|1.156, 23(0):0.475|0.528, 19(0):6.436|6.492, 15(0):14.928|15.065
5360, 223(22):5.446|5.833, 219(0):1.022|1.155, 22(0):0.633|0.729, 30(0):6.081|6.093, 23(0):16.234|16.916
5370, 218(32):5.534|5.874, 231(0):1.106|1.151, 22(0):0.587|0.663, 20(0):6.277|6.317, 19(0):15.761|17.325
5380, 234(42):5.758|6.236, 236(0):1.080|1.143, 22(0):0.657|0.684, 20(0):6.545|6.715, 29(0):16.162|17.475
5390, 229(21):5.290|6.470, 241(0):1.095|1.150, 24(0):0.526|0.531, 26(0):6.234|6.527, 15(0):15.407|16.268
5400, 239(20):5.359|6.044, 224(0):1.104|1.218, 23(0):0.530|0.624, 15(0):6.000|6.164, 27(0):15.582|16.400
5410, 225(30):5.458|5.639, 222(0):1.136|1.303, 24(0):0.482|0.493, 25(0):6.318|6.333, 24(0):15.778|16.246
5420, 214(22):5.399|6.263, 230(0):1.073|1.168, 21(0):0.697|0.795, 26(0):6.302|6.444, 24(0):14.850|15.099
5430, 247(23):5.432|5.715, 239(0):1.052|1.288, 25(0):0.621|0.623, 21(0):6.164|6.593, 21(0):15.761|17.434
5440, 256(13):5.429|5.511, 281(0):1.019|1.128, 27(0):0.517|0.601, 27(0):6.518|6.789, 38(0):15.245|15.959
5450, 245(19):5.342|5.822, 218(0):1.105|1.235, 24(0):0.574|1.056, 29(0):6.299|6.308, 22(0):14.366|14.460
5460, 255(31):5.587|5.887, 258(0):1.215|1.235, 22(0):0.494|0.527, 16(0):6.474|7.176, 13(0):15.485|15.549
5470, 230(18):5.448|5.670, 224(0):1.046|1.205, 23(0):0.535|0.541, 27(0):6.488|6.504, 23(0):15.386|15.449
5480, 203(5):5.072|5.644, 211(0):1.062|1.317, 22(0):0.457|0.470, 17(0):5.967|5.990, 21(0):15.676|15.692
5490, 265(19):5.370|5.790, 257(0):1.173|1.346, 26(0):0.493|0.675, 31(0):6.480|6.483, 22(0):14.543|16.584
5500, 218(46):6.538|7.544, 226(0):1.263|1.963, 23(0):0.559|0.682, 22(0):7.049|7.241, 26(0):16.773|18.224
5510, 211(55):5.868|5.977, 208(0):1.146|1.390, 21(0):0.541|0.553, 14(0):6.778|7.141, 19(0):17.342|17.567
5520, 223(44):5.864|6.233, 223(0):1.227|1.605, 20(0):0.604|0.607, 25(0):7.205|7.210, 19(0):16.981|17.750
5530, 209(25):5.486|5.653, 207(0):1.141|1.535, 22(0):0.596|0.683, 24(0):6.818|6.833, 28(0):16.593|17.345
5540, 230(35):5.560|5.942, 227(0):1.048|1.258, 24(0):0.541|0.650, 29(0):6.192|6.758, 28(0):15.944|16.296
5550, 262(39):5.493|5.689, 283(0):1.366|1.473, 27(0):0.538|0.594, 19(0):6.290|6.441, 24(0):15.592|16.143
5560, 259(38):5.742|6.197, 240(0):1.212|1.808, 25(0):0.547|0.572, 25(0):6.350|6.446, 21(0):16.413|17.188
5570, 209(17):5.575|5.764, 209(0):1.142|1.277, 22(0):0.479|0.514, 24(0):6.641|6.812, 24(0):15.742|15.813
5580, 254(26):5.495|5.725, 258(0):1.092|1.445, 24(0):0.544|0.739, 22(0):6.265|7.372, 21(0):16.360|17.180
5590, 201(28):5.361|5.700, 220(0):0.992|1.391, 21(0):0.582|0.586, 21(0):6.241|6.824, 20(0):15.603|15.663
5600, 226(11):5.115|5.442, 192(0):1.047|1.131, 21(0):0.497|0.568, 29(0):6.132|6.448, 29(0):15.663|16.727
5610, 242(18):5.229|5.782, 226(0):1.043|1.112, 25(0):0.471|0.472, 22(0):6.464|7.025, 22(0):15.981|16.152
5620, 245(23):5.526|5.685, 274(0):1.105|1.244, 25(0):0.516|0.573, 23(0):6.606|6.976, 18(0):15.603|16.287
5630, 255(20):5.445|6.263, 246(0):1.126|1.246, 24(0):0.461|0.471, 22(0):6.276|6.303, 26(0):16.025|17.735
5640, 211(12):5.224|5.346, 239(0):1.062|1.323, 23(0):0.486|0.539, 25(0):6.462|7.068, 30(0):15.723|16.350
5650, 269(27):5.338|6.144, 256(0):1.054|1.247, 27(0):0.509|0.618, 25(0):6.170|6.215, 21(0):15.842|16.231
5660, 264(23):5.271|5.396, 273(0):1.134|1.189, 26(0):0.533|0.571, 26(0):5.884|5.935, 27(0):15.375|16.902
5670, 238(20):5.358|5.668, 234(0):1.025|1.110, 25(0):0.498|0.547, 26(0):6.219|6.254, 27(0):15.822|16.207
5680, 225(12):5.337|5.588, 245(0):1.213|1.380, 23(0):0.509|0.563, 25(0):6.169|6.355, 21(0):14.920|15.541
5690, 280(18):5.296|5.707, 238(0):1.174|1.348, 23(0):0.547|0.724, 21(0):6.183|6.267, 22(0):15.603|16.174
5700, 243(16):5.428|5.590, 268(0):1.203|1.836, 26(0):0.510|0.624, 27(0):6.303|6.562, 26(0):16.010|16.701
5710, 206(29):5.533|5.769, 197(0):1.092|1.184, 22(0):0.509|0.531, 21(0):6.322|6.432, 27(0):16.170|17.029
5720, 233(17):5.504|5.827, 244(0):1.144|1.215, 24(0):0.544|0.568, 28(0):6.457|6.638, 22(0):15.917|16.362
5730, 241(28):5.478|5.963, 214(0):1.145|1.628, 22(0):0.527|0.551, 23(0):6.199|6.761, 27(0):15.187|16.348
5740, 222(27):5.405|9.650, 232(0):1.180|1.284, 22(0):0.599|0.664, 18(0):6.097|6.450, 19(0):15.254|15.520
5750, 251(24):5.663|6.465, 247(0):1.161|1.275, 26(0):0.510|0.525, 23(0):6.211|6.279, 31(0):16.392|16.859
5760, 258(23):5.561|5.781, 246(0):1.076|1.195, 25(0):0.531|0.541, 30(0):6.106|6.251, 15(0):15.408|15.547
5770, 190(10):5.268|5.757, 217(0):1.037|1.171, 22(0):0.624|0.672, 20(0):5.972|6.003, 22(0):15.625|16.358
5780, 231(23):5.342|5.369, 248(0):1.014|1.175, 23(0):0.489|0.537, 22(0):5.979|6.117, 30(0):15.941|16.094
5790, 239(15):5.569|5.920, 222(0):1.293|1.494, 23(0):0.581|0.599, 23(0):6.104|6.266, 19(0):15.325|15.424
5800, 276(73):6.372|8.537, 267(0):1.304|1.377, 26(0):0.554|0.589, 28(0):7.225|8.501, 30(0):17.606|17.671
5810, 246(19):5.351|5.909, 250(0):1.034|1.188, 26(0):0.504|1.060, 26(0):6.502|6.525, 23(0):16.125|16.942
5820, 215(15):5.264|5.511, 216(0):1.116|1.417, 22(0):0.480|0.690, 23(0):6.195|6.360, 25(0):15.420|16.513
5830, 258(15):5.242|5.386, 255(0):1.070|1.287, 25(0):0.454|0.525, 17(0):6.015|6.136, 20(0):14.338|15.180
5840, 251(9):5.075|5.849, 260(0):1.063|1.232, 24(0):0.524|0.713, 24(0):6.012|6.215, 22(0):14.894|15.197
5850, 207(12):5.287|5.588, 214(0):1.062|1.248, 22(0):0.520|0.531, 31(0):5.853|5.881, 23(0):14.693|15.083
5860, 258(23):5.577|5.623, 235(0):1.078|1.174, 24(0):0.506|0.529, 26(0):5.947|6.023, 33(0):14.689|14.909
5870, 202(7):5.041|5.230, 229(0):0.961|1.084, 23(0):0.442|0.460, 15(0):5.730|5.767, 20(0):15.401|15.971
5880, 253(12):5.177|5.646, 187(0):1.100|1.245, 22(0):0.488|0.503, 30(0):5.774|6.057, 21(0):14.831|15.046
5890, 215(3):4.979|5.119, 247(0):0.955|1.280, 24(0):0.489|0.510, 19(0):5.658|5.786, 26(0):15.023|15.556
5900, 234(12):5.125|5.232, 243(0):1.020|1.166, 23(0):0.499|0.514, 22(0):5.829|5.830, 16(0):14.529|14.986
5910, 229(5):5.040|5.184, 233(0):0.998|1.134, 23(0):0.500|0.556, 23(0):5.835|5.848, 29(0):14.628|15.106
5920, 259(7):5.154|5.641, 298(0):1.224|1.373, 27(0):0.483|0.542, 25(0):5.870|6.002, 25(0):15.091|15.163
5930, 232(6):5.067|5.561, 200(0):1.006|1.244, 21(0):0.480|0.592, 23(0):5.919|6.020, 21(0):14.871|15.203
5940, 224(9):5.070|5.382, 241(0):1.004|1.073, 24(0):0.498|0.544, 28(0):6.270|6.333, 31(0):14.781|15.659
5950, 229(20):5.516|6.194, 207(0):1.196|1.211, 23(0):0.532|0.538, 25(0):6.305|6.405, 19(0):15.330|15.935
5960, 253(39):5.690|6.099, 249(0):1.192|1.282, 25(0):0.603|0.710, 19(0):6.560|6.642, 18(0):16.314|17.531
5970, 260(39):5.486|5.763, 230(0):1.233|1.432, 24(0):0.622|0.669, 20(0):6.492|6.510, 26(0):16.663|16.846
5980, 237(44):5.569|5.870, 223(0):1.280|1.478, 22(0):0.596|0.752, 28(0):6.837|6.874, 21(0):15.881|16.978
5990, 224(27):5.661|5.971, 265(0):1.169|1.223, 24(0):0.490|0.570, 21(0):6.639|6.842, 22(0):15.833|16.796
6000, 212(37):5.644|6.210, 223(0):1.128|1.608, 22(0):0.539|0.624, 24(0):6.660|7.222, 21(0):15.985|16.335
error at thread_main
error at thread_main
error at thread_main
error at thread_main
error at thread_main
error at thread_main
error at thread_main
error at thread_main
error at thread_main
error at thread_main
error at thread_main
error at thread_main
error at thread_main
error at thread_main
error at thread_main
error at thread_main
error at thread_main
error at thread_main
error at thread_main
error at thread_main
error at thread_main
error at thread_main
error at thread_main
error at thread_main
error at thread_main
error at thread_main
error at thread_main
error at thread_main
error at thread_main
error at thread_main
error at thread_main
error at thread_main
error at thread_main
error at thread_main
error at thread_main
error at thread_main
error at thread_main
error at thread_main
error at thread_main
error at thread_main
error at thread_main
error at thread_main
error at thread_main
error at thread_main
error at thread_main
error at thread_main
error at thread_main
error at thread_main
error at thread_main
error at thread_main
error at thread_main
error at thread_main
error at thread_main
error at thread_main
error at thread_main
error at thread_main
error at thread_main
error at thread_main
error at thread_main
error at thread_main
error at thread_main
error at thread_main
error at thread_main
error at thread_main
error at thread_main
error at thread_main
error at thread_main
error at thread_main
error at thread_main
error at thread_main
error at thread_main
error at thread_main
error at thread_main
error at thread_main
6010, 221(25):5.797|8.619, 228(0):1.138|1.484, 24(0):0.631|0.859, 24(0):6.307|6.459, 26(0):15.832|16.093
6020, 227(23):5.832|6.530, 204(0):1.323|1.635, 21(0):0.625|0.680, 24(0):6.580|7.135, 25(0):15.927|16.070
6030, 242(35):5.708|8.072, 254(0):1.214|1.399, 26(0):0.584|0.598, 26(0):7.020|7.205, 23(0):16.367|16.367
6040, 267(48):5.679|6.245, 251(0):1.211|1.772, 25(0):0.490|0.491, 26(0):6.415|6.529, 26(0):16.089|17.846
6050, 247(32):5.554|6.424, 224(0):1.224|1.579, 24(0):0.483|0.510, 26(0):6.202|6.255, 26(0):16.495|16.560
6060, 255(29):5.664|6.111, 266(0):1.231|1.302, 25(0):0.515|0.532, 18(0):6.495|6.812, 27(0):15.481|17.494
6070, 244(32):5.712|7.541, 253(0):1.079|1.224, 25(0):0.469|0.513, 24(0):6.515|6.581, 25(0):16.381|16.427
6080, 203(34):5.506|6.165, 216(0):1.155|1.539, 23(0):0.558|0.589, 29(0):6.571|7.686, 27(0):16.188|17.349
6090, 199(32):6.019|6.164, 178(0):1.453|1.577, 17(0):0.587|0.680, 11(0):6.591|6.878, 13(0):15.111|15.602
6100, 251(71):6.282|6.953, 255(0):1.448|1.492, 26(0):0.631|0.799, 33(0):7.252|7.340, 25(0):18.098|18.118
6110, 237(53):6.313|7.561, 254(0):1.153|1.225, 24(0):0.553|0.559, 12(0):7.002|7.132, 22(0):17.380|17.584
6120, 228(37):5.566|5.846, 262(0):1.293|2.878, 25(0):0.559|0.732, 30(0):6.831|7.465, 22(0):15.701|15.731
6130, 250(37):6.265|8.466, 229(0):1.156|1.196, 23(0):0.570|0.666, 29(0):6.684|6.818, 29(0):16.211|16.494
6140, 250(47):5.576|5.773, 223(0):1.171|1.331, 23(0):0.494|0.660, 17(0):6.584|7.045, 17(0):16.308|16.837
6150, 225(48):6.205|6.515, 238(0):1.253|1.687, 24(0):0.697|0.697, 24(0):7.391|7.400, 23(0):17.229|17.465
6160, 259(58):5.994|6.359, 278(0):1.210|2.344, 27(0):0.722|0.877, 27(0):7.363|7.777, 23(0):17.001|17.240
6170, 196(40):5.949|6.072, 181(0):1.120|1.239, 17(0):0.507|0.512, 16(0):6.679|7.007, 19(0):17.655|17.958
6180, 232(46):6.000|6.160, 233(0):1.325|1.680, 26(0):0.522|0.704, 29(0):6.795|6.849, 31(0):16.833|19.309
6190, 255(44):5.927|7.274, 256(0):1.113|1.128, 23(0):0.517|0.549, 25(0):6.576|6.831, 21(0):16.607|16.908
6200, 214(27):5.715|6.972, 238(0):1.119|1.218, 25(0):0.518|0.521, 22(0):6.298|7.043, 25(0):17.467|17.469
6210, 217(31):5.686|5.847, 221(0):1.130|1.143, 21(0):0.651|0.753, 20(0):6.649|6.723, 25(0):17.478|18.718
6220, 231(44):5.740|6.177, 217(0):1.128|2.629, 22(0):0.555|0.715, 25(0):6.527|6.705, 22(0):17.320|18.411
6230, 226(33):5.714|5.832, 202(0):1.103|1.247, 23(0):0.505|0.542, 22(0):6.431|6.558, 28(0):15.406|16.942
6240, 224(23):5.572|5.633, 246(0):1.112|1.314, 22(0):0.519|0.536, 26(0):6.590|6.639, 20(0):15.381|15.399
6250, 307(44):5.767|5.962, 287(0):1.159|1.210, 30(0):0.584|0.745, 22(0):7.076|7.573, 26(0):15.534|15.861
6260, 266(23):5.534|5.727, 272(0):1.113|1.214, 27(0):0.559|0.617, 35(0):6.722|6.887, 32(0):16.919|16.924
6270, 292(30):5.788|8.114, 306(0):1.117|1.346, 30(0):0.479|0.537, 25(0):6.180|6.371, 23(0):15.011|15.653
6280, 264(37):5.727|6.142, 247(0):1.319|2.002, 26(0):0.551|0.607, 22(0):6.435|6.555, 25(0):16.891|18.528
6290, 258(24):5.776|6.367, 245(0):1.158|1.565, 26(0):0.483|0.493, 30(0):6.627|6.966, 31(0):16.202|16.644
6300, 234(30):5.599|5.742, 234(0):1.174|1.357, 22(0):0.534|0.744, 23(0):6.548|7.002, 21(0):15.826|16.105
6310, 265(35):5.544|5.752, 273(0):1.258|1.582, 26(0):0.589|0.808, 22(0):6.492|6.720, 23(0):15.582|15.972
6320, 221(28):5.488|5.791, 237(0):1.154|1.315, 24(0):0.468|0.491, 24(0):6.452|6.523, 31(0):16.964|17.091
6330, 242(35):5.819|6.591, 230(0):1.188|1.394, 23(0):0.577|0.786, 27(0):6.651|7.084, 21(0):16.839|17.041
6340, 247(47):5.815|6.290, 224(0):1.158|1.433, 25(0):0.529|0.554, 24(0):6.699|7.045, 22(0):16.056|16.906
6350, 195(15):5.250|5.428, 255(0):1.152|1.331, 22(0):0.520|0.545, 25(0):5.931|6.170, 25(0):15.507|16.650
6360, 236(8):5.234|5.381, 215(0):1.020|1.101, 23(0):0.554|0.724, 18(0):5.772|5.828, 20(0):14.230|14.638
6370, 260(12):5.235|5.463, 241(0):1.042|1.116, 25(0):0.546|0.627, 27(0):6.020|6.203, 23(0):15.370|15.747
6380, 242(14):5.453|5.790, 267(0):1.093|1.309, 25(0):0.491|0.585, 23(0):6.183|7.175, 24(0):15.373|15.423
6390, 268(27):5.706|6.119, 255(0):1.495|2.137, 25(0):0.578|0.579, 24(0):6.247|6.359, 31(0):16.767|17.136
6400, 275(88):7.081|7.514, 267(0):1.493|1.723, 27(0):0.560|1.116, 28(0):8.318|8.351, 23(0):18.444|19.351
6410, 250(41):6.176|8.046, 287(0):1.158|1.875, 28(0):0.487|0.496, 34(0):6.813|7.175, 27(0):17.787|17.902
6420, 253(22):5.375|7.136, 241(0):1.202|2.347, 24(0):0.512|0.556, 16(0):6.370|6.453, 26(0):16.545|19.427
6430, 267(42):5.887|6.288, 276(0):1.238|1.448, 27(0):0.559|0.720, 29(0):6.354|6.587, 29(0):16.315|16.830
6440, 264(36):5.754|6.105, 269(0):1.122|1.239, 26(0):0.515|0.979, 33(0):6.996|7.007, 27(0):16.269|16.282
6450, 257(35):5.704|5.976, 259(0):1.220|1.716, 27(0):0.587|0.694, 19(0):6.820|6.875, 25(0):16.323|16.359
6460, 227(39):5.927|6.959, 199(0):1.390|2.162, 20(0):0.572|0.607, 23(0):6.959|7.193, 13(0):16.392|17.443
6470, 214(41):6.066|6.848, 210(0):1.162|1.856, 22(0):0.533|0.549, 24(0):6.964|6.970, 31(0):18.257|19.447
6480, 248(35):5.640|7.254, 238(0):1.152|2.738, 25(0):0.515|0.572, 23(0):6.664|6.817, 23(0):16.600|16.944
6490, 212(9):5.094|5.504, 222(0):1.072|1.586, 21(0):0.598|0.655, 23(0):6.733|6.742, 18(0):16.629|16.939
6500, 230(10):5.218|5.277, 198(0):1.043|1.237, 23(0):0.534|0.544, 24(0):6.644|6.700, 25(0):15.475|15.657
6510, 227(3):4.966|5.696, 238(0):1.016|1.367, 22(0):0.467|0.554, 22(0):5.768|5.902, 21(0):14.829|14.899
6520, 251(5):5.139|5.310, 288(0):1.053|1.432, 28(0):0.495|0.541, 22(0):5.838|6.712, 32(0):14.705|15.461
6530, 258(14):5.225|5.774, 237(0):1.086|1.193, 24(0):0.533|0.621, 30(0):8.650|9.060, 22(0):15.462|15.487
6540, 237(12):5.354|5.996, 245(0):1.101|1.216, 24(0):0.651|0.841, 17(0):6.040|6.728, 21(0):15.087|15.763
6550, 207(16):5.347|5.521, 237(0):1.010|1.111, 22(0):0.455|0.475, 25(0):6.265|6.338, 20(0):15.043|16.485
6560, 250(15):5.252|5.421, 221(0):1.084|1.157, 25(0):0.466|0.485, 28(0):5.854|5.924, 24(0):15.447|15.519
6570, 260(19):5.238|5.681, 233(0):1.103|1.150, 22(0):0.548|0.617, 16(0):6.007|6.058, 30(0):14.949|15.149
6580, 203(20):5.345|5.678, 238(0):1.063|1.248, 25(0):0.539|0.542, 29(0):6.171|6.456, 25(0):14.637|14.668
6590, 276(17):5.561|7.550, 267(0):1.091|1.452, 24(0):0.546|0.700, 23(0):6.283|6.315, 21(0):15.552|16.014
6600, 253(22):5.419|5.493, 232(0):1.174|1.633, 27(0):0.495|0.849, 33(0):6.318|7.835, 32(0):14.615|14.806
6610, 255(15):5.330|6.349, 246(0):1.023|1.173, 24(0):0.576|0.633, 19(0):5.837|6.440, 17(0):14.440|14.855
6620, 258(13):5.342|5.517, 269(0):1.048|1.181, 26(0):0.501|0.878, 29(0):6.035|6.429, 27(0):14.998|15.108
6630, 272(13):5.180|5.284, 253(0):1.109|1.222, 27(0):0.512|0.569, 23(0):6.404|6.471, 35(0):14.758|14.837
6640, 304(8):5.075|5.561, 312(0):1.165|2.571, 31(0):0.525|0.777, 32(0):5.977|6.014, 27(0):14.086|14.429
6650, 282(19):5.536|7.948, 308(0):1.414|1.829, 29(0):0.657|0.746, 29(0):6.354|6.426, 31(0):15.367|16.774
6660, 261(24):5.553|5.751, 279(0):1.159|1.240, 27(0):0.467|0.491, 25(0):6.418|6.552, 21(0):16.000|16.572
6670, 248(15):5.523|5.697, 244(0):1.125|1.903, 24(0):0.465|0.586, 24(0):6.142|6.143, 18(0):16.167|16.259
6680, 218(26):5.488|5.519, 186(0):1.113|1.128, 22(0):0.458|0.566, 21(0):6.342|6.533, 26(0):15.206|15.472
6690, 244(19):5.387|5.791, 234(0):1.107|1.672, 22(0):0.496|1.143, 30(0):6.068|8.455, 28(0):15.527|17.118
6700, 246(39):6.000|6.359, 239(0):1.117|1.441, 25(0):0.567|0.624, 18(0):6.559|6.730, 20(0):16.415|17.743
6710, 221(14):5.268|6.328, 241(0):1.182|2.204, 21(0):0.491|0.497, 21(0):6.139|6.276, 30(0):14.977|15.026
6720, 243(25):5.683|6.155, 230(0):1.254|1.680, 27(0):0.647|0.734, 31(0):6.507|6.741, 24(0):15.341|15.399
6730, 201(28):5.581|8.723, 224(0):1.130|1.240, 21(0):0.506|0.526, 20(0):6.964|7.012, 21(0):16.733|17.623
6740, 254(34):5.630|6.972, 250(0):1.096|1.255, 24(0):0.480|0.550, 18(0):6.496|7.136, 25(0):15.091|15.108
6750, 244(31):5.689|7.017, 267(0):1.279|2.530, 26(0):0.583|0.585, 33(0):6.554|6.700, 17(0):15.408|15.795
6760, 251(45):5.728|6.192, 271(0):1.323|1.546, 26(0):0.541|0.623, 20(0):6.485|7.001, 29(0):17.667|18.301
6770, 232(31):5.644|5.825, 198(0):1.100|1.150, 20(0):0.561|0.564, 23(0):6.337|6.596, 23(0):16.306|16.628
6780, 226(22):5.409|7.774, 252(0):1.207|1.445, 24(0):0.463|0.602, 22(0):6.247|6.647, 21(0):15.735|17.337
6790, 229(23):5.434|5.967, 186(0):1.152|1.172, 22(0):0.522|0.529, 25(0):6.439|6.591, 24(0):15.271|15.889
6800, 231(36):5.531|6.521, 213(0):1.144|1.217, 22(0):0.505|0.639, 25(0):6.705|6.806, 20(0):16.702|17.072
6810, 241(17):5.612|5.969, 265(0):1.209|1.564, 26(0):0.562|0.856, 21(0):6.525|6.918, 27(0):16.786|17.065
6820, 277(14):5.499|5.635, 283(0):1.138|1.602, 28(0):0.500|0.566, 35(0):6.337|6.434, 32(0):15.372|15.939
6830, 317(3):4.931|5.173, 328(0):1.074|1.474, 30(0):0.413|0.419, 20(0):5.533|5.626, 28(0):14.074|14.376
6840, 281(5):5.227|5.702, 286(0):1.064|1.152, 32(0):0.604|0.631, 31(0):5.610|5.616, 37(0):14.468|14.597
6850, 240(1):4.786|5.111, 235(0):1.048|1.166, 22(0):0.495|0.534, 29(0):5.474|5.810, 20(0):13.478|13.803
6860, 264(5):5.062|5.899, 222(0):1.004|1.038, 25(0):0.495|0.506, 25(0):5.750|6.058, 33(0):14.686|16.925
6870, 247(60):6.167|7.617, 281(0):1.307|1.634, 22(0):0.568|0.995, 22(0):6.634|6.709, 10(0):15.759|17.054
6880, 254(15):5.358|5.577, 244(0):1.127|1.820, 28(0):0.467|0.511, 31(0):6.009|6.112, 28(0):15.454|16.570
6890, 269(6):5.225|6.257, 253(0):1.048|2.387, 26(0):0.458|0.471, 25(0):5.901|5.956, 23(0):14.111|14.220
6900, 223(1):4.753|5.008, 267(0):0.992|1.045, 24(0):0.442|0.638, 20(0):5.460|5.480, 31(0):14.085|14.347
6910, 213(0):4.586|4.845, 178(0):1.008|1.106, 21(0):0.424|0.433, 25(0):5.511|5.661, 17(0):13.519|13.713
6920, 238(1):4.908|5.068, 266(0):1.018|1.079, 25(0):0.481|0.517, 22(0):5.485|5.519, 21(0):12.684|13.056
6930, 222(3):4.969|5.238, 235(0):1.036|1.073, 22(0):0.442|0.535, 20(0):6.033|6.108, 21(0):14.222|14.835
6940, 233(5):5.262|7.316, 227(0):0.952|1.304, 24(0):0.467|0.475, 29(0):5.615|5.677, 31(0):14.635|15.553
6950, 270(5):5.042|5.474, 241(0):1.037|1.180, 25(0):0.580|0.864, 16(0):5.384|5.419, 22(0):14.046|14.432
6960, 203(4):5.021|5.284, 241(0):1.005|1.194, 23(0):0.448|0.514, 23(0):5.827|6.031, 21(0):14.317|14.787
6970, 260(13):5.395|5.551, 229(0):1.109|1.348, 24(0):0.499|0.534, 33(0):6.079|6.360, 27(0):15.421|15.451
6980, 216(21):5.505|5.944, 212(0):1.098|1.179, 21(0):0.473|0.482, 16(0):6.011|6.051, 19(0):15.619|16.098
6990, 163(24):5.415|6.220, 178(0):1.284|1.608, 19(0):0.518|0.671, 24(0):6.783|6.936, 24(0):17.115|17.677
7000, 330(85):6.274|6.657, 281(0):1.378|2.455, 29(0):0.640|1.093, 30(0):7.627|7.821, 30(0):17.140|17.292
7010, 217(26):5.602|6.179, 291(0):1.135|1.191, 26(0):0.560|0.778, 24(0):6.718|6.731, 18(0):16.459|16.604
7020, 237(45):5.581|6.083, 198(0):1.083|1.092, 21(0):0.480|0.521, 21(0):6.816|7.257, 26(0):15.891|16.795
7030, 215(28):5.707|6.157, 222(0):1.091|1.158, 22(0):0.503|0.535, 18(0):6.636|6.699, 21(0):15.715|17.490
7040, 235(40):5.871|9.203, 215(0):1.146|1.336, 23(0):0.507|0.713, 29(0):6.813|7.239, 25(0):17.615|17.679
7050, 219(32):5.820|6.344, 218(0):1.197|2.037, 21(0):0.597|0.659, 18(0):6.639|6.945, 19(0):16.561|17.631
7060, 227(28):5.915|6.497, 248(0):1.422|3.234, 24(0):0.591|0.593, 24(0):6.616|6.654, 26(0):17.064|18.380
7070, 213(32):5.669|5.805, 242(0):1.024|1.233, 23(0):0.490|0.557, 18(0):6.443|6.577, 17(0):16.178|17.066
7080, 216(28):5.479|5.557, 175(0):1.101|1.578, 19(0):0.595|0.598, 22(0):6.488|6.514, 18(0):15.868|16.392
7090, 244(29):5.740|6.253, 241(0):1.101|1.586, 23(0):0.495|0.566, 24(0):6.482|6.549, 22(0):15.411|15.569
7100, 187(20):5.468|5.803, 237(0):1.151|1.230, 22(0):0.463|0.483, 18(0):6.700|6.908, 23(0):15.720|15.875
7110, 231(29):5.656|6.012, 193(0):1.097|1.531, 22(0):0.495|0.510, 28(0):6.605|7.679, 31(0):16.596|17.199
7120, 282(25):5.618|6.612, 269(0):1.346|1.488, 28(0):0.470|0.769, 22(0):6.709|6.867, 31(0):15.533|15.787
7130, 235(15):5.326|5.498, 237(0):1.068|1.138, 24(0):0.514|1.345, 31(0):6.291|6.389, 16(0):15.447|16.008
7140, 219(19):5.372|5.682, 252(0):1.183|2.928, 22(0):0.473|0.489, 23(0):6.063|6.268, 23(0):14.392|14.634
7150, 249(34):5.666|6.447, 257(0):1.176|1.221, 25(0):0.529|0.597, 25(0):6.181|6.370, 24(0):15.563|15.591
7160, 245(21):5.449|5.762, 254(0):1.055|1.302, 25(0):0.637|0.645, 17(0):6.250|6.781, 24(0):15.875|16.593
7170, 194(28):5.665|5.681, 172(0):1.133|1.328, 20(0):0.503|0.547, 21(0):6.814|6.936, 27(0):16.697|17.313
7180, 240(46):5.937|6.155, 241(0):1.136|1.316, 23(0):0.653|0.753, 26(0):6.835|7.048, 16(0):16.455|16.724
7190, 206(29):5.481|5.817, 211(0):1.093|1.119, 19(0):0.512|0.572, 17(0):6.406|6.485, 20(0):16.478|17.469
7200, 181(15):5.337|5.555, 189(0):1.108|1.188, 21(0):0.467|0.489, 25(0):6.366|6.602, 23(0):16.271|16.655

STOPPING THREADS......................................................................................................................................................................................................................................................................................................................................

<Raw Results>
  [0] sc:166345  lt:14985  rt:0  fl:0 
  [1] sc:181337  lt:11  rt:0  fl:0 
  [2] sc:18136  lt:0  rt:0  fl:0 
  [3] sc:18141  lt:0  rt:0  fl:0 
  [4] sc:18106  lt:33  rt:0  fl:0 
 in 7200 sec.

<Raw Results2(sum ver.)>
  [0] sc:166345  lt:14985  rt:0  fl:0 
  [1] sc:181337  lt:11  rt:0  fl:0 
  [2] sc:18136  lt:0  rt:0  fl:0 
  [3] sc:18141  lt:0  rt:0  fl:0 
  [4] sc:18106  lt:33  rt:0  fl:0 

<Constraint Check> (all must be [OK])
 [transaction percentage]
        Payment: 43.48% (>=43.0%) [OK]
   Order-Status: 4.35% (>= 4.0%) [OK]
       Delivery: 4.35% (>= 4.0%) [OK]
    Stock-Level: 4.35% (>= 4.0%) [OK]
 [response time (at least 90% passed)]
      New-Order: 91.74%  [OK]
        Payment: 99.99%  [OK]
   Order-Status: 100.00%  [OK]
       Delivery: 100.00%  [OK]
    Stock-Level: 99.82%  [OK]

<TpmC>
                 1511.083 TpmC
Start: 2013-08-07 15:33:34 - Finish: 2013-08-07 17:53:38
AVG Idle CPU: 0.00
AVG Commit: 86.63
