***************************************
*** ###easy### TPC-C Load Generator ***
***************************************
option h with value '192.241.149.101'
option d with value 'tpcc'
option u with value 'root'
option p with value 'password'
option w with value '40'
option c with value '400'
option r with value '1200'
option l with value '7200'
<Parameters>
     [server]: 192.241.149.101
     [port]: 3306
     [DBname]: tpcc
       [user]: root
       [pass]: password
  [warehouse]: 40
 [connection]: 400
     [rampup]: 1200 (sec.)
    [measure]: 7200 (sec.)

RAMP-UP TIME.(1200 sec.)

MEASURING START.

  10, 125(20):5.675|9.138, 147(0):1.194|3.903, 12(0):0.662|4.204, 15(0):7.103|10.708, 17(0):17.712|20.513
  20, 189(19):5.630|6.070, 167(0):1.156|1.230, 18(0):0.508|0.511, 16(0):6.946|7.340, 20(0):16.462|16.575
  30, 205(16):5.330|7.442, 219(0):1.205|1.283, 21(0):0.650|0.669, 19(0):6.630|6.776, 12(0):16.210|16.808
  40, 121(14):5.700|5.983, 154(0):1.037|1.209, 14(0):0.515|0.528, 11(0):6.327|6.598, 20(0):15.948|16.168
  50, 205(22):5.407|5.671, 161(0):1.261|1.380, 18(0):0.501|0.507, 20(0):6.436|6.680, 19(0):16.375|16.843
  60, 171(28):5.570|5.888, 169(0):1.211|1.302, 16(0):0.574|0.577, 20(0):6.533|6.719, 12(0):16.270|17.287
  70, 116(9):5.274|5.614, 118(0):1.104|1.207, 14(0):0.451|0.480, 15(0):6.325|7.064, 16(0):16.759|16.779
  80, 165(23):5.446|5.587, 178(0):1.094|1.098, 17(0):0.460|0.607, 17(0):6.376|6.582, 17(0):16.134|16.141
  90, 214(26):5.525|5.670, 209(0):1.082|1.266, 20(0):0.509|0.526, 16(0):6.374|6.668, 21(0):16.173|16.211
 100, 203(17):5.483|5.963, 194(0):1.145|1.809, 21(0):0.578|0.586, 23(0):6.316|6.317, 18(0):16.142|16.556
 110, 136(19):5.323|5.506, 134(0):1.162|1.532, 13(0):0.446|0.540, 15(0):6.619|6.821, 16(0):16.953|17.121
 120, 162(19):5.380|5.526, 170(0):1.166|1.470, 16(0):0.472|0.474, 17(0):6.412|6.628, 16(0):16.596|16.791
 130, 177(25):5.648|5.867, 181(0):1.127|1.621, 19(0):0.572|0.627, 14(0):6.184|6.239, 13(0):15.745|16.400
 140, 138(16):5.433|5.509, 148(0):1.181|2.177, 14(0):0.470|0.583, 17(0):6.532|6.573, 16(0):16.616|16.740
 150, 166(21):5.730|5.908, 160(0):1.157|1.225, 16(0):0.474|0.528, 20(0):6.440|6.597, 18(0):17.096|18.862
 160, 227(4):5.000|5.204, 199(0):1.032|1.086, 22(0):0.454|0.514, 16(0):5.809|6.063, 21(0):15.672|16.993
 170, 147(18):5.463|5.538, 166(0):1.141|1.194, 15(0):0.398|0.452, 14(0):6.180|6.289, 18(0):14.754|16.250
 180, 162(12):5.414|5.559, 169(0):1.114|1.327, 17(0):0.527|0.624, 15(0):6.105|6.238, 12(0):15.585|15.629
 190, 172(17):5.529|5.876, 148(0):1.168|1.210, 16(0):0.473|0.542, 17(0):6.495|6.617, 16(0):16.764|17.283
 200, 200(15):5.372|5.538, 205(0):1.206|1.511, 19(0):0.536|0.553, 23(0):7.137|7.754, 21(0):16.058|16.900
 210, 195(23):5.632|6.026, 212(0):1.127|1.180, 20(0):0.490|0.519, 21(0):6.519|6.597, 24(0):16.112|17.036
 220, 204(17):5.326|5.903, 218(0):1.053|1.214, 22(0):0.469|0.529, 21(0):6.267|6.328, 15(0):16.002|16.675
 230, 178(16):5.518|5.722, 170(0):1.089|1.116, 17(0):0.469|0.542, 15(0):6.055|6.076, 23(0):16.127|16.572
 240, 151(7):5.302|5.383, 158(0):1.070|1.094, 16(0):0.498|0.524, 17(0):6.191|6.201, 13(0):16.918|17.773
 250, 201(25):5.598|9.227, 171(0):1.094|1.259, 18(0):0.472|0.503, 16(0):6.343|6.916, 16(0):16.372|17.034
 260, 153(21):5.626|5.713, 142(0):1.126|1.410, 16(0):0.551|0.795, 22(0):6.307|6.402, 16(0):16.538|16.728
 270, 192(40):6.173|13.141, 209(0):1.237|3.787, 20(0):0.489|0.531, 16(0):7.212|7.459, 22(0):16.629|17.575
 280, 149(39):5.958|6.380, 154(0):1.184|1.226, 15(0):0.569|0.603, 18(0):6.988|7.735, 16(0):17.391|17.657
 290, 178(44):6.125|6.235, 173(0):1.207|1.335, 17(0):0.639|0.656, 14(0):6.778|6.836, 19(0):16.784|16.910
 300, 150(32):5.755|5.997, 130(0):1.204|1.324, 14(0):0.505|0.772, 16(0):6.914|7.141, 13(0):17.031|17.639
 310, 127(19):5.747|5.917, 160(0):1.094|1.128, 14(0):0.556|0.712, 13(0):6.831|7.252, 12(0):17.416|17.567
 320, 136(20):5.433|5.803, 152(0):1.109|1.232, 14(0):0.512|0.534, 12(0):6.484|6.759, 19(0):17.362|17.666
 330, 214(31):5.483|5.840, 200(0):1.229|1.354, 20(0):0.490|0.751, 19(0):6.584|6.804, 18(0):16.425|17.035
 340, 134(18):5.456|5.957, 148(0):1.167|1.256, 14(0):0.586|0.654, 15(0):6.462|6.834, 11(0):15.821|16.065
 350, 178(27):5.766|6.313, 177(0):1.087|1.143, 18(0):0.514|0.535, 16(0):6.749|6.762, 22(0):16.589|17.462
 360, 136(23):5.471|5.540, 120(0):1.134|1.442, 14(0):0.503|0.539, 15(0):6.553|6.715, 15(0):15.843|17.341
 370, 161(20):5.669|6.125, 169(0):1.207|1.312, 16(0):0.547|0.665, 15(0):6.289|6.374, 14(0):15.453|16.550
 380, 169(16):5.642|6.254, 148(0):1.074|1.181, 16(0):0.549|0.571, 19(0):6.603|6.788, 15(0):16.278|17.283
 390, 145(20):5.460|5.617, 159(0):1.287|1.884, 16(0):0.517|0.603, 17(0):6.591|6.619, 17(0):16.183|16.671
 400, 149(25):5.527|5.578, 156(0):1.125|1.155, 15(0):0.503|0.552, 14(0):6.454|6.565, 13(0):16.222|16.759
 410, 181(19):5.368|5.507, 171(0):1.107|1.122, 18(0):0.492|0.570, 21(0):6.524|6.586, 16(0):16.629|16.759
 420, 165(15):5.566|5.906, 175(0):1.080|1.146, 16(0):0.571|0.590, 15(0):6.677|6.785, 19(0):16.752|17.025
 430, 127(13):5.519|5.585, 122(0):1.107|1.284, 12(0):0.581|0.690, 10(0):6.095|6.540, 14(0):15.857|16.016
 440, 160(28):5.649|6.037, 154(0):1.131|1.137, 17(0):0.539|0.559, 18(0):6.213|6.601, 16(0):16.476|16.577
 450, 173(30):5.561|5.674, 163(0):1.141|1.271, 16(0):0.468|0.513, 18(0):6.929|7.323, 16(0):16.477|16.764
 460, 154(15):5.389|5.767, 162(0):1.145|1.259, 17(0):0.450|0.506, 14(0):6.434|6.465, 20(0):16.457|16.886
 470, 151(17):5.420|5.673, 160(0):1.011|1.151, 14(0):0.503|0.629, 13(0):6.313|6.518, 13(0):15.427|16.331
 480, 151(22):5.433|5.757, 143(0):1.092|1.258, 16(0):0.465|0.505, 18(0):6.367|6.718, 15(0):15.802|16.660
 490, 236(32):5.509|5.901, 212(0):1.099|1.312, 22(0):0.548|0.663, 24(0):6.440|6.503, 17(0):16.292|16.417
 500, 153(11):5.281|5.807, 175(0):1.140|1.157, 16(0):0.506|0.627, 17(0):6.339|6.785, 15(0):16.392|16.425
 510, 141(24):5.705|5.919, 139(0):1.117|1.200, 14(0):0.503|0.561, 9(0):6.495|6.707, 17(0):16.280|16.606
 520, 148(28):5.787|8.016, 142(0):1.149|1.784, 14(0):0.449|0.500, 19(0):6.763|6.897, 17(0):16.453|16.678
 530, 141(27):5.825|6.940, 156(0):1.137|1.247, 16(0):0.515|0.528, 8(0):6.530|6.582, 11(0):16.048|16.773
 540, 163(13):5.452|5.644, 165(0):1.164|1.626, 17(0):0.495|0.544, 21(0):6.400|6.718, 20(0):17.169|17.208
 550, 152(26):5.803|5.848, 155(0):1.177|1.283, 15(0):0.506|0.518, 14(0):6.546|6.828, 14(0):16.425|16.593
 560, 121(21):5.530|5.608, 141(0):1.165|1.378, 12(0):0.469|0.491, 13(0):6.759|6.814, 16(0):16.036|17.284
 570, 164(42):5.843|5.936, 160(0):1.350|2.032, 17(0):0.525|0.548, 14(0):6.902|7.653, 16(0):17.869|17.873
 580, 197(35):5.786|5.941, 176(0):1.065|1.131, 19(0):0.520|0.542, 16(0):6.683|6.870, 15(0):16.684|17.101
 590, 152(17):5.644|8.220, 162(0):1.145|1.235, 15(0):0.462|0.467, 20(0):6.753|7.068, 18(0):16.769|17.609
 600, 123(13):5.438|5.554, 120(0):1.157|1.252, 12(0):0.498|0.514, 14(0):6.495|6.533, 8(0):16.089|16.213
 610, 123(32):5.879|6.010, 126(0):1.172|1.243, 12(0):0.506|0.574, 11(0):6.534|6.593, 15(0):17.282|17.549
 620, 179(38):6.069|6.236, 161(0):1.165|1.360, 18(0):0.567|0.574, 19(0):6.807|7.752, 16(0):18.008|18.051
 630, 142(32):5.660|5.977, 128(0):1.245|3.353, 13(0):0.635|0.779, 16(0):6.712|7.483, 15(0):16.895|16.928
 640, 122(27):5.966|6.210, 142(0):1.123|1.261, 13(0):0.489|0.497, 10(0):7.014|7.051, 16(0):17.313|17.600
 650, 176(36):5.710|5.874, 136(0):1.086|1.265, 16(0):0.477|0.556, 18(0):6.506|6.662, 13(0):16.705|16.905
 660, 150(19):5.647|5.898, 186(0):1.257|1.356, 17(0):0.547|0.656, 18(0):6.836|7.031, 15(0):16.192|17.260
 670, 124(22):5.556|5.769, 125(0):1.338|2.852, 12(0):0.539|0.650, 6(0):6.324|6.755, 12(0):16.489|16.983
 680, 175(21):5.554|7.589, 204(0):1.049|1.291, 19(0):0.569|0.588, 21(0):6.648|6.676, 22(0):16.469|16.561
 690, 191(27):5.668|5.990, 166(0):1.103|1.144, 18(0):0.498|0.558, 14(0):6.633|7.555, 17(0):15.929|16.338
 700, 133(20):5.781|6.146, 162(0):1.087|1.117, 14(0):0.482|0.560, 14(0):6.734|7.014, 12(0):15.789|16.584
 710, 152(21):5.620|5.752, 153(0):1.111|1.429, 15(0):0.514|0.616, 19(0):6.442|6.657, 14(0):16.019|16.596
 720, 184(36):5.655|5.997, 140(0):1.165|1.189, 17(0):0.627|0.632, 14(0):6.571|6.677, 20(0):17.589|19.025
 730, 122(20):5.518|5.772, 113(0):1.076|1.209, 11(0):0.534|0.555, 15(0):6.707|7.247, 12(0):16.806|17.778
 740, 152(30):6.005|6.046, 158(0):1.235|1.312, 16(0):0.580|0.593, 15(0):6.814|9.135, 16(0):16.560|17.074
 750, 227(23):5.552|5.613, 251(0):1.138|1.389, 25(0):0.485|0.493, 19(0):6.725|6.792, 19(0):16.710|17.534
 760, 151(28):5.691|6.021, 154(0):1.218|1.387, 14(0):0.520|1.137, 23(0):6.680|7.093, 18(0):16.380|16.619
 770, 144(20):5.384|5.494, 144(0):1.076|1.466, 15(0):0.516|0.543, 11(0):6.614|7.116, 14(0):16.093|16.917
 780, 144(27):5.696|5.993, 125(0):1.073|1.244, 13(0):0.524|0.531, 14(0):6.738|6.740, 17(0):16.280|17.867
 790, 176(21):5.339|5.505, 186(0):1.130|1.357, 18(0):0.457|0.516, 19(0):6.623|6.900, 21(0):15.865|16.271
 800, 146(20):5.414|5.524, 150(0):1.221|1.297, 15(0):0.469|0.557, 17(0):6.430|6.799, 14(0):16.497|17.128
 810, 209(31):5.658|6.397, 207(0):1.107|1.236, 20(0):0.537|0.633, 16(0):6.696|6.816, 16(0):16.336|16.472
 820, 172(20):5.643|5.940, 193(0):1.065|1.503, 19(0):0.643|0.724, 20(0):6.490|6.804, 15(0):15.577|16.878
 830, 130(20):5.651|5.728, 108(0):1.028|1.066, 12(0):0.544|0.549, 11(0):6.360|6.846, 16(0):15.938|16.160
 840, 145(24):5.521|5.731, 142(0):1.114|1.293, 14(0):0.529|0.534, 16(0):6.638|6.667, 15(0):16.971|17.520
 850, 137(28):5.730|5.781, 124(0):1.147|1.611, 13(0):0.486|0.819, 12(0):6.590|6.917, 10(0):16.179|16.283
 860, 201(27):5.923|5.963, 210(0):1.220|1.370, 21(0):0.553|0.777, 17(0):6.847|8.122, 22(0):17.171|17.504
 870, 164(50):6.262|6.745, 182(0):1.316|2.018, 17(0):0.600|2.960, 21(0):6.754|6.784, 16(0):17.991|18.026
 880, 161(44):6.348|7.010, 148(0):1.230|1.314, 16(0):0.581|0.588, 14(0):7.890|7.987, 19(0):18.635|19.353
 890, 183(27):5.807|6.106, 170(0):1.236|1.298, 19(0):0.577|0.591, 18(0):7.314|7.484, 17(0):18.811|18.941
 900, 168(38):6.078|6.156, 172(0):1.215|1.304, 16(0):0.494|0.573, 21(0):6.962|7.020, 18(0):17.465|18.952
 910, 156(40):6.186|6.420, 142(0):1.193|1.295, 15(0):0.560|0.613, 16(0):6.834|6.939, 13(0):17.265|17.610
 920, 143(44):6.164|6.530, 148(0):1.168|1.677, 14(0):0.517|0.545, 14(0):6.754|6.793, 17(0):17.286|18.888
 930, 177(35):5.810|5.894, 195(0):1.129|1.186, 19(0):0.545|0.594, 17(0):7.128|7.250, 21(0):19.160|19.221
 940, 159(27):5.787|5.847, 167(0):1.250|1.326, 16(0):0.548|0.843, 18(0):6.622|6.667, 10(0):16.800|17.575
 950, 179(21):5.582|5.614, 158(0):1.261|1.452, 18(0):0.532|0.551, 15(0):6.489|6.691, 21(0):16.206|16.626
 960, 139(18):5.614|6.098, 148(0):1.139|1.153, 13(0):0.518|0.659, 13(0):6.366|6.379, 15(0):15.355|16.512
 970, 170(38):5.805|5.843, 139(0):1.245|1.255, 15(0):0.520|0.529, 20(0):6.772|6.916, 14(0):17.033|17.064
 980, 152(23):5.553|5.562, 162(0):1.164|1.319, 17(0):0.572|0.579, 14(0):6.485|6.972, 14(0):16.460|18.046
 990, 172(32):5.849|6.529, 194(0):1.169|1.336, 18(0):0.537|0.547, 19(0):6.725|6.755, 21(0):17.010|17.802
1000, 125(20):5.611|5.930, 132(0):1.183|1.535, 13(0):0.514|0.537, 12(0):6.807|7.041, 12(0):16.406|16.552
1010, 166(27):5.684|6.214, 154(0):1.127|1.182, 15(0):0.486|0.511, 13(0):6.411|6.478, 17(0):17.311|17.853
1020, 121(26):5.806|6.142, 119(0):1.124|1.290, 12(0):0.497|0.509, 15(0):6.941|7.029, 13(0):16.074|16.225
1030, 157(20):5.706|6.168, 177(0):1.184|1.593, 19(0):0.476|0.483, 16(0):6.427|6.446, 17(0):16.961|17.075
1040, 192(20):5.505|5.863, 199(0):1.313|1.443, 17(0):0.521|0.542, 15(0):6.528|6.636, 16(0):16.754|16.867
1050, 157(27):5.817|5.893, 148(0):1.158|1.407, 16(0):0.617|0.624, 16(0):6.771|6.836, 12(0):15.705|15.888
1060, 132(24):5.577|6.004, 130(0):1.282|1.358, 13(0):0.495|0.516, 14(0):6.661|6.842, 16(0):17.315|17.667
1070, 161(30):5.684|8.839, 141(0):1.466|1.952, 15(0):0.486|0.497, 16(0):6.616|7.011, 16(0):16.711|18.499
1080, 145(24):5.743|6.313, 147(0):1.221|1.518, 15(0):0.479|0.519, 14(0):6.848|7.063, 17(0):16.543|16.559
1090, 146(33):5.699|5.868, 149(0):1.273|1.306, 16(0):0.513|0.516, 19(0):6.592|6.882, 16(0):16.428|16.590
1100, 135(26):5.753|6.059, 120(0):1.187|2.919, 12(0):0.508|0.587, 11(0):6.798|6.915, 9(0):15.914|17.512
1110, 151(34):5.946|6.064, 159(0):1.154|1.245, 15(0):0.520|0.636, 15(0):6.778|7.056, 18(0):16.643|17.043
1120, 174(31):5.708|5.792, 164(0):1.216|1.370, 16(0):0.556|0.591, 18(0):6.964|7.189, 18(0):18.293|18.330
1130, 157(23):5.648|6.355, 164(0):1.325|1.727, 16(0):0.484|0.488, 14(0):6.640|6.876, 11(0):16.259|16.675
1140, 127(29):5.477|5.712, 148(0):1.105|1.178, 15(0):0.513|0.563, 12(0):6.504|6.598, 14(0):16.677|17.299
1150, 183(30):5.833|5.959, 174(0):1.251|1.553, 18(0):0.585|0.661, 17(0):6.789|6.906, 18(0):16.509|16.981
1160, 133(21):5.739|5.793, 132(0):1.222|1.447, 12(0):0.573|0.678, 19(0):6.887|6.963, 18(0):16.901|17.570
1170, 174(46):6.353|6.561, 177(0):1.374|1.475, 18(0):0.574|0.780, 14(0):7.609|7.980, 17(0):17.833|19.261
1180, 169(53):6.597|6.977, 186(0):1.363|1.434, 18(0):0.560|0.655, 18(0):7.397|7.514, 15(0):17.654|18.563
1190, 200(44):6.041|6.822, 180(0):1.235|1.438, 18(0):0.477|0.543, 18(0):7.228|7.266, 16(0):17.376|18.451
1200, 122(16):5.605|5.763, 138(0):1.150|1.246, 13(0):0.536|0.558, 13(0):7.047|7.121, 13(0):18.587|18.648
1210, 160(36):6.072|6.176, 140(0):1.192|1.289, 17(0):0.560|0.589, 14(0):6.800|7.286, 20(0):17.115|17.406
1220, 162(14):5.670|5.724, 187(0):1.207|1.350, 17(0):0.452|0.522, 19(0):6.952|6.984, 16(0):16.055|16.758
1230, 168(32):5.732|6.644, 145(0):1.252|1.314, 16(0):0.517|0.525, 21(0):6.857|7.184, 16(0):16.825|16.898
1240, 139(23):5.809|5.873, 150(0):1.077|1.130, 14(0):0.495|0.560, 13(0):6.554|6.707, 17(0):16.844|17.343
1250, 157(20):5.749|6.268, 160(0):1.047|1.113, 16(0):0.518|0.519, 17(0):6.544|6.598, 13(0):16.557|17.389
1260, 163(17):5.438|5.683, 176(0):1.112|1.191, 16(0):0.552|0.560, 12(0):6.510|6.563, 11(0):17.068|17.355
1270, 152(24):5.773|6.064, 133(0):1.126|1.298, 15(0):0.508|0.513, 15(0):6.692|6.984, 18(0):16.338|17.329
1280, 150(17):5.463|5.557, 130(0):1.156|1.440, 14(0):0.499|0.501, 15(0):6.653|6.670, 18(0):16.955|17.178
1290, 163(25):5.746|5.870, 199(0):1.087|1.126, 19(0):0.453|0.594, 18(0):6.516|6.667, 16(0):15.924|16.044
1300, 143(27):5.735|5.801, 118(0):1.036|1.129, 12(0):0.514|0.538, 14(0):6.432|6.535, 14(0):16.156|16.925
1310, 158(30):5.626|5.855, 142(0):1.061|1.183, 15(0):0.487|0.555, 15(0):6.779|6.899, 18(0):15.376|17.752
1320, 171(25):5.616|5.682, 218(0):1.175|1.254, 19(0):0.523|0.595, 19(0):6.505|6.532, 12(0):15.603|16.183
1330, 179(26):5.560|5.658, 151(0):1.179|1.246, 16(0):0.439|0.518, 15(0):6.451|6.455, 16(0):15.823|16.886
1340, 159(29):5.883|6.331, 154(0):1.095|1.111, 16(0):0.491|0.598, 15(0):6.587|6.821, 19(0):17.668|18.366
1350, 146(20):5.626|5.679, 161(0):1.281|1.960, 16(0):0.509|0.528, 16(0):6.606|7.001, 16(0):17.103|17.734
1360, 141(21):5.675|6.000, 148(0):1.068|1.423, 14(0):0.513|0.643, 14(0):6.536|6.668, 15(0):16.229|16.242
1370, 157(13):5.346|5.647, 166(0):1.183|1.707, 16(0):0.667|0.673, 20(0):6.483|6.796, 15(0):16.765|17.504
1380, 155(17):5.463|5.948, 136(0):1.139|1.196, 15(0):0.542|0.587, 13(0):6.640|6.670, 17(0):15.904|16.720
1390, 187(21):5.664|6.254, 185(0):1.237|1.800, 19(0):0.604|0.622, 19(0):6.804|6.904, 15(0):16.820|17.165
1400, 133(15):5.442|5.839, 144(0):1.129|1.350, 13(0):0.446|0.533, 11(0):6.479|6.504, 18(0):15.946|16.122
1410, 170(42):5.819|6.311, 158(0):1.225|1.296, 17(0):0.568|0.580, 19(0):6.552|6.585, 16(0):16.569|16.579
1420, 165(23):5.630|5.835, 146(0):1.074|1.211, 15(0):0.469|0.566, 16(0):6.676|7.176, 11(0):16.014|16.503
1430, 142(20):5.530|5.918, 156(0):1.258|1.353, 15(0):0.514|0.620, 13(0):6.449|6.708, 16(0):16.378|16.603
1440, 170(27):5.546|6.084, 158(0):1.134|1.571, 16(0):0.491|0.524, 14(0):6.447|6.932, 18(0):16.394|17.040
1450, 164(30):5.762|6.039, 168(0):1.223|1.356, 17(0):0.461|0.475, 18(0):6.770|6.948, 16(0):17.128|17.589
1460, 116(17):5.599|6.006, 127(0):1.089|1.106, 12(0):0.522|0.611, 14(0):6.403|6.637, 16(0):17.155|17.224
1470, 153(33):6.179|6.321, 165(0):1.277|1.388, 16(0):0.577|0.690, 16(0):6.773|7.014, 14(0):17.313|17.488
1480, 189(62):6.356|6.936, 171(0):1.202|1.349, 17(0):0.493|0.536, 17(0):7.230|7.300, 20(0):17.372|19.173
1490, 214(37):5.875|6.449, 209(0):1.243|1.639, 22(0):0.557|0.612, 23(0):6.890|7.762, 17(0):16.345|18.205
1500, 143(22):5.567|5.911, 156(0):1.130|1.377, 15(0):0.486|0.605, 16(0):7.119|8.486, 18(0):16.659|16.761
1510, 145(32):5.893|7.761, 138(0):1.179|1.454, 14(0):0.456|0.505, 11(0):6.643|7.119, 12(0):17.162|17.342
1520, 171(31):5.992|6.227, 174(0):1.061|1.383, 18(0):0.552|0.714, 17(0):6.858|7.174, 23(0):17.088|17.203
1530, 167(32):5.737|6.560, 183(0):1.246|1.362, 18(0):0.518|0.672, 20(0):6.957|7.106, 14(0):16.244|18.077
1540, 175(18):5.701|5.921, 141(0):1.169|1.456, 16(0):0.539|0.595, 17(0):6.423|6.562, 17(0):16.135|16.630
1550, 170(27):5.531|5.764, 174(0):1.111|2.139, 17(0):0.551|0.607, 17(0):6.465|6.574, 14(0):16.377|17.312
1560, 147(15):5.470|5.685, 153(0):1.109|1.739, 14(0):0.472|0.512, 15(0):6.294|6.358, 21(0):16.223|16.829
1570, 173(24):5.672|5.742, 160(0):1.122|1.350, 16(0):0.519|0.722, 15(0):6.639|6.820, 11(0):15.057|16.264
1580, 130(24):5.675|5.788, 155(0):1.149|1.185, 15(0):0.568|0.650, 16(0):6.436|6.464, 11(0):16.334|16.642
1590, 180(39):5.838|6.165, 164(0):1.151|1.373, 17(0):0.518|0.868, 16(0):6.783|7.052, 18(0):16.880|17.063
1600, 145(14):5.470|5.914, 133(0):1.129|1.151, 14(0):0.467|0.495, 13(0):6.867|6.979, 15(0):16.817|18.368
1610, 133(26):5.680|5.754, 159(0):1.222|1.288, 14(0):0.447|0.695, 14(0):6.417|6.490, 14(0):17.204|18.265
1620, 184(23):5.694|5.786, 174(0):1.184|1.230, 18(0):0.530|0.553, 16(0):6.458|6.804, 19(0):16.480|17.042
1630, 188(26):5.437|5.595, 208(0):1.095|1.181, 21(0):0.517|0.533, 26(0):6.381|6.913, 20(0):16.748|18.270
1640, 176(27):5.990|6.019, 172(0):1.244|1.347, 18(0):0.631|0.631, 17(0):6.683|7.049, 18(0):16.201|16.667
1650, 185(30):5.707|5.851, 197(0):1.212|1.338, 19(0):0.588|0.599, 17(0):7.015|7.450, 19(0):16.133|16.918
1660, 192(41):6.106|6.236, 215(0):1.175|1.415, 19(0):0.707|0.859, 17(0):6.638|6.713, 22(0):17.120|17.226
1670, 212(36):5.867|6.298, 201(0):1.195|1.294, 21(0):0.634|0.713, 24(0):7.061|7.368, 20(0):16.690|16.758
1680, 160(17):5.594|5.979, 140(0):1.125|1.226, 15(0):0.394|0.798, 14(0):6.262|6.365, 13(0):15.877|16.855
1690, 113(19):5.423|5.510, 106(0):1.410|1.589, 11(0):0.564|0.568, 11(0):6.104|6.491, 14(0):16.489|17.366
1700, 186(33):5.729|5.826, 186(0):1.187|1.454, 19(0):0.623|0.630, 20(0):6.399|6.642, 18(0):16.250|16.793
1710, 159(11):5.323|5.550, 179(0):1.043|1.107, 15(0):0.507|0.558, 11(0):6.597|6.688, 14(0):15.576|16.037
1720, 122(11):5.141|5.358, 118(0):1.048|1.488, 14(0):0.454|0.569, 18(0):6.629|6.822, 13(0):16.909|17.071
1730, 188(14):5.388|5.484, 166(0):1.061|1.085, 18(0):0.527|0.729, 13(0):6.181|6.319, 18(0):16.466|17.156
1740, 163(5):5.139|5.367, 158(0):1.098|1.405, 15(0):0.523|0.547, 16(0):6.280|7.267, 17(0):15.772|15.804
1750, 155(20):5.842|5.938, 174(0):1.175|1.545, 16(0):0.588|0.865, 18(0):6.286|6.428, 18(0):15.635|15.774
1760, 158(24):5.644|6.132, 147(0):1.069|1.104, 16(0):0.522|0.554, 12(0):6.263|6.420, 11(0):15.489|16.045
1770, 150(33):6.128|6.681, 128(0):1.298|1.483, 15(0):0.535|0.575, 21(0):6.575|6.611, 15(0):16.530|18.554
1780, 165(39):5.969|6.229, 159(0):1.209|1.445, 16(0):0.496|0.519, 17(0):7.383|7.459, 22(0):17.935|18.238
1790, 136(45):6.227|6.319, 149(0):1.212|1.471, 14(0):0.543|0.574, 13(0):6.874|7.072, 12(0):17.378|17.717
1800, 160(25):5.755|7.575, 178(0):1.151|1.218, 17(0):0.486|0.491, 17(0):6.733|7.164, 14(0):18.265|18.713
1810, 148(23):5.870|10.118, 127(0):1.173|1.391, 13(0):0.486|0.510, 13(0):6.747|6.909, 12(0):16.097|16.756
1820, 141(17):5.437|5.626, 135(0):1.045|1.208, 13(0):0.491|0.543, 16(0):6.647|6.920, 17(0):16.313|16.617
1830, 163(17):5.670|5.720, 194(0):1.099|1.133, 18(0):0.510|0.607, 15(0):6.201|6.295, 15(0):16.530|17.466
1840, 161(13):5.417|5.506, 146(0):1.066|1.222, 16(0):0.511|0.601, 16(0):6.413|6.583, 20(0):16.424|16.712
1850, 140(10):5.463|5.542, 162(0):1.098|1.251, 16(0):0.436|0.546, 14(0):6.222|6.483, 17(0):16.010|17.112
1860, 177(15):5.319|5.455, 164(0):1.112|1.354, 16(0):0.401|0.675, 14(0):6.011|6.186, 9(0):15.100|15.456
1870, 145(14):5.381|5.485, 145(0):1.077|1.202, 16(0):0.472|0.505, 15(0):6.278|6.349, 19(0):16.013|16.054
1880, 133(13):5.529|5.648, 151(0):1.070|1.155, 12(0):0.427|0.465, 16(0):6.206|6.408, 13(0):16.259|16.530
1890, 217(11):5.247|5.436, 191(0):1.236|1.382, 21(0):0.497|0.546, 19(0):6.375|6.981, 21(0):15.774|15.817
1900, 144(12):5.325|5.501, 161(0):1.113|1.556, 16(0):0.542|0.675, 18(0):6.151|6.414, 16(0):15.670|16.595
1910, 176(21):5.621|5.678, 163(0):1.156|1.326, 16(0):0.602|0.753, 14(0):6.330|6.508, 14(0):15.077|15.738
1920, 181(17):5.382|5.927, 191(0):1.024|1.483, 20(0):0.566|0.786, 23(0):6.418|6.450, 20(0):15.874|15.886
1930, 143(14):5.429|5.789, 117(0):1.068|1.166, 12(0):0.475|0.505, 9(0):6.120|6.443, 11(0):15.264|15.479
1940, 130(18):5.626|6.877, 145(0):1.101|1.132, 15(0):0.503|0.588, 13(0):6.348|6.681, 15(0):16.035|16.134
1950, 163(14):5.464|5.614, 191(0):1.093|1.174, 17(0):0.457|0.458, 21(0):6.540|6.735, 19(0):16.979|17.158
1960, 164(18):5.374|5.442, 147(0):1.083|1.265, 15(0):0.487|0.514, 12(0):6.268|6.353, 14(0):14.995|15.192
1970, 126(13):5.769|5.850, 118(0):1.083|1.166, 12(0):0.538|0.539, 12(0):6.369|6.704, 10(0):15.035|15.281
1980, 159(20):5.414|5.656, 162(0):1.109|1.442, 16(0):0.522|0.526, 17(0):6.231|6.570, 17(0):16.947|17.026
1990, 137(24):5.753|5.905, 134(0):1.040|1.048, 13(0):0.464|0.561, 13(0):6.558|6.971, 14(0):16.268|16.725
2000, 137(23):5.557|5.886, 151(0):1.178|1.347, 14(0):0.500|0.614, 17(0):6.223|7.241, 16(0):16.461|16.846
2010, 172(27):5.698|5.949, 180(0):1.189|1.457, 20(0):0.618|0.621, 13(0):6.687|6.742, 15(0):15.805|17.618
2020, 210(23):5.556|5.696, 182(0):1.225|1.272, 19(0):0.494|0.496, 23(0):6.879|6.979, 26(0):17.311|17.332
2030, 154(16):5.571|6.161, 174(0):1.087|1.162, 17(0):0.441|0.461, 17(0):6.544|6.663, 15(0):16.228|16.971
2040, 149(26):5.834|7.239, 132(0):1.239|1.248, 13(0):0.582|0.612, 17(0):6.725|6.803, 12(0):17.073|17.426
2050, 211(30):5.611|5.743, 209(0):1.185|1.393, 20(0):0.541|0.548, 16(0):6.534|6.589, 19(0):16.838|17.320
2060, 207(37):5.683|5.958, 227(0):1.194|1.299, 22(0):0.592|0.595, 25(0):6.967|8.659, 22(0):16.924|17.176
2070, 179(38):6.042|6.349, 192(0):1.274|1.948, 20(0):0.491|0.955, 14(0):6.735|6.809, 17(0):16.409|16.556
2080, 232(47):5.919|6.380, 201(0):1.221|1.622, 21(0):0.584|0.609, 28(0):6.638|7.643, 31(0):16.616|16.966
2090, 217(34):5.758|8.409, 202(0):1.190|1.401, 20(0):0.524|0.620, 18(0):6.606|7.207, 14(0):16.201|16.647
2100, 179(26):5.573|5.748, 183(0):1.292|1.339, 19(0):0.546|0.602, 19(0):6.669|6.743, 17(0):15.846|16.484
2110, 198(37):5.657|5.793, 196(0):1.149|1.302, 19(0):0.521|0.532, 20(0):6.680|7.061, 23(0):16.230|16.865
2120, 216(42):5.854|7.295, 225(0):1.213|1.530, 22(0):0.520|0.603, 22(0):6.977|7.068, 18(0):15.875|16.842
2130, 204(33):5.607|5.836, 210(0):1.139|1.344, 20(0):0.500|0.502, 21(0):6.680|7.108, 23(0):17.042|18.362
2140, 172(32):5.989|6.124, 170(0):1.335|1.604, 19(0):0.572|0.626, 16(0):6.921|7.069, 18(0):16.883|16.952
2150, 172(19):5.550|5.778, 173(0):1.086|1.221, 17(0):0.512|0.648, 20(0):6.730|7.081, 20(0):16.492|17.947
2160, 162(14):5.458|6.386, 155(0):1.081|1.180, 16(0):0.477|0.556, 15(0):6.407|6.444, 14(0):16.058|16.449
2170, 168(25):5.581|5.883, 171(0):1.213|1.921, 17(0):0.476|0.590, 14(0):6.701|6.768, 14(0):15.549|15.637
2180, 159(26):5.507|5.756, 165(0):1.102|1.272, 15(0):0.599|0.609, 19(0):6.800|6.941, 20(0):16.133|16.322
2190, 189(29):5.753|5.943, 185(0):1.228|1.341, 20(0):0.504|0.515, 18(0):7.026|7.126, 17(0):16.644|18.115
2200, 207(19):5.431|5.512, 188(0):1.215|3.472, 19(0):0.533|0.570, 17(0):6.647|6.724, 16(0):16.683|16.989
2210, 130(21):5.587|5.871, 165(0):1.139|1.182, 15(0):0.572|0.658, 13(0):6.580|6.670, 17(0):16.215|16.778
2220, 143(25):5.770|6.093, 150(0):1.140|1.227, 15(0):0.438|0.481, 17(0):6.608|6.767, 16(0):16.144|16.530
2230, 161(27):5.634|6.049, 148(0):1.157|1.415, 16(0):0.635|0.960, 20(0):6.809|7.086, 17(0):16.512|16.550
2240, 180(28):5.670|5.746, 170(0):1.090|1.209, 17(0):0.575|0.607, 14(0):6.677|6.719, 15(0):15.851|16.290
2250, 162(21):5.598|5.937, 179(0):1.163|1.215, 16(0):0.513|0.602, 15(0):6.754|6.853, 15(0):16.324|17.584
2260, 162(13):5.576|5.820, 155(0):1.084|1.385, 17(0):0.480|0.681, 20(0):6.243|6.340, 19(0):15.665|17.220
2270, 132(24):5.797|6.083, 144(0):1.071|1.382, 14(0):0.438|0.451, 16(0):6.478|6.571, 14(0):15.427|16.144
2280, 166(22):5.527|7.009, 154(0):1.111|1.168, 15(0):0.540|0.862, 10(0):6.538|8.038, 16(0):16.316|16.847
2290, 162(19):5.461|5.554, 148(0):1.262|1.527, 15(0):0.504|0.526, 15(0):6.593|7.121, 17(0):16.247|17.171
2300, 153(21):5.480|5.611, 147(0):1.230|1.538, 15(0):0.522|0.534, 20(0):6.544|6.797, 12(0):15.794|16.839
2310, 192(28):5.758|7.736, 207(0):1.139|1.373, 22(0):0.469|0.528, 19(0):6.511|6.548, 20(0):15.931|16.079
2320, 143(17):5.533|5.788, 166(0):1.356|1.690, 14(0):0.501|0.520, 15(0):6.355|6.398, 15(0):15.872|16.262
2330, 173(25):5.490|5.815, 178(0):1.090|1.223, 17(0):0.504|0.546, 14(0):6.816|6.832, 14(0):15.817|16.061
2340, 152(25):5.632|5.734, 135(0):1.127|1.405, 15(0):0.554|0.660, 16(0):6.625|6.890, 18(0):16.970|17.278
2350, 179(24):5.672|5.745, 177(0):1.192|1.364, 17(0):0.508|0.531, 15(0):6.227|6.593, 17(0):15.698|16.543
2360, 157(19):5.342|5.737, 149(0):1.130|1.284, 16(0):0.614|0.642, 15(0):6.588|6.699, 14(0):16.228|17.368
2370, 144(48):6.646|7.120, 153(0):1.440|2.835, 14(0):0.640|0.662, 18(0):6.798|7.346, 18(0):17.289|17.470
2380, 171(40):6.398|7.134, 166(0):1.182|1.393, 16(0):0.536|0.646, 18(0):7.505|9.146, 19(0):17.788|17.878
2390, 181(21):5.706|5.747, 180(0):1.153|1.296, 21(0):0.542|0.664, 20(0):6.745|6.828, 13(0):17.327|17.898
2400, 169(26):5.712|5.922, 148(0):1.207|1.346, 15(0):0.478|0.480, 15(0):6.466|6.844, 16(0):15.808|15.996
2410, 160(25):5.529|5.694, 161(0):1.129|1.343, 17(0):0.538|0.570, 14(0):6.703|6.868, 19(0):16.892|17.054
2420, 172(29):5.657|5.921, 170(0):1.163|1.392, 16(0):0.650|0.677, 17(0):6.829|7.234, 19(0):15.663|16.180
2430, 165(18):5.496|5.729, 183(0):1.046|1.131, 19(0):0.537|0.587, 19(0):6.587|6.591, 19(0):16.527|16.631
2440, 183(7):5.256|5.330, 182(0):1.037|1.278, 15(0):0.444|0.532, 15(0):6.044|6.055, 15(0):15.665|15.717
2450, 173(8):5.317|5.456, 168(0):1.129|1.281, 19(0):0.460|0.475, 19(0):6.034|6.162, 16(0):14.440|14.774
2460, 157(8):5.320|5.501, 154(0):1.018|1.100, 16(0):0.450|0.472, 18(0):5.899|6.012, 19(0):14.686|14.714
2470, 149(6):5.089|5.205, 155(0):1.242|1.654, 15(0):0.453|0.567, 17(0):6.131|6.334, 17(0):14.564|14.997
2480, 182(2):4.935|5.727, 177(0):1.095|1.190, 18(0):0.494|0.573, 15(0):5.890|5.968, 13(0):15.129|15.481
2490, 211(5):5.166|5.294, 213(0):0.973|1.099, 19(0):0.422|0.433, 19(0):5.923|6.023, 19(0):14.689|15.889
2500, 190(5):5.024|5.050, 198(0):0.969|1.005, 20(0):0.482|0.531, 22(0):5.896|5.978, 23(0):15.276|15.528
2510, 180(11):5.366|5.721, 146(0):0.954|0.968, 18(0):0.393|0.416, 17(0):5.771|5.784, 18(0):14.789|14.978
2520, 192(7):5.127|5.197, 229(0):0.954|1.171, 21(0):0.486|0.493, 17(0):6.136|6.198, 18(0):16.196|16.752
2530, 150(4):5.112|5.188, 132(0):1.079|1.165, 13(0):0.393|0.419, 20(0):6.244|6.298, 13(0):14.598|14.803
2540, 166(11):5.288|5.500, 161(0):1.125|1.276, 18(0):0.507|0.535, 15(0):6.018|6.114, 20(0):15.163|16.371
2550, 164(31):5.900|7.200, 176(0):1.337|1.402, 16(0):0.496|0.498, 16(0):6.470|6.580, 16(0):15.770|15.785
2560, 189(30):5.755|6.124, 214(0):1.114|1.308, 20(0):0.534|0.550, 20(0):6.625|7.014, 21(0):17.441|17.470
2570, 162(26):5.693|5.882, 161(0):1.293|1.383, 16(0):0.536|0.602, 13(0):6.292|6.310, 14(0):15.590|15.938
2580, 153(26):5.875|5.984, 148(0):1.164|1.625, 14(0):0.695|0.892, 17(0):6.865|6.908, 15(0):15.534|15.890
2590, 118(21):6.093|6.639, 106(0):1.093|1.260, 12(0):0.508|0.601, 19(0):6.754|6.960, 18(0):18.048|18.632
2600, 179(38):5.908|6.053, 162(0):1.186|1.361, 18(0):0.502|0.558, 10(0):6.722|6.894, 10(0):15.459|15.854
2610, 186(12):5.238|5.437, 199(0):1.169|1.289, 19(0):0.534|0.685, 21(0):6.562|7.020, 20(0):16.196|16.254
2620, 174(16):5.537|5.695, 153(0):1.052|1.146, 16(0):0.484|0.493, 15(0):6.106|6.212, 19(0):15.334|16.711
2630, 139(9):5.546|5.683, 185(0):1.072|1.639, 16(0):0.488|0.596, 18(0):6.257|6.308, 14(0):16.115|16.491
2640, 148(13):5.588|5.966, 144(0):1.049|1.131, 14(0):0.502|0.515, 13(0):5.973|6.215, 14(0):17.344|17.380
2650, 188(22):5.437|5.619, 197(0):1.106|1.536, 21(0):0.567|0.679, 16(0):6.692|6.933, 19(0):16.508|18.525
2660, 215(26):5.676|5.857, 193(0):1.160|1.240, 20(0):0.525|0.598, 30(0):6.379|6.542, 27(0):16.043|16.272
2670, 175(53):6.553|7.168, 171(0):1.383|1.426, 17(0):0.622|0.772, 11(0):6.996|7.257, 13(0):15.954|18.199
2680, 158(29):6.220|6.598, 156(0):1.218|1.266, 16(0):0.516|0.733, 15(0):7.263|7.300, 14(1):19.479|20.296
2690, 109(17):5.502|5.894, 114(0):1.083|1.197, 11(0):0.512|0.549, 12(0):6.805|7.017, 12(0):16.611|17.428
2700, 179(26):5.501|5.603, 159(0):1.163|1.183, 17(0):0.465|0.633, 22(0):6.624|7.004, 19(0):17.447|17.775
2710, 138(25):5.826|6.064, 133(0):1.137|1.304, 13(0):0.506|0.898, 11(0):6.484|6.640, 12(0):16.441|16.581
2720, 145(27):5.754|6.429, 183(0):1.182|1.203, 16(0):0.475|0.501, 10(0):6.717|6.779, 15(0):16.862|17.560
2730, 192(15):5.384|5.490, 186(0):1.214|1.424, 18(0):0.438|0.466, 20(0):6.964|7.128, 15(0):16.479|17.726
2740, 164(17):5.391|5.416, 144(0):1.083|1.131, 16(0):0.465|0.486, 16(0):6.112|6.213, 19(0):16.412|16.769
2750, 181(19):5.607|5.950, 199(0):1.213|4.361, 20(0):0.532|0.576, 20(0):6.275|6.797, 16(0):15.738|16.541
2760, 160(11):5.435|5.733, 156(0):1.133|1.271, 14(0):0.532|0.533, 16(0):6.241|6.275, 17(0):16.203|16.224
2770, 150(19):5.552|5.851, 135(0):1.150|1.338, 15(0):0.507|0.568, 10(0):6.303|6.399, 13(0):15.212|15.281
2780, 139(15):5.504|5.641, 137(0):1.105|1.340, 14(0):0.581|0.646, 14(0):6.625|6.676, 15(0):16.128|16.442
2790, 165(31):6.064|6.511, 175(0):1.216|1.275, 17(0):0.505|0.515, 21(0):6.575|6.989, 17(0):16.437|16.940
2800, 114(4):5.182|5.479, 125(0):1.051|2.199, 13(0):0.467|0.524, 13(0):6.296|6.755, 16(0):16.121|17.176
2810, 126(24):5.531|5.832, 153(0):1.092|1.148, 14(0):0.494|0.539, 12(0):6.295|6.409, 14(0):14.475|15.898
2820, 130(12):5.604|5.645, 113(0):1.180|1.301, 12(0):0.514|0.583, 14(0):6.460|6.580, 15(0):15.847|15.921
2830, 165(15):5.256|5.469, 149(0):1.114|1.278, 16(0):0.549|0.697, 19(0):6.276|6.343, 15(0):15.858|16.325
2840, 155(14):5.241|5.453, 152(0):1.183|1.386, 15(0):0.558|0.620, 9(0):6.099|6.239, 13(0):14.771|15.861
2850, 167(16):5.499|5.541, 163(0):1.118|1.819, 16(0):0.501|0.517, 16(0):6.286|6.303, 14(0):14.762|15.390
2860, 123(12):5.625|5.816, 157(0):1.228|1.272, 15(0):0.495|0.544, 19(0):6.630|6.850, 16(0):16.564|17.768
2870, 181(13):5.623|6.743, 156(0):1.153|1.188, 17(0):0.462|0.498, 12(0):6.228|6.751, 15(0):15.610|17.561
2880, 143(11):5.300|5.320, 121(0):1.162|1.292, 12(0):0.477|0.509, 16(0):6.527|6.612, 11(0):15.118|16.029
2890, 147(12):5.353|5.539, 142(0):1.173|1.272, 15(0):0.524|0.630, 16(0):6.130|6.328, 18(0):16.673|17.899
2900, 174(17):5.662|5.846, 159(0):1.486|2.168, 17(0):0.455|0.463, 19(0):6.460|6.683, 19(0):15.797|15.903
2910, 203(18):5.335|5.949, 231(0):1.205|1.759, 21(0):0.545|0.790, 18(0):6.215|6.374, 20(0):15.083|15.255
2920, 137(7):5.110|5.169, 128(0):1.330|1.410, 13(0):0.425|0.544, 15(0):6.279|6.965, 11(0):14.354|14.465
2930, 126(11):5.397|5.461, 135(0):1.047|1.399, 14(0):0.414|0.424, 12(0):6.618|7.004, 14(0):14.904|15.428
2940, 120(15):5.358|5.560, 161(0):1.156|1.246, 14(0):0.470|0.740, 13(0):6.220|6.251, 18(0):15.480|16.144
2950, 167(14):5.600|5.745, 115(0):1.161|2.886, 14(0):0.551|0.578, 16(0):6.166|6.421, 10(0):15.544|15.644
2960, 198(24):5.495|5.763, 195(0):1.207|2.802, 19(0):0.497|0.596, 21(0):6.748|6.876, 20(0):16.448|16.576
2970, 167(43):6.515|6.834, 184(0):1.371|1.474, 18(0):0.570|0.655, 16(0):7.236|7.532, 16(0):17.668|18.559
2980, 209(55):6.208|6.546, 206(0):1.279|2.023, 21(0):0.616|0.919, 21(0):7.369|7.696, 21(0):18.220|18.399
2990, 173(30):5.946|6.541, 179(0):1.547|2.040, 17(0):0.472|0.623, 17(0):6.844|7.323, 19(0):17.884|18.829
3000, 189(24):5.663|6.051, 189(0):1.361|1.459, 20(0):0.538|0.618, 20(0):6.757|6.835, 17(0):16.477|17.092
3010, 163(34):5.884|6.184, 143(0):1.216|1.948, 15(0):0.568|0.610, 18(0):6.532|6.595, 20(0):16.484|16.614
3020, 196(22):5.588|5.667, 197(0):1.027|1.501, 20(0):0.503|0.507, 17(0):6.599|6.928, 17(0):16.018|17.301
3030, 194(24):5.771|5.840, 202(0):1.089|1.272, 19(0):0.503|0.514, 18(0):6.506|6.565, 19(0):15.528|15.928
3040, 182(15):5.737|6.152, 182(0):1.082|1.150, 17(0):0.511|0.515, 16(0):6.736|7.017, 21(0):15.739|16.072
3050, 166(14):5.258|5.454, 175(0):1.078|1.316, 19(0):0.489|0.617, 18(0):6.449|6.451, 18(0):15.565|15.805
3060, 171(18):5.388|5.478, 172(0):1.084|1.213, 17(0):0.542|0.575, 16(0):6.303|6.319, 11(0):14.792|15.094
3070, 159(16):5.485|5.639, 153(0):1.055|1.413, 15(0):0.485|0.492, 16(0):6.396|6.466, 13(0):15.381|15.516
3080, 148(26):5.547|5.599, 153(0):1.084|1.144, 15(0):0.561|0.566, 15(0):6.370|6.575, 19(0):16.169|16.423
3090, 137(13):5.530|5.570, 156(0):1.236|1.334, 15(0):0.481|0.538, 15(0):6.732|6.832, 18(0):16.577|17.559
3100, 164(21):5.525|5.870, 149(0):1.197|1.418, 15(0):0.519|0.540, 16(0):6.559|6.590, 14(0):15.833|16.016
3110, 169(18):5.325|6.061, 173(0):1.066|1.107, 17(0):0.474|0.488, 20(0):6.695|6.778, 15(0):15.835|15.863
3120, 197(12):5.329|5.401, 213(0):1.077|1.698, 21(0):0.567|0.579, 14(0):6.429|6.586, 21(0):15.640|16.036
3130, 163(17):5.480|5.751, 153(0):1.130|1.245, 16(0):0.533|0.579, 18(0):6.428|6.562, 17(0):16.275|16.293
3140, 193(22):5.433|5.925, 187(0):1.188|1.384, 18(0):0.474|0.543, 22(0):6.199|6.234, 19(0):15.641|16.188
3150, 186(32):6.003|6.227, 177(0):1.130|1.243, 19(0):0.592|0.895, 16(0):6.776|6.800, 21(0):16.676|17.009
3160, 187(31):5.718|8.488, 168(0):1.147|1.402, 18(0):0.627|0.702, 20(0):6.864|6.920, 16(0):16.975|17.095
3170, 153(15):5.437|5.706, 169(0):1.064|1.185, 16(0):0.466|0.486, 14(0):6.213|6.598, 16(0):16.132|16.972
3180, 154(17):5.524|5.529, 152(0):1.026|1.491, 15(0):0.516|0.584, 15(0):6.186|6.551, 15(0):15.408|15.847
3190, 153(16):5.629|5.780, 140(0):1.103|1.205, 13(0):0.449|0.461, 18(0):6.429|6.673, 14(0):15.500|16.246
3200, 122(21):5.601|5.730, 128(0):1.147|1.323, 14(0):0.608|0.993, 10(0):6.341|6.376, 14(0):16.341|16.413
3210, 205(33):5.810|6.052, 201(0):1.117|1.332, 21(0):0.477|0.498, 20(0):6.687|6.953, 20(0):17.000|17.581
3220, 134(24):5.478|5.766, 142(0):1.084|1.290, 13(0):0.442|0.464, 17(0):6.488|6.841, 11(0):16.357|17.582
3230, 184(25):5.488|8.590, 149(0):1.116|1.348, 17(0):0.509|0.606, 17(0):6.512|7.371, 21(0):16.800|17.017
3240, 194(25):5.637|6.412, 228(0):1.153|1.716, 21(0):0.459|0.498, 23(0):6.312|6.487, 16(0):15.993|16.135
3250, 160(23):5.834|6.000, 132(0):1.213|1.432, 15(0):0.551|0.582, 13(0):6.316|6.595, 19(0):16.050|16.845
3260, 139(30):5.832|5.945, 160(0):1.123|1.200, 14(0):0.483|0.518, 14(0):6.568|6.593, 19(0):17.940|18.791
3270, 193(41):6.233|6.472, 197(0):1.226|1.256, 22(0):0.519|0.583, 21(0):7.534|8.653, 19(0):16.575|17.823
3280, 166(20):5.652|7.239, 196(0):1.299|2.169, 15(0):0.536|0.542, 15(0):6.445|7.805, 10(0):17.076|17.234
3290, 149(27):5.644|5.651, 155(0):1.143|2.218, 15(0):0.548|0.823, 15(0):6.865|6.970, 14(0):16.589|16.911
3300, 160(38):5.858|6.220, 157(0):1.187|1.310, 18(0):0.559|0.562, 16(0):7.039|7.243, 21(0):17.671|18.776
3310, 160(30):6.052|6.310, 136(0):1.209|1.384, 14(0):0.510|0.534, 15(0):6.903|6.941, 15(0):16.348|17.099
3320, 147(36):6.235|6.348, 148(0):1.190|1.227, 14(0):0.529|0.716, 13(0):6.920|7.056, 11(0):17.370|18.053
3330, 172(26):5.885|6.225, 171(0):1.179|1.428, 19(0):0.561|0.752, 21(0):6.696|6.924, 20(0):17.226|17.551
3340, 156(29):5.896|6.007, 141(0):1.104|1.210, 14(0):0.501|0.525, 13(0):6.393|6.467, 15(0):16.400|16.886
3350, 193(23):5.714|5.835, 184(0):1.124|2.311, 19(0):0.526|0.666, 22(0):6.689|6.749, 23(0):16.601|17.418
3360, 140(22):5.955|6.071, 181(0):1.151|1.583, 15(0):0.528|0.531, 13(0):6.129|6.416, 12(0):16.277|16.827
3370, 140(25):5.694|6.128, 158(0):1.039|1.077, 13(0):0.468|0.523, 11(0):6.641|6.767, 13(0):16.771|16.778
3380, 147(25):5.675|5.772, 122(0):1.052|1.195, 16(0):0.517|0.691, 18(0):6.357|6.582, 16(0):16.299|16.444
3390, 144(30):5.789|6.275, 155(0):1.158|1.296, 15(0):0.581|0.672, 15(0):6.590|6.615, 13(0):17.887|18.321
3400, 211(33):6.211|9.138, 182(0):1.181|1.196, 20(0):0.508|0.681, 18(0):6.571|6.847, 23(0):17.027|17.065
3410, 197(30):5.637|5.761, 219(0):1.111|1.248, 20(0):0.488|0.513, 23(0):6.569|6.641, 20(0):16.349|17.020
3420, 177(40):5.883|6.116, 155(0):1.274|1.429, 16(0):0.572|0.614, 11(0):6.754|6.882, 14(0):16.332|17.609
3430, 151(18):5.396|5.787, 149(0):1.158|1.210, 15(0):0.478|0.512, 19(0):6.964|7.202, 13(0):15.873|16.232
3440, 171(25):5.513|5.679, 187(0):1.122|1.604, 19(0):0.538|0.646, 15(0):6.462|6.790, 21(0):16.807|16.871
3450, 167(27):5.557|5.748, 184(0):1.268|1.372, 17(0):0.603|0.607, 22(0):6.612|6.658, 18(0):16.652|16.935
3460, 160(25):5.506|5.613, 156(0):1.114|1.419, 17(0):0.553|0.579, 14(0):6.472|6.591, 16(0):16.553|16.658
3470, 170(24):5.533|5.733, 141(0):1.087|1.207, 13(0):0.538|0.548, 12(0):6.695|6.952, 12(0):15.680|16.517
3480, 135(20):5.564|5.968, 160(0):1.144|1.187, 16(0):0.498|0.522, 17(0):6.374|6.516, 18(0):16.367|16.906
3490, 173(16):5.509|5.544, 188(0):1.232|1.235, 18(0):0.536|0.765, 16(0):6.421|6.568, 16(0):16.356|16.508
3500, 151(19):5.665|5.785, 168(0):1.065|1.096, 15(0):0.500|0.516, 19(0):6.296|6.358, 16(0):16.074|16.092
3510, 171(30):5.654|6.119, 130(0):1.273|1.409, 17(0):0.495|0.592, 14(0):6.407|6.559, 13(0):17.343|17.949
3520, 131(19):5.441|5.597, 134(0):1.083|1.200, 13(0):0.498|0.540, 15(0):6.712|6.749, 16(0):15.829|15.859
3530, 153(23):5.704|5.822, 151(0):1.111|1.187, 15(0):0.473|0.495, 14(0):6.545|6.581, 16(0):17.668|18.120
3540, 149(26):5.495|5.694, 138(0):1.048|1.061, 15(0):0.443|0.494, 17(0):6.617|6.976, 17(0):15.818|16.307
3550, 187(24):5.590|5.815, 188(0):1.187|1.310, 18(0):0.547|0.555, 17(0):6.576|6.604, 15(0):16.160|16.215
3560, 192(29):5.749|5.877, 230(0):1.149|1.674, 21(0):0.492|0.510, 19(0):6.622|7.183, 20(0):16.791|16.798
3570, 201(67):7.103|7.564, 173(0):1.484|1.586, 19(0):0.634|0.703, 19(0):7.178|7.461, 17(0):18.686|19.924
3580, 179(56):6.629|6.897, 175(0):1.224|1.288, 17(0):0.517|0.540, 18(0):7.627|7.808, 19(1):19.718|20.278
3590, 142(23):5.613|5.777, 147(0):1.113|1.173, 15(0):0.500|0.523, 16(0):7.276|7.288, 18(0):17.831|18.664
3600, 156(30):5.878|6.142, 157(0):1.233|1.641, 15(0):0.496|0.501, 14(0):6.809|7.311, 13(0):17.363|17.770
3610, 166(40):6.004|6.201, 149(0):1.214|1.306, 17(0):0.552|0.601, 18(0):6.717|7.096, 18(0):17.475|17.918
3620, 142(26):5.774|6.523, 162(0):1.157|1.453, 15(0):0.495|0.559, 13(0):6.773|6.818, 13(0):17.728|17.786
3630, 163(30):5.936|6.209, 171(0):1.155|1.642, 16(0):0.557|0.581, 19(0):6.681|6.888, 15(0):16.816|16.922
3640, 151(20):5.563|5.682, 134(0):1.207|1.409, 14(0):0.483|0.517, 13(0):6.614|6.696, 18(0):16.905|17.423
3650, 225(26):5.659|5.823, 205(0):1.291|1.381, 22(0):0.596|0.620, 24(0):6.757|7.153, 22(0):16.851|17.155
3660, 179(32):5.670|5.894, 183(0):1.249|1.536, 18(0):0.507|0.537, 18(0):6.708|6.982, 23(0):17.084|18.049
3670, 144(21):5.822|5.994, 162(0):1.113|1.224, 15(0):0.456|0.465, 14(0):6.505|6.664, 10(0):16.470|16.575
3680, 164(13):5.345|5.521, 168(0):1.129|1.242, 17(0):0.582|0.602, 16(0):6.361|6.396, 15(0):16.507|17.228
3690, 197(37):5.747|7.325, 167(0):1.151|1.321, 17(0):0.514|0.692, 19(0):6.735|6.911, 19(0):17.167|17.392
3700, 157(24):5.583|5.755, 153(0):1.135|1.352, 16(0):0.572|0.599, 18(0):6.986|7.046, 15(0):17.496|17.985
3710, 152(55):6.831|7.328, 169(0):1.621|1.708, 17(0):0.699|0.815, 13(0):7.121|7.203, 14(0):18.299|18.548
3720, 163(23):5.867|6.169, 180(0):1.100|1.540, 16(0):0.523|0.697, 18(0):7.433|7.465, 17(0):17.688|18.190
3730, 211(26):5.654|5.740, 200(0):1.252|1.451, 21(0):0.496|0.501, 18(0):6.358|6.744, 19(0):16.563|19.081
3740, 192(29):5.703|5.967, 216(0):1.110|1.308, 20(0):0.508|0.543, 18(0):6.648|6.779, 23(0):17.133|17.556
3750, 154(28):5.838|7.253, 166(0):1.225|1.324, 17(0):0.473|0.490, 21(0):6.800|7.051, 18(0):16.324|16.553
3760, 173(28):5.679|5.791, 139(0):1.242|1.417, 14(0):0.525|0.549, 15(0):6.408|6.702, 16(0):16.468|16.654
3770, 141(18):5.726|6.056, 160(0):1.202|1.348, 16(0):0.611|0.689, 13(0):6.969|7.007, 17(0):16.346|17.041
3780, 165(47):5.803|6.165, 161(0):1.169|1.459, 16(0):0.481|0.517, 18(0):6.606|7.262, 11(0):16.996|17.089
3790, 172(27):5.652|5.689, 205(0):1.117|1.272, 18(0):0.489|0.599, 15(0):6.725|6.800, 18(0):17.042|17.116
3800, 135(26):5.925|5.990, 116(0):1.093|1.266, 13(0):0.514|0.709, 15(0):6.388|6.790, 18(0):16.460|16.875
3810, 179(29):5.713|6.005, 163(0):1.205|1.449, 19(0):0.527|0.556, 18(0):6.874|7.052, 19(0):16.887|17.208
3820, 182(32):5.861|6.076, 175(0):1.237|1.818, 17(0):0.520|0.566, 11(0):6.871|7.286, 12(0):15.926|17.513
3830, 174(15):5.578|5.733, 186(0):1.133|1.199, 18(0):0.544|0.556, 23(0):6.793|7.021, 16(0):16.638|17.385
3840, 147(31):5.858|6.302, 125(0):1.380|1.486, 13(0):0.809|0.950, 15(0):6.343|6.458, 15(0):16.419|16.678
3850, 201(49):6.140|6.383, 208(0):1.214|1.335, 22(0):0.543|0.577, 26(0):7.182|7.219, 26(0):17.688|18.406
3860, 193(51):6.284|6.665, 186(0):1.435|1.536, 17(0):0.569|0.669, 18(0):6.772|6.782, 21(0):17.444|17.804
3870, 158(34):5.897|6.117, 145(0):1.204|1.582, 17(0):0.606|0.618, 10(0):6.680|7.659, 13(0):16.790|17.733
3880, 135(23):6.028|6.196, 150(0):1.151|1.262, 12(0):0.490|0.768, 14(0):7.094|7.183, 11(0):17.137|17.279
3890, 156(33):5.952|7.012, 148(0):1.254|1.611, 16(0):0.601|0.778, 17(0):6.815|6.973, 13(0):16.970|18.569
3900, 134(25):5.605|8.906, 135(0):1.148|1.972, 15(0):0.488|0.601, 16(0):6.760|6.780, 16(0):17.691|18.274
3910, 134(17):5.519|6.024, 120(0):1.082|1.172, 11(0):0.521|0.554, 11(0):6.544|6.731, 16(0):16.325|16.903
3920, 135(20):5.650|5.785, 157(0):1.253|1.987, 16(0):0.469|0.480, 13(0):6.457|6.573, 13(0):16.787|16.870
3930, 170(31):5.737|5.819, 173(0):1.133|1.150, 17(0):0.547|0.564, 17(0):6.742|6.802, 17(0):16.631|16.716
3940, 161(10):5.297|5.508, 155(0):1.015|1.212, 16(0):0.492|0.534, 19(0):6.401|6.529, 14(0):15.055|15.174
3950, 155(10):5.271|6.862, 136(0):1.026|1.194, 13(0):0.512|0.529, 10(0):5.769|5.937, 14(0):15.015|15.541
3960, 173(27):5.545|5.949, 179(0):1.121|1.194, 19(0):0.564|0.606, 19(0):5.930|5.940, 24(0):15.928|16.781
3970, 152(25):5.786|5.825, 169(0):1.103|1.390, 15(0):0.553|0.605, 19(0):6.420|6.446, 12(0):16.136|17.454
3980, 138(22):5.607|6.066, 155(0):1.067|1.101, 16(0):0.551|0.571, 12(0):6.680|6.769, 15(0):16.065|16.454
3990, 169(17):5.271|5.441, 157(0):1.096|1.215, 16(0):0.512|0.691, 17(0):6.390|6.418, 15(0):16.262|16.559
4000, 177(31):5.693|5.912, 172(0):1.130|1.202, 18(0):0.520|0.535, 16(0):6.724|6.907, 19(0):16.373|17.309
4010, 152(24):5.628|5.646, 149(0):1.082|1.247, 14(0):0.469|0.583, 16(0):6.569|6.598, 12(0):16.641|16.983
4020, 163(20):5.672|5.715, 161(0):1.117|1.234, 16(0):0.484|0.511, 16(0):6.425|6.697, 13(0):16.759|17.007
4030, 131(25):5.644|6.116, 131(0):1.290|1.304, 14(0):0.493|0.552, 17(0):6.506|6.635, 19(0):17.427|18.100
4040, 188(36):5.722|5.938, 203(0):1.131|1.226, 19(0):0.473|0.477, 19(0):6.736|6.881, 17(0):16.244|16.964
4050, 192(31):5.689|6.233, 177(0):1.137|1.374, 17(0):0.608|0.626, 18(0):6.811|6.878, 21(0):16.376|16.424
4060, 198(32):5.809|5.916, 200(0):1.120|1.181, 21(0):0.512|0.518, 18(0):6.724|6.995, 19(0):16.616|16.975
4070, 172(30):5.726|5.812, 156(0):1.193|1.424, 17(0):0.465|0.618, 16(0):6.404|6.438, 15(0):15.526|17.022
4080, 113(19):5.841|6.183, 140(0):1.176|1.408, 12(0):0.489|0.542, 14(0):6.912|6.981, 16(0):16.340|16.355
4090, 144(28):5.775|5.882, 151(0):1.095|1.222, 15(0):0.530|0.559, 14(0):6.664|6.838, 17(0):16.811|17.024
4100, 114(24):5.796|6.363, 99(0):1.123|1.231, 11(0):0.503|0.554, 11(0):7.023|7.214, 6(0):16.028|16.885
4110, 143(44):5.986|6.487, 113(0):1.178|1.229, 12(0):0.529|0.568, 17(0):7.025|7.218, 14(0):16.517|16.676
4120, 169(37):5.912|6.043, 164(0):1.144|1.377, 18(0):0.515|0.568, 18(0):6.635|6.930, 20(0):16.882|17.351
4130, 153(14):5.541|5.726, 176(0):1.121|1.485, 16(0):0.497|0.805, 11(0):6.494|7.395, 15(0):16.135|16.146
4140, 170(18):5.659|5.963, 153(0):1.176|1.383, 16(0):0.453|0.526, 21(0):6.446|6.784, 17(0):16.350|17.201
4150, 213(46):5.673|6.040, 214(0):1.220|1.245, 21(0):0.518|0.651, 16(0):6.824|6.838, 18(0):17.629|18.218
4160, 150(18):5.591|5.766, 160(0):1.138|1.433, 14(0):0.527|0.650, 14(0):6.742|6.930, 13(0):15.806|16.450
4170, 165(46):6.392|6.546, 188(0):1.477|2.770, 19(0):0.545|0.559, 19(0):7.073|7.333, 17(0):17.311|18.028
4180, 182(40):6.010|7.168, 168(0):1.165|1.251, 17(0):0.590|0.642, 16(0):7.063|7.070, 16(0):18.436|19.130
4190, 155(24):5.698|6.010, 172(0):1.230|1.425, 18(0):0.545|0.615, 15(0):6.805|7.412, 16(1):18.732|20.005
4200, 174(23):5.512|5.942, 155(0):1.165|1.400, 13(0):0.551|0.601, 18(0):6.735|6.853, 20(0):17.722|18.164
4210, 169(20):5.605|5.939, 193(0):1.262|1.305, 21(0):0.586|0.631, 19(0):6.559|6.859, 19(0):17.365|18.206
4220, 195(46):6.040|6.260, 197(0):1.184|1.424, 19(0):0.516|0.578, 23(0):6.898|6.994, 18(0):16.063|16.349
4230, 195(21):5.442|5.548, 192(0):1.137|1.141, 20(0):0.547|0.582, 16(0):6.385|6.649, 22(0):16.227|16.711
4240, 197(22):5.612|6.926, 163(0):1.074|1.140, 18(0):0.502|0.521, 18(0):6.424|6.558, 15(0):15.800|16.151
4250, 220(25):5.465|5.692, 232(0):1.108|1.256, 23(0):0.504|0.521, 19(0):6.506|6.522, 22(0):16.000|16.580
4260, 130(24):5.612|6.418, 162(0):1.210|1.294, 14(0):0.470|0.668, 17(0):6.315|6.457, 15(0):15.452|16.807
4270, 140(19):5.611|5.999, 127(0):1.145|1.261, 12(0):0.459|0.520, 13(0):6.240|6.358, 17(0):16.923|17.298
4280, 156(24):5.614|5.784, 151(0):1.125|1.216, 15(0):0.568|0.589, 13(0):6.535|6.804, 17(0):16.099|16.288
4290, 194(19):5.449|5.842, 185(0):1.049|1.182, 20(0):0.503|0.504, 22(0):6.434|6.564, 14(0):15.807|17.383
4300, 134(6):5.367|5.427, 141(0):1.043|1.280, 14(0):0.460|0.606, 10(0):6.525|6.530, 15(0):15.025|17.334
4310, 113(5):5.200|5.466, 106(0):1.104|1.185, 12(0):0.472|0.499, 14(0):6.177|6.346, 9(0):15.628|15.930
4320, 150(11):5.366|5.397, 156(0):1.186|1.502, 14(0):0.470|0.550, 19(0):6.402|6.603, 13(0):15.831|16.035
4330, 146(0):4.721|4.949, 139(0):0.964|1.156, 16(0):0.411|0.463, 19(0):5.750|6.251, 22(0):15.850|16.851
4340, 139(1):4.924|5.029, 127(0):1.049|1.519, 12(0):0.444|0.473, 10(0):5.450|5.464, 16(0):14.706|14.753
4350, 179(6):5.221|5.457, 191(0):1.129|1.299, 20(0):0.449|0.471, 18(0):5.860|6.031, 16(0):15.273|15.326
4360, 143(4):5.054|5.567, 159(0):1.082|1.503, 13(0):0.535|0.888, 12(0):5.938|6.072, 12(0):14.148|15.267
4370, 157(10):5.214|5.375, 142(0):1.007|1.084, 16(0):0.476|0.518, 15(0):6.200|6.868, 18(0):15.259|15.572
4380, 168(10):5.170|5.716, 161(0):1.119|1.198, 15(0):0.479|0.653, 14(0):6.356|6.859, 12(0):14.827|14.955
4390, 139(6):5.166|5.486, 173(0):1.101|1.176, 16(0):0.465|0.581, 15(0):6.073|6.128, 14(0):14.928|15.398
4400, 119(3):5.156|5.483, 127(0):1.033|1.105, 14(0):0.432|0.455, 16(0):6.157|7.779, 14(0):15.201|15.327
4410, 213(19):5.597|5.720, 186(0):1.197|1.213, 19(0):0.583|0.602, 19(0):6.308|6.395, 20(0):16.612|16.718
4420, 133(22):5.589|5.779, 131(0):1.042|1.387, 13(0):0.468|0.559, 14(0):6.413|6.474, 13(0):16.576|16.865
4430, 189(7):5.350|5.967, 202(0):1.051|1.619, 20(0):0.459|0.521, 15(0):6.120|6.490, 19(0):16.681|16.995
4440, 230(14):5.224|5.401, 227(0):1.098|1.248, 22(0):0.513|0.548, 27(0):6.092|6.111, 21(0):15.324|15.934
4450, 203(27):5.385|5.550, 189(0):1.159|1.286, 21(0):0.522|0.596, 21(0):6.365|6.421, 26(0):15.415|15.461
4460, 161(14):5.286|6.015, 165(0):1.142|1.752, 16(0):0.443|0.489, 13(0):6.433|6.673, 15(0):15.347|15.810
4470, 178(22):5.618|5.801, 167(0):1.407|1.590, 17(0):0.540|0.615, 17(0):6.771|6.806, 15(0):16.291|17.292
4480, 140(20):5.723|5.931, 171(0):1.050|1.080, 13(0):0.490|0.640, 16(0):6.620|7.036, 21(0):16.495|16.801
4490, 193(31):5.732|5.943, 171(0):1.153|1.224, 21(0):0.502|0.543, 16(0):6.664|6.773, 13(0):15.818|16.879
4500, 163(15):5.314|5.690, 183(0):1.139|1.526, 17(0):0.503|0.624, 18(0):6.583|6.660, 16(0):15.301|15.501
4510, 124(8):5.244|5.536, 117(0):1.012|1.062, 13(0):0.504|0.547, 21(0):6.331|6.353, 15(0):15.183|15.207
4520, 176(13):5.353|5.979, 196(0):1.022|1.029, 17(0):0.458|0.568, 13(0):6.076|6.124, 18(0):15.666|15.987
4530, 133(24):5.564|5.795, 109(0):1.211|1.466, 11(0):0.502|0.728, 12(0):6.252|6.568, 8(0):17.188|17.420
4540, 176(11):5.376|5.445, 175(0):1.096|1.266, 18(0):0.421|0.429, 21(0):6.420|6.669, 18(0):15.422|16.337
4550, 153(2):4.995|5.247, 152(0):0.997|1.009, 16(0):0.446|0.460, 8(0):6.027|6.033, 17(0):15.581|16.589
4560, 193(3):5.118|5.144, 172(0):1.045|1.153, 19(0):0.462|0.533, 24(0):6.040|6.079, 21(0):14.460|15.412
4570, 208(8):5.202|5.329, 227(0):0.973|1.053, 22(0):0.487|0.654, 19(0):5.957|6.842, 20(0):14.706|14.967
4580, 180(8):5.088|5.402, 197(0):1.098|1.495, 17(0):0.483|0.526, 15(0):5.948|6.087, 16(0):14.961|16.604
4590, 180(10):5.327|5.402, 192(0):1.012|1.029, 19(0):0.586|0.648, 21(0):6.136|6.187, 17(0):15.401|15.577
4600, 130(11):5.432|5.882, 125(0):1.137|1.253, 13(0):0.491|0.507, 13(0):5.901|6.535, 19(0):16.261|16.677
4610, 170(19):5.440|5.599, 148(0):1.192|1.288, 16(0):0.573|0.631, 21(0):6.326|6.466, 16(0):15.118|15.626
4620, 173(23):5.693|6.096, 185(0):1.116|1.178, 17(0):0.529|0.543, 14(0):6.394|6.413, 12(0):15.227|15.697
4630, 211(21):5.476|5.822, 198(0):1.040|1.073, 22(0):0.483|0.492, 20(0):6.237|6.348, 25(0):15.851|16.678
4640, 148(22):5.621|6.085, 149(0):1.173|1.306, 15(0):0.631|0.633, 14(0):6.289|6.526, 13(0):15.586|15.926
4650, 173(31):5.744|5.888, 172(0):1.098|1.216, 17(0):0.507|0.813, 20(0):6.509|6.648, 17(0):15.767|16.075
4660, 191(34):5.554|5.759, 190(0):1.180|1.301, 19(0):0.536|0.605, 14(0):6.894|7.252, 17(0):15.792|16.612
4670, 145(21):5.433|6.173, 154(0):1.077|1.272, 15(0):0.502|0.527, 19(0):6.757|8.339, 19(0):15.508|15.807
4680, 162(14):5.440|5.734, 168(0):1.075|1.092, 16(0):0.547|0.670, 15(0):5.936|6.302, 15(0):15.861|16.612
4690, 149(19):5.644|5.890, 134(0):1.033|1.113, 14(0):0.522|0.550, 13(0):6.130|6.414, 12(0):15.598|15.614
4700, 127(17):5.487|5.755, 144(0):1.066|1.241, 14(0):0.484|0.543, 16(0):6.396|6.411, 16(0):15.996|16.235
4710, 202(26):5.447|5.750, 185(0):1.151|1.293, 20(0):0.469|0.476, 22(0):6.966|7.050, 23(0):16.361|17.005
4720, 184(24):5.547|5.774, 148(0):1.039|1.190, 16(0):0.553|0.797, 15(0):6.368|6.412, 18(0):15.154|15.634
4730, 174(19):5.570|5.736, 190(0):1.060|1.405, 19(0):0.517|0.529, 16(0):6.441|6.676, 12(0):16.068|16.202
4740, 178(16):5.658|5.896, 187(0):1.097|1.168, 18(0):0.486|0.507, 20(0):6.681|6.930, 19(0):15.252|15.554
4750, 152(27):5.482|5.642, 175(0):1.094|1.326, 16(0):0.577|0.584, 17(0):6.524|6.638, 18(0):17.169|17.381
4760, 185(34):5.708|5.862, 159(0):1.062|1.253, 18(0):0.492|0.546, 23(0):6.647|7.089, 20(0):16.837|17.126
4770, 186(52):6.744|7.407, 188(0):1.361|1.509, 16(0):0.647|0.658, 13(0):7.152|7.167, 15(0):17.527|18.179
4780, 169(39):6.121|6.704, 167(0):1.134|1.297, 19(0):0.491|0.501, 13(0):7.316|7.786, 15(0):17.068|17.506
4790, 163(23):5.866|6.031, 157(0):1.287|2.464, 15(0):0.496|0.585, 15(0):6.661|7.143, 18(1):18.140|20.622
4800, 172(25):6.106|9.986, 183(0):1.208|1.400, 18(0):0.497|0.509, 22(0):6.819|6.930, 18(0):17.449|18.536
4810, 192(7):5.350|5.399, 184(0):1.063|1.196, 19(0):0.669|0.937, 20(0):6.424|6.442, 19(0):15.875|16.470
4820, 141(18):5.635|5.805, 156(0):1.005|1.266, 14(0):0.511|0.548, 13(0):5.875|6.357, 14(0):16.905|16.992
4830, 166(9):5.226|5.400, 169(0):1.054|1.247, 18(0):0.470|0.507, 16(0):6.009|6.103, 20(0):15.947|16.058
4840, 157(18):5.657|5.839, 160(0):1.055|1.480, 16(0):0.568|0.631, 20(0):6.435|6.628, 14(0):16.196|17.992
4850, 176(26):5.556|5.606, 174(0):1.258|1.490, 17(0):0.521|0.713, 15(0):6.617|7.025, 19(0):16.592|18.236
4860, 213(32):5.454|5.639, 186(0):1.163|1.385, 20(0):0.547|0.568, 16(0):6.408|8.008, 17(0):16.899|16.982
4870, 141(17):5.273|5.485, 157(0):1.050|1.268, 15(0):0.493|0.519, 18(0):6.709|6.826, 17(0):15.431|17.240
4880, 183(20):5.511|6.459, 180(0):1.073|1.215, 17(0):0.398|0.412, 17(0):6.239|6.573, 16(0):15.978|16.206
4890, 170(14):5.170|5.340, 175(0):1.129|1.282, 18(0):0.491|0.530, 17(0):6.432|6.598, 19(0):15.504|15.807
4900, 122(14):5.787|5.889, 162(0):1.132|1.447, 14(0):0.464|0.505, 11(0):6.454|6.526, 12(0):15.248|15.338
4910, 139(20):5.715|5.808, 129(0):1.116|1.220, 13(0):0.572|0.583, 20(0):6.654|6.734, 15(0):16.320|16.389
4920, 173(27):5.797|5.942, 157(0):1.085|1.150, 17(0):0.496|0.535, 14(0):6.241|6.444, 17(0):15.321|15.889
4930, 147(27):5.749|5.892, 142(0):1.041|1.121, 16(0):0.563|0.835, 14(0):6.292|6.344, 16(0):16.034|16.416
4940, 141(15):5.537|5.913, 152(0):1.140|1.695, 14(0):0.566|0.574, 15(0):6.420|6.476, 14(0):15.824|17.445
4950, 185(17):5.533|5.902, 148(0):1.059|1.136, 16(0):0.527|0.557, 13(0):6.409|6.482, 16(0):16.221|16.258
4960, 120(14):5.357|5.753, 143(0):1.151|1.195, 14(0):0.475|0.499, 18(0):6.447|6.615, 12(0):14.990|15.775
4970, 195(20):5.813|5.874, 195(0):1.109|1.211, 19(0):0.469|0.491, 19(0):6.561|6.646, 18(0):15.678|16.752
4980, 186(14):5.349|5.506, 170(0):1.174|1.226, 18(0):0.535|0.578, 16(0):6.350|6.428, 19(0):15.922|16.385
4990, 148(25):5.624|5.891, 153(0):1.076|1.084, 15(0):0.513|0.521, 13(0):6.312|6.652, 17(0):15.518|16.357
5000, 133(23):5.580|5.771, 129(0):1.023|1.151, 14(0):0.515|0.561, 15(0):6.448|6.594, 17(0):15.880|17.491
5010, 154(14):5.350|5.493, 190(0):1.221|1.467, 17(0):0.540|0.543, 17(0):6.534|6.668, 10(0):16.273|17.750
5020, 208(27):5.426|5.623, 200(0):1.087|1.153, 19(0):0.501|0.550, 20(0):6.370|6.582, 24(0):15.844|15.897
5030, 225(20):5.282|5.668, 207(0):1.045|1.117, 22(0):0.640|0.720, 22(0):6.771|6.789, 21(0):16.387|16.450
5040, 172(14):5.376|5.536, 166(0):1.115|1.225, 16(0):0.461|0.464, 22(0):6.364|6.446, 18(0):15.562|16.265
5050, 188(20):5.502|5.778, 188(0):1.108|1.258, 20(0):0.501|0.570, 14(0):6.302|6.500, 12(0):15.743|15.762
5060, 203(32):5.686|5.810, 214(0):1.100|1.214, 19(0):0.562|0.614, 21(0):6.220|6.348, 25(0):17.067|17.468
5070, 203(48):6.493|6.903, 213(0):1.235|1.654, 22(0):0.529|0.535, 20(0):6.861|7.006, 20(0):16.470|17.620
5080, 198(50):6.254|6.989, 199(0):1.227|1.391, 19(0):0.574|0.580, 20(0):7.220|7.290, 21(0):18.198|18.465
5090, 175(34):5.494|5.985, 148(0):1.219|1.313, 17(0):0.599|0.683, 17(0):7.049|7.341, 14(0):17.036|17.742
5100, 199(41):5.699|5.891, 242(0):1.327|4.735, 22(0):0.553|0.555, 22(0):6.879|6.987, 24(0):17.099|17.227
5110, 158(22):5.660|5.840, 164(0):1.188|1.364, 16(0):0.547|0.581, 16(0):6.673|7.002, 12(0):16.941|17.352
5120, 218(36):6.060|6.419, 192(0):1.199|3.667, 20(0):0.461|0.466, 22(0):6.899|8.311, 24(0):16.209|16.775
5130, 193(24):5.847|5.988, 191(0):1.217|1.256, 20(0):0.540|0.690, 18(0):6.673|6.696, 19(0):17.696|17.837
5140, 215(29):5.462|5.808, 229(0):1.142|1.189, 22(0):0.535|0.548, 21(0):6.793|6.872, 23(0):17.030|17.250
5150, 154(16):5.725|6.995, 178(0):1.183|1.218, 17(0):0.535|0.868, 13(0):6.397|6.425, 12(0):16.356|16.371
5160, 172(33):5.620|6.165, 151(0):1.027|1.274, 16(0):0.476|0.677, 16(0):6.273|6.654, 18(0):15.980|15.989
5170, 181(15):5.502|5.622, 170(0):1.038|1.145, 17(0):0.503|0.662, 23(0):6.423|6.473, 18(0):16.189|17.409
5180, 206(17):5.339|5.980, 198(0):1.177|1.228, 21(0):0.598|0.608, 20(0):6.344|6.449, 24(0):16.076|16.618
5190, 203(21):5.471|5.989, 217(0):1.071|1.479, 22(0):0.560|0.619, 23(0):6.407|6.414, 17(0):16.142|16.262
5200, 192(20):5.462|5.724, 174(0):1.149|1.215, 16(0):0.468|0.468, 18(0):6.548|9.855, 18(0):16.341|16.459
5210, 175(14):5.323|5.511, 176(0):1.114|1.268, 19(0):0.489|0.517, 19(0):6.520|6.680, 22(0):16.374|17.147
5220, 223(21):5.618|5.837, 212(0):1.083|1.122, 21(0):0.478|0.512, 17(0):6.266|6.301, 19(0):16.435|16.703
5230, 167(27):5.666|5.892, 156(0):1.115|1.182, 18(0):0.439|0.502, 15(0):6.642|6.698, 23(0):15.937|16.134
5240, 168(16):5.352|5.551, 196(0):1.194|1.334, 17(0):0.514|0.656, 19(0):6.319|6.460, 11(0):15.145|17.000
5250, 203(15):5.609|6.330, 202(0):1.095|1.197, 20(0):0.530|0.584, 25(0):6.183|6.701, 19(0):15.036|15.321
5260, 135(8):5.442|5.638, 146(0):1.034|1.078, 13(0):0.500|0.521, 10(0):6.222|6.396, 17(0):15.635|16.308
5270, 156(12):5.390|5.544, 138(0):1.086|1.138, 15(0):0.457|0.460, 17(0):6.097|6.699, 11(0):15.276|15.538
5280, 134(19):5.629|6.155, 132(0):1.053|1.146, 15(0):0.502|0.550, 17(0):6.169|6.342, 20(0):15.961|16.816
5290, 146(17):5.429|5.693, 150(0):1.179|1.495, 14(0):0.484|0.497, 10(0):6.389|6.618, 16(0):15.580|15.739
5300, 127(21):5.418|5.511, 140(0):1.069|1.070, 13(0):0.457|0.516, 15(0):6.222|6.400, 9(0):15.394|16.266
5310, 113(15):5.430|5.723, 126(0):1.070|1.294, 12(0):0.508|0.549, 14(0):6.516|6.760, 10(0):16.270|16.804
5320, 167(18):5.620|5.753, 135(0):1.179|1.297, 16(0):0.515|0.571, 15(0):6.452|6.550, 21(0):16.349|16.356
5330, 166(23):5.409|5.517, 186(0):1.111|1.246, 16(0):0.481|0.500, 19(0):6.475|6.754, 14(0):15.477|16.585
5340, 168(15):5.321|5.607, 160(0):1.159|1.359, 17(0):0.507|0.574, 9(0):6.255|6.455, 15(0):15.367|16.615
5350, 130(27):5.802|5.887, 135(0):1.188|1.283, 12(0):0.594|0.716, 19(0):6.270|6.879, 11(0):15.962|16.663
5360, 161(36):5.985|7.816, 160(0):1.312|2.501, 18(0):0.530|0.538, 14(0):6.583|6.990, 19(0):16.550|17.364
5370, 187(70):6.953|7.041, 180(0):1.623|4.097, 19(0):0.558|0.746, 15(0):7.674|8.743, 16(3):19.999|22.036
5380, 161(48):6.009|6.780, 156(0):1.164|1.185, 14(0):0.549|0.576, 18(0):7.832|9.054, 18(1):18.873|21.930
5390, 137(22):5.749|5.925, 158(0):1.273|1.622, 15(0):0.503|0.578, 16(0):6.895|7.160, 13(0):16.549|17.965
5400, 146(26):5.565|6.059, 123(0):1.144|1.304, 14(0):0.472|0.483, 11(0):6.771|6.848, 14(0):16.491|16.535
5410, 158(32):5.541|5.684, 162(0):1.165|1.190, 16(0):0.590|0.602, 19(0):6.511|6.638, 16(0):16.818|17.011
5420, 151(28):5.705|6.182, 156(0):1.155|1.262, 15(0):0.528|0.548, 13(0):6.375|6.505, 15(0):16.543|16.751
5430, 143(29):5.652|6.015, 147(0):1.130|1.218, 14(0):0.510|0.573, 14(0):6.653|6.697, 15(0):17.383|18.539
5440, 185(22):5.415|5.564, 209(0):1.116|1.226, 20(0):0.505|0.568, 19(0):6.723|8.754, 17(0):16.554|17.076
5450, 140(5):5.171|5.292, 133(0):1.082|1.133, 14(0):0.447|0.448, 13(0):6.232|6.424, 16(0):15.619|16.098
5460, 131(5):5.249|5.626, 122(0):1.073|1.124, 13(0):0.610|0.796, 12(0):6.196|6.235, 17(0):15.686|15.862
5470, 154(16):5.346|5.400, 150(0):1.175|1.273, 15(0):0.579|0.594, 18(0):6.248|6.449, 14(0):15.265|16.389
5480, 213(12):5.306|5.383, 196(0):1.117|1.417, 21(0):0.501|0.673, 21(0):6.291|6.389, 19(0):15.526|16.527
5490, 179(22):5.491|6.380, 206(0):1.226|1.383, 19(0):0.507|0.532, 19(0):6.564|6.624, 17(0):16.644|16.771
5500, 148(35):5.675|6.020, 130(0):1.070|1.186, 13(0):0.446|0.450, 12(0):6.296|6.654, 15(0):16.060|16.084
5510, 156(23):5.721|6.161, 160(0):1.158|1.188, 15(0):0.612|0.635, 16(0):6.414|7.399, 13(0):15.970|17.550
5520, 160(20):5.431|5.745, 166(0):1.108|1.146, 17(0):0.514|0.700, 17(0):6.336|6.394, 21(0):16.550|17.165
5530, 161(24):5.798|6.248, 144(0):1.138|1.285, 16(0):0.427|0.501, 14(0):6.431|6.909, 12(0):15.676|15.832
5540, 126(18):5.689|5.964, 127(0):1.089|1.153, 12(0):0.472|0.565, 14(0):6.405|6.497, 14(0):16.394|17.180
5550, 164(29):5.672|5.963, 164(0):1.111|1.223, 18(0):0.482|0.484, 20(0):6.708|7.099, 21(0):16.724|17.001
5560, 185(26):5.431|5.633, 174(0):1.158|1.264, 17(0):0.516|0.547, 14(0):6.531|6.534, 14(0):16.904|17.631
5570, 169(38):5.824|6.103, 162(0):1.161|1.283, 17(0):0.524|0.565, 20(0):6.825|7.304, 18(0):16.516|17.112
5580, 179(33):5.589|5.839, 189(0):1.152|1.259, 18(0):0.535|0.594, 19(0):6.411|6.448, 17(0):16.640|16.706
5590, 163(10):5.345|5.545, 177(0):1.076|1.271, 17(0):0.416|0.452, 14(0):6.471|6.713, 16(0):16.243|19.309
5600, 143(13):5.268|5.481, 129(0):1.087|1.351, 15(0):0.472|0.619, 21(0):6.250|6.605, 21(0):15.662|15.967
5610, 165(25):5.581|6.072, 169(0):1.141|1.358, 16(0):0.478|0.501, 12(0):6.531|6.553, 13(0):17.051|17.243
5620, 174(18):5.337|5.617, 180(0):1.256|1.314, 17(0):0.490|0.528, 15(0):6.330|6.708, 18(0):17.280|17.349
5630, 147(25):5.877|5.990, 136(0):1.263|1.318, 15(0):0.559|0.643, 18(0):6.352|6.476, 12(0):15.187|15.881
5640, 150(28):6.189|6.285, 157(0):1.132|1.221, 15(0):0.469|0.515, 11(0):6.814|7.158, 17(0):16.493|16.888
5650, 126(20):5.489|5.828, 138(0):1.173|1.446, 13(0):0.510|0.527, 15(0):6.592|6.631, 14(0):15.940|15.985
5660, 157(25):5.468|5.609, 148(0):1.286|1.652, 15(0):0.538|0.709, 16(0):6.650|6.853, 13(0):16.151|18.864
5670, 183(54):6.534|6.791, 187(0):1.361|1.366, 17(0):0.568|0.648, 17(0):7.311|7.527, 22(0):17.936|19.389
5680, 199(37):6.030|6.110, 190(0):1.157|1.180, 21(0):0.571|0.615, 21(0):7.406|7.583, 18(0):17.246|19.151
5690, 195(20):5.482|5.665, 202(0):1.100|1.402, 20(0):0.552|0.577, 16(0):6.383|6.540, 17(0):17.051|18.335
5700, 165(26):5.853|6.638, 185(0):1.172|1.417, 17(0):0.480|0.499, 24(0):6.248|6.301, 21(0):16.736|16.997
5710, 195(38):5.641|5.941, 185(0):1.193|1.283, 20(0):0.510|0.516, 15(0):6.539|6.794, 17(0):16.655|16.818
5720, 202(28):5.744|6.006, 194(0):1.150|1.400, 19(0):0.504|0.508, 20(0):6.820|6.966, 15(0):17.321|17.484
5730, 191(20):5.567|5.784, 199(0):1.160|1.304, 20(0):0.476|0.493, 19(0):6.180|6.287, 18(0):16.621|17.008
5740, 146(20):5.552|5.654, 140(0):1.061|1.144, 14(0):0.543|0.607, 12(0):6.330|6.564, 21(0):16.013|16.168
5750, 163(24):5.479|5.738, 169(0):1.135|1.561, 15(0):0.467|0.501, 15(0):6.215|6.297, 13(0):14.698|15.957
5760, 151(22):5.495|5.613, 167(0):1.052|1.185, 16(0):0.632|0.691, 19(0):6.482|6.484, 15(0):16.517|16.658
5770, 143(16):5.485|5.581, 116(0):1.059|1.155, 14(0):0.440|0.446, 10(0):6.071|6.242, 17(0):16.325|17.410
5780, 140(16):5.370|5.497, 143(0):1.195|1.205, 14(0):0.508|0.552, 24(0):6.381|6.468, 14(0):15.482|17.437
5790, 174(22):5.572|5.817, 171(0):1.094|1.249, 18(0):0.503|0.543, 15(0):6.355|6.359, 18(0):16.600|17.095
5800, 159(16):5.554|5.746, 164(0):1.117|1.204, 14(0):0.473|0.509, 11(0):6.462|6.473, 13(0):15.352|15.792
5810, 181(13):5.415|5.501, 201(0):1.190|1.756, 20(0):0.576|0.584, 18(0):6.514|6.681, 21(0):15.651|16.049
5820, 139(7):5.117|5.458, 126(0):1.024|1.092, 14(0):0.485|0.505, 15(0):6.487|6.738, 12(0):14.737|14.962
5830, 186(12):5.319|5.468, 173(0):1.110|1.341, 16(0):0.581|0.677, 18(0):6.219|6.286, 19(0):15.267|15.653
5840, 167(15):5.523|5.822, 158(0):1.170|1.469, 19(0):0.520|0.529, 18(0):6.370|6.474, 17(0):15.333|15.821
5850, 157(15):5.282|5.558, 162(0):1.264|1.269, 16(0):0.674|0.888, 16(0):6.647|6.824, 17(0):15.544|16.116
5860, 171(31):5.776|5.882, 172(0):1.171|1.206, 16(0):0.552|0.581, 13(0):6.526|6.571, 14(0):15.793|15.825
5870, 167(24):5.694|6.063, 151(0):1.234|1.722, 16(0):0.532|0.622, 18(0):6.772|6.941, 14(0):16.277|17.857
5880, 160(16):5.626|5.818, 180(0):1.208|1.325, 16(0):0.511|0.549, 17(0):6.685|6.881, 20(0):15.760|16.741
5890, 134(14):5.619|5.796, 141(0):1.061|1.098, 14(0):0.488|0.546, 11(0):6.650|7.033, 14(0):15.788|15.869
5900, 142(13):5.333|5.795, 147(0):1.068|1.258, 16(0):0.500|0.532, 18(0):6.481|6.520, 15(0):16.237|17.398
5910, 148(32):5.971|7.029, 135(0):1.204|1.439, 14(0):0.502|0.519, 17(0):6.845|6.951, 13(0):16.172|16.578
5920, 121(14):5.518|5.942, 135(0):1.075|1.143, 12(0):0.501|0.672, 16(0):6.530|6.590, 16(0):15.895|15.920
5930, 164(24):5.486|5.868, 166(0):1.372|1.449, 16(0):0.567|0.688, 12(0):6.186|6.300, 15(0):15.945|16.326
5940, 172(19):5.463|5.600, 168(0):1.003|1.098, 17(0):0.529|0.544, 12(0):6.389|6.557, 19(0):16.226|16.550
5950, 191(23):5.391|5.530, 167(0):1.104|1.453, 18(0):0.578|0.625, 22(0):6.183|6.337, 14(0):15.750|16.350
5960, 193(33):5.688|6.012, 205(0):1.193|1.310, 20(0):0.493|0.796, 17(0):6.863|8.472, 19(0):15.436|16.407
5970, 183(56):5.920|6.507, 171(0):1.350|3.957, 19(0):0.608|0.637, 22(0):7.101|7.925, 18(0):18.063|18.688
5980, 185(44):6.023|8.126, 187(0):1.303|1.628, 18(0):0.591|0.723, 18(0):7.065|7.122, 19(0):18.297|18.461
5990, 170(23):5.649|5.781, 176(0):1.169|1.232, 17(0):0.534|0.713, 14(0):7.016|8.023, 17(0):16.945|17.122
6000, 165(23):5.624|5.801, 160(0):1.159|4.371, 16(0):0.462|0.506, 18(0):6.533|7.031, 16(0):16.659|17.017
6010, 160(31):5.694|5.900, 140(0):1.135|1.463, 15(0):0.469|0.496, 16(0):6.728|6.982, 16(0):16.846|17.087
error at thread_main
error at thread_main
error at thread_main
error at thread_main
error at thread_main
error at thread_main
error at thread_main
error at thread_main
error at thread_main
error at thread_main
error at thread_main
error at thread_main
error at thread_main
error at thread_main
error at thread_main
error at thread_main
error at thread_main
error at thread_main
error at thread_main
error at thread_main
error at thread_main
error at thread_main
error at thread_main
error at thread_main
error at thread_main
error at thread_main
error at thread_main
error at thread_main
error at thread_main
error at thread_main
error at thread_main
error at thread_main
error at thread_main
error at thread_main
error at thread_main
error at thread_main
error at thread_main
error at thread_main
error at thread_main
error at thread_main
error at thread_main
error at thread_main
error at thread_main
error at thread_main
error at thread_main
error at thread_main
error at thread_main
error at thread_main
error at thread_main
error at thread_main
error at thread_main
error at thread_main
error at thread_main
error at thread_main
error at thread_main
error at thread_main
error at thread_main
error at thread_main
6020, 156(27):5.757|6.097, 173(0):1.107|1.172, 17(0):0.472|0.508, 20(0):6.578|7.336, 21(0):16.162|17.399
6030, 168(25):5.571|5.677, 171(0):1.083|1.107, 16(0):0.436|0.596, 14(0):6.576|6.607, 15(0):16.246|16.910
6040, 154(21):5.501|6.061, 147(0):1.042|1.255, 17(0):0.623|0.628, 19(0):6.596|6.755, 17(0):16.608|17.125
6050, 182(18):5.585|5.631, 196(0):1.071|1.181, 18(0):0.476|0.476, 16(0):6.322|6.366, 15(0):15.851|17.488
6060, 197(13):5.496|5.508, 200(0):1.159|1.348, 20(0):0.532|0.546, 19(0):6.509|6.530, 15(0):14.968|16.173
6070, 211(19):5.433|6.047, 214(0):1.153|1.414, 21(0):0.588|0.615, 21(0):6.330|6.432, 23(0):16.637|16.646
6080, 168(22):5.719|6.481, 178(0):1.151|1.334, 17(0):0.468|0.496, 14(0):6.408|6.854, 21(0):15.886|16.825
6090, 215(35):5.754|5.853, 198(0):1.219|1.354, 21(0):0.520|0.571, 23(0):6.727|7.225, 22(0):16.548|17.769
6100, 166(20):5.403|5.437, 181(0):1.015|1.211, 18(0):0.502|0.612, 20(0):6.369|6.411, 19(0):15.559|15.958
6110, 202(23):5.448|7.691, 180(0):1.193|1.624, 19(0):0.500|0.542, 19(0):6.140|6.641, 15(0):15.654|15.680
6120, 196(21):5.681|5.742, 200(0):1.033|1.075, 19(0):0.514|0.529, 17(0):6.420|6.453, 18(0):16.475|16.656
6130, 218(20):5.338|5.454, 218(0):1.045|1.203, 21(0):0.450|0.593, 24(0):6.353|6.445, 23(0):15.507|16.237
6140, 238(20):5.487|6.020, 244(0):1.092|1.153, 25(0):0.503|0.508, 23(0):6.300|6.695, 24(0):15.794|16.006
6150, 169(19):5.583|6.191, 162(0):1.152|1.172, 16(0):0.505|0.518, 15(0):6.203|6.501, 16(0):14.844|16.077
6160, 140(25):5.629|6.051, 142(0):1.160|1.229, 14(0):0.621|0.759, 16(0):6.474|6.565, 15(0):15.975|16.259
6170, 158(16):5.542|5.960, 169(0):1.172|1.529, 17(0):0.552|0.566, 16(0):6.567|6.721, 16(0):16.704|17.211
6180, 137(18):5.510|5.748, 121(0):0.983|1.049, 14(0):0.484|0.533, 13(0):6.330|6.390, 17(0):15.828|16.109
6190, 137(18):5.482|5.773, 146(0):1.149|1.197, 14(0):0.478|0.491, 13(0):6.288|6.379, 12(0):15.403|16.146
6200, 159(9):5.341|5.559, 170(0):1.224|1.406, 16(0):0.422|0.491, 19(0):6.323|6.686, 17(0):14.962|16.762
6210, 156(15):5.438|5.525, 148(0):1.117|1.209, 15(0):0.551|0.568, 14(0):6.271|6.389, 16(0):16.675|17.329
6220, 159(19):5.543|5.723, 153(0):1.042|1.314, 14(0):0.470|0.562, 13(0):6.421|6.575, 13(0):15.547|16.727
6230, 184(18):5.516|5.773, 188(0):1.103|1.187, 21(0):0.493|0.597, 18(0):6.483|6.833, 22(0):16.201|16.830
6240, 214(10):5.166|5.308, 210(0):1.001|1.032, 21(0):0.525|0.562, 21(0):6.559|6.696, 17(0):15.439|15.622
6250, 110(11):5.249|5.294, 112(0):1.032|1.042, 11(0):0.556|0.594, 12(0):6.098|6.181, 13(0):15.226|16.359
6260, 142(23):5.566|5.783, 153(0):1.096|1.236, 13(0):0.520|0.654, 11(0):6.554|6.880, 15(0):15.969|16.113
6270, 164(50):6.054|6.189, 175(0):1.302|1.367, 19(0):0.596|0.634, 18(0):6.831|7.302, 16(0):16.852|17.158
6280, 205(43):5.831|6.136, 194(0):1.268|1.543, 19(0):0.478|0.547, 19(0):7.184|7.321, 20(0):18.187|18.304
6290, 191(35):5.854|6.269, 188(0):1.178|1.409, 18(0):0.583|0.723, 27(0):6.983|7.232, 19(0):16.772|17.077
6300, 153(32):5.760|6.038, 152(0):1.231|1.546, 16(0):0.565|0.641, 13(0):6.543|7.114, 17(0):16.643|16.652
6310, 238(50):6.039|6.176, 230(0):1.163|1.252, 23(0):0.546|1.003, 21(0):6.996|7.304, 20(0):17.116|17.400
6320, 180(26):5.726|6.142, 166(0):1.161|1.242, 18(0):0.486|0.500, 16(0):6.538|6.694, 18(0):17.605|18.032
6330, 170(30):5.852|6.175, 192(0):1.136|1.558, 16(0):0.499|0.717, 21(0):6.718|6.809, 19(0):17.353|17.594
6340, 166(13):5.530|6.128, 147(0):1.217|3.816, 18(0):0.576|0.584, 17(0):6.222|6.925, 15(0):16.509|16.769
6350, 164(34):5.648|5.783, 156(0):1.130|1.287, 17(0):0.508|0.512, 20(0):6.464|6.549, 14(0):16.519|16.527
6360, 188(23):5.689|6.145, 192(0):1.139|1.199, 18(0):0.518|0.545, 14(0):6.238|6.610, 18(0):16.524|16.751
6370, 88(7):5.558|5.595, 123(0):1.039|1.128, 11(0):0.418|0.426, 10(0):6.275|6.298, 15(0):15.010|15.375
6380, 141(19):5.499|5.675, 129(0):1.102|1.691, 12(0):0.505|0.527, 11(0):6.606|6.756, 15(0):15.846|15.895
6390, 183(17):5.508|5.840, 155(0):1.118|1.168, 16(0):0.517|0.540, 21(0):7.471|7.814, 12(0):15.456|15.563
6400, 157(30):5.750|5.925, 171(0):1.072|1.207, 18(0):0.466|0.497, 14(0):6.477|6.920, 23(0):16.998|17.605
6410, 139(18):5.372|5.377, 161(0):1.014|1.784, 15(0):0.507|0.537, 15(0):6.300|6.598, 8(0):16.469|16.838
6420, 155(22):5.690|5.782, 151(0):1.132|1.402, 15(0):0.507|1.057, 18(0):6.605|6.723, 20(0):16.426|16.636
6430, 162(19):5.532|5.769, 143(0):1.039|1.210, 16(0):0.521|0.531, 15(0):6.528|6.788, 14(0):15.325|17.526
6440, 182(16):5.474|5.551, 195(0):1.136|1.344, 19(0):0.516|0.634, 20(0):6.293|6.339, 17(0):15.987|17.289
6450, 207(32):5.471|5.795, 206(0):1.100|1.163, 20(0):0.521|0.545, 17(0):6.193|6.285, 21(0):16.245|16.275
6460, 121(12):5.578|5.915, 139(0):1.108|1.244, 13(0):0.458|0.471, 10(0):6.345|6.384, 10(0):15.933|16.770
6470, 137(27):5.732|5.971, 117(0):1.032|1.055, 12(0):0.498|0.525, 16(0):6.519|6.813, 16(0):16.587|17.084
6480, 159(9):5.520|5.639, 169(0):1.050|1.149, 17(0):0.517|0.545, 15(0):6.354|6.498, 16(0):15.696|18.167
6490, 161(5):5.085|5.225, 157(0):1.192|1.943, 16(0):0.526|0.538, 18(0):6.044|6.227, 14(0):16.807|16.966
6500, 164(18):5.449|5.563, 173(0):1.105|1.120, 18(0):0.530|0.559, 13(0):6.333|6.546, 16(0):15.925|16.572
6510, 131(13):5.562|6.048, 165(0):1.220|1.328, 13(0):0.594|0.715, 17(0):6.925|7.009, 14(0):16.482|17.108
6520, 148(22):5.545|5.777, 116(0):1.154|1.225, 15(0):0.533|0.546, 14(0):6.300|6.524, 19(0):16.647|16.699
6530, 140(19):5.404|5.468, 149(0):1.169|1.956, 14(0):0.508|0.520, 13(0):6.394|6.635, 16(0):16.400|16.849
6540, 132(21):5.491|5.551, 130(0):1.138|1.148, 12(0):0.469|0.651, 14(0):6.672|6.827, 9(0):16.181|16.381
6550, 119(19):5.556|5.624, 102(0):1.024|1.083, 11(0):0.455|0.463, 11(0):6.327|6.657, 13(0):16.090|16.096
6560, 160(33):5.777|5.952, 162(0):1.114|1.156, 16(0):0.600|0.656, 18(0):6.867|7.184, 16(0):15.719|15.783
6570, 182(36):6.303|6.613, 184(0):1.444|2.092, 20(0):0.562|0.590, 18(0):7.127|7.186, 15(0):17.046|17.975
6580, 143(44):6.115|6.534, 129(0):1.339|1.479, 12(0):0.542|0.595, 16(0):7.349|7.708, 14(0):17.268|18.075
6590, 147(32):5.646|5.934, 164(0):1.172|1.193, 16(0):0.473|0.479, 12(0):7.139|7.515, 17(0):17.712|18.693
6600, 155(17):5.657|5.948, 143(0):1.205|1.315, 15(0):0.461|0.635, 15(0):6.438|7.067, 13(0):16.215|16.749
6610, 128(14):5.789|6.036, 141(0):1.170|1.268, 13(0):0.468|0.512, 12(0):6.577|6.616, 16(0):16.605|17.870
6620, 151(19):5.561|5.834, 171(0):1.014|1.481, 15(0):0.504|0.585, 16(0):6.560|6.579, 17(0):16.892|17.051
6630, 150(20):5.504|5.668, 149(0):1.066|1.279, 16(0):0.474|0.535, 13(0):6.526|6.610, 11(0):15.645|15.695
6640, 144(16):5.366|5.580, 102(0):1.032|1.082, 12(0):0.456|0.554, 19(0):6.354|6.448, 22(0):15.831|16.117
6650, 159(20):5.376|5.598, 151(0):1.032|1.152, 16(0):0.536|0.567, 18(0):6.308|6.326, 16(0):15.874|16.724
6660, 141(17):5.517|5.725, 164(0):1.031|1.085, 16(0):0.511|0.539, 8(0):6.405|6.452, 11(0):14.897|15.486
6670, 153(22):5.656|5.798, 157(0):1.079|1.218, 15(0):0.661|0.676, 15(0):6.607|6.854, 16(0):16.557|16.574
6680, 214(11):5.273|5.364, 204(0):1.039|1.115, 20(0):0.531|0.567, 25(0):6.307|6.363, 17(0):15.220|16.648
6690, 185(8):5.081|5.455, 192(0):1.054|1.088, 18(0):0.449|0.544, 13(0):6.008|6.016, 17(0):15.469|15.722
6700, 206(5):5.185|5.787, 205(0):1.037|1.052, 23(0):0.459|0.494, 22(0):6.400|6.481, 20(0):15.403|16.461
6710, 216(4):5.143|5.370, 223(0):0.938|1.064, 21(0):0.426|0.544, 22(0):6.142|6.172, 27(0):14.390|14.734
6720, 215(15):5.311|5.542, 221(0):1.109|1.424, 22(0):0.482|0.484, 21(0):6.222|6.815, 17(0):15.100|15.248
6730, 185(17):5.642|5.850, 174(0):1.112|1.181, 19(0):0.574|0.621, 24(0):6.051|6.105, 21(0):15.695|15.813
6740, 197(17):5.514|5.843, 193(0):1.096|1.594, 18(0):0.698|0.789, 17(0):6.304|6.417, 15(0):16.186|16.507
6750, 213(23):5.395|5.849, 219(0):1.088|1.191, 22(0):0.549|0.581, 22(0):6.501|6.525, 23(0):16.687|17.596
6760, 137(15):5.475|5.551, 126(0):1.080|1.537, 12(0):0.509|0.513, 10(0):6.556|6.586, 9(0):17.307|17.409
6770, 217(33):5.362|5.958, 217(0):1.156|1.530, 22(0):0.548|0.729, 21(0):6.617|6.697, 23(0):16.166|16.383
6780, 183(20):5.475|6.129, 209(0):1.029|1.448, 21(0):0.535|0.686, 19(0):6.311|6.658, 22(0):15.889|16.465
6790, 222(2):4.964|5.887, 184(0):1.025|1.080, 19(0):0.430|0.456, 23(0):5.933|6.226, 18(0):15.186|15.336
6800, 210(0):4.732|4.997, 214(0):0.964|0.998, 22(0):0.406|0.452, 24(0):5.720|5.827, 26(0):14.782|15.826
6810, 212(0):4.754|4.983, 206(0):1.000|1.211, 21(0):0.453|0.517, 21(0):5.621|5.637, 17(0):14.399|14.456
6820, 180(1):4.813|5.118, 194(0):0.976|1.227, 18(0):0.575|0.812, 15(0):5.642|5.943, 24(0):14.525|14.630
6830, 222(11):5.297|5.384, 216(0):1.063|2.190, 22(0):0.460|0.461, 25(0):5.767|5.918, 20(0):15.182|15.523
6840, 197(3):5.050|5.189, 202(0):1.013|1.148, 21(0):0.500|0.599, 18(0):5.756|5.788, 20(0):15.153|15.809
6850, 228(19):5.465|6.300, 230(0):1.206|1.331, 23(0):0.586|0.607, 21(0):6.133|6.214, 21(0):16.880|18.351
6860, 178(10):5.535|6.033, 194(0):1.026|1.214, 17(0):0.480|0.646, 23(0):6.585|7.254, 21(0):16.605|16.906
6870, 224(46):5.992|6.343, 218(0):1.195|1.466, 22(0):0.567|0.600, 20(0):6.560|6.599, 21(0):16.609|16.621
6880, 195(39):5.981|6.290, 191(0):1.182|1.650, 21(0):0.616|0.763, 24(0):7.229|7.378, 21(0):17.909|18.531
6890, 186(26):5.735|5.859, 174(0):1.238|1.647, 18(0):0.580|0.603, 15(0):6.370|7.208, 18(0):16.316|16.804
6900, 196(28):5.497|5.846, 219(0):1.046|1.393, 20(0):0.550|0.603, 20(0):6.459|6.503, 22(0):16.780|16.900
6910, 197(28):5.685|5.908, 176(0):1.172|1.235, 18(0):0.538|0.696, 20(0):6.523|6.560, 18(0):16.069|16.648
6920, 215(33):5.722|6.012, 205(0):1.131|1.438, 22(0):0.571|0.657, 18(0):6.633|6.810, 23(0):16.365|17.170
6930, 201(21):5.339|5.833, 228(0):1.038|1.078, 21(0):0.500|0.537, 22(0):6.224|6.262, 24(0):16.087|16.769
6940, 205(18):5.537|5.747, 168(0):1.162|1.209, 19(0):0.506|0.573, 20(0):6.272|6.322, 14(0):16.423|17.054
6950, 190(17):5.440|5.728, 217(0):1.090|1.172, 19(0):0.475|0.503, 21(0):6.416|6.565, 16(0):15.372|15.828
6960, 215(16):5.256|11.357, 215(0):1.032|1.159, 22(0):0.494|0.566, 19(0):6.371|6.733, 22(0):15.639|16.724
6970, 190(14):5.378|5.492, 172(0):1.095|1.333, 18(0):0.461|0.521, 17(0):6.074|6.106, 21(0):15.728|15.764
6980, 179(19):5.470|5.593, 216(0):1.187|4.407, 20(0):0.471|0.552, 19(0):6.647|6.662, 18(0):15.951|16.065
6990, 215(28):5.568|6.025, 190(0):1.174|1.279, 21(0):0.552|0.666, 22(0):6.430|6.600, 24(0):16.092|16.657
7000, 193(23):5.724|6.137, 202(0):1.103|1.193, 19(0):0.532|0.556, 20(0):6.562|7.111, 23(0):16.815|19.352
7010, 212(18):5.507|5.680, 195(0):1.116|1.205, 20(0):0.503|0.655, 23(0):6.440|6.758, 17(0):15.753|16.147
7020, 178(23):5.490|5.633, 191(0):1.159|1.279, 19(0):0.531|0.538, 17(0):6.216|6.627, 17(0):15.164|15.246
7030, 193(20):5.328|5.453, 200(0):1.026|1.392, 20(0):0.458|0.475, 20(0):6.124|6.587, 21(0):15.440|15.897
7040, 199(15):5.509|5.654, 194(0):1.022|1.132, 20(0):0.458|0.674, 16(0):6.463|6.525, 18(0):15.697|16.236
7050, 208(21):5.521|5.653, 177(0):1.065|1.155, 18(0):0.456|0.643, 20(0):6.555|6.565, 17(0):14.960|16.466
7060, 148(15):5.499|5.702, 178(0):1.051|1.162, 17(0):0.475|0.596, 14(0):6.572|6.755, 17(0):15.031|17.046
7070, 121(6):5.226|5.283, 150(0):1.068|1.503, 14(0):0.512|0.535, 16(0):6.520|6.668, 14(0):16.325|16.549
7080, 219(37):5.575|5.784, 168(0):1.112|1.249, 19(0):0.470|0.472, 26(0):6.446|6.555, 22(0):15.932|16.209
7090, 163(13):5.340|5.553, 169(0):1.053|1.084, 17(0):0.459|0.475, 12(0):6.178|6.245, 19(0):15.787|16.613
7100, 178(16):5.500|6.898, 167(0):1.225|1.242, 17(0):0.485|0.591, 20(0):6.076|6.338, 14(0):15.777|16.034
7110, 198(16):5.736|7.103, 204(0):1.074|1.214, 19(0):0.494|0.623, 27(0):6.394|6.791, 21(0):15.138|17.121
7120, 218(19):5.301|5.730, 226(0):1.135|1.267, 24(0):0.532|0.652, 14(0):6.334|6.523, 19(0):15.587|16.097
7130, 189(19):5.328|5.586, 193(0):1.164|1.571, 17(0):0.469|0.483, 20(0):6.078|6.106, 19(0):16.440|16.810
7140, 210(18):5.413|5.666, 199(0):1.102|1.298, 22(0):0.554|0.575, 20(0):6.141|6.447, 22(0):16.586|17.306
7150, 203(11):5.191|5.320, 211(0):1.083|1.320, 20(0):0.480|0.511, 19(0):6.204|6.298, 21(0):15.636|15.637
7160, 122(18):5.527|5.668, 150(0):1.090|1.173, 14(0):0.444|0.503, 12(0):6.383|6.394, 13(0):15.857|15.929
7170, 183(58):7.181|7.837, 172(0):1.927|2.969, 19(0):0.597|0.801, 20(0):7.737|10.220, 22(0):17.441|18.092
7180, 140(22):6.335|6.602, 119(0):1.136|1.292, 13(0):0.598|0.644, 16(0):7.808|8.286, 11(0):17.380|17.761
7190, 219(20):5.330|5.709, 232(0):1.096|2.944, 22(0):0.516|0.538, 16(0):6.766|7.054, 24(0):16.839|16.965
7200, 182(14):5.303|5.997, 190(0):1.104|1.338, 18(0):0.479|0.539, 24(0):6.265|6.495, 17(0):15.928|19.857

STOPPING THREADS......................................................................................................................................................................................................................................................................................................................................................

<Raw Results>
  [0] sc:103391  lt:16571  rt:0  fl:0 
  [1] sc:119972  lt:0  rt:295  fl:0 
  [2] sc:11996  lt:0  rt:0  fl:0 
  [3] sc:12002  lt:0  rt:0  fl:0 
  [4] sc:11995  lt:8  rt:0  fl:0 
 in 7200 sec.

<Raw Results2(sum ver.)>
  [0] sc:103391  lt:16571  rt:0  fl:0 
  [1] sc:119972  lt:0  rt:295  fl:0 
  [2] sc:11996  lt:0  rt:0  fl:0 
  [3] sc:12002  lt:0  rt:0  fl:0 
  [4] sc:11995  lt:8  rt:0  fl:0 

<Constraint Check> (all must be [OK])
 [transaction percentage]
        Payment: 43.48% (>=43.0%) [OK]
   Order-Status: 4.35% (>= 4.0%) [OK]
       Delivery: 4.35% (>= 4.0%) [OK]
    Stock-Level: 4.35% (>= 4.0%) [OK]
 [response time (at least 90% passed)]
      New-Order: 86.19%  [NG] *
        Payment: 100.00%  [OK]
   Order-Status: 100.00%  [OK]
       Delivery: 100.00%  [OK]
    Stock-Level: 99.93%  [OK]

<TpmC>
                 999.683 TpmC
Start: 2013-08-03 16:40:40 - Finish: 2013-08-03 19:00:45
AVG Idle CPU: 0.00
AVG Commit: 90.19
