***************************************
*** ###easy### TPC-C Load Generator ***
***************************************
option h with value '192.241.149.101'
option d with value 'tpcc'
option u with value 'root'
option p with value 'password'
option w with value '50'
option c with value '500'
option r with value '1200'
option l with value '7200'
<Parameters>
     [server]: 192.241.149.101
     [port]: 3306
     [DBname]: tpcc
       [user]: root
       [pass]: password
  [warehouse]: 50
 [connection]: 500
     [rampup]: 1200 (sec.)
    [measure]: 7200 (sec.)

RAMP-UP TIME.(1200 sec.)

MEASURING START.

  10, 0(0):5.139|6.557, 0(0):1.195|2.029, 0(0):0.652|0.916, 0(0):6.733|6.949, 0(0):15.698|16.362
  20, 0(0):0.000|0.000, 0(0):0.000|0.000, 0(0):0.000|0.000, 0(0):0.000|0.000, 0(0):0.000|0.000
  30, 0(0):0.000|0.000, 0(0):0.000|0.000, 0(0):0.000|0.000, 0(0):0.000|0.000, 0(0):0.000|0.000
  40, 0(0):0.000|0.000, 0(0):0.000|0.000, 0(0):0.000|0.000, 0(0):0.000|0.000, 0(0):0.000|0.000
  50, 0(0):0.000|0.000, 0(0):0.000|0.000, 0(0):0.000|0.000, 0(0):0.000|0.000, 0(0):0.000|0.000
  60, 0(0):0.000|0.000, 0(0):0.000|0.000, 0(0):0.000|0.000, 0(0):0.000|0.000, 0(0):0.000|0.000
  70, 0(0):0.000|0.000, 0(0):0.000|0.000, 0(0):0.000|0.000, 0(0):0.000|0.000, 0(0):0.000|0.000
  80, 0(0):0.000|0.000, 0(0):0.000|0.000, 0(0):0.000|0.000, 0(0):0.000|0.000, 0(0):0.000|0.000
  90, 0(0):0.000|0.000, 0(0):0.000|0.000, 0(0):0.000|0.000, 0(0):0.000|0.000, 0(0):0.000|0.000
 100, 0(0):0.000|0.000, 0(0):0.000|0.000, 0(0):0.000|0.000, 0(0):0.000|0.000, 0(0):0.000|0.000
 110, 0(0):0.000|0.000, 0(0):0.000|0.000, 0(0):0.000|0.000, 0(0):0.000|0.000, 0(0):0.000|0.000
 120, 0(0):0.000|0.000, 0(0):0.000|0.000, 0(0):0.000|0.000, 0(0):0.000|0.000, 0(0):0.000|0.000
 130, 0(0):0.000|0.000, 0(0):0.000|0.000, 0(0):0.000|0.000, 0(0):0.000|0.000, 0(0):0.000|0.000
 140, 0(0):0.000|0.000, 0(0):0.000|0.000, 0(0):0.000|0.000, 0(0):0.000|0.000, 0(0):0.000|0.000
 150, 0(0):0.000|0.000, 0(0):0.000|0.000, 0(0):0.000|0.000, 0(0):0.000|0.000, 0(0):0.000|0.000
 160, 0(0):0.000|0.000, 0(0):0.000|0.000, 0(0):0.000|0.000, 0(0):0.000|0.000, 0(0):0.000|0.000
 170, 0(0):0.000|0.000, 0(0):0.000|0.000, 0(0):0.000|0.000, 0(0):0.000|0.000, 0(0):0.000|0.000
 180, 0(0):0.000|0.000, 0(0):0.000|0.000, 0(0):0.000|0.000, 0(0):0.000|0.000, 0(0):0.000|0.000
 190, 0(0):0.000|0.000, 0(0):0.000|0.000, 0(0):0.000|0.000, 0(0):0.000|0.000, 0(0):0.000|0.000
 200, 0(0):0.000|0.000, 0(0):0.000|0.000, 0(0):0.000|0.000, 0(0):0.000|0.000, 0(0):0.000|0.000
 210, 0(0):0.000|0.000, 0(0):0.000|0.000, 0(0):0.000|0.000, 0(0):0.000|0.000, 0(0):0.000|0.000
 220, 0(0):0.000|0.000, 0(0):0.000|0.000, 0(0):0.000|0.000, 0(0):0.000|0.000, 0(0):0.000|0.000
 230, 0(0):0.000|0.000, 0(0):0.000|0.000, 0(0):0.000|0.000, 0(0):0.000|0.000, 0(0):0.000|0.000
 240, 0(0):0.000|0.000, 0(0):0.000|0.000, 0(0):0.000|0.000, 0(0):0.000|0.000, 0(0):0.000|0.000
 250, 0(0):0.000|0.000, 0(0):0.000|0.000, 0(0):0.000|0.000, 0(0):0.000|0.000, 0(0):0.000|0.000
 260, 0(0):0.000|0.000, 0(0):0.000|0.000, 0(0):0.000|0.000, 0(0):0.000|0.000, 0(0):0.000|0.000
 270, 0(0):0.000|0.000, 0(0):0.000|0.000, 0(0):0.000|0.000, 0(0):0.000|0.000, 0(0):0.000|0.000
 280, 0(0):0.000|0.000, 0(0):0.000|0.000, 0(0):0.000|0.000, 0(0):0.000|0.000, 0(0):0.000|0.000
 290, 0(0):0.000|0.000, 0(0):0.000|0.000, 0(0):0.000|0.000, 0(0):0.000|0.000, 0(0):0.000|0.000
 300, 0(0):0.000|0.000, 0(0):0.000|0.000, 0(0):0.000|0.000, 0(0):0.000|0.000, 0(0):0.000|0.000
 310, 0(0):0.000|0.000, 0(0):0.000|0.000, 0(0):0.000|0.000, 0(0):0.000|0.000, 0(0):0.000|0.000
 320, 0(0):0.000|0.000, 0(0):0.000|0.000, 0(0):0.000|0.000, 0(0):0.000|0.000, 0(0):0.000|0.000
 330, 0(0):0.000|0.000, 0(0):0.000|0.000, 0(0):0.000|0.000, 0(0):0.000|0.000, 0(0):0.000|0.000
 340, 0(0):0.000|0.000, 0(0):0.000|0.000, 0(0):0.000|0.000, 0(0):0.000|0.000, 0(0):0.000|0.000
 350, 0(0):0.000|0.000, 0(0):0.000|0.000, 0(0):0.000|0.000, 0(0):0.000|0.000, 0(0):0.000|0.000
 360, 0(0):0.000|0.000, 0(0):0.000|0.000, 0(0):0.000|0.000, 0(0):0.000|0.000, 0(0):0.000|0.000
 370, 0(0):0.000|0.000, 0(0):0.000|0.000, 0(0):0.000|0.000, 0(0):0.000|0.000, 0(0):0.000|0.000
 380, 0(0):0.000|0.000, 0(0):0.000|0.000, 0(0):0.000|0.000, 0(0):0.000|0.000, 0(0):0.000|0.000
 390, 0(0):0.000|0.000, 0(0):0.000|0.000, 0(0):0.000|0.000, 0(0):0.000|0.000, 0(0):0.000|0.000
 400, 0(0):0.000|0.000, 0(0):0.000|0.000, 0(0):0.000|0.000, 0(0):0.000|0.000, 0(0):0.000|0.000
 410, 0(0):0.000|0.000, 0(0):0.000|0.000, 0(0):0.000|0.000, 0(0):0.000|0.000, 0(0):0.000|0.000
 420, 0(0):0.000|0.000, 0(0):0.000|0.000, 0(0):0.000|0.000, 0(0):0.000|0.000, 0(0):0.000|0.000
 430, 0(0):0.000|0.000, 0(0):0.000|0.000, 0(0):0.000|0.000, 0(0):0.000|0.000, 0(0):0.000|0.000
 440, 0(0):0.000|0.000, 0(0):0.000|0.000, 0(0):0.000|0.000, 0(0):0.000|0.000, 0(0):0.000|0.000
 450, 0(0):0.000|0.000, 0(0):0.000|0.000, 0(0):0.000|0.000, 0(0):0.000|0.000, 0(0):0.000|0.000
 460, 0(0):0.000|0.000, 0(0):0.000|0.000, 0(0):0.000|0.000, 0(0):0.000|0.000, 0(0):0.000|0.000
 470, 0(0):0.000|0.000, 0(0):0.000|0.000, 0(0):0.000|0.000, 0(0):0.000|0.000, 0(0):0.000|0.000
 480, 0(0):0.000|0.000, 0(0):0.000|0.000, 0(0):0.000|0.000, 0(0):0.000|0.000, 0(0):0.000|0.000
 490, 0(0):0.000|0.000, 0(0):0.000|0.000, 0(0):0.000|0.000, 0(0):0.000|0.000, 0(0):0.000|0.000
 500, 0(0):0.000|0.000, 0(0):0.000|0.000, 0(0):0.000|0.000, 0(0):0.000|0.000, 0(0):0.000|0.000
 510, 0(0):0.000|0.000, 0(0):0.000|0.000, 0(0):0.000|0.000, 0(0):0.000|0.000, 0(0):0.000|0.000
 520, 0(0):0.000|0.000, 0(0):0.000|0.000, 0(0):0.000|0.000, 0(0):0.000|0.000, 0(0):0.000|0.000
 530, 0(0):0.000|0.000, 0(0):0.000|0.000, 0(0):0.000|0.000, 0(0):0.000|0.000, 0(0):0.000|0.000
 540, 0(0):0.000|0.000, 0(0):0.000|0.000, 0(0):0.000|0.000, 0(0):0.000|0.000, 0(0):0.000|0.000
 550, 0(0):0.000|0.000, 0(0):0.000|0.000, 0(0):0.000|0.000, 0(0):0.000|0.000, 0(0):0.000|0.000
 560, 0(0):0.000|0.000, 0(0):0.000|0.000, 0(0):0.000|0.000, 0(0):0.000|0.000, 0(0):0.000|0.000
 570, 0(0):0.000|0.000, 0(0):0.000|0.000, 0(0):0.000|0.000, 0(0):0.000|0.000, 0(0):0.000|0.000
 580, 0(0):0.000|0.000, 0(0):0.000|0.000, 0(0):0.000|0.000, 0(0):0.000|0.000, 0(0):0.000|0.000
 590, 0(0):0.000|0.000, 0(0):0.000|0.000, 0(0):0.000|0.000, 0(0):0.000|0.000, 0(0):0.000|0.000
 600, 0(0):0.000|0.000, 0(0):0.000|0.000, 0(0):0.000|0.000, 0(0):0.000|0.000, 0(0):0.000|0.000
 610, 0(0):0.000|0.000, 0(0):0.000|0.000, 0(0):0.000|0.000, 0(0):0.000|0.000, 0(0):0.000|0.000
 620, 0(0):0.000|0.000, 0(0):0.000|0.000, 0(0):0.000|0.000, 0(0):0.000|0.000, 0(0):0.000|0.000
 630, 0(0):0.000|0.000, 0(0):0.000|0.000, 0(0):0.000|0.000, 0(0):0.000|0.000, 0(0):0.000|0.000
 640, 0(0):0.000|0.000, 0(0):0.000|0.000, 0(0):0.000|0.000, 0(0):0.000|0.000, 0(0):0.000|0.000
 650, 0(0):0.000|0.000, 0(0):0.000|0.000, 0(0):0.000|0.000, 0(0):0.000|0.000, 0(0):0.000|0.000
 660, 0(0):0.000|0.000, 0(0):0.000|0.000, 0(0):0.000|0.000, 0(0):0.000|0.000, 0(0):0.000|0.000
 670, 0(0):0.000|0.000, 0(0):0.000|0.000, 0(0):0.000|0.000, 0(0):0.000|0.000, 0(0):0.000|0.000
 680, 0(0):0.000|0.000, 0(0):0.000|0.000, 0(0):0.000|0.000, 0(0):0.000|0.000, 0(0):0.000|0.000
 690, 0(0):0.000|0.000, 0(0):0.000|0.000, 0(0):0.000|0.000, 0(0):0.000|0.000, 0(0):0.000|0.000
 700, 0(0):0.000|0.000, 0(0):0.000|0.000, 0(0):0.000|0.000, 0(0):0.000|0.000, 0(0):0.000|0.000
 710, 0(0):0.000|0.000, 0(0):0.000|0.000, 0(0):0.000|0.000, 0(0):0.000|0.000, 0(0):0.000|0.000
 720, 0(0):0.000|0.000, 0(0):0.000|0.000, 0(0):0.000|0.000, 0(0):0.000|0.000, 0(0):0.000|0.000
 730, 0(0):0.000|0.000, 0(0):0.000|0.000, 0(0):0.000|0.000, 0(0):0.000|0.000, 0(0):0.000|0.000
 740, 0(0):0.000|0.000, 0(0):0.000|0.000, 0(0):0.000|0.000, 0(0):0.000|0.000, 0(0):0.000|0.000
 750, 0(0):0.000|0.000, 0(0):0.000|0.000, 0(0):0.000|0.000, 0(0):0.000|0.000, 0(0):0.000|0.000
 760, 0(0):0.000|0.000, 0(0):0.000|0.000, 0(0):0.000|0.000, 0(0):0.000|0.000, 0(0):0.000|0.000
 770, 0(0):0.000|0.000, 0(0):0.000|0.000, 0(0):0.000|0.000, 0(0):0.000|0.000, 0(0):0.000|0.000
 780, 0(0):0.000|0.000, 0(0):0.000|0.000, 0(0):0.000|0.000, 0(0):0.000|0.000, 0(0):0.000|0.000
 790, 0(0):0.000|0.000, 0(0):0.000|0.000, 0(0):0.000|0.000, 0(0):0.000|0.000, 0(0):0.000|0.000
 800, 0(0):0.000|0.000, 0(0):0.000|0.000, 0(0):0.000|0.000, 0(0):0.000|0.000, 0(0):0.000|0.000
 810, 0(0):0.000|0.000, 0(0):0.000|0.000, 0(0):0.000|0.000, 0(0):0.000|0.000, 0(0):0.000|0.000
 820, 0(0):0.000|0.000, 0(0):0.000|0.000, 0(0):0.000|0.000, 0(0):0.000|0.000, 0(0):0.000|0.000
 830, 0(0):0.000|0.000, 0(0):0.000|0.000, 0(0):0.000|0.000, 0(0):0.000|0.000, 0(0):0.000|0.000
 840, 0(0):0.000|0.000, 0(0):0.000|0.000, 0(0):0.000|0.000, 0(0):0.000|0.000, 0(0):0.000|0.000
 850, 0(0):0.000|0.000, 0(0):0.000|0.000, 0(0):0.000|0.000, 0(0):0.000|0.000, 0(0):0.000|0.000
 860, 0(0):0.000|0.000, 0(0):0.000|0.000, 0(0):0.000|0.000, 0(0):0.000|0.000, 0(0):0.000|0.000
 870, 0(0):0.000|0.000, 0(0):0.000|0.000, 0(0):0.000|0.000, 0(0):0.000|0.000, 0(0):0.000|0.000
 880, 0(0):0.000|0.000, 0(0):0.000|0.000, 0(0):0.000|0.000, 0(0):0.000|0.000, 0(0):0.000|0.000
 890, 0(0):0.000|0.000, 0(0):0.000|0.000, 0(0):0.000|0.000, 0(0):0.000|0.000, 0(0):0.000|0.000
 900, 0(0):0.000|0.000, 0(0):0.000|0.000, 0(0):0.000|0.000, 0(0):0.000|0.000, 0(0):0.000|0.000
 910, 0(0):0.000|0.000, 0(0):0.000|0.000, 0(0):0.000|0.000, 0(0):0.000|0.000, 0(0):0.000|0.000
 920, 0(0):0.000|0.000, 0(0):0.000|0.000, 0(0):0.000|0.000, 0(0):0.000|0.000, 0(0):0.000|0.000
 930, 0(0):0.000|0.000, 0(0):0.000|0.000, 0(0):0.000|0.000, 0(0):0.000|0.000, 0(0):0.000|0.000
 940, 0(0):0.000|0.000, 0(0):0.000|0.000, 0(0):0.000|0.000, 0(0):0.000|0.000, 0(0):0.000|0.000
 950, 0(0):0.000|0.000, 0(0):0.000|0.000, 0(0):0.000|0.000, 0(0):0.000|0.000, 0(0):0.000|0.000
 960, 0(0):0.000|0.000, 0(0):0.000|0.000, 0(0):0.000|0.000, 0(0):0.000|0.000, 0(0):0.000|0.000
 970, 0(0):0.000|0.000, 0(0):0.000|0.000, 0(0):0.000|0.000, 0(0):0.000|0.000, 0(0):0.000|0.000
 980, 0(0):0.000|0.000, 0(0):0.000|0.000, 0(0):0.000|0.000, 0(0):0.000|0.000, 0(0):0.000|0.000
 990, 0(0):0.000|0.000, 0(0):0.000|0.000, 0(0):0.000|0.000, 0(0):0.000|0.000, 0(0):0.000|0.000
1000, 0(0):0.000|0.000, 0(0):0.000|0.000, 0(0):0.000|0.000, 0(0):0.000|0.000, 0(0):0.000|0.000
1010, 0(0):0.000|0.000, 0(0):0.000|0.000, 0(0):0.000|0.000, 0(0):0.000|0.000, 0(0):0.000|0.000
1020, 0(0):0.000|0.000, 0(0):0.000|0.000, 0(0):0.000|0.000, 0(0):0.000|0.000, 0(0):0.000|0.000
1030, 0(0):0.000|0.000, 0(0):0.000|0.000, 0(0):0.000|0.000, 0(0):0.000|0.000, 0(0):0.000|0.000
1040, 0(0):0.000|0.000, 0(0):0.000|0.000, 0(0):0.000|0.000, 0(0):0.000|0.000, 0(0):0.000|0.000
1050, 0(0):0.000|0.000, 0(0):0.000|0.000, 0(0):0.000|0.000, 0(0):0.000|0.000, 0(0):0.000|0.000
1060, 0(0):0.000|0.000, 0(0):0.000|0.000, 0(0):0.000|0.000, 0(0):0.000|0.000, 0(0):0.000|0.000
1070, 0(0):0.000|0.000, 0(0):0.000|0.000, 0(0):0.000|0.000, 0(0):0.000|0.000, 0(0):0.000|0.000
1080, 0(0):0.000|0.000, 0(0):0.000|0.000, 0(0):0.000|0.000, 0(0):0.000|0.000, 0(0):0.000|0.000
1090, 0(0):0.000|0.000, 0(0):0.000|0.000, 0(0):0.000|0.000, 0(0):0.000|0.000, 0(0):0.000|0.000
1100, 0(0):0.000|0.000, 0(0):0.000|0.000, 0(0):0.000|0.000, 0(0):0.000|0.000, 0(0):0.000|0.000
1110, 0(0):0.000|0.000, 0(0):0.000|0.000, 0(0):0.000|0.000, 0(0):0.000|0.000, 0(0):0.000|0.000
1120, 0(0):0.000|0.000, 0(0):0.000|0.000, 0(0):0.000|0.000, 0(0):0.000|0.000, 0(0):0.000|0.000
1130, 0(0):0.000|0.000, 0(0):0.000|0.000, 0(0):0.000|0.000, 0(0):0.000|0.000, 0(0):0.000|0.000
1140, 0(0):0.000|0.000, 0(0):0.000|0.000, 0(0):0.000|0.000, 0(0):0.000|0.000, 0(0):0.000|0.000
1150, 0(0):0.000|0.000, 0(0):0.000|0.000, 0(0):0.000|0.000, 0(0):0.000|0.000, 0(0):0.000|0.000
1160, 0(0):0.000|0.000, 0(0):0.000|0.000, 0(0):0.000|0.000, 0(0):0.000|0.000, 0(0):0.000|0.000
1170, 0(0):0.000|0.000, 0(0):0.000|0.000, 0(0):0.000|0.000, 0(0):0.000|0.000, 0(0):0.000|0.000
1180, 0(0):0.000|0.000, 0(0):0.000|0.000, 0(0):0.000|0.000, 0(0):0.000|0.000, 0(0):0.000|0.000
1190, 0(0):0.000|0.000, 0(0):0.000|0.000, 0(0):0.000|0.000, 0(0):0.000|0.000, 0(0):0.000|0.000
1200, 0(0):0.000|0.000, 0(0):0.000|0.000, 0(0):0.000|0.000, 0(0):0.000|0.000, 0(0):0.000|0.000
1210, 0(0):0.000|0.000, 0(0):0.000|0.000, 0(0):0.000|0.000, 0(0):0.000|0.000, 0(0):0.000|0.000
1220, 0(0):0.000|0.000, 0(0):0.000|0.000, 0(0):0.000|0.000, 0(0):0.000|0.000, 0(0):0.000|0.000
1230, 0(0):0.000|0.000, 0(0):0.000|0.000, 0(0):0.000|0.000, 0(0):0.000|0.000, 0(0):0.000|0.000
1240, 0(0):0.000|0.000, 0(0):0.000|0.000, 0(0):0.000|0.000, 0(0):0.000|0.000, 0(0):0.000|0.000
1250, 0(0):0.000|0.000, 0(0):0.000|0.000, 0(0):0.000|0.000, 0(0):0.000|0.000, 0(0):0.000|0.000
1260, 0(0):0.000|0.000, 0(0):0.000|0.000, 0(0):0.000|0.000, 0(0):0.000|0.000, 0(0):0.000|0.000
1270, 0(0):0.000|0.000, 0(0):0.000|0.000, 0(0):0.000|0.000, 0(0):0.000|0.000, 0(0):0.000|0.000
1280, 0(0):0.000|0.000, 0(0):0.000|0.000, 0(0):0.000|0.000, 0(0):0.000|0.000, 0(0):0.000|0.000
1290, 0(0):0.000|0.000, 0(0):0.000|0.000, 0(0):0.000|0.000, 0(0):0.000|0.000, 0(0):0.000|0.000
1300, 0(0):0.000|0.000, 0(0):0.000|0.000, 0(0):0.000|0.000, 0(0):0.000|0.000, 0(0):0.000|0.000
1310, 0(0):0.000|0.000, 0(0):0.000|0.000, 0(0):0.000|0.000, 0(0):0.000|0.000, 0(0):0.000|0.000
1320, 0(0):0.000|0.000, 0(0):0.000|0.000, 0(0):0.000|0.000, 0(0):0.000|0.000, 0(0):0.000|0.000
1330, 0(0):0.000|0.000, 0(0):0.000|0.000, 0(0):0.000|0.000, 0(0):0.000|0.000, 0(0):0.000|0.000
1340, 0(0):0.000|0.000, 0(0):0.000|0.000, 0(0):0.000|0.000, 0(0):0.000|0.000, 0(0):0.000|0.000
1350, 0(0):0.000|0.000, 0(0):0.000|0.000, 0(0):0.000|0.000, 0(0):0.000|0.000, 0(0):0.000|0.000
1360, 0(0):0.000|0.000, 0(0):0.000|0.000, 0(0):0.000|0.000, 0(0):0.000|0.000, 0(0):0.000|0.000
1370, 0(0):0.000|0.000, 0(0):0.000|0.000, 0(0):0.000|0.000, 0(0):0.000|0.000, 0(0):0.000|0.000
1380, 0(0):0.000|0.000, 0(0):0.000|0.000, 0(0):0.000|0.000, 0(0):0.000|0.000, 0(0):0.000|0.000
1390, 0(0):0.000|0.000, 0(0):0.000|0.000, 0(0):0.000|0.000, 0(0):0.000|0.000, 0(0):0.000|0.000
1400, 0(0):0.000|0.000, 0(0):0.000|0.000, 0(0):0.000|0.000, 0(0):0.000|0.000, 0(0):0.000|0.000
1410, 0(0):0.000|0.000, 0(0):0.000|0.000, 0(0):0.000|0.000, 0(0):0.000|0.000, 0(0):0.000|0.000
1420, 0(0):0.000|0.000, 0(0):0.000|0.000, 0(0):0.000|0.000, 0(0):0.000|0.000, 0(0):0.000|0.000
1430, 0(0):0.000|0.000, 0(0):0.000|0.000, 0(0):0.000|0.000, 0(0):0.000|0.000, 0(0):0.000|0.000
1440, 0(0):0.000|0.000, 0(0):0.000|0.000, 0(0):0.000|0.000, 0(0):0.000|0.000, 0(0):0.000|0.000
1450, 0(0):0.000|0.000, 0(0):0.000|0.000, 0(0):0.000|0.000, 0(0):0.000|0.000, 0(0):0.000|0.000
1460, 0(0):0.000|0.000, 0(0):0.000|0.000, 0(0):0.000|0.000, 0(0):0.000|0.000, 0(0):0.000|0.000
1470, 0(0):0.000|0.000, 0(0):0.000|0.000, 0(0):0.000|0.000, 0(0):0.000|0.000, 0(0):0.000|0.000
1480, 0(0):0.000|0.000, 0(0):0.000|0.000, 0(0):0.000|0.000, 0(0):0.000|0.000, 0(0):0.000|0.000
1490, 0(0):0.000|0.000, 0(0):0.000|0.000, 0(0):0.000|0.000, 0(0):0.000|0.000, 0(0):0.000|0.000
1500, 0(0):0.000|0.000, 0(0):0.000|0.000, 0(0):0.000|0.000, 0(0):0.000|0.000, 0(0):0.000|0.000
1510, 0(0):0.000|0.000, 0(0):0.000|0.000, 0(0):0.000|0.000, 0(0):0.000|0.000, 0(0):0.000|0.000
1520, 0(0):0.000|0.000, 0(0):0.000|0.000, 0(0):0.000|0.000, 0(0):0.000|0.000, 0(0):0.000|0.000
1530, 0(0):0.000|0.000, 0(0):0.000|0.000, 0(0):0.000|0.000, 0(0):0.000|0.000, 0(0):0.000|0.000
1540, 0(0):0.000|0.000, 0(0):0.000|0.000, 0(0):0.000|0.000, 0(0):0.000|0.000, 0(0):0.000|0.000
1550, 0(0):0.000|0.000, 0(0):0.000|0.000, 0(0):0.000|0.000, 0(0):0.000|0.000, 0(0):0.000|0.000
1560, 0(0):0.000|0.000, 0(0):0.000|0.000, 0(0):0.000|0.000, 0(0):0.000|0.000, 0(0):0.000|0.000
1570, 0(0):0.000|0.000, 0(0):0.000|0.000, 0(0):0.000|0.000, 0(0):0.000|0.000, 0(0):0.000|0.000
1580, 0(0):0.000|0.000, 0(0):0.000|0.000, 0(0):0.000|0.000, 0(0):0.000|0.000, 0(0):0.000|0.000
1590, 0(0):0.000|0.000, 0(0):0.000|0.000, 0(0):0.000|0.000, 0(0):0.000|0.000, 0(0):0.000|0.000
1600, 0(0):0.000|0.000, 0(0):0.000|0.000, 0(0):0.000|0.000, 0(0):0.000|0.000, 0(0):0.000|0.000
1610, 0(0):0.000|0.000, 0(0):0.000|0.000, 0(0):0.000|0.000, 0(0):0.000|0.000, 0(0):0.000|0.000
1620, 0(0):0.000|0.000, 0(0):0.000|0.000, 0(0):0.000|0.000, 0(0):0.000|0.000, 0(0):0.000|0.000
1630, 0(0):0.000|0.000, 0(0):0.000|0.000, 0(0):0.000|0.000, 0(0):0.000|0.000, 0(0):0.000|0.000
1640, 0(0):0.000|0.000, 0(0):0.000|0.000, 0(0):0.000|0.000, 0(0):0.000|0.000, 0(0):0.000|0.000
1650, 0(0):0.000|0.000, 0(0):0.000|0.000, 0(0):0.000|0.000, 0(0):0.000|0.000, 0(0):0.000|0.000
1660, 0(0):0.000|0.000, 0(0):0.000|0.000, 0(0):0.000|0.000, 0(0):0.000|0.000, 0(0):0.000|0.000
1670, 0(0):0.000|0.000, 0(0):0.000|0.000, 0(0):0.000|0.000, 0(0):0.000|0.000, 0(0):0.000|0.000
1680, 0(0):0.000|0.000, 0(0):0.000|0.000, 0(0):0.000|0.000, 0(0):0.000|0.000, 0(0):0.000|0.000
1690, 0(0):0.000|0.000, 0(0):0.000|0.000, 0(0):0.000|0.000, 0(0):0.000|0.000, 0(0):0.000|0.000
1700, 0(0):0.000|0.000, 0(0):0.000|0.000, 0(0):0.000|0.000, 0(0):0.000|0.000, 0(0):0.000|0.000
1710, 0(0):0.000|0.000, 0(0):0.000|0.000, 0(0):0.000|0.000, 0(0):0.000|0.000, 0(0):0.000|0.000
1720, 0(0):0.000|0.000, 0(0):0.000|0.000, 0(0):0.000|0.000, 0(0):0.000|0.000, 0(0):0.000|0.000
1730, 0(0):0.000|0.000, 0(0):0.000|0.000, 0(0):0.000|0.000, 0(0):0.000|0.000, 0(0):0.000|0.000
1740, 0(0):0.000|0.000, 0(0):0.000|0.000, 0(0):0.000|0.000, 0(0):0.000|0.000, 0(0):0.000|0.000
1750, 0(0):0.000|0.000, 0(0):0.000|0.000, 0(0):0.000|0.000, 0(0):0.000|0.000, 0(0):0.000|0.000
1760, 0(0):0.000|0.000, 0(0):0.000|0.000, 0(0):0.000|0.000, 0(0):0.000|0.000, 0(0):0.000|0.000
1770, 0(0):0.000|0.000, 0(0):0.000|0.000, 0(0):0.000|0.000, 0(0):0.000|0.000, 0(0):0.000|0.000
1780, 0(0):0.000|0.000, 0(0):0.000|0.000, 0(0):0.000|0.000, 0(0):0.000|0.000, 0(0):0.000|0.000
1790, 0(0):0.000|0.000, 0(0):0.000|0.000, 0(0):0.000|0.000, 0(0):0.000|0.000, 0(0):0.000|0.000
1800, 0(0):0.000|0.000, 0(0):0.000|0.000, 0(0):0.000|0.000, 0(0):0.000|0.000, 0(0):0.000|0.000
1810, 0(0):0.000|0.000, 0(0):0.000|0.000, 0(0):0.000|0.000, 0(0):0.000|0.000, 0(0):0.000|0.000
1820, 0(0):0.000|0.000, 0(0):0.000|0.000, 0(0):0.000|0.000, 0(0):0.000|0.000, 0(0):0.000|0.000
1830, 0(0):0.000|0.000, 0(0):0.000|0.000, 0(0):0.000|0.000, 0(0):0.000|0.000, 0(0):0.000|0.000
1840, 0(0):0.000|0.000, 0(0):0.000|0.000, 0(0):0.000|0.000, 0(0):0.000|0.000, 0(0):0.000|0.000
1850, 0(0):0.000|0.000, 0(0):0.000|0.000, 0(0):0.000|0.000, 0(0):0.000|0.000, 0(0):0.000|0.000
1860, 0(0):0.000|0.000, 0(0):0.000|0.000, 0(0):0.000|0.000, 0(0):0.000|0.000, 0(0):0.000|0.000
1870, 0(0):0.000|0.000, 0(0):0.000|0.000, 0(0):0.000|0.000, 0(0):0.000|0.000, 0(0):0.000|0.000
1880, 0(0):0.000|0.000, 0(0):0.000|0.000, 0(0):0.000|0.000, 0(0):0.000|0.000, 0(0):0.000|0.000
1890, 0(0):0.000|0.000, 0(0):0.000|0.000, 0(0):0.000|0.000, 0(0):0.000|0.000, 0(0):0.000|0.000
1900, 0(0):0.000|0.000, 0(0):0.000|0.000, 0(0):0.000|0.000, 0(0):0.000|0.000, 0(0):0.000|0.000
1910, 0(0):0.000|0.000, 0(0):0.000|0.000, 0(0):0.000|0.000, 0(0):0.000|0.000, 0(0):0.000|0.000
1920, 0(0):0.000|0.000, 0(0):0.000|0.000, 0(0):0.000|0.000, 0(0):0.000|0.000, 0(0):0.000|0.000
1930, 0(0):0.000|0.000, 0(0):0.000|0.000, 0(0):0.000|0.000, 0(0):0.000|0.000, 0(0):0.000|0.000
1940, 0(0):0.000|0.000, 0(0):0.000|0.000, 0(0):0.000|0.000, 0(0):0.000|0.000, 0(0):0.000|0.000
1950, 0(0):0.000|0.000, 0(0):0.000|0.000, 0(0):0.000|0.000, 0(0):0.000|0.000, 0(0):0.000|0.000
1960, 0(0):0.000|0.000, 0(0):0.000|0.000, 0(0):0.000|0.000, 0(0):0.000|0.000, 0(0):0.000|0.000
1970, 0(0):0.000|0.000, 0(0):0.000|0.000, 0(0):0.000|0.000, 0(0):0.000|0.000, 0(0):0.000|0.000
1980, 0(0):0.000|0.000, 0(0):0.000|0.000, 0(0):0.000|0.000, 0(0):0.000|0.000, 0(0):0.000|0.000
1990, 0(0):0.000|0.000, 0(0):0.000|0.000, 0(0):0.000|0.000, 0(0):0.000|0.000, 0(0):0.000|0.000
2000, 0(0):0.000|0.000, 0(0):0.000|0.000, 0(0):0.000|0.000, 0(0):0.000|0.000, 0(0):0.000|0.000
2010, 0(0):0.000|0.000, 0(0):0.000|0.000, 0(0):0.000|0.000, 0(0):0.000|0.000, 0(0):0.000|0.000
2020, 0(0):0.000|0.000, 0(0):0.000|0.000, 0(0):0.000|0.000, 0(0):0.000|0.000, 0(0):0.000|0.000
2030, 0(0):0.000|0.000, 0(0):0.000|0.000, 0(0):0.000|0.000, 0(0):0.000|0.000, 0(0):0.000|0.000
2040, 0(0):0.000|0.000, 0(0):0.000|0.000, 0(0):0.000|0.000, 0(0):0.000|0.000, 0(0):0.000|0.000
2050, 0(0):0.000|0.000, 0(0):0.000|0.000, 0(0):0.000|0.000, 0(0):0.000|0.000, 0(0):0.000|0.000
2060, 0(0):0.000|0.000, 0(0):0.000|0.000, 0(0):0.000|0.000, 0(0):0.000|0.000, 0(0):0.000|0.000
2070, 0(0):0.000|0.000, 0(0):0.000|0.000, 0(0):0.000|0.000, 0(0):0.000|0.000, 0(0):0.000|0.000
2080, 0(0):0.000|0.000, 0(0):0.000|0.000, 0(0):0.000|0.000, 0(0):0.000|0.000, 0(0):0.000|0.000
2090, 0(0):0.000|0.000, 0(0):0.000|0.000, 0(0):0.000|0.000, 0(0):0.000|0.000, 0(0):0.000|0.000
2100, 0(0):0.000|0.000, 0(0):0.000|0.000, 0(0):0.000|0.000, 0(0):0.000|0.000, 0(0):0.000|0.000
2110, 0(0):0.000|0.000, 0(0):0.000|0.000, 0(0):0.000|0.000, 0(0):0.000|0.000, 0(0):0.000|0.000
2120, 0(0):0.000|0.000, 0(0):0.000|0.000, 0(0):0.000|0.000, 0(0):0.000|0.000, 0(0):0.000|0.000
2130, 0(0):0.000|0.000, 0(0):0.000|0.000, 0(0):0.000|0.000, 0(0):0.000|0.000, 0(0):0.000|0.000
2140, 0(0):0.000|0.000, 0(0):0.000|0.000, 0(0):0.000|0.000, 0(0):0.000|0.000, 0(0):0.000|0.000
2150, 0(0):0.000|0.000, 0(0):0.000|0.000, 0(0):0.000|0.000, 0(0):0.000|0.000, 0(0):0.000|0.000
2160, 0(0):0.000|0.000, 0(0):0.000|0.000, 0(0):0.000|0.000, 0(0):0.000|0.000, 0(0):0.000|0.000
2170, 0(0):0.000|0.000, 0(0):0.000|0.000, 0(0):0.000|0.000, 0(0):0.000|0.000, 0(0):0.000|0.000
2180, 0(0):0.000|0.000, 0(0):0.000|0.000, 0(0):0.000|0.000, 0(0):0.000|0.000, 0(0):0.000|0.000
2190, 0(0):0.000|0.000, 0(0):0.000|0.000, 0(0):0.000|0.000, 0(0):0.000|0.000, 0(0):0.000|0.000
2200, 0(0):0.000|0.000, 0(0):0.000|0.000, 0(0):0.000|0.000, 0(0):0.000|0.000, 0(0):0.000|0.000
2210, 0(0):0.000|0.000, 0(0):0.000|0.000, 0(0):0.000|0.000, 0(0):0.000|0.000, 0(0):0.000|0.000
2220, 0(0):0.000|0.000, 0(0):0.000|0.000, 0(0):0.000|0.000, 0(0):0.000|0.000, 0(0):0.000|0.000
2230, 0(0):0.000|0.000, 0(0):0.000|0.000, 0(0):0.000|0.000, 0(0):0.000|0.000, 0(0):0.000|0.000
2240, 0(0):0.000|0.000, 0(0):0.000|0.000, 0(0):0.000|0.000, 0(0):0.000|0.000, 0(0):0.000|0.000
2250, 0(0):0.000|0.000, 0(0):0.000|0.000, 0(0):0.000|0.000, 0(0):0.000|0.000, 0(0):0.000|0.000
2260, 0(0):0.000|0.000, 0(0):0.000|0.000, 0(0):0.000|0.000, 0(0):0.000|0.000, 0(0):0.000|0.000
2270, 0(0):0.000|0.000, 0(0):0.000|0.000, 0(0):0.000|0.000, 0(0):0.000|0.000, 0(0):0.000|0.000
2280, 0(0):0.000|0.000, 0(0):0.000|0.000, 0(0):0.000|0.000, 0(0):0.000|0.000, 0(0):0.000|0.000
2290, 0(0):0.000|0.000, 0(0):0.000|0.000, 0(0):0.000|0.000, 0(0):0.000|0.000, 0(0):0.000|0.000
2300, 0(0):0.000|0.000, 0(0):0.000|0.000, 0(0):0.000|0.000, 0(0):0.000|0.000, 0(0):0.000|0.000
2310, 0(0):0.000|0.000, 0(0):0.000|0.000, 0(0):0.000|0.000, 0(0):0.000|0.000, 0(0):0.000|0.000
2320, 0(0):0.000|0.000, 0(0):0.000|0.000, 0(0):0.000|0.000, 0(0):0.000|0.000, 0(0):0.000|0.000
2330, 0(0):0.000|0.000, 0(0):0.000|0.000, 0(0):0.000|0.000, 0(0):0.000|0.000, 0(0):0.000|0.000
2340, 0(0):0.000|0.000, 0(0):0.000|0.000, 0(0):0.000|0.000, 0(0):0.000|0.000, 0(0):0.000|0.000
2350, 0(0):0.000|0.000, 0(0):0.000|0.000, 0(0):0.000|0.000, 0(0):0.000|0.000, 0(0):0.000|0.000
2360, 0(0):0.000|0.000, 0(0):0.000|0.000, 0(0):0.000|0.000, 0(0):0.000|0.000, 0(0):0.000|0.000
2370, 0(0):0.000|0.000, 0(0):0.000|0.000, 0(0):0.000|0.000, 0(0):0.000|0.000, 0(0):0.000|0.000
2380, 0(0):0.000|0.000, 0(0):0.000|0.000, 0(0):0.000|0.000, 0(0):0.000|0.000, 0(0):0.000|0.000
2390, 0(0):0.000|0.000, 0(0):0.000|0.000, 0(0):0.000|0.000, 0(0):0.000|0.000, 0(0):0.000|0.000
2400, 0(0):0.000|0.000, 0(0):0.000|0.000, 0(0):0.000|0.000, 0(0):0.000|0.000, 0(0):0.000|0.000
2410, 0(0):0.000|0.000, 0(0):0.000|0.000, 0(0):0.000|0.000, 0(0):0.000|0.000, 0(0):0.000|0.000
2420, 0(0):0.000|0.000, 0(0):0.000|0.000, 0(0):0.000|0.000, 0(0):0.000|0.000, 0(0):0.000|0.000
2430, 0(0):0.000|0.000, 0(0):0.000|0.000, 0(0):0.000|0.000, 0(0):0.000|0.000, 0(0):0.000|0.000
2440, 0(0):0.000|0.000, 0(0):0.000|0.000, 0(0):0.000|0.000, 0(0):0.000|0.000, 0(0):0.000|0.000
2450, 0(0):0.000|0.000, 0(0):0.000|0.000, 0(0):0.000|0.000, 0(0):0.000|0.000, 0(0):0.000|0.000
2460, 0(0):0.000|0.000, 0(0):0.000|0.000, 0(0):0.000|0.000, 0(0):0.000|0.000, 0(0):0.000|0.000
2470, 0(0):0.000|0.000, 0(0):0.000|0.000, 0(0):0.000|0.000, 0(0):0.000|0.000, 0(0):0.000|0.000
2480, 0(0):0.000|0.000, 0(0):0.000|0.000, 0(0):0.000|0.000, 0(0):0.000|0.000, 0(0):0.000|0.000
2490, 0(0):0.000|0.000, 0(0):0.000|0.000, 0(0):0.000|0.000, 0(0):0.000|0.000, 0(0):0.000|0.000
2500, 0(0):0.000|0.000, 0(0):0.000|0.000, 0(0):0.000|0.000, 0(0):0.000|0.000, 0(0):0.000|0.000
2510, 0(0):0.000|0.000, 0(0):0.000|0.000, 0(0):0.000|0.000, 0(0):0.000|0.000, 0(0):0.000|0.000
2520, 0(0):0.000|0.000, 0(0):0.000|0.000, 0(0):0.000|0.000, 0(0):0.000|0.000, 0(0):0.000|0.000
2530, 0(0):0.000|0.000, 0(0):0.000|0.000, 0(0):0.000|0.000, 0(0):0.000|0.000, 0(0):0.000|0.000
2540, 0(0):0.000|0.000, 0(0):0.000|0.000, 0(0):0.000|0.000, 0(0):0.000|0.000, 0(0):0.000|0.000
2550, 0(0):0.000|0.000, 0(0):0.000|0.000, 0(0):0.000|0.000, 0(0):0.000|0.000, 0(0):0.000|0.000
2560, 0(0):0.000|0.000, 0(0):0.000|0.000, 0(0):0.000|0.000, 0(0):0.000|0.000, 0(0):0.000|0.000
2570, 0(0):0.000|0.000, 0(0):0.000|0.000, 0(0):0.000|0.000, 0(0):0.000|0.000, 0(0):0.000|0.000
2580, 0(0):0.000|0.000, 0(0):0.000|0.000, 0(0):0.000|0.000, 0(0):0.000|0.000, 0(0):0.000|0.000
2590, 0(0):0.000|0.000, 0(0):0.000|0.000, 0(0):0.000|0.000, 0(0):0.000|0.000, 0(0):0.000|0.000
2600, 0(0):0.000|0.000, 0(0):0.000|0.000, 0(0):0.000|0.000, 0(0):0.000|0.000, 0(0):0.000|0.000
2610, 0(0):0.000|0.000, 0(0):0.000|0.000, 0(0):0.000|0.000, 0(0):0.000|0.000, 0(0):0.000|0.000
2620, 0(0):0.000|0.000, 0(0):0.000|0.000, 0(0):0.000|0.000, 0(0):0.000|0.000, 0(0):0.000|0.000
2630, 0(0):0.000|0.000, 0(0):0.000|0.000, 0(0):0.000|0.000, 0(0):0.000|0.000, 0(0):0.000|0.000
2640, 0(0):0.000|0.000, 0(0):0.000|0.000, 0(0):0.000|0.000, 0(0):0.000|0.000, 0(0):0.000|0.000
2650, 0(0):0.000|0.000, 0(0):0.000|0.000, 0(0):0.000|0.000, 0(0):0.000|0.000, 0(0):0.000|0.000
2660, 0(0):0.000|0.000, 0(0):0.000|0.000, 0(0):0.000|0.000, 0(0):0.000|0.000, 0(0):0.000|0.000
2670, 0(0):0.000|0.000, 0(0):0.000|0.000, 0(0):0.000|0.000, 0(0):0.000|0.000, 0(0):0.000|0.000
2680, 0(0):0.000|0.000, 0(0):0.000|0.000, 0(0):0.000|0.000, 0(0):0.000|0.000, 0(0):0.000|0.000
2690, 0(0):0.000|0.000, 0(0):0.000|0.000, 0(0):0.000|0.000, 0(0):0.000|0.000, 0(0):0.000|0.000
2700, 0(0):0.000|0.000, 0(0):0.000|0.000, 0(0):0.000|0.000, 0(0):0.000|0.000, 0(0):0.000|0.000
2710, 0(0):0.000|0.000, 0(0):0.000|0.000, 0(0):0.000|0.000, 0(0):0.000|0.000, 0(0):0.000|0.000
2720, 0(0):0.000|0.000, 0(0):0.000|0.000, 0(0):0.000|0.000, 0(0):0.000|0.000, 0(0):0.000|0.000
2730, 0(0):0.000|0.000, 0(0):0.000|0.000, 0(0):0.000|0.000, 0(0):0.000|0.000, 0(0):0.000|0.000
2740, 0(0):0.000|0.000, 0(0):0.000|0.000, 0(0):0.000|0.000, 0(0):0.000|0.000, 0(0):0.000|0.000
2750, 0(0):0.000|0.000, 0(0):0.000|0.000, 0(0):0.000|0.000, 0(0):0.000|0.000, 0(0):0.000|0.000
2760, 0(0):0.000|0.000, 0(0):0.000|0.000, 0(0):0.000|0.000, 0(0):0.000|0.000, 0(0):0.000|0.000
2770, 0(0):0.000|0.000, 0(0):0.000|0.000, 0(0):0.000|0.000, 0(0):0.000|0.000, 0(0):0.000|0.000
2780, 0(0):0.000|0.000, 0(0):0.000|0.000, 0(0):0.000|0.000, 0(0):0.000|0.000, 0(0):0.000|0.000
2790, 0(0):0.000|0.000, 0(0):0.000|0.000, 0(0):0.000|0.000, 0(0):0.000|0.000, 0(0):0.000|0.000
2800, 0(0):0.000|0.000, 0(0):0.000|0.000, 0(0):0.000|0.000, 0(0):0.000|0.000, 0(0):0.000|0.000
2810, 0(0):0.000|0.000, 0(0):0.000|0.000, 0(0):0.000|0.000, 0(0):0.000|0.000, 0(0):0.000|0.000
2820, 0(0):0.000|0.000, 0(0):0.000|0.000, 0(0):0.000|0.000, 0(0):0.000|0.000, 0(0):0.000|0.000
2830, 0(0):0.000|0.000, 0(0):0.000|0.000, 0(0):0.000|0.000, 0(0):0.000|0.000, 0(0):0.000|0.000
2840, 0(0):0.000|0.000, 0(0):0.000|0.000, 0(0):0.000|0.000, 0(0):0.000|0.000, 0(0):0.000|0.000
2850, 0(0):0.000|0.000, 0(0):0.000|0.000, 0(0):0.000|0.000, 0(0):0.000|0.000, 0(0):0.000|0.000
2860, 0(0):0.000|0.000, 0(0):0.000|0.000, 0(0):0.000|0.000, 0(0):0.000|0.000, 0(0):0.000|0.000
2870, 0(0):0.000|0.000, 0(0):0.000|0.000, 0(0):0.000|0.000, 0(0):0.000|0.000, 0(0):0.000|0.000
2880, 0(0):0.000|0.000, 0(0):0.000|0.000, 0(0):0.000|0.000, 0(0):0.000|0.000, 0(0):0.000|0.000
2890, 0(0):0.000|0.000, 0(0):0.000|0.000, 0(0):0.000|0.000, 0(0):0.000|0.000, 0(0):0.000|0.000
2900, 0(0):0.000|0.000, 0(0):0.000|0.000, 0(0):0.000|0.000, 0(0):0.000|0.000, 0(0):0.000|0.000
2910, 0(0):0.000|0.000, 0(0):0.000|0.000, 0(0):0.000|0.000, 0(0):0.000|0.000, 0(0):0.000|0.000
2920, 0(0):0.000|0.000, 0(0):0.000|0.000, 0(0):0.000|0.000, 0(0):0.000|0.000, 0(0):0.000|0.000
2930, 0(0):0.000|0.000, 0(0):0.000|0.000, 0(0):0.000|0.000, 0(0):0.000|0.000, 0(0):0.000|0.000
2940, 0(0):0.000|0.000, 0(0):0.000|0.000, 0(0):0.000|0.000, 0(0):0.000|0.000, 0(0):0.000|0.000
2950, 0(0):0.000|0.000, 0(0):0.000|0.000, 0(0):0.000|0.000, 0(0):0.000|0.000, 0(0):0.000|0.000
2960, 0(0):0.000|0.000, 0(0):0.000|0.000, 0(0):0.000|0.000, 0(0):0.000|0.000, 0(0):0.000|0.000
2970, 0(0):0.000|0.000, 0(0):0.000|0.000, 0(0):0.000|0.000, 0(0):0.000|0.000, 0(0):0.000|0.000
2980, 0(0):0.000|0.000, 0(0):0.000|0.000, 0(0):0.000|0.000, 0(0):0.000|0.000, 0(0):0.000|0.000
2990, 0(0):0.000|0.000, 0(0):0.000|0.000, 0(0):0.000|0.000, 0(0):0.000|0.000, 0(0):0.000|0.000
3000, 0(0):0.000|0.000, 0(0):0.000|0.000, 0(0):0.000|0.000, 0(0):0.000|0.000, 0(0):0.000|0.000
3010, 0(0):0.000|0.000, 0(0):0.000|0.000, 0(0):0.000|0.000, 0(0):0.000|0.000, 0(0):0.000|0.000
3020, 0(0):0.000|0.000, 0(0):0.000|0.000, 0(0):0.000|0.000, 0(0):0.000|0.000, 0(0):0.000|0.000
3030, 0(0):0.000|0.000, 0(0):0.000|0.000, 0(0):0.000|0.000, 0(0):0.000|0.000, 0(0):0.000|0.000
3040, 0(0):0.000|0.000, 0(0):0.000|0.000, 0(0):0.000|0.000, 0(0):0.000|0.000, 0(0):0.000|0.000
3050, 0(0):0.000|0.000, 0(0):0.000|0.000, 0(0):0.000|0.000, 0(0):0.000|0.000, 0(0):0.000|0.000
3060, 0(0):0.000|0.000, 0(0):0.000|0.000, 0(0):0.000|0.000, 0(0):0.000|0.000, 0(0):0.000|0.000
3070, 0(0):0.000|0.000, 0(0):0.000|0.000, 0(0):0.000|0.000, 0(0):0.000|0.000, 0(0):0.000|0.000
3080, 0(0):0.000|0.000, 0(0):0.000|0.000, 0(0):0.000|0.000, 0(0):0.000|0.000, 0(0):0.000|0.000
3090, 0(0):0.000|0.000, 0(0):0.000|0.000, 0(0):0.000|0.000, 0(0):0.000|0.000, 0(0):0.000|0.000
3100, 0(0):0.000|0.000, 0(0):0.000|0.000, 0(0):0.000|0.000, 0(0):0.000|0.000, 0(0):0.000|0.000
3110, 0(0):0.000|0.000, 0(0):0.000|0.000, 0(0):0.000|0.000, 0(0):0.000|0.000, 0(0):0.000|0.000
3120, 0(0):0.000|0.000, 0(0):0.000|0.000, 0(0):0.000|0.000, 0(0):0.000|0.000, 0(0):0.000|0.000
3130, 0(0):0.000|0.000, 0(0):0.000|0.000, 0(0):0.000|0.000, 0(0):0.000|0.000, 0(0):0.000|0.000
3140, 0(0):0.000|0.000, 0(0):0.000|0.000, 0(0):0.000|0.000, 0(0):0.000|0.000, 0(0):0.000|0.000
3150, 0(0):0.000|0.000, 0(0):0.000|0.000, 0(0):0.000|0.000, 0(0):0.000|0.000, 0(0):0.000|0.000
3160, 0(0):0.000|0.000, 0(0):0.000|0.000, 0(0):0.000|0.000, 0(0):0.000|0.000, 0(0):0.000|0.000
3170, 0(0):0.000|0.000, 0(0):0.000|0.000, 0(0):0.000|0.000, 0(0):0.000|0.000, 0(0):0.000|0.000
3180, 0(0):0.000|0.000, 0(0):0.000|0.000, 0(0):0.000|0.000, 0(0):0.000|0.000, 0(0):0.000|0.000
3190, 0(0):0.000|0.000, 0(0):0.000|0.000, 0(0):0.000|0.000, 0(0):0.000|0.000, 0(0):0.000|0.000
3200, 0(0):0.000|0.000, 0(0):0.000|0.000, 0(0):0.000|0.000, 0(0):0.000|0.000, 0(0):0.000|0.000
3210, 0(0):0.000|0.000, 0(0):0.000|0.000, 0(0):0.000|0.000, 0(0):0.000|0.000, 0(0):0.000|0.000
3220, 0(0):0.000|0.000, 0(0):0.000|0.000, 0(0):0.000|0.000, 0(0):0.000|0.000, 0(0):0.000|0.000
3230, 0(0):0.000|0.000, 0(0):0.000|0.000, 0(0):0.000|0.000, 0(0):0.000|0.000, 0(0):0.000|0.000
3240, 0(0):0.000|0.000, 0(0):0.000|0.000, 0(0):0.000|0.000, 0(0):0.000|0.000, 0(0):0.000|0.000
3250, 0(0):0.000|0.000, 0(0):0.000|0.000, 0(0):0.000|0.000, 0(0):0.000|0.000, 0(0):0.000|0.000
3260, 0(0):0.000|0.000, 0(0):0.000|0.000, 0(0):0.000|0.000, 0(0):0.000|0.000, 0(0):0.000|0.000
3270, 0(0):0.000|0.000, 0(0):0.000|0.000, 0(0):0.000|0.000, 0(0):0.000|0.000, 0(0):0.000|0.000
3280, 0(0):0.000|0.000, 0(0):0.000|0.000, 0(0):0.000|0.000, 0(0):0.000|0.000, 0(0):0.000|0.000
3290, 0(0):0.000|0.000, 0(0):0.000|0.000, 0(0):0.000|0.000, 0(0):0.000|0.000, 0(0):0.000|0.000
3300, 0(0):0.000|0.000, 0(0):0.000|0.000, 0(0):0.000|0.000, 0(0):0.000|0.000, 0(0):0.000|0.000
3310, 0(0):0.000|0.000, 0(0):0.000|0.000, 0(0):0.000|0.000, 0(0):0.000|0.000, 0(0):0.000|0.000
3320, 0(0):0.000|0.000, 0(0):0.000|0.000, 0(0):0.000|0.000, 0(0):0.000|0.000, 0(0):0.000|0.000
3330, 0(0):0.000|0.000, 0(0):0.000|0.000, 0(0):0.000|0.000, 0(0):0.000|0.000, 0(0):0.000|0.000
3340, 0(0):0.000|0.000, 0(0):0.000|0.000, 0(0):0.000|0.000, 0(0):0.000|0.000, 0(0):0.000|0.000
3350, 0(0):0.000|0.000, 0(0):0.000|0.000, 0(0):0.000|0.000, 0(0):0.000|0.000, 0(0):0.000|0.000
3360, 0(0):0.000|0.000, 0(0):0.000|0.000, 0(0):0.000|0.000, 0(0):0.000|0.000, 0(0):0.000|0.000
3370, 0(0):0.000|0.000, 0(0):0.000|0.000, 0(0):0.000|0.000, 0(0):0.000|0.000, 0(0):0.000|0.000
3380, 0(0):0.000|0.000, 0(0):0.000|0.000, 0(0):0.000|0.000, 0(0):0.000|0.000, 0(0):0.000|0.000
3390, 0(0):0.000|0.000, 0(0):0.000|0.000, 0(0):0.000|0.000, 0(0):0.000|0.000, 0(0):0.000|0.000
3400, 0(0):0.000|0.000, 0(0):0.000|0.000, 0(0):0.000|0.000, 0(0):0.000|0.000, 0(0):0.000|0.000
3410, 0(0):0.000|0.000, 0(0):0.000|0.000, 0(0):0.000|0.000, 0(0):0.000|0.000, 0(0):0.000|0.000
3420, 0(0):0.000|0.000, 0(0):0.000|0.000, 0(0):0.000|0.000, 0(0):0.000|0.000, 0(0):0.000|0.000
3430, 0(0):0.000|0.000, 0(0):0.000|0.000, 0(0):0.000|0.000, 0(0):0.000|0.000, 0(0):0.000|0.000
3440, 0(0):0.000|0.000, 0(0):0.000|0.000, 0(0):0.000|0.000, 0(0):0.000|0.000, 0(0):0.000|0.000
3450, 0(0):0.000|0.000, 0(0):0.000|0.000, 0(0):0.000|0.000, 0(0):0.000|0.000, 0(0):0.000|0.000
3460, 0(0):0.000|0.000, 0(0):0.000|0.000, 0(0):0.000|0.000, 0(0):0.000|0.000, 0(0):0.000|0.000
3470, 0(0):0.000|0.000, 0(0):0.000|0.000, 0(0):0.000|0.000, 0(0):0.000|0.000, 0(0):0.000|0.000
3480, 0(0):0.000|0.000, 0(0):0.000|0.000, 0(0):0.000|0.000, 0(0):0.000|0.000, 0(0):0.000|0.000
3490, 0(0):0.000|0.000, 0(0):0.000|0.000, 0(0):0.000|0.000, 0(0):0.000|0.000, 0(0):0.000|0.000
3500, 0(0):0.000|0.000, 0(0):0.000|0.000, 0(0):0.000|0.000, 0(0):0.000|0.000, 0(0):0.000|0.000
3510, 0(0):0.000|0.000, 0(0):0.000|0.000, 0(0):0.000|0.000, 0(0):0.000|0.000, 0(0):0.000|0.000
3520, 0(0):0.000|0.000, 0(0):0.000|0.000, 0(0):0.000|0.000, 0(0):0.000|0.000, 0(0):0.000|0.000
3530, 0(0):0.000|0.000, 0(0):0.000|0.000, 0(0):0.000|0.000, 0(0):0.000|0.000, 0(0):0.000|0.000
3540, 0(0):0.000|0.000, 0(0):0.000|0.000, 0(0):0.000|0.000, 0(0):0.000|0.000, 0(0):0.000|0.000
3550, 0(0):0.000|0.000, 0(0):0.000|0.000, 0(0):0.000|0.000, 0(0):0.000|0.000, 0(0):0.000|0.000
3560, 0(0):0.000|0.000, 0(0):0.000|0.000, 0(0):0.000|0.000, 0(0):0.000|0.000, 0(0):0.000|0.000
3570, 0(0):0.000|0.000, 0(0):0.000|0.000, 0(0):0.000|0.000, 0(0):0.000|0.000, 0(0):0.000|0.000
3580, 0(0):0.000|0.000, 0(0):0.000|0.000, 0(0):0.000|0.000, 0(0):0.000|0.000, 0(0):0.000|0.000
3590, 0(0):0.000|0.000, 0(0):0.000|0.000, 0(0):0.000|0.000, 0(0):0.000|0.000, 0(0):0.000|0.000
3600, 0(0):0.000|0.000, 0(0):0.000|0.000, 0(0):0.000|0.000, 0(0):0.000|0.000, 0(0):0.000|0.000
3610, 0(0):0.000|0.000, 0(0):0.000|0.000, 0(0):0.000|0.000, 0(0):0.000|0.000, 0(0):0.000|0.000
3620, 0(0):0.000|0.000, 0(0):0.000|0.000, 0(0):0.000|0.000, 0(0):0.000|0.000, 0(0):0.000|0.000
3630, 0(0):0.000|0.000, 0(0):0.000|0.000, 0(0):0.000|0.000, 0(0):0.000|0.000, 0(0):0.000|0.000
3640, 0(0):0.000|0.000, 0(0):0.000|0.000, 0(0):0.000|0.000, 0(0):0.000|0.000, 0(0):0.000|0.000
3650, 0(0):0.000|0.000, 0(0):0.000|0.000, 0(0):0.000|0.000, 0(0):0.000|0.000, 0(0):0.000|0.000
3660, 0(0):0.000|0.000, 0(0):0.000|0.000, 0(0):0.000|0.000, 0(0):0.000|0.000, 0(0):0.000|0.000
3670, 0(0):0.000|0.000, 0(0):0.000|0.000, 0(0):0.000|0.000, 0(0):0.000|0.000, 0(0):0.000|0.000
3680, 0(0):0.000|0.000, 0(0):0.000|0.000, 0(0):0.000|0.000, 0(0):0.000|0.000, 0(0):0.000|0.000
3690, 0(0):0.000|0.000, 0(0):0.000|0.000, 0(0):0.000|0.000, 0(0):0.000|0.000, 0(0):0.000|0.000
3700, 0(0):0.000|0.000, 0(0):0.000|0.000, 0(0):0.000|0.000, 0(0):0.000|0.000, 0(0):0.000|0.000
3710, 0(0):0.000|0.000, 0(0):0.000|0.000, 0(0):0.000|0.000, 0(0):0.000|0.000, 0(0):0.000|0.000
3720, 0(0):0.000|0.000, 0(0):0.000|0.000, 0(0):0.000|0.000, 0(0):0.000|0.000, 0(0):0.000|0.000
3730, 0(0):0.000|0.000, 0(0):0.000|0.000, 0(0):0.000|0.000, 0(0):0.000|0.000, 0(0):0.000|0.000
3740, 0(0):0.000|0.000, 0(0):0.000|0.000, 0(0):0.000|0.000, 0(0):0.000|0.000, 0(0):0.000|0.000
3750, 0(0):0.000|0.000, 0(0):0.000|0.000, 0(0):0.000|0.000, 0(0):0.000|0.000, 0(0):0.000|0.000
3760, 0(0):0.000|0.000, 0(0):0.000|0.000, 0(0):0.000|0.000, 0(0):0.000|0.000, 0(0):0.000|0.000
3770, 0(0):0.000|0.000, 0(0):0.000|0.000, 0(0):0.000|0.000, 0(0):0.000|0.000, 0(0):0.000|0.000
3780, 0(0):0.000|0.000, 0(0):0.000|0.000, 0(0):0.000|0.000, 0(0):0.000|0.000, 0(0):0.000|0.000
3790, 0(0):0.000|0.000, 0(0):0.000|0.000, 0(0):0.000|0.000, 0(0):0.000|0.000, 0(0):0.000|0.000
3800, 0(0):0.000|0.000, 0(0):0.000|0.000, 0(0):0.000|0.000, 0(0):0.000|0.000, 0(0):0.000|0.000
3810, 0(0):0.000|0.000, 0(0):0.000|0.000, 0(0):0.000|0.000, 0(0):0.000|0.000, 0(0):0.000|0.000
3820, 0(0):0.000|0.000, 0(0):0.000|0.000, 0(0):0.000|0.000, 0(0):0.000|0.000, 0(0):0.000|0.000
3830, 0(0):0.000|0.000, 0(0):0.000|0.000, 0(0):0.000|0.000, 0(0):0.000|0.000, 0(0):0.000|0.000
3840, 0(0):0.000|0.000, 0(0):0.000|0.000, 0(0):0.000|0.000, 0(0):0.000|0.000, 0(0):0.000|0.000
3850, 0(0):0.000|0.000, 0(0):0.000|0.000, 0(0):0.000|0.000, 0(0):0.000|0.000, 0(0):0.000|0.000
3860, 0(0):0.000|0.000, 0(0):0.000|0.000, 0(0):0.000|0.000, 0(0):0.000|0.000, 0(0):0.000|0.000
3870, 0(0):0.000|0.000, 0(0):0.000|0.000, 0(0):0.000|0.000, 0(0):0.000|0.000, 0(0):0.000|0.000
3880, 0(0):0.000|0.000, 0(0):0.000|0.000, 0(0):0.000|0.000, 0(0):0.000|0.000, 0(0):0.000|0.000
3890, 0(0):0.000|0.000, 0(0):0.000|0.000, 0(0):0.000|0.000, 0(0):0.000|0.000, 0(0):0.000|0.000
3900, 0(0):0.000|0.000, 0(0):0.000|0.000, 0(0):0.000|0.000, 0(0):0.000|0.000, 0(0):0.000|0.000
3910, 0(0):0.000|0.000, 0(0):0.000|0.000, 0(0):0.000|0.000, 0(0):0.000|0.000, 0(0):0.000|0.000
3920, 0(0):0.000|0.000, 0(0):0.000|0.000, 0(0):0.000|0.000, 0(0):0.000|0.000, 0(0):0.000|0.000
3930, 0(0):0.000|0.000, 0(0):0.000|0.000, 0(0):0.000|0.000, 0(0):0.000|0.000, 0(0):0.000|0.000
3940, 0(0):0.000|0.000, 0(0):0.000|0.000, 0(0):0.000|0.000, 0(0):0.000|0.000, 0(0):0.000|0.000
3950, 0(0):0.000|0.000, 0(0):0.000|0.000, 0(0):0.000|0.000, 0(0):0.000|0.000, 0(0):0.000|0.000
3960, 0(0):0.000|0.000, 0(0):0.000|0.000, 0(0):0.000|0.000, 0(0):0.000|0.000, 0(0):0.000|0.000
3970, 0(0):0.000|0.000, 0(0):0.000|0.000, 0(0):0.000|0.000, 0(0):0.000|0.000, 0(0):0.000|0.000
3980, 0(0):0.000|0.000, 0(0):0.000|0.000, 0(0):0.000|0.000, 0(0):0.000|0.000, 0(0):0.000|0.000
3990, 0(0):0.000|0.000, 0(0):0.000|0.000, 0(0):0.000|0.000, 0(0):0.000|0.000, 0(0):0.000|0.000
4000, 0(0):0.000|0.000, 0(0):0.000|0.000, 0(0):0.000|0.000, 0(0):0.000|0.000, 0(0):0.000|0.000
4010, 0(0):0.000|0.000, 0(0):0.000|0.000, 0(0):0.000|0.000, 0(0):0.000|0.000, 0(0):0.000|0.000
4020, 0(0):0.000|0.000, 0(0):0.000|0.000, 0(0):0.000|0.000, 0(0):0.000|0.000, 0(0):0.000|0.000
4030, 0(0):0.000|0.000, 0(0):0.000|0.000, 0(0):0.000|0.000, 0(0):0.000|0.000, 0(0):0.000|0.000
4040, 0(0):0.000|0.000, 0(0):0.000|0.000, 0(0):0.000|0.000, 0(0):0.000|0.000, 0(0):0.000|0.000
4050, 0(0):0.000|0.000, 0(0):0.000|0.000, 0(0):0.000|0.000, 0(0):0.000|0.000, 0(0):0.000|0.000
4060, 0(0):0.000|0.000, 0(0):0.000|0.000, 0(0):0.000|0.000, 0(0):0.000|0.000, 0(0):0.000|0.000
4070, 0(0):0.000|0.000, 0(0):0.000|0.000, 0(0):0.000|0.000, 0(0):0.000|0.000, 0(0):0.000|0.000
4080, 0(0):0.000|0.000, 0(0):0.000|0.000, 0(0):0.000|0.000, 0(0):0.000|0.000, 0(0):0.000|0.000
4090, 0(0):0.000|0.000, 0(0):0.000|0.000, 0(0):0.000|0.000, 0(0):0.000|0.000, 0(0):0.000|0.000
4100, 0(0):0.000|0.000, 0(0):0.000|0.000, 0(0):0.000|0.000, 0(0):0.000|0.000, 0(0):0.000|0.000
4110, 0(0):0.000|0.000, 0(0):0.000|0.000, 0(0):0.000|0.000, 0(0):0.000|0.000, 0(0):0.000|0.000
4120, 0(0):0.000|0.000, 0(0):0.000|0.000, 0(0):0.000|0.000, 0(0):0.000|0.000, 0(0):0.000|0.000
4130, 0(0):0.000|0.000, 0(0):0.000|0.000, 0(0):0.000|0.000, 0(0):0.000|0.000, 0(0):0.000|0.000
4140, 0(0):0.000|0.000, 0(0):0.000|0.000, 0(0):0.000|0.000, 0(0):0.000|0.000, 0(0):0.000|0.000
4150, 0(0):0.000|0.000, 0(0):0.000|0.000, 0(0):0.000|0.000, 0(0):0.000|0.000, 0(0):0.000|0.000
4160, 0(0):0.000|0.000, 0(0):0.000|0.000, 0(0):0.000|0.000, 0(0):0.000|0.000, 0(0):0.000|0.000
4170, 0(0):0.000|0.000, 0(0):0.000|0.000, 0(0):0.000|0.000, 0(0):0.000|0.000, 0(0):0.000|0.000
4180, 0(0):0.000|0.000, 0(0):0.000|0.000, 0(0):0.000|0.000, 0(0):0.000|0.000, 0(0):0.000|0.000
4190, 0(0):0.000|0.000, 0(0):0.000|0.000, 0(0):0.000|0.000, 0(0):0.000|0.000, 0(0):0.000|0.000
4200, 0(0):0.000|0.000, 0(0):0.000|0.000, 0(0):0.000|0.000, 0(0):0.000|0.000, 0(0):0.000|0.000
4210, 0(0):0.000|0.000, 0(0):0.000|0.000, 0(0):0.000|0.000, 0(0):0.000|0.000, 0(0):0.000|0.000
4220, 0(0):0.000|0.000, 0(0):0.000|0.000, 0(0):0.000|0.000, 0(0):0.000|0.000, 0(0):0.000|0.000
4230, 0(0):0.000|0.000, 0(0):0.000|0.000, 0(0):0.000|0.000, 0(0):0.000|0.000, 0(0):0.000|0.000
4240, 0(0):0.000|0.000, 0(0):0.000|0.000, 0(0):0.000|0.000, 0(0):0.000|0.000, 0(0):0.000|0.000
4250, 0(0):0.000|0.000, 0(0):0.000|0.000, 0(0):0.000|0.000, 0(0):0.000|0.000, 0(0):0.000|0.000
4260, 0(0):0.000|0.000, 0(0):0.000|0.000, 0(0):0.000|0.000, 0(0):0.000|0.000, 0(0):0.000|0.000
4270, 0(0):0.000|0.000, 0(0):0.000|0.000, 0(0):0.000|0.000, 0(0):0.000|0.000, 0(0):0.000|0.000
4280, 0(0):0.000|0.000, 0(0):0.000|0.000, 0(0):0.000|0.000, 0(0):0.000|0.000, 0(0):0.000|0.000
4290, 0(0):0.000|0.000, 0(0):0.000|0.000, 0(0):0.000|0.000, 0(0):0.000|0.000, 0(0):0.000|0.000
4300, 0(0):0.000|0.000, 0(0):0.000|0.000, 0(0):0.000|0.000, 0(0):0.000|0.000, 0(0):0.000|0.000
4310, 0(0):0.000|0.000, 0(0):0.000|0.000, 0(0):0.000|0.000, 0(0):0.000|0.000, 0(0):0.000|0.000
4320, 0(0):0.000|0.000, 0(0):0.000|0.000, 0(0):0.000|0.000, 0(0):0.000|0.000, 0(0):0.000|0.000
4330, 0(0):0.000|0.000, 0(0):0.000|0.000, 0(0):0.000|0.000, 0(0):0.000|0.000, 0(0):0.000|0.000
4340, 0(0):0.000|0.000, 0(0):0.000|0.000, 0(0):0.000|0.000, 0(0):0.000|0.000, 0(0):0.000|0.000
4350, 0(0):0.000|0.000, 0(0):0.000|0.000, 0(0):0.000|0.000, 0(0):0.000|0.000, 0(0):0.000|0.000
4360, 0(0):0.000|0.000, 0(0):0.000|0.000, 0(0):0.000|0.000, 0(0):0.000|0.000, 0(0):0.000|0.000
4370, 0(0):0.000|0.000, 0(0):0.000|0.000, 0(0):0.000|0.000, 0(0):0.000|0.000, 0(0):0.000|0.000
4380, 0(0):0.000|0.000, 0(0):0.000|0.000, 0(0):0.000|0.000, 0(0):0.000|0.000, 0(0):0.000|0.000
4390, 0(0):0.000|0.000, 0(0):0.000|0.000, 0(0):0.000|0.000, 0(0):0.000|0.000, 0(0):0.000|0.000
4400, 0(0):0.000|0.000, 0(0):0.000|0.000, 0(0):0.000|0.000, 0(0):0.000|0.000, 0(0):0.000|0.000
4410, 0(0):0.000|0.000, 0(0):0.000|0.000, 0(0):0.000|0.000, 0(0):0.000|0.000, 0(0):0.000|0.000
4420, 0(0):0.000|0.000, 0(0):0.000|0.000, 0(0):0.000|0.000, 0(0):0.000|0.000, 0(0):0.000|0.000
4430, 0(0):0.000|0.000, 0(0):0.000|0.000, 0(0):0.000|0.000, 0(0):0.000|0.000, 0(0):0.000|0.000
4440, 0(0):0.000|0.000, 0(0):0.000|0.000, 0(0):0.000|0.000, 0(0):0.000|0.000, 0(0):0.000|0.000
4450, 0(0):0.000|0.000, 0(0):0.000|0.000, 0(0):0.000|0.000, 0(0):0.000|0.000, 0(0):0.000|0.000
4460, 0(0):0.000|0.000, 0(0):0.000|0.000, 0(0):0.000|0.000, 0(0):0.000|0.000, 0(0):0.000|0.000
4470, 0(0):0.000|0.000, 0(0):0.000|0.000, 0(0):0.000|0.000, 0(0):0.000|0.000, 0(0):0.000|0.000
4480, 0(0):0.000|0.000, 0(0):0.000|0.000, 0(0):0.000|0.000, 0(0):0.000|0.000, 0(0):0.000|0.000
4490, 0(0):0.000|0.000, 0(0):0.000|0.000, 0(0):0.000|0.000, 0(0):0.000|0.000, 0(0):0.000|0.000
4500, 0(0):0.000|0.000, 0(0):0.000|0.000, 0(0):0.000|0.000, 0(0):0.000|0.000, 0(0):0.000|0.000
4510, 0(0):0.000|0.000, 0(0):0.000|0.000, 0(0):0.000|0.000, 0(0):0.000|0.000, 0(0):0.000|0.000
4520, 0(0):0.000|0.000, 0(0):0.000|0.000, 0(0):0.000|0.000, 0(0):0.000|0.000, 0(0):0.000|0.000
4530, 0(0):0.000|0.000, 0(0):0.000|0.000, 0(0):0.000|0.000, 0(0):0.000|0.000, 0(0):0.000|0.000
4540, 0(0):0.000|0.000, 0(0):0.000|0.000, 0(0):0.000|0.000, 0(0):0.000|0.000, 0(0):0.000|0.000
4550, 0(0):0.000|0.000, 0(0):0.000|0.000, 0(0):0.000|0.000, 0(0):0.000|0.000, 0(0):0.000|0.000
4560, 0(0):0.000|0.000, 0(0):0.000|0.000, 0(0):0.000|0.000, 0(0):0.000|0.000, 0(0):0.000|0.000
4570, 0(0):0.000|0.000, 0(0):0.000|0.000, 0(0):0.000|0.000, 0(0):0.000|0.000, 0(0):0.000|0.000
4580, 0(0):0.000|0.000, 0(0):0.000|0.000, 0(0):0.000|0.000, 0(0):0.000|0.000, 0(0):0.000|0.000
4590, 0(0):0.000|0.000, 0(0):0.000|0.000, 0(0):0.000|0.000, 0(0):0.000|0.000, 0(0):0.000|0.000
4600, 0(0):0.000|0.000, 0(0):0.000|0.000, 0(0):0.000|0.000, 0(0):0.000|0.000, 0(0):0.000|0.000
4610, 0(0):0.000|0.000, 0(0):0.000|0.000, 0(0):0.000|0.000, 0(0):0.000|0.000, 0(0):0.000|0.000
4620, 0(0):0.000|0.000, 0(0):0.000|0.000, 0(0):0.000|0.000, 0(0):0.000|0.000, 0(0):0.000|0.000
4630, 0(0):0.000|0.000, 0(0):0.000|0.000, 0(0):0.000|0.000, 0(0):0.000|0.000, 0(0):0.000|0.000
4640, 0(0):0.000|0.000, 0(0):0.000|0.000, 0(0):0.000|0.000, 0(0):0.000|0.000, 0(0):0.000|0.000
4650, 0(0):0.000|0.000, 0(0):0.000|0.000, 0(0):0.000|0.000, 0(0):0.000|0.000, 0(0):0.000|0.000
4660, 0(0):0.000|0.000, 0(0):0.000|0.000, 0(0):0.000|0.000, 0(0):0.000|0.000, 0(0):0.000|0.000
4670, 0(0):0.000|0.000, 0(0):0.000|0.000, 0(0):0.000|0.000, 0(0):0.000|0.000, 0(0):0.000|0.000
4680, 0(0):0.000|0.000, 0(0):0.000|0.000, 0(0):0.000|0.000, 0(0):0.000|0.000, 0(0):0.000|0.000
4690, 0(0):0.000|0.000, 0(0):0.000|0.000, 0(0):0.000|0.000, 0(0):0.000|0.000, 0(0):0.000|0.000
4700, 0(0):0.000|0.000, 0(0):0.000|0.000, 0(0):0.000|0.000, 0(0):0.000|0.000, 0(0):0.000|0.000
4710, 0(0):0.000|0.000, 0(0):0.000|0.000, 0(0):0.000|0.000, 0(0):0.000|0.000, 0(0):0.000|0.000
4720, 0(0):0.000|0.000, 0(0):0.000|0.000, 0(0):0.000|0.000, 0(0):0.000|0.000, 0(0):0.000|0.000
4730, 0(0):0.000|0.000, 0(0):0.000|0.000, 0(0):0.000|0.000, 0(0):0.000|0.000, 0(0):0.000|0.000
4740, 0(0):0.000|0.000, 0(0):0.000|0.000, 0(0):0.000|0.000, 0(0):0.000|0.000, 0(0):0.000|0.000
4750, 0(0):0.000|0.000, 0(0):0.000|0.000, 0(0):0.000|0.000, 0(0):0.000|0.000, 0(0):0.000|0.000
4760, 0(0):0.000|0.000, 0(0):0.000|0.000, 0(0):0.000|0.000, 0(0):0.000|0.000, 0(0):0.000|0.000
4770, 0(0):0.000|0.000, 0(0):0.000|0.000, 0(0):0.000|0.000, 0(0):0.000|0.000, 0(0):0.000|0.000
4780, 0(0):0.000|0.000, 0(0):0.000|0.000, 0(0):0.000|0.000, 0(0):0.000|0.000, 0(0):0.000|0.000
4790, 0(0):0.000|0.000, 0(0):0.000|0.000, 0(0):0.000|0.000, 0(0):0.000|0.000, 0(0):0.000|0.000
4800, 0(0):0.000|0.000, 0(0):0.000|0.000, 0(0):0.000|0.000, 0(0):0.000|0.000, 0(0):0.000|0.000
4810, 0(0):0.000|0.000, 0(0):0.000|0.000, 0(0):0.000|0.000, 0(0):0.000|0.000, 0(0):0.000|0.000
4820, 0(0):0.000|0.000, 0(0):0.000|0.000, 0(0):0.000|0.000, 0(0):0.000|0.000, 0(0):0.000|0.000
4830, 0(0):0.000|0.000, 0(0):0.000|0.000, 0(0):0.000|0.000, 0(0):0.000|0.000, 0(0):0.000|0.000
4840, 0(0):0.000|0.000, 0(0):0.000|0.000, 0(0):0.000|0.000, 0(0):0.000|0.000, 0(0):0.000|0.000
4850, 0(0):0.000|0.000, 0(0):0.000|0.000, 0(0):0.000|0.000, 0(0):0.000|0.000, 0(0):0.000|0.000
4860, 0(0):0.000|0.000, 0(0):0.000|0.000, 0(0):0.000|0.000, 0(0):0.000|0.000, 0(0):0.000|0.000
4870, 0(0):0.000|0.000, 0(0):0.000|0.000, 0(0):0.000|0.000, 0(0):0.000|0.000, 0(0):0.000|0.000
4880, 0(0):0.000|0.000, 0(0):0.000|0.000, 0(0):0.000|0.000, 0(0):0.000|0.000, 0(0):0.000|0.000
4890, 0(0):0.000|0.000, 0(0):0.000|0.000, 0(0):0.000|0.000, 0(0):0.000|0.000, 0(0):0.000|0.000
4900, 0(0):0.000|0.000, 0(0):0.000|0.000, 0(0):0.000|0.000, 0(0):0.000|0.000, 0(0):0.000|0.000
4910, 0(0):0.000|0.000, 0(0):0.000|0.000, 0(0):0.000|0.000, 0(0):0.000|0.000, 0(0):0.000|0.000
4920, 0(0):0.000|0.000, 0(0):0.000|0.000, 0(0):0.000|0.000, 0(0):0.000|0.000, 0(0):0.000|0.000
4930, 0(0):0.000|0.000, 0(0):0.000|0.000, 0(0):0.000|0.000, 0(0):0.000|0.000, 0(0):0.000|0.000
4940, 0(0):0.000|0.000, 0(0):0.000|0.000, 0(0):0.000|0.000, 0(0):0.000|0.000, 0(0):0.000|0.000
4950, 0(0):0.000|0.000, 0(0):0.000|0.000, 0(0):0.000|0.000, 0(0):0.000|0.000, 0(0):0.000|0.000
4960, 0(0):0.000|0.000, 0(0):0.000|0.000, 0(0):0.000|0.000, 0(0):0.000|0.000, 0(0):0.000|0.000
4970, 0(0):0.000|0.000, 0(0):0.000|0.000, 0(0):0.000|0.000, 0(0):0.000|0.000, 0(0):0.000|0.000
4980, 0(0):0.000|0.000, 0(0):0.000|0.000, 0(0):0.000|0.000, 0(0):0.000|0.000, 0(0):0.000|0.000
4990, 0(0):0.000|0.000, 0(0):0.000|0.000, 0(0):0.000|0.000, 0(0):0.000|0.000, 0(0):0.000|0.000
5000, 0(0):0.000|0.000, 0(0):0.000|0.000, 0(0):0.000|0.000, 0(0):0.000|0.000, 0(0):0.000|0.000
5010, 0(0):0.000|0.000, 0(0):0.000|0.000, 0(0):0.000|0.000, 0(0):0.000|0.000, 0(0):0.000|0.000
5020, 0(0):0.000|0.000, 0(0):0.000|0.000, 0(0):0.000|0.000, 0(0):0.000|0.000, 0(0):0.000|0.000
5030, 0(0):0.000|0.000, 0(0):0.000|0.000, 0(0):0.000|0.000, 0(0):0.000|0.000, 0(0):0.000|0.000
5040, 0(0):0.000|0.000, 0(0):0.000|0.000, 0(0):0.000|0.000, 0(0):0.000|0.000, 0(0):0.000|0.000
5050, 0(0):0.000|0.000, 0(0):0.000|0.000, 0(0):0.000|0.000, 0(0):0.000|0.000, 0(0):0.000|0.000
5060, 0(0):0.000|0.000, 0(0):0.000|0.000, 0(0):0.000|0.000, 0(0):0.000|0.000, 0(0):0.000|0.000
5070, 0(0):0.000|0.000, 0(0):0.000|0.000, 0(0):0.000|0.000, 0(0):0.000|0.000, 0(0):0.000|0.000
5080, 0(0):0.000|0.000, 0(0):0.000|0.000, 0(0):0.000|0.000, 0(0):0.000|0.000, 0(0):0.000|0.000
5090, 0(0):0.000|0.000, 0(0):0.000|0.000, 0(0):0.000|0.000, 0(0):0.000|0.000, 0(0):0.000|0.000
5100, 0(0):0.000|0.000, 0(0):0.000|0.000, 0(0):0.000|0.000, 0(0):0.000|0.000, 0(0):0.000|0.000
5110, 0(0):0.000|0.000, 0(0):0.000|0.000, 0(0):0.000|0.000, 0(0):0.000|0.000, 0(0):0.000|0.000
5120, 0(0):0.000|0.000, 0(0):0.000|0.000, 0(0):0.000|0.000, 0(0):0.000|0.000, 0(0):0.000|0.000
5130, 0(0):0.000|0.000, 0(0):0.000|0.000, 0(0):0.000|0.000, 0(0):0.000|0.000, 0(0):0.000|0.000
5140, 0(0):0.000|0.000, 0(0):0.000|0.000, 0(0):0.000|0.000, 0(0):0.000|0.000, 0(0):0.000|0.000
5150, 0(0):0.000|0.000, 0(0):0.000|0.000, 0(0):0.000|0.000, 0(0):0.000|0.000, 0(0):0.000|0.000
5160, 0(0):0.000|0.000, 0(0):0.000|0.000, 0(0):0.000|0.000, 0(0):0.000|0.000, 0(0):0.000|0.000
5170, 0(0):0.000|0.000, 0(0):0.000|0.000, 0(0):0.000|0.000, 0(0):0.000|0.000, 0(0):0.000|0.000
5180, 0(0):0.000|0.000, 0(0):0.000|0.000, 0(0):0.000|0.000, 0(0):0.000|0.000, 0(0):0.000|0.000
5190, 0(0):0.000|0.000, 0(0):0.000|0.000, 0(0):0.000|0.000, 0(0):0.000|0.000, 0(0):0.000|0.000
5200, 0(0):0.000|0.000, 0(0):0.000|0.000, 0(0):0.000|0.000, 0(0):0.000|0.000, 0(0):0.000|0.000
5210, 0(0):0.000|0.000, 0(0):0.000|0.000, 0(0):0.000|0.000, 0(0):0.000|0.000, 0(0):0.000|0.000
5220, 0(0):0.000|0.000, 0(0):0.000|0.000, 0(0):0.000|0.000, 0(0):0.000|0.000, 0(0):0.000|0.000
5230, 0(0):0.000|0.000, 0(0):0.000|0.000, 0(0):0.000|0.000, 0(0):0.000|0.000, 0(0):0.000|0.000
5240, 0(0):0.000|0.000, 0(0):0.000|0.000, 0(0):0.000|0.000, 0(0):0.000|0.000, 0(0):0.000|0.000
5250, 0(0):0.000|0.000, 0(0):0.000|0.000, 0(0):0.000|0.000, 0(0):0.000|0.000, 0(0):0.000|0.000
5260, 0(0):0.000|0.000, 0(0):0.000|0.000, 0(0):0.000|0.000, 0(0):0.000|0.000, 0(0):0.000|0.000
5270, 0(0):0.000|0.000, 0(0):0.000|0.000, 0(0):0.000|0.000, 0(0):0.000|0.000, 0(0):0.000|0.000
5280, 0(0):0.000|0.000, 0(0):0.000|0.000, 0(0):0.000|0.000, 0(0):0.000|0.000, 0(0):0.000|0.000
5290, 0(0):0.000|0.000, 0(0):0.000|0.000, 0(0):0.000|0.000, 0(0):0.000|0.000, 0(0):0.000|0.000
5300, 0(0):0.000|0.000, 0(0):0.000|0.000, 0(0):0.000|0.000, 0(0):0.000|0.000, 0(0):0.000|0.000
5310, 0(0):0.000|0.000, 0(0):0.000|0.000, 0(0):0.000|0.000, 0(0):0.000|0.000, 0(0):0.000|0.000
5320, 0(0):0.000|0.000, 0(0):0.000|0.000, 0(0):0.000|0.000, 0(0):0.000|0.000, 0(0):0.000|0.000
5330, 0(0):0.000|0.000, 0(0):0.000|0.000, 0(0):0.000|0.000, 0(0):0.000|0.000, 0(0):0.000|0.000
5340, 0(0):0.000|0.000, 0(0):0.000|0.000, 0(0):0.000|0.000, 0(0):0.000|0.000, 0(0):0.000|0.000
5350, 0(0):0.000|0.000, 0(0):0.000|0.000, 0(0):0.000|0.000, 0(0):0.000|0.000, 0(0):0.000|0.000
5360, 0(0):0.000|0.000, 0(0):0.000|0.000, 0(0):0.000|0.000, 0(0):0.000|0.000, 0(0):0.000|0.000
5370, 0(0):0.000|0.000, 0(0):0.000|0.000, 0(0):0.000|0.000, 0(0):0.000|0.000, 0(0):0.000|0.000
5380, 0(0):0.000|0.000, 0(0):0.000|0.000, 0(0):0.000|0.000, 0(0):0.000|0.000, 0(0):0.000|0.000
5390, 0(0):0.000|0.000, 0(0):0.000|0.000, 0(0):0.000|0.000, 0(0):0.000|0.000, 0(0):0.000|0.000
5400, 0(0):0.000|0.000, 0(0):0.000|0.000, 0(0):0.000|0.000, 0(0):0.000|0.000, 0(0):0.000|0.000
5410, 0(0):0.000|0.000, 0(0):0.000|0.000, 0(0):0.000|0.000, 0(0):0.000|0.000, 0(0):0.000|0.000
5420, 0(0):0.000|0.000, 0(0):0.000|0.000, 0(0):0.000|0.000, 0(0):0.000|0.000, 0(0):0.000|0.000
5430, 0(0):0.000|0.000, 0(0):0.000|0.000, 0(0):0.000|0.000, 0(0):0.000|0.000, 0(0):0.000|0.000
5440, 0(0):0.000|0.000, 0(0):0.000|0.000, 0(0):0.000|0.000, 0(0):0.000|0.000, 0(0):0.000|0.000
5450, 0(0):0.000|0.000, 0(0):0.000|0.000, 0(0):0.000|0.000, 0(0):0.000|0.000, 0(0):0.000|0.000
5460, 0(0):0.000|0.000, 0(0):0.000|0.000, 0(0):0.000|0.000, 0(0):0.000|0.000, 0(0):0.000|0.000
5470, 0(0):0.000|0.000, 0(0):0.000|0.000, 0(0):0.000|0.000, 0(0):0.000|0.000, 0(0):0.000|0.000
5480, 0(0):0.000|0.000, 0(0):0.000|0.000, 0(0):0.000|0.000, 0(0):0.000|0.000, 0(0):0.000|0.000
5490, 0(0):0.000|0.000, 0(0):0.000|0.000, 0(0):0.000|0.000, 0(0):0.000|0.000, 0(0):0.000|0.000
5500, 0(0):0.000|0.000, 0(0):0.000|0.000, 0(0):0.000|0.000, 0(0):0.000|0.000, 0(0):0.000|0.000
5510, 0(0):0.000|0.000, 0(0):0.000|0.000, 0(0):0.000|0.000, 0(0):0.000|0.000, 0(0):0.000|0.000
5520, 0(0):0.000|0.000, 0(0):0.000|0.000, 0(0):0.000|0.000, 0(0):0.000|0.000, 0(0):0.000|0.000
5530, 0(0):0.000|0.000, 0(0):0.000|0.000, 0(0):0.000|0.000, 0(0):0.000|0.000, 0(0):0.000|0.000
5540, 0(0):0.000|0.000, 0(0):0.000|0.000, 0(0):0.000|0.000, 0(0):0.000|0.000, 0(0):0.000|0.000
5550, 0(0):0.000|0.000, 0(0):0.000|0.000, 0(0):0.000|0.000, 0(0):0.000|0.000, 0(0):0.000|0.000
5560, 0(0):0.000|0.000, 0(0):0.000|0.000, 0(0):0.000|0.000, 0(0):0.000|0.000, 0(0):0.000|0.000
5570, 0(0):0.000|0.000, 0(0):0.000|0.000, 0(0):0.000|0.000, 0(0):0.000|0.000, 0(0):0.000|0.000
5580, 0(0):0.000|0.000, 0(0):0.000|0.000, 0(0):0.000|0.000, 0(0):0.000|0.000, 0(0):0.000|0.000
5590, 0(0):0.000|0.000, 0(0):0.000|0.000, 0(0):0.000|0.000, 0(0):0.000|0.000, 0(0):0.000|0.000
5600, 0(0):0.000|0.000, 0(0):0.000|0.000, 0(0):0.000|0.000, 0(0):0.000|0.000, 0(0):0.000|0.000
5610, 0(0):0.000|0.000, 0(0):0.000|0.000, 0(0):0.000|0.000, 0(0):0.000|0.000, 0(0):0.000|0.000
5620, 0(0):0.000|0.000, 0(0):0.000|0.000, 0(0):0.000|0.000, 0(0):0.000|0.000, 0(0):0.000|0.000
5630, 0(0):0.000|0.000, 0(0):0.000|0.000, 0(0):0.000|0.000, 0(0):0.000|0.000, 0(0):0.000|0.000
5640, 0(0):0.000|0.000, 0(0):0.000|0.000, 0(0):0.000|0.000, 0(0):0.000|0.000, 0(0):0.000|0.000
5650, 0(0):0.000|0.000, 0(0):0.000|0.000, 0(0):0.000|0.000, 0(0):0.000|0.000, 0(0):0.000|0.000
5660, 0(0):0.000|0.000, 0(0):0.000|0.000, 0(0):0.000|0.000, 0(0):0.000|0.000, 0(0):0.000|0.000
5670, 0(0):0.000|0.000, 0(0):0.000|0.000, 0(0):0.000|0.000, 0(0):0.000|0.000, 0(0):0.000|0.000
5680, 0(0):0.000|0.000, 0(0):0.000|0.000, 0(0):0.000|0.000, 0(0):0.000|0.000, 0(0):0.000|0.000
5690, 0(0):0.000|0.000, 0(0):0.000|0.000, 0(0):0.000|0.000, 0(0):0.000|0.000, 0(0):0.000|0.000
5700, 0(0):0.000|0.000, 0(0):0.000|0.000, 0(0):0.000|0.000, 0(0):0.000|0.000, 0(0):0.000|0.000
5710, 0(0):0.000|0.000, 0(0):0.000|0.000, 0(0):0.000|0.000, 0(0):0.000|0.000, 0(0):0.000|0.000
5720, 0(0):0.000|0.000, 0(0):0.000|0.000, 0(0):0.000|0.000, 0(0):0.000|0.000, 0(0):0.000|0.000
5730, 0(0):0.000|0.000, 0(0):0.000|0.000, 0(0):0.000|0.000, 0(0):0.000|0.000, 0(0):0.000|0.000
5740, 0(0):0.000|0.000, 0(0):0.000|0.000, 0(0):0.000|0.000, 0(0):0.000|0.000, 0(0):0.000|0.000
5750, 0(0):0.000|0.000, 0(0):0.000|0.000, 0(0):0.000|0.000, 0(0):0.000|0.000, 0(0):0.000|0.000
5760, 0(0):0.000|0.000, 0(0):0.000|0.000, 0(0):0.000|0.000, 0(0):0.000|0.000, 0(0):0.000|0.000
5770, 0(0):0.000|0.000, 0(0):0.000|0.000, 0(0):0.000|0.000, 0(0):0.000|0.000, 0(0):0.000|0.000
5780, 0(0):0.000|0.000, 0(0):0.000|0.000, 0(0):0.000|0.000, 0(0):0.000|0.000, 0(0):0.000|0.000
5790, 0(0):0.000|0.000, 0(0):0.000|0.000, 0(0):0.000|0.000, 0(0):0.000|0.000, 0(0):0.000|0.000
5800, 0(0):0.000|0.000, 0(0):0.000|0.000, 0(0):0.000|0.000, 0(0):0.000|0.000, 0(0):0.000|0.000
5810, 0(0):0.000|0.000, 0(0):0.000|0.000, 0(0):0.000|0.000, 0(0):0.000|0.000, 0(0):0.000|0.000
5820, 0(0):0.000|0.000, 0(0):0.000|0.000, 0(0):0.000|0.000, 0(0):0.000|0.000, 0(0):0.000|0.000
5830, 0(0):0.000|0.000, 0(0):0.000|0.000, 0(0):0.000|0.000, 0(0):0.000|0.000, 0(0):0.000|0.000
5840, 0(0):0.000|0.000, 0(0):0.000|0.000, 0(0):0.000|0.000, 0(0):0.000|0.000, 0(0):0.000|0.000
5850, 0(0):0.000|0.000, 0(0):0.000|0.000, 0(0):0.000|0.000, 0(0):0.000|0.000, 0(0):0.000|0.000
5860, 0(0):0.000|0.000, 0(0):0.000|0.000, 0(0):0.000|0.000, 0(0):0.000|0.000, 0(0):0.000|0.000
5870, 0(0):0.000|0.000, 0(0):0.000|0.000, 0(0):0.000|0.000, 0(0):0.000|0.000, 0(0):0.000|0.000
5880, 0(0):0.000|0.000, 0(0):0.000|0.000, 0(0):0.000|0.000, 0(0):0.000|0.000, 0(0):0.000|0.000
5890, 0(0):0.000|0.000, 0(0):0.000|0.000, 0(0):0.000|0.000, 0(0):0.000|0.000, 0(0):0.000|0.000
5900, 0(0):0.000|0.000, 0(0):0.000|0.000, 0(0):0.000|0.000, 0(0):0.000|0.000, 0(0):0.000|0.000
5910, 0(0):0.000|0.000, 0(0):0.000|0.000, 0(0):0.000|0.000, 0(0):0.000|0.000, 0(0):0.000|0.000
5920, 0(0):0.000|0.000, 0(0):0.000|0.000, 0(0):0.000|0.000, 0(0):0.000|0.000, 0(0):0.000|0.000
5930, 0(0):0.000|0.000, 0(0):0.000|0.000, 0(0):0.000|0.000, 0(0):0.000|0.000, 0(0):0.000|0.000
5940, 0(0):0.000|0.000, 0(0):0.000|0.000, 0(0):0.000|0.000, 0(0):0.000|0.000, 0(0):0.000|0.000
5950, 0(0):0.000|0.000, 0(0):0.000|0.000, 0(0):0.000|0.000, 0(0):0.000|0.000, 0(0):0.000|0.000
5960, 0(0):0.000|0.000, 0(0):0.000|0.000, 0(0):0.000|0.000, 0(0):0.000|0.000, 0(0):0.000|0.000
5970, 0(0):0.000|0.000, 0(0):0.000|0.000, 0(0):0.000|0.000, 0(0):0.000|0.000, 0(0):0.000|0.000
5980, 0(0):0.000|0.000, 0(0):0.000|0.000, 0(0):0.000|0.000, 0(0):0.000|0.000, 0(0):0.000|0.000
5990, 0(0):0.000|0.000, 0(0):0.000|0.000, 0(0):0.000|0.000, 0(0):0.000|0.000, 0(0):0.000|0.000
6000, 0(0):0.000|0.000, 0(0):0.000|0.000, 0(0):0.000|0.000, 0(0):0.000|0.000, 0(0):0.000|0.000
6010, 0(0):0.000|0.000, 0(0):0.000|0.000, 0(0):0.000|0.000, 0(0):0.000|0.000, 0(0):0.000|0.000
6020, 0(0):0.000|0.000, 0(0):0.000|0.000, 0(0):0.000|0.000, 0(0):0.000|0.000, 0(0):0.000|0.000
6030, 0(0):0.000|0.000, 0(0):0.000|0.000, 0(0):0.000|0.000, 0(0):0.000|0.000, 0(0):0.000|0.000
6040, 0(0):0.000|0.000, 0(0):0.000|0.000, 0(0):0.000|0.000, 0(0):0.000|0.000, 0(0):0.000|0.000
6050, 0(0):0.000|0.000, 0(0):0.000|0.000, 0(0):0.000|0.000, 0(0):0.000|0.000, 0(0):0.000|0.000
6060, 0(0):0.000|0.000, 0(0):0.000|0.000, 0(0):0.000|0.000, 0(0):0.000|0.000, 0(0):0.000|0.000
6070, 0(0):0.000|0.000, 0(0):0.000|0.000, 0(0):0.000|0.000, 0(0):0.000|0.000, 0(0):0.000|0.000
error at thread_main
error at thread_main
error at thread_main
error at thread_main
error at thread_main
error at thread_main
error at thread_main
error at thread_main
error at thread_main
error at thread_main
error at thread_main
error at thread_main
error at thread_main
error at thread_main
error at thread_main
error at thread_main
error at thread_main
error at thread_main
error at thread_main
error at thread_main
error at thread_main
error at thread_main
error at thread_main
error at thread_main
error at thread_main
error at thread_main
error at thread_main
error at thread_main
error at thread_main
error at thread_main
error at thread_main
error at thread_main
error at thread_main
error at thread_main
error at thread_main
error at thread_main
error at thread_main
error at thread_main
error at thread_main
error at thread_main
error at thread_main
error at thread_main
error at thread_main
error at thread_main
error at thread_main
error at thread_main
error at thread_main
error at thread_main
error at thread_main
error at thread_main
error at thread_main
error at thread_main
error at thread_main
error at thread_main
error at thread_main
error at thread_main
error at thread_main
error at thread_main
error at thread_main
error at thread_main
error at thread_main
error at thread_main
error at thread_main
error at thread_main
error at thread_main
error at thread_main
error at thread_main
error at thread_main
error at thread_main
error at thread_main
error at thread_main
error at thread_main
6080, 0(0):0.000|0.000, 0(0):0.000|0.000, 0(0):0.000|0.000, 0(0):0.000|0.000, 0(0):0.000|0.000
6090, 0(0):0.000|0.000, 0(0):0.000|0.000, 0(0):0.000|0.000, 0(0):0.000|0.000, 0(0):0.000|0.000
6100, 0(0):0.000|0.000, 0(0):0.000|0.000, 0(0):0.000|0.000, 0(0):0.000|0.000, 0(0):0.000|0.000
6110, 0(0):0.000|0.000, 0(0):0.000|0.000, 0(0):0.000|0.000, 0(0):0.000|0.000, 0(0):0.000|0.000
6120, 0(0):0.000|0.000, 0(0):0.000|0.000, 0(0):0.000|0.000, 0(0):0.000|0.000, 0(0):0.000|0.000
6130, 0(0):0.000|0.000, 0(0):0.000|0.000, 0(0):0.000|0.000, 0(0):0.000|0.000, 0(0):0.000|0.000
6140, 0(0):0.000|0.000, 0(0):0.000|0.000, 0(0):0.000|0.000, 0(0):0.000|0.000, 0(0):0.000|0.000
6150, 0(0):0.000|0.000, 0(0):0.000|0.000, 0(0):0.000|0.000, 0(0):0.000|0.000, 0(0):0.000|0.000
error at thread_main
error at thread_main
error at thread_main
error at thread_main
error at thread_main
error at thread_main
error at thread_main
error at thread_main
error at thread_main
error at thread_main
error at thread_main
error at thread_main
error at thread_main
error at thread_main
error at thread_main
error at thread_main
error at thread_main
error at thread_main
error at thread_main
error at thread_main
error at thread_main
error at thread_main
error at thread_main
error at thread_main
error at thread_main
error at thread_main
error at thread_main
error at thread_main
error at thread_main
error at thread_main
error at thread_main
error at thread_main
error at thread_main
error at thread_main
error at thread_main
error at thread_main
error at thread_main
error at thread_main
error at thread_main
error at thread_main
error at thread_main
error at thread_main
error at thread_main
error at thread_main
error at thread_main
error at thread_main
error at thread_main
error at thread_main
error at thread_main
error at thread_main
error at thread_main
error at thread_main
error at thread_main
error at thread_main
error at thread_main
error at thread_main
error at thread_main
error at thread_main
error at thread_main
error at thread_main
error at thread_main
error at thread_main
error at thread_main
error at thread_main
error at thread_main
error at thread_main
error at thread_main
6160, 0(0):0.000|0.000, 0(0):0.000|0.000, 0(0):0.000|0.000, 0(0):0.000|0.000, 0(0):0.000|0.000
6170, 0(0):0.000|0.000, 0(0):0.000|0.000, 0(0):0.000|0.000, 0(0):0.000|0.000, 0(0):0.000|0.000
6180, 0(0):0.000|0.000, 0(0):0.000|0.000, 0(0):0.000|0.000, 0(0):0.000|0.000, 0(0):0.000|0.000
6190, 0(0):0.000|0.000, 0(0):0.000|0.000, 0(0):0.000|0.000, 0(0):0.000|0.000, 0(0):0.000|0.000
6200, 0(0):0.000|0.000, 0(0):0.000|0.000, 0(0):0.000|0.000, 0(0):0.000|0.000, 0(0):0.000|0.000
6210, 0(0):0.000|0.000, 0(0):0.000|0.000, 0(0):0.000|0.000, 0(0):0.000|0.000, 0(0):0.000|0.000
6220, 0(0):0.000|0.000, 0(0):0.000|0.000, 0(0):0.000|0.000, 0(0):0.000|0.000, 0(0):0.000|0.000
6230, 0(0):0.000|0.000, 0(0):0.000|0.000, 0(0):0.000|0.000, 0(0):0.000|0.000, 0(0):0.000|0.000
6240, 0(0):0.000|0.000, 0(0):0.000|0.000, 0(0):0.000|0.000, 0(0):0.000|0.000, 0(0):0.000|0.000
6250, 0(0):0.000|0.000, 0(0):0.000|0.000, 0(0):0.000|0.000, 0(0):0.000|0.000, 0(0):0.000|0.000
6260, 0(0):0.000|0.000, 0(0):0.000|0.000, 0(0):0.000|0.000, 0(0):0.000|0.000, 0(0):0.000|0.000
6270, 0(0):0.000|0.000, 0(0):0.000|0.000, 0(0):0.000|0.000, 0(0):0.000|0.000, 0(0):0.000|0.000
6280, 0(0):0.000|0.000, 0(0):0.000|0.000, 0(0):0.000|0.000, 0(0):0.000|0.000, 0(0):0.000|0.000
6290, 0(0):0.000|0.000, 0(0):0.000|0.000, 0(0):0.000|0.000, 0(0):0.000|0.000, 0(0):0.000|0.000
6300, 0(0):0.000|0.000, 0(0):0.000|0.000, 0(0):0.000|0.000, 0(0):0.000|0.000, 0(0):0.000|0.000
6310, 0(0):0.000|0.000, 0(0):0.000|0.000, 0(0):0.000|0.000, 0(0):0.000|0.000, 0(0):0.000|0.000
6320, 0(0):0.000|0.000, 0(0):0.000|0.000, 0(0):0.000|0.000, 0(0):0.000|0.000, 0(0):0.000|0.000
6330, 0(0):0.000|0.000, 0(0):0.000|0.000, 0(0):0.000|0.000, 0(0):0.000|0.000, 0(0):0.000|0.000
6340, 0(0):0.000|0.000, 0(0):0.000|0.000, 0(0):0.000|0.000, 0(0):0.000|0.000, 0(0):0.000|0.000
6350, 0(0):0.000|0.000, 0(0):0.000|0.000, 0(0):0.000|0.000, 0(0):0.000|0.000, 0(0):0.000|0.000
6360, 0(0):0.000|0.000, 0(0):0.000|0.000, 0(0):0.000|0.000, 0(0):0.000|0.000, 0(0):0.000|0.000
6370, 0(0):0.000|0.000, 0(0):0.000|0.000, 0(0):0.000|0.000, 0(0):0.000|0.000, 0(0):0.000|0.000
6380, 0(0):0.000|0.000, 0(0):0.000|0.000, 0(0):0.000|0.000, 0(0):0.000|0.000, 0(0):0.000|0.000
6390, 0(0):0.000|0.000, 0(0):0.000|0.000, 0(0):0.000|0.000, 0(0):0.000|0.000, 0(0):0.000|0.000
6400, 0(0):0.000|0.000, 0(0):0.000|0.000, 0(0):0.000|0.000, 0(0):0.000|0.000, 0(0):0.000|0.000
6410, 0(0):0.000|0.000, 0(0):0.000|0.000, 0(0):0.000|0.000, 0(0):0.000|0.000, 0(0):0.000|0.000
6420, 0(0):0.000|0.000, 0(0):0.000|0.000, 0(0):0.000|0.000, 0(0):0.000|0.000, 0(0):0.000|0.000
6430, 0(0):0.000|0.000, 0(0):0.000|0.000, 0(0):0.000|0.000, 0(0):0.000|0.000, 0(0):0.000|0.000
6440, 0(0):0.000|0.000, 0(0):0.000|0.000, 0(0):0.000|0.000, 0(0):0.000|0.000, 0(0):0.000|0.000
6450, 0(0):0.000|0.000, 0(0):0.000|0.000, 0(0):0.000|0.000, 0(0):0.000|0.000, 0(0):0.000|0.000
6460, 0(0):0.000|0.000, 0(0):0.000|0.000, 0(0):0.000|0.000, 0(0):0.000|0.000, 0(0):0.000|0.000
6470, 0(0):0.000|0.000, 0(0):0.000|0.000, 0(0):0.000|0.000, 0(0):0.000|0.000, 0(0):0.000|0.000
6480, 0(0):0.000|0.000, 0(0):0.000|0.000, 0(0):0.000|0.000, 0(0):0.000|0.000, 0(0):0.000|0.000
6490, 0(0):0.000|0.000, 0(0):0.000|0.000, 0(0):0.000|0.000, 0(0):0.000|0.000, 0(0):0.000|0.000
6500, 0(0):0.000|0.000, 0(0):0.000|0.000, 0(0):0.000|0.000, 0(0):0.000|0.000, 0(0):0.000|0.000
6510, 0(0):0.000|0.000, 0(0):0.000|0.000, 0(0):0.000|0.000, 0(0):0.000|0.000, 0(0):0.000|0.000
6520, 0(0):0.000|0.000, 0(0):0.000|0.000, 0(0):0.000|0.000, 0(0):0.000|0.000, 0(0):0.000|0.000
6530, 0(0):0.000|0.000, 0(0):0.000|0.000, 0(0):0.000|0.000, 0(0):0.000|0.000, 0(0):0.000|0.000
6540, 0(0):0.000|0.000, 0(0):0.000|0.000, 0(0):0.000|0.000, 0(0):0.000|0.000, 0(0):0.000|0.000
6550, 0(0):0.000|0.000, 0(0):0.000|0.000, 0(0):0.000|0.000, 0(0):0.000|0.000, 0(0):0.000|0.000
6560, 0(0):0.000|0.000, 0(0):0.000|0.000, 0(0):0.000|0.000, 0(0):0.000|0.000, 0(0):0.000|0.000
6570, 0(0):0.000|0.000, 0(0):0.000|0.000, 0(0):0.000|0.000, 0(0):0.000|0.000, 0(0):0.000|0.000
6580, 0(0):0.000|0.000, 0(0):0.000|0.000, 0(0):0.000|0.000, 0(0):0.000|0.000, 0(0):0.000|0.000
6590, 0(0):0.000|0.000, 0(0):0.000|0.000, 0(0):0.000|0.000, 0(0):0.000|0.000, 0(0):0.000|0.000
6600, 0(0):0.000|0.000, 0(0):0.000|0.000, 0(0):0.000|0.000, 0(0):0.000|0.000, 0(0):0.000|0.000
6610, 0(0):0.000|0.000, 0(0):0.000|0.000, 0(0):0.000|0.000, 0(0):0.000|0.000, 0(0):0.000|0.000
6620, 0(0):0.000|0.000, 0(0):0.000|0.000, 0(0):0.000|0.000, 0(0):0.000|0.000, 0(0):0.000|0.000
6630, 0(0):0.000|0.000, 0(0):0.000|0.000, 0(0):0.000|0.000, 0(0):0.000|0.000, 0(0):0.000|0.000
6640, 0(0):0.000|0.000, 0(0):0.000|0.000, 0(0):0.000|0.000, 0(0):0.000|0.000, 0(0):0.000|0.000
6650, 0(0):0.000|0.000, 0(0):0.000|0.000, 0(0):0.000|0.000, 0(0):0.000|0.000, 0(0):0.000|0.000
6660, 0(0):0.000|0.000, 0(0):0.000|0.000, 0(0):0.000|0.000, 0(0):0.000|0.000, 0(0):0.000|0.000
6670, 0(0):0.000|0.000, 0(0):0.000|0.000, 0(0):0.000|0.000, 0(0):0.000|0.000, 0(0):0.000|0.000
6680, 0(0):0.000|0.000, 0(0):0.000|0.000, 0(0):0.000|0.000, 0(0):0.000|0.000, 0(0):0.000|0.000
6690, 0(0):0.000|0.000, 0(0):0.000|0.000, 0(0):0.000|0.000, 0(0):0.000|0.000, 0(0):0.000|0.000
6700, 0(0):0.000|0.000, 0(0):0.000|0.000, 0(0):0.000|0.000, 0(0):0.000|0.000, 0(0):0.000|0.000
6710, 0(0):0.000|0.000, 0(0):0.000|0.000, 0(0):0.000|0.000, 0(0):0.000|0.000, 0(0):0.000|0.000
6720, 0(0):0.000|0.000, 0(0):0.000|0.000, 0(0):0.000|0.000, 0(0):0.000|0.000, 0(0):0.000|0.000
6730, 0(0):0.000|0.000, 0(0):0.000|0.000, 0(0):0.000|0.000, 0(0):0.000|0.000, 0(0):0.000|0.000
6740, 0(0):0.000|0.000, 0(0):0.000|0.000, 0(0):0.000|0.000, 0(0):0.000|0.000, 0(0):0.000|0.000
6750, 0(0):0.000|0.000, 0(0):0.000|0.000, 0(0):0.000|0.000, 0(0):0.000|0.000, 0(0):0.000|0.000
6760, 0(0):0.000|0.000, 0(0):0.000|0.000, 0(0):0.000|0.000, 0(0):0.000|0.000, 0(0):0.000|0.000
6770, 0(0):0.000|0.000, 0(0):0.000|0.000, 0(0):0.000|0.000, 0(0):0.000|0.000, 0(0):0.000|0.000
6780, 0(0):0.000|0.000, 0(0):0.000|0.000, 0(0):0.000|0.000, 0(0):0.000|0.000, 0(0):0.000|0.000
6790, 0(0):0.000|0.000, 0(0):0.000|0.000, 0(0):0.000|0.000, 0(0):0.000|0.000, 0(0):0.000|0.000
6800, 0(0):0.000|0.000, 0(0):0.000|0.000, 0(0):0.000|0.000, 0(0):0.000|0.000, 0(0):0.000|0.000
6810, 0(0):0.000|0.000, 0(0):0.000|0.000, 0(0):0.000|0.000, 0(0):0.000|0.000, 0(0):0.000|0.000
6820, 0(0):0.000|0.000, 0(0):0.000|0.000, 0(0):0.000|0.000, 0(0):0.000|0.000, 0(0):0.000|0.000
6830, 0(0):0.000|0.000, 0(0):0.000|0.000, 0(0):0.000|0.000, 0(0):0.000|0.000, 0(0):0.000|0.000
6840, 0(0):0.000|0.000, 0(0):0.000|0.000, 0(0):0.000|0.000, 0(0):0.000|0.000, 0(0):0.000|0.000
6850, 0(0):0.000|0.000, 0(0):0.000|0.000, 0(0):0.000|0.000, 0(0):0.000|0.000, 0(0):0.000|0.000
6860, 0(0):0.000|0.000, 0(0):0.000|0.000, 0(0):0.000|0.000, 0(0):0.000|0.000, 0(0):0.000|0.000
6870, 0(0):0.000|0.000, 0(0):0.000|0.000, 0(0):0.000|0.000, 0(0):0.000|0.000, 0(0):0.000|0.000
6880, 0(0):0.000|0.000, 0(0):0.000|0.000, 0(0):0.000|0.000, 0(0):0.000|0.000, 0(0):0.000|0.000
6890, 0(0):0.000|0.000, 0(0):0.000|0.000, 0(0):0.000|0.000, 0(0):0.000|0.000, 0(0):0.000|0.000
6900, 0(0):0.000|0.000, 0(0):0.000|0.000, 0(0):0.000|0.000, 0(0):0.000|0.000, 0(0):0.000|0.000
6910, 0(0):0.000|0.000, 0(0):0.000|0.000, 0(0):0.000|0.000, 0(0):0.000|0.000, 0(0):0.000|0.000
6920, 0(0):0.000|0.000, 0(0):0.000|0.000, 0(0):0.000|0.000, 0(0):0.000|0.000, 0(0):0.000|0.000
6930, 0(0):0.000|0.000, 0(0):0.000|0.000, 0(0):0.000|0.000, 0(0):0.000|0.000, 0(0):0.000|0.000
6940, 0(0):0.000|0.000, 0(0):0.000|0.000, 0(0):0.000|0.000, 0(0):0.000|0.000, 0(0):0.000|0.000
6950, 0(0):0.000|0.000, 0(0):0.000|0.000, 0(0):0.000|0.000, 0(0):0.000|0.000, 0(0):0.000|0.000
6960, 0(0):0.000|0.000, 0(0):0.000|0.000, 0(0):0.000|0.000, 0(0):0.000|0.000, 0(0):0.000|0.000
6970, 0(0):0.000|0.000, 0(0):0.000|0.000, 0(0):0.000|0.000, 0(0):0.000|0.000, 0(0):0.000|0.000
6980, 0(0):0.000|0.000, 0(0):0.000|0.000, 0(0):0.000|0.000, 0(0):0.000|0.000, 0(0):0.000|0.000
6990, 0(0):0.000|0.000, 0(0):0.000|0.000, 0(0):0.000|0.000, 0(0):0.000|0.000, 0(0):0.000|0.000
7000, 0(0):0.000|0.000, 0(0):0.000|0.000, 0(0):0.000|0.000, 0(0):0.000|0.000, 0(0):0.000|0.000
7010, 0(0):0.000|0.000, 0(0):0.000|0.000, 0(0):0.000|0.000, 0(0):0.000|0.000, 0(0):0.000|0.000
7020, 0(0):0.000|0.000, 0(0):0.000|0.000, 0(0):0.000|0.000, 0(0):0.000|0.000, 0(0):0.000|0.000
7030, 0(0):0.000|0.000, 0(0):0.000|0.000, 0(0):0.000|0.000, 0(0):0.000|0.000, 0(0):0.000|0.000
7040, 0(0):0.000|0.000, 0(0):0.000|0.000, 0(0):0.000|0.000, 0(0):0.000|0.000, 0(0):0.000|0.000
7050, 0(0):0.000|0.000, 0(0):0.000|0.000, 0(0):0.000|0.000, 0(0):0.000|0.000, 0(0):0.000|0.000
7060, 0(0):0.000|0.000, 0(0):0.000|0.000, 0(0):0.000|0.000, 0(0):0.000|0.000, 0(0):0.000|0.000
7070, 0(0):0.000|0.000, 0(0):0.000|0.000, 0(0):0.000|0.000, 0(0):0.000|0.000, 0(0):0.000|0.000
7080, 0(0):0.000|0.000, 0(0):0.000|0.000, 0(0):0.000|0.000, 0(0):0.000|0.000, 0(0):0.000|0.000
7090, 0(0):0.000|0.000, 0(0):0.000|0.000, 0(0):0.000|0.000, 0(0):0.000|0.000, 0(0):0.000|0.000
7100, 0(0):0.000|0.000, 0(0):0.000|0.000, 0(0):0.000|0.000, 0(0):0.000|0.000, 0(0):0.000|0.000
7110, 0(0):0.000|0.000, 0(0):0.000|0.000, 0(0):0.000|0.000, 0(0):0.000|0.000, 0(0):0.000|0.000
7120, 0(0):0.000|0.000, 0(0):0.000|0.000, 0(0):0.000|0.000, 0(0):0.000|0.000, 0(0):0.000|0.000
7130, 0(0):0.000|0.000, 0(0):0.000|0.000, 0(0):0.000|0.000, 0(0):0.000|0.000, 0(0):0.000|0.000
7140, 0(0):0.000|0.000, 0(0):0.000|0.000, 0(0):0.000|0.000, 0(0):0.000|0.000, 0(0):0.000|0.000
7150, 0(0):0.000|0.000, 0(0):0.000|0.000, 0(0):0.000|0.000, 0(0):0.000|0.000, 0(0):0.000|0.000
7160, 0(0):0.000|0.000, 0(0):0.000|0.000, 0(0):0.000|0.000, 0(0):0.000|0.000, 0(0):0.000|0.000
7170, 0(0):0.000|0.000, 0(0):0.000|0.000, 0(0):0.000|0.000, 0(0):0.000|0.000, 0(0):0.000|0.000
7180, 0(0):0.000|0.000, 0(0):0.000|0.000, 0(0):0.000|0.000, 0(0):0.000|0.000, 0(0):0.000|0.000
7190, 0(0):0.000|0.000, 0(0):0.000|0.000, 0(0):0.000|0.000, 0(0):0.000|0.000, 0(0):0.000|0.000
7200, 0(0):0.000|0.000, 0(0):0.000|0.000, 0(0):0.000|0.000, 0(0):0.000|0.000, 0(0):0.000|0.000

STOPPING THREADSerror at thread_main
error at thread_main
error at thread_main
error at thread_main
error at thread_main
error at thread_main
error at thread_main
error at thread_main
error at thread_main
error at thread_main
error at thread_main
error at thread_main
error at thread_main
error at thread_main
error at thread_main
error at thread_main
error at thread_main
error at thread_main
error at thread_main
error at thread_main
error at thread_main
error at thread_main
error at thread_main
error at thread_main
error at thread_main
error at thread_main
error at thread_main
error at thread_main
error at thread_main
error at thread_main
error at thread_main
error at thread_main
error at thread_main
error at thread_main
error at thread_main
error at thread_main
error at thread_main
error at thread_main
error at thread_main
error at thread_main
error at thread_main
error at thread_main
error at thread_main
error at thread_main
error at thread_main
error at thread_main
error at thread_main
error at thread_main
error at thread_main
error at thread_main
error at thread_main
error at thread_main
error at thread_main
error at thread_main
error at thread_main
error at thread_main
error at thread_main
error at thread_main
error at thread_main
error at thread_main
error at thread_main
error at thread_main
error at thread_main
error at thread_main
error at thread_main
error at thread_main
error at thread_main
error at thread_main
error at thread_main
error at thread_main
error at thread_main
error at thread_main
error at thread_main
error at thread_main
error at thread_main
error at thread_main
error at thread_main
error at thread_main
error at thread_main
error at thread_main
error at thread_main
error at thread_main
error at thread_main
error at thread_main
error at thread_main
error at thread_main
error at thread_main
error at thread_main
error at thread_main
error at thread_main
error at thread_main
error at thread_main
error at thread_main
error at thread_main
error at thread_main
error at thread_main
error at thread_main
error at thread_main
error at thread_main
error at thread_main
error at thread_main
error at thread_main
error at thread_main
error at thread_main
error at thread_main
error at thread_main
error at thread_main
error at thread_main
error at thread_main
error at thread_main
error at thread_main
error at thread_main
error at thread_main
error at thread_main
error at thread_main
error at thread_main
error at thread_main
error at thread_main
error at thread_main
error at thread_main
error at thread_main
error at thread_main
error at thread_main
error at thread_main
error at thread_main
error at thread_main
error at thread_main
error at thread_main
error at thread_main
error at thread_main
error at thread_main
error at thread_main
error at thread_main
error at thread_main
error at thread_main
error at thread_main
error at thread_main
error at thread_main
error at thread_main
error at thread_main
error at thread_main
error at thread_main
error at thread_main
error at thread_main
error at thread_main
error at thread_main
error at thread_main
error at thread_main
error at thread_main
error at thread_main
error at thread_main
error at thread_main
error at thread_main
error at thread_main
error at thread_main
error at thread_main
error at thread_main
error at thread_main
error at thread_main
error at thread_main
error at thread_main
error at thread_main
error at thread_main
error at thread_main
error at thread_main
error at thread_main
error at thread_main
error at thread_main
error at thread_main
error at thread_main
error at thread_main
error at thread_main
error at thread_main
error at thread_main
error at thread_main
error at thread_main
error at thread_main
error at thread_main
error at thread_main
error at thread_main
error at thread_main
error at thread_main
error at thread_main
error at thread_main
error at thread_main
error at thread_main
error at thread_main
error at thread_main
error at thread_main
error at thread_main
error at thread_main
error at thread_main
error at thread_main
error at thread_main
error at thread_main
error at thread_main
error at thread_main
error at thread_main
error at thread_main
error at thread_main
error at thread_main
error at thread_main
error at thread_main
error at thread_main
error at thread_main
error at thread_main
error at thread_main
error at thread_main
error at thread_main
error at thread_main
error at thread_main
error at thread_main
error at thread_main
error at thread_main
error at thread_main
error at thread_main
error at thread_main
error at thread_main
error at thread_main
error at thread_main
error at thread_main
error at thread_main
error at thread_main
error at thread_main
error at thread_main
error at thread_main
error at thread_main
error at thread_main
error at thread_main
error at thread_main
error at thread_main
error at thread_main
error at thread_main
error at thread_main
error at thread_main
error at thread_main
error at thread_main
error at thread_main
error at thread_main
error at thread_main
error at thread_main
error at thread_main
error at thread_main
error at thread_main
error at thread_main
error at thread_main
error at thread_main
error at thread_main
error at thread_main
error at thread_main
error at thread_main
error at thread_main
error at thread_main
error at thread_main
error at thread_main
error at thread_main
error at thread_main
error at thread_main
error at thread_main
error at thread_main
error at thread_main
error at thread_main
error at thread_main
error at thread_main
error at thread_main
error at thread_main
error at thread_main
error at thread_main
error at thread_main
error at thread_main
error at thread_main
error at thread_main
error at thread_main
error at thread_main
error at thread_main
error at thread_main
error at thread_main
error at thread_main
error at thread_main
error at thread_main
error at thread_main
error at thread_main
error at thread_main
error at thread_main
error at thread_main
error at thread_main
error at thread_main
error at thread_main
error at thread_main
error at thread_main
error at thread_main
error at thread_main
error at thread_main
error at thread_main
error at thread_main
error at thread_main
error at thread_main
error at thread_main
error at thread_main
error at thread_main
error at thread_main
error at thread_main
error at thread_main
error at thread_main
error at thread_main
error at thread_main
error at thread_main
error at thread_main
error at thread_main
error at thread_main
error at thread_main
error at thread_main
error at thread_main
error at thread_main
error at thread_main
error at thread_main
error at thread_main
error at thread_main
error at thread_main
error at thread_main
error at thread_main
error at thread_main
error at thread_main
error at thread_main
error at thread_main
error at thread_main
error at thread_main
error at thread_main
error at thread_main
error at thread_main
error at thread_main
error at thread_main
error at thread_main
error at thread_main
error at thread_main
error at thread_main
error at thread_main
error at thread_main
error at thread_main
error at thread_main
error at thread_main
error at thread_main
error at thread_main
error at thread_main
error at thread_main
error at thread_main
error at thread_main
error at thread_main
error at thread_main
error at thread_main
error at thread_main
error at thread_main
error at thread_main
error at thread_main
error at thread_main
error at thread_main
error at thread_main
error at thread_main
error at thread_main
error at thread_main
error at thread_main


<Raw Results>
  [0] sc:0  lt:0  rt:6915239  fl:3427 
  [1] sc:0  lt:0  rt:6914475  fl:3431 
  [2] sc:0  lt:0  rt:693634  fl:348 
  [3] sc:0  lt:0  rt:691984  fl:343 
  [4] sc:0  lt:0  rt:692457  fl:347 
 in 7200 sec.

<Raw Results2(sum ver.)>
  [0] sc:0  lt:0  rt:6915239  fl:3427 
  [1] sc:0  lt:0  rt:6914475  fl:3431 
  [2] sc:0  lt:0  rt:693634  fl:348 
  [3] sc:0  lt:0  rt:691984  fl:343 
  [4] sc:0  lt:0  rt:692457  fl:347 

<Constraint Check> (all must be [OK])
 [transaction percentage]
        Payment: -nan% (>=43.0%) [NG] *
   Order-Status: -nan% (>= 4.0%) [NG] *
       Delivery: -nan% (>= 4.0%) [NG] *
    Stock-Level: -nan% (>= 4.0%) [NG] *
 [response time (at least 90% passed)]
      New-Order: -nan%  [NG] *
        Payment: -nan%  [NG] *
   Order-Status: -nan%  [NG] *
       Delivery: -nan%  [NG] *
    Stock-Level: -nan%  [NG] *

<TpmC>
                 0.000 TpmC
Start: 2013-08-05 03:20:26 - Finish: 2013-08-05 05:43:12
AVG Idle CPU: 98.11
AVG Commit: 70.83
