***************************************
*** ###easy### TPC-C Load Generator ***
***************************************
option h with value '192.241.149.101'
option d with value 'tpcc'
option u with value 'root'
option p with value 'password'
option w with value '20'
option c with value '200'
option r with value '1200'
option l with value '7200'
<Parameters>
     [server]: 192.241.149.101
     [port]: 3306
     [DBname]: tpcc
       [user]: root
       [pass]: password
  [warehouse]: 20
 [connection]: 200
     [rampup]: 1200 (sec.)
    [measure]: 7200 (sec.)

RAMP-UP TIME.(1200 sec.)

MEASURING START.

  10, 338(1):5.007|11.076, 383(0):1.062|3.726, 37(0):0.557|1.187, 31(0):6.430|10.191, 37(0):15.224|21.730
  20, 364(1):4.869|5.066, 329(0):1.008|1.340, 34(0):0.424|0.440, 41(0):5.623|5.681, 34(0):12.177|13.139
  30, 382(41):5.974|6.235, 355(0):1.277|1.909, 37(0):0.586|0.724, 36(0):6.866|6.976, 34(0):14.927|15.322
  40, 306(2):4.830|5.466, 328(0):0.931|1.028, 33(0):0.458|0.683, 31(0):5.549|5.634, 35(0):13.052|13.091
  50, 369(4):4.865|5.516, 374(0):0.967|1.088, 36(0):0.475|0.570, 41(0):5.562|6.085, 35(0):12.232|12.281
  60, 344(2):4.809|5.345, 351(0):1.014|1.434, 34(0):0.462|0.478, 33(0):5.867|6.067, 37(0):13.150|13.480
  70, 353(0):4.813|4.955, 382(0):0.975|1.433, 38(0):0.436|0.535, 35(0):5.917|6.318, 37(0):13.449|14.298
  80, 373(2):4.798|5.106, 329(0):0.948|1.246, 34(0):0.596|0.727, 35(0):5.739|5.836, 33(0):12.670|13.949
  90, 369(0):4.687|4.833, 410(0):0.964|1.120, 38(0):0.425|0.494, 38(0):5.439|5.456, 32(0):12.570|12.687
 100, 363(1):4.761|5.044, 311(0):0.978|1.046, 35(0):0.504|0.560, 35(0):5.265|5.301, 39(0):12.357|12.887
 110, 371(0):4.591|4.892, 393(0):0.971|1.083, 38(0):0.523|0.544, 36(0):5.394|5.405, 42(0):12.919|13.235
 120, 417(0):4.691|4.939, 432(0):0.969|1.535, 42(0):0.445|0.472, 45(0):5.503|5.717, 38(0):13.738|14.557
 130, 409(2):4.778|5.956, 400(0):1.008|1.134, 40(0):0.530|0.600, 38(0):5.598|5.617, 42(0):12.816|12.852
 140, 389(4):4.942|6.859, 363(0):0.997|1.156, 38(0):0.483|0.490, 41(0):5.712|6.037, 41(0):13.614|13.898
 150, 401(1):4.777|5.160, 461(0):1.075|1.511, 44(0):0.510|0.579, 40(0):5.696|5.792, 35(0):12.710|12.724
 160, 368(1):4.882|5.107, 365(0):1.012|1.682, 37(0):0.423|0.431, 38(0):5.570|5.924, 42(0):14.758|14.806
 170, 397(0):4.668|4.812, 372(0):0.944|1.037, 38(0):0.504|0.552, 41(0):5.420|5.535, 36(0):12.449|13.614
 180, 409(1):4.700|5.403, 377(0):1.023|1.260, 40(0):0.472|0.476, 39(0):5.373|5.408, 45(0):12.537|13.041
 190, 352(1):4.671|5.026, 380(0):0.949|0.980, 37(0):0.418|0.447, 33(0):5.394|5.494, 36(0):12.208|13.045
 200, 360(0):4.652|4.787, 357(0):0.998|1.237, 35(0):0.455|0.456, 38(0):5.240|5.574, 33(0):12.041|13.241
 210, 407(0):4.662|4.857, 392(0):0.913|1.634, 40(0):0.571|0.639, 39(0):5.374|5.401, 42(0):13.212|13.941
 220, 362(5):5.023|5.228, 377(0):1.083|1.228, 37(0):0.515|0.558, 38(0):6.352|6.550, 29(0):13.325|13.435
 230, 367(0):4.631|4.950, 368(0):0.979|1.071, 36(0):0.496|0.584, 36(0):5.381|5.528, 37(0):12.048|12.183
 240, 397(0):4.818|4.944, 370(0):1.018|1.180, 39(0):0.510|0.556, 38(0):5.584|5.685, 47(0):12.803|13.612
 250, 412(0):4.665|4.904, 427(0):1.061|1.193, 41(0):0.558|0.564, 42(0):5.420|5.559, 37(0):13.577|13.743
 260, 369(0):4.702|4.893, 380(0):0.938|1.343, 39(0):0.431|0.504, 41(0):5.564|6.305, 44(0):12.776|12.998
 270, 346(2):4.812|5.124, 363(0):0.946|1.280, 34(0):0.410|0.463, 30(0):5.490|5.572, 34(0):12.816|13.934
 280, 390(0):4.702|4.884, 377(0):0.985|1.413, 39(0):0.484|0.578, 41(0):5.530|5.993, 34(0):12.600|12.994
 290, 398(1):4.710|5.993, 395(0):1.005|1.393, 39(0):0.473|0.512, 39(0):5.524|5.748, 41(0):13.327|13.423
 300, 383(0):4.683|4.885, 368(0):0.989|1.112, 38(0):0.432|0.468, 39(0):5.488|5.933, 34(0):12.774|13.967
 310, 378(5):5.059|6.479, 366(0):0.963|1.125, 38(0):0.469|0.602, 36(0):5.803|6.052, 40(0):12.740|12.765
 320, 365(8):5.102|6.061, 366(0):0.966|1.028, 36(0):0.544|0.579, 38(0):5.732|6.191, 39(0):14.210|14.717
 330, 419(28):5.533|8.238, 448(0):1.206|1.776, 44(0):0.614|1.206, 40(0):7.386|8.993, 41(0):16.395|17.685
 340, 420(7):5.071|7.040, 427(0):1.052|1.281, 40(0):0.462|0.534, 45(0):6.129|6.624, 44(0):15.573|16.240
 350, 378(4):4.880|5.192, 357(0):1.008|1.494, 38(0):0.493|0.536, 35(0):5.666|6.062, 37(0):13.279|13.464
 360, 403(0):4.737|4.910, 424(0):0.995|1.377, 41(0):0.447|0.500, 43(0):5.799|10.256, 38(0):13.405|13.643
 370, 353(3):4.981|5.411, 345(0):0.984|1.175, 35(0):0.497|0.603, 35(0):5.846|5.848, 36(0):13.783|14.505
 380, 386(4):4.980|5.273, 386(0):0.984|1.070, 39(0):0.484|0.557, 36(0):5.862|6.005, 39(0):14.060|14.445
 390, 352(2):4.774|5.299, 360(0):0.971|1.265, 36(0):0.430|0.625, 42(0):5.518|5.909, 34(0):12.743|13.090
 400, 428(0):4.466|4.654, 411(0):0.950|1.353, 42(0):0.419|0.432, 32(0):5.327|5.394, 44(0):12.151|12.330
 410, 351(1):4.702|5.181, 354(0):0.969|1.048, 35(0):0.462|0.492, 40(0):5.393|5.447, 38(0):12.162|14.196
 420, 411(2):4.852|5.538, 437(0):0.983|1.343, 41(0):0.663|0.827, 37(0):5.394|5.400, 42(0):13.757|13.970
 430, 379(0):4.793|4.999, 353(0):0.931|1.044, 38(0):0.482|0.655, 44(0):5.827|5.942, 36(0):13.437|13.717
 440, 419(0):4.640|4.947, 447(0):1.024|1.235, 43(0):0.517|0.650, 43(0):5.453|5.457, 41(0):13.259|14.616
 450, 420(2):4.911|5.398, 414(0):1.005|1.647, 41(0):0.454|0.489, 38(0):6.028|6.317, 44(0):13.877|14.135
 460, 425(5):4.930|5.321, 397(0):1.036|1.210, 41(0):0.565|0.566, 44(0):5.799|5.999, 41(0):14.142|15.170
 470, 415(0):4.824|4.948, 426(0):0.997|1.218, 43(0):0.471|0.503, 43(0):5.947|6.121, 44(0):13.218|14.725
 480, 429(0):4.692|4.967, 413(0):0.956|1.124, 42(0):0.424|0.673, 40(0):5.398|5.427, 42(0):13.098|13.206
 490, 313(0):4.867|4.996, 328(0):0.974|1.096, 33(0):0.426|0.500, 34(0):5.609|5.621, 32(0):12.525|13.206
 500, 402(1):4.690|5.025, 387(0):0.946|1.044, 39(0):0.468|0.524, 42(0):5.518|5.615, 39(0):12.839|13.819
 510, 413(1):4.778|6.777, 393(0):1.162|1.330, 40(0):0.452|0.474, 36(0):5.585|5.668, 40(0):13.395|14.284
 520, 327(1):4.828|5.069, 340(0):1.038|1.177, 34(0):0.466|0.494, 34(0):5.507|5.658, 34(0):12.769|12.868
 530, 383(0):4.709|4.919, 423(0):0.948|2.043, 40(0):0.486|0.502, 37(0):5.543|5.567, 39(0):13.822|13.904
 540, 396(1):4.898|5.037, 378(0):1.029|1.582, 39(0):0.455|0.487, 42(0):5.534|5.564, 34(0):12.083|13.019
 550, 437(7):5.029|6.717, 431(0):1.049|1.676, 43(0):0.467|0.488, 44(0):5.490|5.826, 48(0):13.798|14.162
 560, 409(2):4.769|5.216, 412(0):0.937|1.584, 41(0):0.450|0.766, 41(0):5.349|6.035, 39(0):13.536|15.901
 570, 417(3):4.820|5.390, 402(0):1.026|1.557, 42(0):0.457|0.572, 42(0):5.913|5.923, 41(0):13.077|13.345
 580, 420(1):4.654|5.458, 434(0):1.017|1.320, 42(0):0.450|0.612, 45(0):5.443|5.461, 41(0):13.137|13.193
 590, 392(1):4.647|5.259, 363(0):0.928|1.149, 37(0):0.434|0.456, 32(0):5.375|5.399, 39(0):13.298|13.981
 600, 395(1):4.878|5.054, 401(0):0.997|1.167, 41(0):0.453|0.568, 42(0):5.613|5.744, 45(0):12.367|12.781
 610, 404(1):4.580|5.030, 438(0):1.033|4.070, 41(0):0.518|0.539, 44(0):5.413|5.831, 40(0):13.488|14.036
 620, 344(3):4.732|5.296, 319(0):0.953|1.620, 33(0):0.492|0.611, 27(0):5.487|5.785, 34(0):11.822|12.066
 630, 387(17):5.361|6.174, 403(0):1.156|1.533, 40(0):0.518|0.631, 42(0):6.334|6.378, 38(0):13.992|14.198
 640, 406(7):5.099|5.633, 427(0):1.057|1.197, 41(0):0.505|0.551, 44(0):5.968|6.406, 39(0):13.472|14.064
 650, 369(12):5.132|6.878, 343(0):1.063|1.913, 36(0):0.473|0.525, 37(0):5.923|6.097, 37(0):14.000|14.395
 660, 389(3):4.956|5.220, 412(0):1.001|1.212, 40(0):0.563|0.572, 38(0):5.739|6.198, 36(0):13.251|13.397
 670, 444(7):5.036|7.265, 441(0):1.012|1.111, 45(0):0.560|0.577, 47(0):5.938|6.010, 47(0):12.897|13.048
 680, 388(2):4.864|5.982, 387(0):0.931|1.281, 36(0):0.449|0.523, 34(0):5.424|5.655, 39(0):12.872|13.614
 690, 474(3):4.871|5.090, 469(0):0.934|1.118, 49(0):0.492|0.526, 46(0):5.320|5.570, 46(0):13.597|13.977
 700, 335(1):4.688|5.186, 341(0):0.994|1.312, 34(0):0.455|0.557, 37(0):5.551|5.560, 35(0):13.340|14.220
 710, 381(0):4.550|4.890, 369(0):0.925|1.051, 37(0):0.463|0.722, 39(0):5.382|5.440, 37(0):11.996|14.275
 720, 344(1):4.792|5.034, 334(0):0.968|1.103, 35(0):0.529|0.537, 33(0):5.676|5.703, 38(0):13.160|13.200
 730, 342(1):4.812|5.206, 337(0):0.993|1.228, 33(0):0.509|0.556, 33(0):5.659|5.733, 34(0):14.107|14.120
 740, 402(0):4.690|4.841, 397(0):0.965|1.117, 41(0):0.462|0.501, 36(0):5.822|6.272, 40(0):14.496|15.781
 750, 422(5):4.916|5.432, 448(0):0.986|1.629, 42(0):0.462|0.538, 47(0):5.711|5.831, 40(0):13.368|14.544
 760, 344(0):4.725|4.963, 350(0):1.047|1.559, 36(0):0.441|0.444, 38(0):5.599|5.775, 32(0):13.141|15.032
 770, 404(0):4.745|4.996, 380(0):0.962|1.068, 39(0):0.429|0.467, 38(0):5.368|5.709, 45(0):12.436|15.978
 780, 345(0):4.670|4.698, 364(0):0.929|1.342, 35(0):0.455|0.458, 35(0):5.310|5.326, 31(0):11.836|12.318
 790, 335(0):4.530|4.792, 372(0):0.957|1.124, 35(0):0.466|0.506, 34(0):5.464|5.764, 35(0):12.591|12.782
 800, 399(3):4.818|5.301, 350(0):0.970|1.062, 38(0):0.456|0.458, 39(0):5.951|6.207, 40(0):11.869|12.838
 810, 422(1):4.713|5.256, 387(0):0.985|1.132, 41(0):0.508|0.519, 42(0):6.094|6.591, 41(0):13.513|15.646
 820, 410(3):4.810|8.372, 455(0):1.007|1.203, 42(0):0.455|0.508, 39(0):5.540|5.631, 42(0):12.327|12.510
 830, 326(3):4.776|5.206, 310(0):0.962|1.098, 31(0):0.426|0.485, 33(0):5.571|5.701, 30(0):12.885|12.891
 840, 364(0):4.745|4.853, 361(0):0.971|1.095, 38(0):0.451|0.592, 37(0):5.533|5.620, 35(0):11.931|11.987
 850, 346(1):4.702|5.175, 337(0):0.941|1.048, 34(0):0.473|0.500, 35(0):5.438|5.930, 41(0):13.365|14.634
 860, 384(2):4.835|5.233, 388(0):0.964|1.199, 38(0):0.469|0.512, 37(0):5.491|5.663, 34(0):12.458|12.618
 870, 347(3):4.754|5.521, 352(0):1.014|1.531, 35(0):0.499|0.606, 37(0):5.679|6.403, 37(0):15.803|16.838
 880, 366(0):4.622|4.961, 357(0):0.915|1.028, 36(0):0.468|0.566, 36(0):5.488|5.881, 39(0):12.371|12.792
 890, 375(0):4.747|4.963, 363(0):0.998|1.554, 38(0):0.503|0.536, 37(0):5.669|5.767, 34(0):13.557|13.812
 900, 375(1):4.802|5.047, 416(0):0.997|1.119, 38(0):0.529|0.567, 38(0):5.464|5.930, 39(0):13.194|14.672
 910, 395(0):4.685|4.849, 403(0):0.910|0.984, 42(0):0.502|0.510, 40(0):5.624|5.789, 36(0):13.075|13.228
 920, 341(5):5.020|5.320, 327(0):0.988|1.069, 32(0):0.501|0.517, 31(0):5.951|6.073, 32(0):13.193|13.772
 930, 351(24):5.555|6.308, 361(0):1.221|1.524, 35(0):0.591|0.648, 37(0):6.439|6.770, 43(0):14.221|14.349
 940, 386(12):5.330|5.559, 384(0):1.116|1.675, 39(0):0.631|0.735, 38(0):5.971|5.992, 34(0):13.897|16.009
 950, 412(1):4.780|5.208, 395(0):0.971|1.445, 42(0):0.474|0.534, 44(0):5.655|6.078, 40(0):12.689|13.391
 960, 391(0):4.810|4.966, 378(0):1.078|1.230, 37(0):0.502|0.513, 37(0):5.784|5.788, 38(0):13.473|13.743
 970, 393(1):4.701|5.091, 423(0):0.951|1.225, 41(0):0.441|0.485, 40(0):5.438|5.442, 48(0):11.610|11.751
 980, 355(5):5.035|7.142, 365(0):0.994|1.377, 36(0):0.467|0.475, 37(0):5.577|5.643, 28(0):12.872|13.996
 990, 325(1):4.771|5.047, 272(0):0.951|1.099, 30(0):0.599|3.272, 37(0):5.669|5.721, 37(0):15.691|16.861
1000, 402(1):4.672|5.015, 429(0):0.935|1.159, 43(0):0.495|0.516, 37(0):5.444|5.489, 40(0):13.592|14.163
1010, 411(0):4.760|4.966, 411(0):0.977|1.054, 40(0):0.458|0.478, 38(0):5.228|5.254, 40(0):12.410|12.740
1020, 373(2):4.762|5.009, 372(0):0.947|1.104, 36(0):0.438|0.484, 34(0):5.391|5.398, 40(0):13.000|13.991
1030, 353(6):5.043|5.455, 356(0):1.063|1.331, 35(0):0.491|0.513, 38(0):6.192|7.850, 32(0):13.832|13.868
1040, 370(17):5.378|5.729, 363(0):1.097|1.312, 39(0):0.480|0.540, 40(0):5.990|5.999, 39(0):14.097|14.215
1050, 443(3):4.948|5.241, 426(0):1.057|1.329, 42(0):0.515|0.530, 39(0):5.647|5.703, 43(0):13.233|13.873
1060, 417(11):5.182|5.457, 407(0):1.042|1.360, 42(0):0.541|0.576, 43(0):5.791|5.929, 42(0):13.569|13.639
1070, 381(4):4.891|5.379, 411(0):1.013|1.189, 40(0):0.486|0.489, 44(0):5.800|5.848, 36(0):13.910|15.106
1080, 427(0):4.627|4.868, 441(0):0.941|1.140, 43(0):0.512|0.617, 37(0):5.221|5.552, 46(0):12.729|12.959
1090, 377(3):4.918|5.207, 371(0):1.045|1.576, 36(0):0.443|0.457, 40(0):5.612|5.711, 36(0):12.385|13.256
1100, 383(2):4.894|5.299, 394(0):0.996|1.081, 40(0):0.447|0.545, 39(0):5.897|6.007, 36(0):13.270|13.310
1110, 413(0):4.541|4.760, 414(0):1.026|1.155, 41(0):0.474|0.583, 38(0):5.301|5.312, 42(0):12.854|12.996
1120, 416(2):4.861|5.080, 421(0):0.997|1.099, 42(0):0.537|0.565, 41(0):5.952|6.118, 46(0):15.097|15.264
1130, 405(16):5.317|6.248, 383(0):1.179|1.981, 40(0):0.594|0.719, 44(0):6.076|6.085, 40(0):14.867|15.261
1140, 464(0):4.646|4.912, 482(0):0.978|1.150, 46(0):0.612|0.823, 45(0):5.273|5.395, 44(0):12.091|12.273
1150, 451(1):4.624|6.739, 438(0):0.978|1.409, 45(0):0.441|0.532, 51(0):5.560|7.448, 45(0):13.083|15.246
1160, 431(1):4.692|5.044, 442(0):0.907|1.181, 44(0):0.516|0.578, 34(0):5.416|5.603, 47(0):12.372|12.401
1170, 460(1):4.614|5.149, 438(0):0.959|1.209, 45(0):0.477|0.480, 46(0):5.248|5.314, 40(0):12.581|12.866
1180, 393(0):4.464|4.964, 396(0):0.921|0.989, 40(0):0.420|0.440, 43(0):5.211|5.212, 44(0):12.617|13.133
1190, 409(0):4.539|4.807, 415(0):0.914|1.230, 39(0):0.504|0.754, 41(0):5.587|5.895, 35(0):11.613|12.556
1200, 355(0):4.661|4.814, 378(0):0.944|1.095, 37(0):0.456|0.723, 33(0):5.417|5.657, 39(0):12.898|12.979
1210, 361(2):4.729|5.019, 351(0):0.973|1.064, 37(0):0.471|0.673, 39(0):5.426|5.437, 39(0):12.666|13.330
1220, 387(3):4.967|5.257, 372(0):1.230|1.646, 37(0):0.625|0.665, 40(0):5.556|5.575, 37(0):12.390|13.599
1230, 374(27):5.460|8.081, 369(0):1.237|1.514, 38(0):0.590|0.652, 33(0):6.096|6.190, 36(0):16.221|16.417
1240, 368(2):4.910|5.195, 354(0):1.026|1.407, 36(0):0.592|0.702, 35(0):5.976|5.998, 37(0):14.307|14.583
1250, 378(4):4.996|5.561, 413(0):0.959|1.276, 39(0):0.569|0.570, 44(0):5.696|5.800, 36(0):12.739|13.828
1260, 392(3):4.792|5.086, 398(0):0.968|1.293, 40(0):0.462|0.519, 36(0):5.590|5.747, 39(0):11.919|12.208
1270, 378(0):4.746|4.981, 362(0):0.997|1.161, 37(0):0.437|0.439, 38(0):5.570|5.680, 39(0):13.005|13.184
1280, 325(2):4.840|5.152, 308(0):0.969|1.185, 32(0):0.502|0.714, 36(0):5.423|5.451, 35(0):14.419|14.611
1290, 382(1):4.728|5.020, 395(0):1.102|1.338, 39(0):0.417|0.418, 35(0):5.361|5.585, 38(0):12.664|12.770
1300, 418(0):4.737|4.998, 446(0):0.932|1.065, 42(0):0.420|0.625, 42(0):5.239|6.884, 40(0):14.311|14.475
1310, 408(1):4.736|5.028, 369(0):0.959|1.071, 39(0):0.411|0.448, 39(0):5.476|5.525, 44(0):12.699|13.343
1320, 336(0):4.580|4.676, 358(0):0.941|1.936, 34(0):0.419|0.488, 37(0):5.288|5.320, 28(0):13.030|13.346
1330, 373(4):4.820|6.059, 386(0):1.011|1.217, 39(0):0.547|0.622, 37(0):5.778|6.112, 39(0):14.234|14.269
1340, 397(3):4.915|7.265, 379(0):1.148|1.661, 39(0):0.549|0.727, 35(0):5.666|5.785, 40(0):12.688|14.679
1350, 378(4):4.916|5.351, 369(0):1.069|1.217, 38(0):0.471|0.475, 42(0):5.677|6.118, 39(0):14.345|15.210
1360, 412(11):5.396|5.851, 416(0):1.082|1.196, 40(0):0.432|0.510, 39(0):6.087|6.218, 40(0):14.060|14.873
1370, 321(3):4.959|5.164, 318(0):1.051|1.448, 32(0):0.419|0.493, 37(0):6.027|6.082, 29(0):12.555|12.655
1380, 476(3):4.884|5.055, 481(0):1.046|1.298, 48(0):0.449|0.815, 44(0):5.512|5.899, 50(0):13.341|13.351
1390, 371(2):4.858|5.174, 383(0):0.996|1.153, 38(0):0.475|0.548, 37(0):5.423|5.636, 36(0):13.035|13.565
1400, 439(1):4.592|5.079, 411(0):0.905|1.177, 42(0):0.467|0.484, 44(0):5.162|5.253, 42(0):12.084|12.594
1410, 388(1):4.564|5.528, 390(0):0.985|1.357, 40(0):0.421|0.424, 37(0):5.134|5.432, 43(0):13.014|13.121
1420, 346(2):4.886|5.678, 376(0):0.953|1.033, 36(0):0.427|0.435, 40(0):5.515|5.631, 36(0):12.668|13.951
1430, 418(1):4.829|5.258, 431(0):0.953|1.346, 42(0):0.477|0.490, 40(0):6.354|7.484, 38(0):12.410|12.596
1440, 418(1):4.652|5.036, 390(0):0.921|1.162, 40(0):0.525|0.665, 41(0):5.516|5.598, 44(0):12.233|12.730
1450, 351(3):4.923|5.123, 326(0):0.939|1.006, 34(0):0.538|0.619, 35(0):5.496|5.525, 34(0):12.550|13.061
1460, 376(3):4.820|5.144, 386(0):0.911|1.012, 39(0):0.467|0.498, 36(0):5.483|5.514, 41(0):13.620|13.819
1470, 340(7):5.246|7.293, 355(0):1.304|1.502, 35(0):0.519|0.727, 37(0):6.440|6.488, 33(0):12.689|13.049
1480, 347(0):4.609|4.962, 334(0):1.008|1.441, 34(0):0.431|0.510, 33(0):5.271|5.375, 34(0):11.488|12.509
1490, 445(0):4.621|4.935, 421(0):0.933|1.047, 43(0):0.464|1.843, 45(0):5.303|5.437, 46(0):12.496|12.607
1500, 364(2):4.808|5.065, 388(0):0.975|1.290, 37(0):0.493|0.525, 35(0):5.324|5.488, 31(0):12.880|13.706
1510, 385(1):4.773|5.129, 363(0):0.968|1.132, 38(0):0.432|0.435, 38(0):5.368|5.861, 44(0):13.569|13.667
1520, 417(1):4.757|5.318, 451(0):1.030|1.203, 43(0):0.458|0.471, 39(0):5.816|6.017, 41(0):12.968|13.097
1530, 413(51):6.543|7.384, 395(0):1.499|2.629, 40(0):0.695|0.979, 42(0):7.134|7.282, 39(1):18.415|20.383
1540, 431(14):5.294|5.553, 441(0):1.154|2.434, 44(0):0.562|0.817, 46(0):6.485|6.593, 44(0):13.182|14.214
1550, 361(5):5.076|5.571, 388(0):1.040|1.236, 37(0):0.474|0.477, 34(0):5.770|5.839, 38(0):12.840|13.554
1560, 369(0):4.813|4.965, 352(0):0.905|1.065, 35(0):0.520|0.531, 38(0):5.652|5.914, 38(0):14.006|14.247
1570, 317(2):4.765|5.136, 343(0):1.008|1.499, 35(0):0.427|0.445, 29(0):5.582|5.633, 34(0):13.654|14.359
1580, 394(1):4.791|5.406, 375(0):1.108|1.164, 38(0):0.551|0.603, 45(0):5.488|5.634, 38(0):12.682|13.119
1590, 335(1):4.839|5.076, 332(0):0.977|2.026, 33(0):0.436|0.491, 33(0):5.468|5.482, 31(0):13.530|14.407
1600, 339(1):4.754|5.353, 336(0):0.934|1.147, 34(0):0.536|0.623, 33(0):5.896|6.093, 33(0):12.734|13.183
1610, 255(1):4.651|5.008, 270(0):0.940|1.046, 26(0):0.475|0.604, 26(0):5.317|5.362, 27(0):12.365|13.346
1620, 394(0):4.553|4.853, 345(0):0.978|1.452, 37(0):0.469|0.548, 36(0):5.285|5.386, 38(0):11.836|12.170
1630, 352(0):4.686|4.827, 399(0):0.972|1.203, 37(0):0.543|0.549, 38(0):5.309|5.371, 35(0):13.666|13.842
1640, 356(2):4.855|5.751, 315(0):1.099|1.258, 34(0):0.474|0.498, 34(0):5.849|5.942, 36(0):15.154|15.432
1650, 400(4):4.912|5.526, 443(0):1.124|1.563, 42(0):0.550|0.606, 41(0):5.643|5.686, 43(0):13.914|14.370
1660, 344(4):4.951|5.243, 286(0):0.998|1.200, 33(0):0.588|0.713, 37(0):5.828|6.050, 31(0):14.088|15.420
1670, 378(1):4.529|8.593, 419(0):1.049|1.920, 38(0):0.441|0.503, 33(0):5.176|5.320, 39(0):12.345|12.513
1680, 381(1):4.511|5.322, 358(0):0.962|1.343, 39(0):0.419|0.454, 42(0):5.430|5.473, 39(0):12.453|12.934
1690, 359(1):4.722|5.126, 389(0):0.992|1.243, 35(0):0.476|0.519, 34(0):5.610|5.757, 33(0):12.098|12.236
1700, 412(2):4.824|5.384, 420(0):1.036|1.496, 43(0):0.509|0.572, 42(0):5.500|5.581, 40(0):13.441|13.451
1710, 354(4):4.927|6.489, 292(0):1.164|2.166, 32(0):0.464|0.595, 38(0):5.841|5.869, 38(0):12.950|13.078
1720, 371(1):4.546|5.182, 437(0):0.952|1.074, 41(0):0.491|0.519, 32(0):5.340|5.455, 36(0):12.587|13.067
1730, 398(0):4.635|4.953, 360(0):0.921|1.129, 37(0):0.559|0.629, 43(0):5.433|5.661, 41(0):11.784|12.234
1740, 367(4):4.967|5.353, 391(0):1.345|1.480, 38(0):0.674|0.837, 38(0):5.809|5.865, 32(0):12.163|12.298
1750, 380(3):4.904|5.137, 361(0):1.022|1.239, 37(0):0.441|0.484, 36(0):5.680|6.265, 42(0):13.140|13.295
1760, 390(2):4.893|5.196, 376(0):1.051|1.462, 39(0):0.459|0.554, 40(0):5.600|5.811, 41(0):12.836|14.117
1770, 399(1):4.710|5.208, 444(0):0.993|1.654, 41(0):0.438|0.618, 39(0):5.423|5.434, 36(0):13.215|13.341
1780, 398(1):4.755|8.487, 387(0):1.003|1.217, 37(0):0.469|0.471, 37(0):5.421|5.959, 43(0):12.508|12.993
1790, 374(0):4.799|4.980, 360(0):0.966|1.221, 39(0):0.551|0.559, 39(0):5.292|5.510, 37(0):12.035|12.151
1800, 373(0):4.710|4.826, 373(0):0.900|1.100, 37(0):0.407|0.467, 38(0):5.307|5.344, 38(0):12.411|12.531
1810, 399(1):4.641|5.093, 401(0):0.960|1.100, 41(0):0.462|0.500, 41(0):5.292|5.409, 38(0):11.970|12.584
1820, 386(0):4.784|4.895, 394(0):1.012|1.170, 39(0):0.430|0.431, 41(0):5.530|5.719, 37(0):12.610|14.111
1830, 361(40):6.292|9.409, 324(0):1.521|2.352, 35(0):0.625|0.731, 34(0):6.480|8.257, 37(0):15.896|16.713
1840, 398(1):4.718|5.159, 423(0):0.973|1.304, 40(0):0.427|0.504, 44(0):5.436|5.450, 39(0):13.253|13.598
1850, 348(2):4.826|5.253, 364(0):0.910|1.089, 37(0):0.457|0.518, 32(0):6.190|6.586, 36(0):12.007|13.416
1860, 351(1):4.569|5.077, 346(0):0.929|1.048, 33(0):0.483|0.512, 29(0):5.501|5.612, 35(0):13.468|13.734
1870, 412(1):4.512|5.471, 397(0):0.920|1.080, 42(0):0.459|0.516, 44(0):5.599|5.637, 39(0):13.196|13.983
1880, 347(0):4.476|4.918, 358(0):1.043|1.254, 34(0):0.454|0.649, 34(0):5.230|5.462, 36(0):12.315|13.427
1890, 392(0):4.624|4.904, 401(0):0.968|1.177, 40(0):0.440|0.507, 42(0):5.513|5.579, 40(0):12.011|12.515
1900, 420(0):4.357|4.533, 425(0):0.874|1.068, 40(0):0.436|0.499, 41(0):5.068|5.313, 44(0):11.885|12.434
1910, 444(0):4.393|4.629, 419(0):0.855|0.944, 46(0):0.454|0.475, 44(0):5.050|5.117, 44(0):13.213|14.527
1920, 349(0):4.573|4.958, 348(0):0.852|1.356, 34(0):0.433|0.447, 37(0):5.242|5.313, 34(0):12.126|12.372
1930, 339(1):4.422|5.158, 350(0):0.921|1.162, 35(0):0.432|0.501, 33(0):5.335|5.409, 36(0):12.544|13.555
1940, 401(1):4.538|5.572, 425(0):0.880|1.060, 39(0):0.465|0.610, 38(0):5.369|5.416, 40(0):12.168|12.430
1950, 363(1):4.589|5.208, 339(0):0.964|1.005, 37(0):0.435|0.437, 40(0):5.315|5.355, 36(0):12.804|13.298
1960, 336(4):4.989|5.803, 352(0):1.013|1.143, 35(0):0.528|0.685, 31(0):5.850|6.210, 31(0):13.679|13.835
1970, 412(1):4.651|5.042, 408(0):0.915|1.237, 41(0):0.508|0.609, 45(0):5.421|5.965, 44(0):12.568|12.959
1980, 350(1):4.675|5.000, 307(0):0.935|1.137, 33(0):0.428|0.440, 28(0):5.381|5.603, 32(0):12.491|12.743
1990, 380(1):4.692|5.309, 416(0):0.944|1.259, 39(0):0.440|0.441, 39(0):5.299|5.457, 34(0):11.954|13.000
2000, 409(1):4.617|5.031, 393(0):0.954|1.324, 41(0):0.453|0.537, 38(0):5.503|5.645, 48(0):13.060|13.478
2010, 378(4):4.958|5.346, 403(0):1.084|1.701, 39(0):0.490|0.589, 44(0):5.733|5.932, 36(0):12.168|12.324
2020, 419(0):4.709|4.878, 407(0):1.030|3.263, 40(0):0.438|0.470, 38(0):5.683|5.885, 45(0):13.200|13.956
2030, 356(0):4.618|4.703, 358(0):0.923|1.066, 36(0):0.453|0.792, 37(0):5.276|5.605, 35(0):12.317|13.684
2040, 361(2):4.626|5.213, 366(0):0.981|1.111, 36(0):0.443|0.470, 36(0):5.240|5.245, 34(0):12.604|12.645
2050, 405(0):4.590|4.799, 396(0):1.044|1.118, 41(0):0.522|0.585, 42(0):5.260|5.307, 40(0):12.170|12.334
2060, 357(0):4.641|4.871, 370(0):0.881|1.073, 36(0):0.437|0.635, 35(0):5.511|5.730, 38(0):13.868|13.986
2070, 396(0):4.597|4.885, 423(0):0.936|1.113, 41(0):0.399|0.448, 38(0):5.401|5.743, 34(0):13.119|13.339
2080, 414(0):4.409|4.547, 381(0):0.913|1.071, 39(0):0.480|0.881, 43(0):5.178|5.353, 43(0):11.800|12.290
2090, 419(1):4.411|5.057, 383(0):0.976|1.059, 41(0):0.425|0.552, 43(0):5.502|5.520, 42(0):13.248|13.401
2100, 389(0):4.479|4.718, 389(0):0.902|0.969, 39(0):0.446|0.496, 38(0):5.195|5.354, 41(0):12.651|13.208
2110, 343(0):4.666|4.786, 357(0):0.937|1.040, 35(0):0.412|0.454, 36(0):5.454|5.495, 32(0):14.009|14.094
2120, 379(1):4.703|5.206, 383(0):1.002|1.091, 39(0):0.449|0.479, 38(0):5.206|5.246, 39(0):13.227|14.293
2130, 419(12):5.358|6.337, 423(1):1.032|5.343, 41(0):0.561|0.649, 41(0):5.961|6.070, 46(0):14.450|14.572
2140, 488(0):4.755|4.899, 497(0):1.014|1.200, 49(0):0.611|0.648, 51(0):5.627|5.952, 49(0):12.864|13.676
2150, 363(5):5.000|5.216, 342(0):1.135|1.301, 36(0):0.489|0.535, 37(0):6.052|6.090, 35(0):13.715|13.973
2160, 387(5):5.004|5.246, 411(0):1.025|1.249, 39(0):0.529|0.542, 33(0):5.466|5.590, 32(0):13.853|13.958
2170, 354(2):4.707|5.290, 334(0):0.953|1.039, 35(0):0.501|0.572, 39(0):5.590|5.736, 37(0):12.405|13.797
2180, 345(1):4.698|5.317, 320(0):0.978|1.397, 33(0):0.420|0.428, 32(0):5.133|5.256, 36(0):11.549|11.823
2190, 330(0):4.655|4.811, 358(0):1.002|1.201, 34(0):0.546|0.714, 37(0):5.475|5.551, 32(0):12.692|12.923
2200, 370(2):4.733|5.915, 391(0):0.936|1.165, 38(0):0.459|0.466, 32(0):5.436|5.894, 37(0):12.222|12.618
2210, 347(1):4.823|5.398, 329(0):1.018|2.112, 35(0):0.558|0.661, 36(0):5.717|5.745, 35(0):12.781|12.938
2220, 335(2):4.755|5.195, 329(0):0.978|1.094, 32(0):0.507|0.515, 33(0):5.254|5.637, 36(0):16.268|17.248
2230, 340(8):5.201|5.832, 355(0):1.024|1.159, 36(0):0.551|0.590, 38(0):5.951|5.971, 36(0):13.709|15.530
2240, 330(9):5.120|5.447, 323(0):0.937|1.011, 32(0):0.490|0.511, 28(0):5.567|5.973, 32(0):13.000|13.094
2250, 366(7):5.060|5.314, 389(0):0.999|1.293, 38(0):0.482|0.535, 40(0):5.541|5.594, 38(0):13.114|13.309
2260, 366(5):5.024|5.833, 329(0):1.062|4.653, 35(0):0.432|0.454, 37(0):5.931|6.035, 34(0):13.547|14.132
2270, 367(2):4.843|5.117, 376(0):0.961|1.108, 38(0):0.452|0.732, 40(0):5.569|5.662, 35(0):12.332|12.796
2280, 314(0):4.613|4.794, 356(0):0.957|1.198, 32(0):0.491|0.821, 27(0):5.613|5.684, 36(0):12.556|12.725
2290, 386(1):4.667|5.687, 355(0):0.935|1.013, 37(0):0.394|0.446, 38(0):5.395|5.495, 31(0):12.237|12.355
2300, 382(0):4.770|4.978, 385(0):1.002|1.059, 38(0):0.461|0.465, 37(0):5.656|5.705, 39(0):12.479|12.676
2310, 418(0):4.756|4.882, 408(0):0.955|1.025, 41(0):0.532|1.306, 43(0):5.351|5.492, 47(0):12.067|12.659
2320, 327(2):4.746|5.136, 322(0):0.934|1.042, 32(0):0.549|0.565, 38(0):5.434|5.570, 30(0):12.535|13.596
2330, 373(1):4.803|5.006, 387(0):0.994|1.156, 40(0):0.435|0.741, 32(0):5.725|5.881, 41(0):13.378|13.433
2340, 338(5):5.016|5.288, 343(0):1.019|1.088, 33(0):0.490|0.598, 34(0):5.552|5.574, 28(0):12.978|13.497
2350, 403(3):4.838|6.608, 396(0):0.961|1.229, 41(0):0.449|0.561, 47(0):5.470|7.781, 44(0):11.884|12.300
2360, 400(1):4.787|5.202, 398(0):0.982|1.134, 39(0):0.467|0.490, 29(0):5.334|5.669, 41(0):12.565|12.690
2370, 457(0):4.782|4.932, 425(0):0.931|1.075, 45(0):0.451|0.486, 46(0):5.609|5.652, 45(0):12.290|12.355
2380, 383(0):4.564|4.694, 395(0):0.958|1.144, 38(0):0.465|0.517, 41(0):5.399|5.441, 37(0):12.860|14.427
2390, 359(1):4.754|5.472, 394(0):0.900|1.127, 38(0):0.430|0.503, 37(0):5.317|5.337, 38(0):13.606|13.743
2400, 378(2):4.970|5.009, 367(0):1.087|1.599, 37(0):0.435|0.478, 38(0):5.531|5.671, 35(0):12.816|13.378
2410, 374(1):4.702|5.385, 385(0):1.083|1.352, 38(0):0.442|0.503, 40(0):5.555|6.472, 36(0):12.443|12.559
2420, 349(2):4.818|5.234, 327(0):0.947|1.315, 34(0):0.405|0.442, 33(0):5.737|5.893, 35(0):12.867|12.920
2430, 347(20):5.312|5.781, 365(0):1.135|1.600, 35(0):0.525|1.310, 35(0):6.132|6.307, 35(0):14.328|14.405
2440, 338(3):4.991|5.188, 319(0):1.063|1.642, 34(0):0.480|0.502, 34(0):5.833|5.864, 38(0):13.764|14.445
2450, 389(2):4.925|6.335, 407(0):0.964|1.064, 39(0):0.497|0.499, 40(0):5.548|5.572, 34(0):12.743|14.021
2460, 366(10):5.111|7.262, 354(0):1.095|1.426, 37(0):0.555|0.783, 38(0):5.889|6.117, 39(0):15.422|15.463
2470, 410(1):4.706|5.034, 392(0):0.978|1.118, 40(0):0.414|0.457, 38(0):5.600|5.618, 42(0):12.606|12.668
2480, 318(2):4.863|5.253, 360(0):0.958|1.066, 33(0):0.466|0.529, 35(0):5.641|5.801, 33(0):12.568|13.436
2490, 458(0):4.496|4.661, 433(0):0.876|1.138, 44(0):0.455|0.474, 42(0):4.890|4.947, 43(0):11.758|13.310
2500, 399(0):4.703|4.968, 412(0):0.976|1.202, 41(0):0.569|1.510, 40(0):5.388|5.714, 38(0):12.656|13.228
2510, 357(2):4.585|5.019, 347(0):0.970|1.065, 36(0):0.450|0.510, 36(0):5.488|5.790, 42(0):13.826|14.404
2520, 413(0):4.643|4.737, 425(0):1.012|1.287, 41(0):0.427|0.453, 41(0):5.570|5.603, 40(0):11.842|12.096
2530, 323(0):4.851|4.985, 298(0):0.984|1.156, 32(0):0.474|0.503, 30(0):5.508|5.606, 31(0):13.516|13.657
2540, 349(0):4.702|4.941, 365(0):1.013|1.109, 36(0):0.495|0.596, 40(0):5.552|6.214, 35(0):14.448|14.458
2550, 316(7):5.201|5.871, 318(0):1.126|1.307, 31(0):0.547|0.566, 27(0):5.579|5.641, 26(0):13.608|13.628
2560, 299(3):4.992|5.092, 281(0):1.001|1.172, 29(0):0.455|0.471, 33(0):5.585|5.713, 36(0):12.497|13.690
2570, 355(1):4.699|5.189, 375(0):0.954|1.141, 36(0):0.499|0.500, 34(0):5.602|5.621, 36(0):12.892|13.481
2580, 372(1):4.867|5.499, 362(0):1.027|1.094, 36(0):0.505|0.562, 39(0):5.460|5.582, 35(0):13.727|14.044
2590, 348(15):5.232|5.574, 347(0):1.078|1.137, 35(0):0.549|0.731, 35(0):6.092|6.316, 32(0):13.998|14.565
2600, 351(13):5.226|5.560, 362(0):1.074|4.495, 37(0):0.471|0.521, 33(0):5.996|6.109, 37(0):14.138|14.478
2610, 417(15):5.319|7.048, 407(0):1.076|1.247, 40(0):0.776|1.093, 43(0):6.472|6.512, 43(0):13.387|14.593
2620, 368(9):5.380|6.056, 366(0):1.276|1.716, 37(0):0.481|0.550, 33(0):6.073|6.308, 40(0):15.480|15.982
2630, 366(12):5.170|5.632, 381(0):1.156|1.413, 38(0):0.489|0.491, 39(0):6.167|6.215, 32(0):13.836|14.499
2640, 329(8):5.194|8.459, 327(0):1.034|1.505, 33(0):0.552|0.655, 32(0):6.107|6.176, 28(0):14.605|14.663
2650, 342(31):5.440|7.900, 353(0):1.209|3.111, 34(0):0.544|0.570, 34(0):6.299|8.531, 45(0):15.678|15.858
2660, 366(10):5.079|5.146, 359(0):1.151|3.591, 36(0):0.502|0.511, 37(0):6.232|6.641, 34(0):13.527|14.710
2670, 382(36):5.462|5.733, 374(0):1.157|1.917, 38(0):0.533|0.930, 41(0):6.261|6.907, 40(0):15.383|15.467
2680, 346(27):5.468|5.836, 373(0):1.168|1.724, 36(0):0.588|0.756, 34(0):6.300|6.415, 29(0):14.931|15.132
2690, 387(19):5.534|6.285, 367(0):1.084|1.331, 37(0):0.485|0.512, 37(0):7.072|9.053, 38(0):15.442|16.757
2700, 364(11):5.314|6.189, 334(0):1.114|1.553, 36(0):0.459|0.481, 39(0):6.376|6.415, 38(0):14.608|15.309
2710, 320(14):5.469|7.448, 328(0):1.165|1.508, 33(0):0.472|0.509, 33(0):6.028|6.395, 32(0):14.121|14.211
2720, 319(22):5.552|5.936, 351(0):1.204|1.758, 33(0):0.580|0.602, 32(0):6.134|6.397, 31(0):14.825|15.726
2730, 378(145):9.322|10.644, 354(0):2.371|3.565, 36(0):0.965|1.150, 35(0):10.364|13.166, 41(8):19.999|26.276
2740, 398(86):7.299|9.671, 403(0):1.707|2.358, 39(0):0.702|1.776, 41(0):8.071|8.098, 38(0):17.438|17.500
2750, 388(40):5.686|8.598, 407(0):1.214|1.519, 41(0):0.653|1.407, 36(0):6.606|6.627, 42(0):15.089|15.344
2760, 391(69):6.001|9.297, 377(1):1.175|5.657, 39(0):0.537|0.575, 41(0):7.098|7.225, 36(0):16.563|18.394
2770, 343(31):5.571|6.241, 328(0):1.128|2.082, 33(0):0.508|0.557, 34(0):6.572|6.993, 34(0):16.478|18.461
2780, 367(7):5.052|5.647, 390(0):1.082|1.279, 37(0):0.520|0.632, 38(0):5.879|5.885, 36(0):13.303|14.328
2790, 422(5):4.943|6.988, 382(0):1.024|1.358, 40(0):0.460|0.525, 43(0):5.924|6.272, 41(0):12.836|12.920
2800, 384(1):4.786|7.369, 393(0):1.059|1.216, 39(0):0.478|0.511, 36(0):5.735|5.788, 41(0):12.111|12.441
2810, 364(1):4.812|5.597, 392(0):1.010|1.123, 40(0):0.378|0.459, 40(0):5.166|5.175, 40(0):12.621|12.697
2820, 364(0):4.349|4.918, 306(0):0.919|1.206, 33(0):0.394|0.416, 32(0):5.126|5.455, 33(0):12.338|12.620
2830, 347(5):5.054|5.642, 376(0):1.079|1.305, 35(0):0.543|0.669, 33(0):5.703|5.810, 35(0):13.968|14.497
2840, 378(2):4.818|5.074, 417(0):0.991|1.163, 40(0):0.424|0.432, 37(0):5.796|5.796, 37(0):12.988|13.396
2850, 421(3):4.722|5.817, 405(0):0.990|1.353, 39(0):0.464|0.517, 44(0):5.705|5.793, 42(0):13.766|15.616
2860, 393(12):5.217|7.029, 399(0):1.065|1.543, 42(0):0.486|0.613, 40(0):5.784|6.058, 41(0):13.464|14.795
2870, 386(0):4.673|4.999, 370(0):0.993|1.128, 38(0):0.454|0.477, 36(0):5.659|5.826, 40(0):13.414|14.524
2880, 373(1):4.709|5.114, 399(0):0.964|1.021, 38(0):0.451|0.565, 42(0):5.642|5.738, 33(0):12.286|12.766
2890, 374(0):4.827|4.991, 373(0):0.938|1.031, 38(0):0.426|0.431, 33(0):5.525|6.008, 41(0):13.213|13.434
2900, 337(2):4.693|5.359, 322(0):0.887|1.100, 33(0):0.464|0.495, 41(0):5.329|5.470, 34(0):12.157|13.433
2910, 396(1):4.647|5.164, 404(0):0.955|1.152, 40(0):0.456|0.470, 39(0):5.423|5.487, 35(0):13.095|13.209
2920, 411(1):4.735|5.180, 376(0):0.915|0.996, 39(0):0.590|0.665, 36(0):5.193|5.207, 43(0):14.855|14.905
2930, 371(2):4.680|5.282, 396(0):0.918|1.128, 39(0):0.459|0.562, 40(0):5.642|6.440, 38(0):11.971|12.636
2940, 408(2):4.796|5.195, 428(0):0.928|1.095, 42(0):0.484|0.566, 39(0):5.583|5.732, 39(0):12.948|12.971
2950, 364(1):4.772|5.339, 338(0):0.939|1.229, 33(0):0.530|0.738, 34(0):5.559|5.737, 39(0):12.270|13.003
2960, 369(0):4.851|4.884, 353(0):1.047|1.242, 38(0):0.622|0.724, 43(0):5.399|5.500, 38(0):12.710|12.717
2970, 405(2):4.733|6.633, 445(0):0.956|2.884, 41(0):0.417|0.419, 35(0):5.279|5.421, 37(0):13.088|13.145
2980, 350(1):4.745|5.470, 323(0):0.937|1.027, 35(0):0.466|0.503, 35(0):5.414|5.429, 39(0):13.081|13.493
2990, 417(1):4.615|5.062, 409(0):0.918|0.976, 41(0):0.441|0.456, 43(0):5.418|5.509, 37(0):13.116|14.010
3000, 354(0):4.533|4.710, 361(0):0.941|1.079, 36(0):0.430|0.494, 35(0):5.457|5.522, 38(0):14.681|14.891
3010, 321(2):4.735|5.041, 328(0):0.964|1.054, 30(0):0.476|0.591, 39(0):5.507|5.543, 29(0):13.129|13.320
3020, 338(2):4.793|5.154, 336(0):1.089|1.238, 37(0):0.537|0.715, 27(0):5.406|5.464, 38(0):12.924|12.944
3030, 353(9):5.311|6.297, 333(0):1.211|1.828, 34(0):0.506|0.535, 36(0):6.356|6.542, 30(0):15.004|15.305
3040, 366(4):4.859|5.276, 391(0):1.021|1.242, 37(0):0.511|0.545, 36(0):5.730|6.149, 39(0):13.226|13.689
3050, 408(4):4.949|5.463, 388(0):1.057|1.449, 39(0):0.465|0.495, 43(0):5.706|5.883, 39(0):12.992|13.571
3060, 368(0):4.734|4.963, 375(0):1.011|1.402, 38(0):0.422|0.576, 38(0):5.467|5.639, 41(0):13.532|13.553
3070, 388(0):4.835|4.968, 412(0):0.978|1.071, 39(0):0.551|0.590, 36(0):5.477|5.655, 38(0):13.072|14.103
3080, 381(0):4.582|4.767, 394(0):0.972|1.076, 39(0):0.416|0.459, 37(0):5.160|5.207, 36(0):11.700|12.058
3090, 438(0):4.538|4.874, 427(0):0.890|1.054, 43(0):0.417|0.440, 40(0):5.238|5.300, 43(0):12.008|12.177
3100, 455(0):4.498|4.652, 451(0):0.978|1.071, 44(0):0.492|0.528, 47(0):5.301|5.523, 49(0):11.748|11.829
3110, 428(0):4.356|4.583, 435(0):0.983|1.242, 45(0):0.423|0.492, 44(0):5.541|5.978, 39(0):12.043|12.509
3120, 440(2):4.471|5.393, 445(0):0.896|0.967, 44(0):0.407|0.549, 40(0):5.421|5.520, 48(0):11.488|11.607
3130, 398(0):4.561|4.964, 343(0):0.961|1.144, 38(0):0.555|0.627, 46(0):5.334|5.579, 37(0):13.120|13.424
3140, 367(1):4.716|5.015, 409(0):1.025|1.625, 39(0):0.459|0.558, 35(0):5.489|5.718, 41(0):12.941|15.337
3150, 368(10):5.397|6.411, 351(0):1.204|1.741, 35(0):0.443|0.499, 37(0):5.451|5.497, 30(0):15.218|15.268
3160, 342(15):5.338|7.404, 338(0):0.962|1.486, 36(0):0.528|0.615, 40(0):5.819|6.298, 41(0):13.077|13.257
3170, 381(3):4.913|7.640, 393(0):1.013|1.302, 38(0):0.454|0.474, 38(0):5.632|5.984, 37(0):12.666|13.811
3180, 412(0):4.719|4.898, 398(0):0.968|1.015, 40(0):0.472|0.547, 36(0):5.469|5.536, 41(0):12.206|12.643
3190, 407(1):4.793|5.003, 437(0):1.019|1.292, 42(0):0.483|0.513, 42(0):5.577|5.636, 34(0):13.259|13.824
3200, 426(0):4.598|4.810, 409(0):0.995|1.289, 43(0):0.444|0.488, 47(0):5.279|5.365, 51(0):13.022|14.585
3210, 477(1):4.680|5.061, 461(0):0.953|1.080, 45(0):0.460|0.473, 42(0):5.316|5.492, 45(0):12.795|12.881
3220, 346(2):4.856|5.682, 369(0):0.999|1.784, 36(0):0.444|0.475, 35(0):5.983|5.983, 31(0):13.879|16.098
3230, 351(0):4.588|4.829, 354(0):0.909|1.031, 35(0):0.459|0.474, 37(0):5.716|5.740, 39(0):13.659|14.832
3240, 419(0):4.593|4.702, 397(0):0.987|1.097, 42(0):0.480|0.481, 41(0):5.305|5.375, 44(0):12.822|13.140
3250, 349(1):4.699|5.059, 357(0):0.950|1.076, 35(0):0.455|0.499, 35(0):5.581|5.730, 29(0):11.421|12.875
3260, 351(1):4.791|5.107, 337(0):0.965|1.172, 34(0):0.426|0.606, 35(0):5.626|5.648, 40(0):13.181|13.260
3270, 335(5):5.036|6.082, 360(0):1.073|1.424, 35(0):0.460|0.475, 33(0):5.724|6.145, 31(0):15.166|15.339
3280, 387(0):4.558|4.892, 370(0):0.959|1.086, 37(0):0.504|0.516, 39(0):5.322|5.385, 40(0):12.946|13.457
3290, 314(0):4.745|4.990, 305(0):1.043|3.016, 31(0):0.427|0.434, 33(0):5.593|5.742, 33(0):16.021|17.736
3300, 402(2):4.830|5.105, 403(0):0.998|1.134, 41(0):0.453|0.457, 38(0):5.662|8.986, 36(0):13.098|15.879
3310, 356(5):5.048|6.274, 372(0):0.960|1.159, 37(0):0.437|0.439, 36(0):5.704|5.852, 40(0):13.262|13.484
3320, 357(4):4.962|5.168, 377(0):1.014|2.115, 36(0):0.568|0.962, 42(0):5.472|5.573, 33(0):12.374|14.704
3330, 361(21):5.537|6.525, 330(0):1.200|1.354, 34(0):0.569|0.612, 31(0):6.215|6.248, 33(0):14.442|16.540
3340, 376(11):5.243|6.584, 378(0):1.031|1.126, 38(0):0.493|0.548, 39(0):6.047|6.739, 41(0):13.633|13.939
3350, 450(4):4.980|5.569, 473(0):1.068|1.254, 47(0):0.492|0.506, 44(0):5.969|6.132, 44(0):14.823|14.851
3360, 421(2):4.842|7.270, 391(0):0.974|1.421, 40(0):0.473|0.589, 42(0):5.667|5.843, 39(0):12.658|12.688
3370, 422(1):4.748|5.117, 429(0):0.960|1.133, 42(0):0.418|0.482, 41(0):5.607|5.694, 43(0):12.979|13.641
3380, 368(0):4.794|4.962, 373(0):0.968|1.209, 37(0):0.663|0.689, 37(0):5.361|5.507, 41(0):12.826|13.146
3390, 379(0):4.655|4.863, 390(0):0.909|0.999, 38(0):0.465|0.487, 39(0):5.316|5.538, 33(0):12.458|13.061
3400, 351(4):4.776|5.110, 362(0):1.001|1.717, 36(0):0.422|0.425, 33(0):5.415|5.482, 40(0):13.205|13.453
3410, 366(2):4.562|5.248, 345(0):0.889|1.237, 35(0):0.445|0.448, 37(0):5.314|5.560, 37(0):12.371|12.419
3420, 393(1):4.741|5.019, 414(0):0.930|1.200, 41(0):0.392|0.396, 40(0):5.351|5.457, 34(0):12.116|12.821
3430, 412(0):4.523|4.730, 409(0):1.030|1.186, 41(0):0.442|0.489, 41(0):5.369|5.380, 45(0):13.433|14.408
3440, 395(1):4.809|5.019, 405(0):1.033|1.771, 40(0):0.426|0.500, 38(0):5.463|5.573, 40(0):14.060|14.147
3450, 372(2):4.668|5.233, 336(0):0.990|1.271, 35(0):0.462|0.514, 38(0):5.500|5.561, 37(0):12.519|13.202
3460, 413(0):4.720|4.836, 408(0):0.948|1.032, 42(0):0.502|0.509, 43(0):5.312|5.525, 42(0):12.282|13.917
3470, 322(2):4.714|5.446, 369(0):0.943|1.336, 34(0):0.437|0.476, 26(0):5.639|5.659, 33(0):12.475|13.366
3480, 390(0):4.591|4.801, 375(0):0.948|1.056, 39(0):0.640|0.690, 45(0):5.443|5.571, 35(0):11.524|11.606
3490, 378(1):4.867|5.007, 371(0):0.980|1.148, 37(0):0.425|0.468, 41(0):5.650|6.019, 42(0):12.310|12.578
3500, 372(0):4.740|4.993, 359(0):0.945|1.200, 37(0):0.461|0.492, 30(0):5.373|5.392, 33(0):13.719|14.532
3510, 366(0):4.801|4.964, 376(0):0.977|1.217, 38(0):0.454|0.510, 40(0):5.648|5.705, 42(0):12.574|13.564
3520, 383(0):4.793|4.911, 400(0):0.919|1.148, 37(0):0.467|0.513, 38(0):5.183|5.395, 38(0):12.449|12.820
3530, 379(0):4.594|4.841, 383(0):0.971|1.151, 38(0):0.500|0.501, 35(0):5.557|5.793, 34(0):12.114|13.150
3540, 352(1):4.577|5.132, 316(0):0.913|1.076, 34(0):0.401|0.449, 44(0):5.468|5.548, 37(0):12.111|12.281
3550, 402(1):4.503|5.216, 433(1):0.939|14.505, 41(0):0.419|0.421, 37(0):5.139|5.828, 39(0):12.134|12.597
3560, 444(0):4.535|4.963, 440(0):0.933|1.053, 45(0):0.460|0.460, 45(0):5.336|5.709, 44(0):12.341|13.317
3570, 369(2):4.629|5.569, 367(0):0.975|1.028, 37(0):0.462|0.506, 33(0):5.353|5.456, 41(0):13.296|14.308
3580, 343(2):4.789|5.126, 338(0):1.003|1.226, 34(0):0.437|0.512, 35(0):5.514|5.653, 34(0):13.818|14.460
3590, 425(5):4.905|5.734, 439(0):0.927|1.094, 43(0):0.453|0.481, 42(0):5.568|5.783, 39(0):14.271|14.637
3600, 368(2):4.803|5.366, 369(0):1.053|1.146, 36(0):0.447|0.605, 35(0):5.729|6.058, 33(0):13.121|13.733
3610, 385(7):5.115|5.450, 357(0):0.972|1.231, 38(0):0.505|0.516, 41(0):5.586|6.725, 39(0):13.414|13.425
3620, 337(4):4.983|5.267, 339(0):1.012|1.141, 34(0):0.509|0.515, 36(0):5.819|5.868, 36(0):14.396|15.208
3630, 312(22):5.743|6.432, 309(0):1.209|1.543, 32(0):0.521|0.843, 32(0):7.079|7.166, 31(0):17.405|17.878
3640, 368(5):5.077|7.278, 345(0):1.058|1.366, 34(0):0.501|0.527, 32(0):5.709|5.956, 38(0):14.218|14.873
3650, 367(2):4.805|5.086, 404(0):0.961|2.501, 40(0):0.458|0.511, 38(0):5.253|5.256, 40(0):12.536|12.621
3660, 368(1):4.771|5.498, 371(0):0.942|1.058, 36(0):0.447|0.448, 41(0):5.309|5.372, 36(0):12.601|13.020
3670, 361(0):4.585|4.709, 333(0):0.946|1.069, 35(0):0.412|0.457, 33(0):5.199|5.340, 33(0):12.820|12.945
3680, 390(0):4.481|4.687, 399(0):0.942|1.938, 39(0):0.383|0.384, 41(0):5.127|5.150, 39(0):12.053|14.101
3690, 320(0):4.479|4.946, 323(0):0.919|1.083, 33(0):0.406|0.412, 30(0):5.284|5.351, 34(0):11.872|13.375
3700, 358(0):4.564|4.899, 374(0):1.002|1.192, 36(0):0.450|0.621, 35(0):5.244|5.413, 33(0):11.498|11.937
3710, 349(3):4.838|5.379, 320(0):0.955|1.198, 34(0):0.389|0.389, 32(0):5.613|6.218, 38(0):13.488|13.503
3720, 355(0):4.628|4.859, 369(0):0.944|1.185, 37(0):0.432|0.452, 40(0):5.421|5.606, 36(0):11.688|12.711
3730, 346(0):4.560|4.655, 343(0):0.935|1.047, 34(0):0.410|0.426, 32(0):5.153|5.207, 35(0):12.188|12.669
3740, 413(0):4.563|4.854, 430(0):0.893|0.979, 42(0):0.407|0.429, 45(0):5.143|5.480, 36(0):11.836|12.454
3750, 369(2):4.853|5.268, 416(0):1.063|1.193, 37(0):0.512|0.513, 33(0):5.487|5.781, 39(0):12.549|12.590
3760, 369(0):4.813|4.966, 324(0):0.994|1.330, 36(0):0.445|0.448, 35(0):5.518|5.592, 40(0):12.579|13.077
3770, 374(0):4.780|4.961, 357(0):0.943|1.150, 37(0):0.508|0.546, 41(0):5.441|5.655, 34(0):12.298|12.363
3780, 425(0):4.618|4.766, 444(0):0.964|1.433, 44(0):0.474|0.501, 44(0):5.101|5.135, 43(0):11.847|12.346
3790, 386(3):4.772|5.118, 370(0):0.973|1.155, 38(0):0.459|0.499, 38(0):5.382|5.447, 35(0):12.338|13.270
3800, 429(2):4.710|5.111, 438(0):0.953|1.187, 43(0):0.475|0.480, 42(0):5.606|5.953, 47(0):12.593|13.056
3810, 393(2):4.809|5.180, 372(0):0.995|1.607, 38(0):0.444|0.478, 39(0):5.520|5.616, 39(0):12.197|12.846
3820, 398(0):4.624|4.850, 419(0):0.984|1.156, 41(0):0.437|0.469, 40(0):5.384|5.481, 41(0):13.264|13.593
3830, 384(2):4.763|5.159, 358(0):0.972|1.445, 37(0):0.464|0.549, 41(0):5.552|5.673, 39(0):13.338|14.126
3840, 371(1):4.869|5.754, 391(0):1.017|3.693, 38(0):0.487|0.492, 32(0):5.464|5.498, 39(0):12.431|12.433
3850, 394(1):4.650|5.069, 404(0):0.937|1.172, 40(0):0.433|0.441, 43(0):5.860|5.925, 38(0):12.608|13.038
3860, 386(0):4.641|4.822, 412(0):1.003|1.122, 40(0):0.456|0.483, 38(0):5.684|9.127, 39(0):13.415|13.515
3870, 402(0):4.692|4.957, 370(0):0.953|1.263, 37(0):0.413|0.415, 39(0):5.666|5.776, 40(0):13.638|14.831
3880, 459(0):4.672|4.910, 461(0):0.994|1.219, 47(0):0.438|0.515, 45(0):5.423|5.553, 41(0):12.286|12.629
3890, 371(3):4.821|5.099, 377(0):0.980|1.131, 38(0):0.473|0.579, 40(0):5.659|5.705, 40(0):14.448|14.507
3900, 421(0):4.657|4.905, 399(0):1.047|1.459, 41(0):0.459|0.462, 38(0):5.370|5.439, 44(0):12.911|12.967
3910, 366(4):4.974|7.639, 373(0):0.983|1.260, 37(0):0.577|0.620, 39(0):5.777|6.436, 34(0):13.685|14.463
3920, 318(2):4.820|5.338, 309(0):1.120|2.359, 32(0):0.517|0.665, 34(0):5.616|5.737, 34(0):13.807|13.976
3930, 373(36):6.209|6.682, 390(0):1.297|1.381, 37(0):0.620|0.653, 34(0):8.822|9.971, 39(0):16.424|17.540
3940, 431(12):5.194|5.637, 448(0):1.086|1.389, 43(0):0.497|0.512, 42(0):5.773|6.160, 39(0):14.556|14.681
3950, 361(6):5.032|5.350, 357(0):1.070|1.271, 37(0):0.550|0.723, 37(0):5.853|6.010, 37(0):13.304|13.420
3960, 440(3):4.850|5.301, 428(0):1.009|1.168, 44(0):0.450|0.601, 45(0):5.732|5.866, 44(0):13.011|13.164
3970, 369(0):4.686|4.839, 354(0):0.984|1.048, 36(0):0.421|0.466, 45(0):5.209|5.533, 40(0):13.287|13.365
3980, 441(1):4.577|5.058, 459(0):0.981|1.099, 44(0):0.530|0.558, 34(0):5.497|5.976, 42(0):12.375|12.948
3990, 403(5):4.895|5.880, 385(0):1.066|1.417, 40(0):0.462|0.492, 46(0):5.672|5.838, 35(0):13.430|13.846
4000, 333(0):4.843|4.964, 337(0):1.060|2.024, 33(0):0.457|0.495, 28(0):5.430|5.828, 38(0):12.646|12.675
4010, 293(0):4.860|4.966, 289(0):0.983|1.011, 29(0):0.425|0.488, 31(0):5.489|5.499, 29(0):12.290|12.432
4020, 329(0):4.559|4.935, 353(0):0.899|1.117, 35(0):0.473|0.479, 38(0):5.532|5.594, 36(0):13.080|13.736
4030, 332(2):4.694|5.247, 319(0):0.918|1.317, 33(0):0.412|0.454, 30(0):5.335|5.514, 30(0):12.109|12.957
4040, 396(0):4.574|4.914, 383(0):0.938|1.102, 38(0):0.469|0.622, 36(0):5.493|5.553, 42(0):12.972|13.903
4050, 405(0):4.561|4.965, 406(0):0.949|1.298, 40(0):0.454|0.485, 43(0):5.378|5.477, 39(0):13.089|13.138
4060, 346(2):4.680|5.375, 351(0):0.939|1.053, 36(0):0.439|0.442, 36(0):5.468|5.517, 29(0):12.183|13.022
4070, 390(0):4.766|4.984, 391(0):0.989|1.084, 39(0):0.428|0.605, 37(0):5.346|5.543, 46(0):15.307|15.386
4080, 315(1):4.762|5.065, 329(0):0.993|1.267, 32(0):0.493|0.772, 34(0):5.556|5.567, 28(0):14.136|14.897
4090, 346(0):4.740|4.923, 309(0):0.913|1.338, 33(0):0.377|0.494, 37(0):5.399|5.458, 37(0):12.273|12.311
4100, 352(0):4.607|4.761, 349(0):0.921|1.180, 34(0):0.460|0.532, 31(0):5.598|5.838, 34(0):12.798|13.119
4110, 358(1):4.548|5.516, 372(0):0.930|1.059, 37(0):0.516|0.516, 37(0):5.114|5.188, 38(0):12.587|12.652
4120, 462(0):4.718|4.834, 479(0):0.929|1.150, 47(0):0.476|0.546, 40(0):5.274|5.322, 39(0):13.389|13.779
4130, 355(1):4.705|5.009, 337(0):1.037|1.282, 35(0):0.400|0.413, 43(0):5.400|5.424, 41(0):12.705|12.786
4140, 397(1):4.750|5.381, 410(0):0.964|1.231, 40(0):0.463|0.481, 35(0):5.503|5.536, 37(0):13.426|13.448
4150, 362(5):5.073|7.287, 364(0):0.997|1.111, 37(0):0.412|0.494, 37(0):5.621|5.632, 41(0):14.298|14.519
4160, 427(1):4.643|5.008, 445(0):1.003|1.094, 43(0):0.422|0.427, 40(0):5.513|5.655, 38(0):13.129|13.448
4170, 375(2):4.876|5.080, 354(0):1.040|1.196, 36(0):0.461|0.473, 39(0):5.455|5.705, 38(0):13.720|13.888
4180, 387(0):4.594|4.948, 388(0):0.956|1.378, 38(0):0.402|0.439, 39(0):5.461|5.590, 39(0):11.729|11.924
4190, 357(2):4.876|5.062, 346(0):0.936|0.999, 37(0):0.627|0.675, 38(0):5.575|5.784, 40(0):12.844|13.537
4200, 399(3):4.991|5.136, 397(0):0.998|1.189, 40(0):0.511|0.582, 40(0):5.794|6.246, 38(0):14.022|14.549
4210, 359(3):4.945|5.204, 390(0):1.002|1.120, 36(0):0.640|0.940, 32(0):6.252|8.343, 35(0):12.856|13.189
4220, 352(5):5.008|5.294, 339(0):1.073|1.610, 35(0):0.456|0.477, 38(0):6.187|6.286, 32(0):15.132|16.558
4230, 344(18):5.472|6.304, 358(0):1.120|1.448, 36(0):0.574|0.917, 33(0):6.224|6.310, 35(0):13.566|13.846
4240, 430(11):5.216|5.848, 431(0):0.996|1.227, 42(0):0.532|0.588, 42(0):5.939|6.120, 44(0):14.170|14.701
4250, 350(7):5.093|5.437, 349(0):1.053|1.152, 36(0):0.735|1.163, 38(0):5.998|6.087, 37(0):14.183|14.215
4260, 373(4):4.917|5.374, 363(0):0.997|1.487, 36(0):0.481|0.541, 35(0):5.589|5.874, 41(0):12.549|12.645
4270, 328(1):4.737|5.032, 310(1):0.996|5.324, 33(0):0.436|0.438, 34(0):5.426|5.435, 30(0):12.486|12.523
4280, 374(0):4.541|4.815, 374(0):0.957|1.061, 37(0):0.448|0.468, 40(0):5.444|5.595, 33(0):12.349|12.407
4290, 373(3):4.928|5.360, 386(0):1.055|1.204, 37(0):0.652|0.689, 37(0):5.661|5.891, 37(0):11.990|13.923
4300, 439(0):4.545|4.971, 464(0):0.935|1.112, 45(0):0.555|0.612, 43(0):5.235|5.669, 45(0):12.354|12.603
4310, 402(1):4.636|5.032, 344(0):0.952|0.986, 38(0):0.429|0.439, 39(0):5.602|5.606, 42(0):12.729|12.739
4320, 291(0):4.559|4.652, 332(0):0.909|1.123, 32(0):0.483|0.573, 35(0):5.363|5.554, 29(0):12.124|12.716
4330, 451(1):4.559|5.027, 425(0):0.909|1.043, 43(0):0.432|0.468, 46(0):5.229|5.274, 45(0):12.066|12.256
4340, 353(0):4.341|4.564, 365(0):0.880|1.215, 35(0):0.432|0.457, 30(0):5.345|5.525, 39(0):11.820|12.482
4350, 340(1):4.627|5.168, 329(0):0.905|1.095, 34(0):0.468|0.490, 34(0):5.323|5.778, 32(0):12.336|12.757
4360, 372(0):4.656|4.836, 395(0):0.917|0.971, 38(0):0.426|0.502, 36(0):5.459|5.554, 36(0):12.156|13.429
4370, 359(4):4.819|5.411, 344(0):0.986|1.143, 36(0):0.444|0.514, 35(0):5.424|5.618, 35(0):14.495|15.211
4380, 385(2):4.894|6.412, 380(0):1.038|1.430, 38(0):0.450|0.481, 37(0):5.724|5.734, 42(0):14.026|14.116
4390, 350(0):4.554|4.957, 373(0):0.944|1.026, 35(0):0.475|0.527, 40(0):5.441|5.510, 31(0):13.762|13.930
4400, 347(2):4.706|5.124, 337(0):0.946|1.319, 36(0):0.474|0.574, 33(0):5.529|5.547, 39(0):12.647|13.961
4410, 367(1):4.857|5.077, 369(0):0.966|1.140, 37(0):0.509|0.657, 41(0):5.413|5.597, 34(0):12.682|12.862
4420, 384(0):4.685|4.964, 393(0):0.952|0.994, 38(0):0.531|0.552, 35(0):5.371|5.432, 38(0):12.442|12.701
4430, 355(0):4.534|4.905, 345(0):0.945|1.154, 35(0):0.401|0.406, 33(0):5.409|5.411, 36(0):13.074|13.150
4440, 362(2):4.840|5.089, 388(0):0.957|1.046, 37(0):0.448|0.507, 38(0):5.747|5.941, 34(0):13.072|15.034
4450, 347(1):4.776|5.016, 334(0):0.942|1.262, 33(0):0.447|0.491, 34(0):5.503|5.946, 40(0):12.892|13.403
4460, 380(0):4.675|4.942, 366(0):0.910|1.084, 39(0):0.417|0.427, 41(0):5.332|6.150, 34(0):12.078|12.141
4470, 342(0):4.684|4.839, 365(0):0.977|1.094, 35(0):0.449|0.450, 32(0):5.369|5.419, 34(0):12.466|12.748
4480, 386(1):4.543|5.038, 373(0):0.956|1.005, 38(0):0.480|0.495, 33(0):5.084|5.108, 37(0):12.621|12.635
4490, 342(0):4.674|4.821, 330(0):0.920|1.075, 34(0):0.517|0.565, 40(0):5.270|5.606, 38(0):13.289|13.477
4500, 360(0):4.803|4.946, 373(0):0.985|1.330, 36(0):0.467|0.475, 35(0):5.555|6.064, 38(0):12.675|13.051
4510, 335(8):5.152|5.196, 330(0):1.161|1.317, 33(0):0.444|0.542, 31(0):5.849|5.856, 30(0):13.740|16.306
4520, 400(4):4.942|5.285, 404(0):0.984|1.130, 40(0):0.512|0.519, 42(0):5.699|5.762, 41(0):13.832|13.836
4530, 367(29):5.855|6.763, 343(0):1.232|1.521, 37(0):0.585|0.641, 39(0):6.479|6.572, 35(0):16.846|17.036
4540, 362(6):5.102|5.294, 402(0):0.999|1.126, 37(0):0.504|0.545, 33(0):5.823|6.035, 37(0):12.990|14.126
4550, 406(5):4.971|5.247, 378(0):1.112|1.875, 40(0):0.499|0.525, 44(0):5.551|5.552, 38(0):13.614|14.399
4560, 398(1):4.852|5.533, 380(0):0.997|1.252, 39(0):0.495|0.503, 41(0):5.781|5.790, 42(0):13.342|13.690
4570, 363(2):4.811|5.383, 391(0):0.983|1.011, 38(0):0.485|0.555, 34(0):5.713|6.051, 31(0):13.339|13.807
4580, 387(2):4.765|5.030, 358(0):0.978|1.803, 36(0):0.506|0.534, 39(0):5.390|5.685, 42(0):14.643|14.936
4590, 308(2):4.836|7.927, 357(0):0.982|1.304, 34(0):0.438|0.526, 33(0):5.437|5.962, 33(0):12.572|12.639
4600, 331(5):5.000|5.057, 303(0):1.028|1.214, 31(0):0.447|0.646, 27(0):5.586|5.596, 31(0):12.838|13.098
4610, 376(5):5.013|5.280, 372(0):0.954|1.908, 37(0):0.427|0.492, 43(0):5.941|5.956, 38(0):12.973|13.600
4620, 345(2):4.670|5.029, 345(0):0.959|1.091, 35(0):0.482|0.520, 31(0):5.365|5.574, 38(0):13.701|13.864
4630, 356(1):4.748|5.005, 334(0):0.967|1.038, 35(0):0.633|0.655, 38(0):5.687|5.814, 34(0):12.457|12.775
4640, 363(0):4.698|4.923, 376(0):0.976|2.053, 36(0):0.456|0.496, 32(0):5.579|5.781, 36(0):12.118|12.144
4650, 384(2):4.839|5.102, 403(0):0.947|1.082, 40(0):0.434|0.473, 39(0):5.474|5.798, 35(0):12.690|12.715
4660, 371(0):4.553|4.816, 357(0):0.995|1.329, 37(0):0.460|0.468, 40(0):5.875|7.362, 44(0):12.045|12.072
4670, 323(2):4.839|5.226, 327(0):0.972|1.169, 31(0):0.403|0.404, 32(0):5.531|5.659, 29(0):12.431|13.214
4680, 355(1):4.775|5.296, 355(0):1.049|1.366, 36(0):0.429|0.472, 35(0):5.256|5.527, 34(0):12.534|12.671
4690, 405(2):4.763|5.520, 421(0):0.996|1.448, 42(0):0.484|0.492, 40(0):5.615|6.088, 42(0):13.502|13.987
4700, 365(0):4.548|4.807, 345(0):0.976|1.037, 35(0):0.442|0.458, 34(0):5.456|5.560, 36(0):13.654|14.068
4710, 406(3):4.823|5.257, 427(0):0.971|1.074, 42(0):0.437|0.497, 42(0):5.741|5.894, 37(0):13.154|13.225
4720, 290(1):4.687|5.461, 299(0):0.977|1.225, 29(0):0.438|0.451, 26(0):5.350|5.731, 34(0):12.956|14.692
4730, 399(6):5.033|7.387, 371(0):1.099|1.234, 40(0):0.489|0.496, 45(0):5.769|6.009, 39(0):13.200|13.770
4740, 405(3):4.723|5.454, 410(0):0.925|1.274, 39(0):0.618|0.705, 34(0):5.445|5.453, 39(0):13.086|14.200
4750, 365(0):4.622|4.741, 364(0):1.050|1.312, 37(0):0.470|0.519, 41(0):5.751|5.776, 40(0):12.257|12.661
4760, 359(0):4.553|4.743, 341(0):0.951|1.217, 35(0):0.413|0.477, 36(0):5.411|5.571, 35(0):12.979|13.218
4770, 451(1):4.641|5.035, 443(0):1.006|1.201, 44(0):0.461|0.475, 45(0):5.280|5.314, 38(0):11.960|12.154
4780, 335(0):4.619|4.819, 347(0):0.933|1.176, 35(0):0.541|0.719, 38(0):5.220|5.260, 37(0):12.264|13.399
4790, 374(4):4.981|5.537, 402(0):1.066|1.250, 37(0):0.403|0.660, 37(0):5.470|5.587, 38(0):13.411|13.418
4800, 352(2):4.891|7.467, 353(0):1.009|1.350, 36(0):0.467|0.478, 27(0):6.158|6.268, 40(0):12.720|13.496
4810, 343(12):5.191|5.441, 333(0):1.056|1.146, 35(0):0.472|0.556, 41(0):5.959|6.355, 31(0):13.218|13.738
4820, 328(6):5.047|5.832, 335(0):1.005|1.376, 33(0):0.540|0.629, 29(0):6.091|6.162, 32(0):13.333|13.553
4830, 399(15):5.280|5.682, 399(0):1.135|1.355, 40(0):0.524|0.542, 39(0):6.276|6.316, 44(0):15.551|15.955
4840, 419(27):5.561|8.930, 430(0):1.253|2.512, 42(0):0.576|0.612, 41(0):6.005|6.198, 43(0):15.322|17.820
4850, 427(1):4.836|5.015, 397(0):1.044|1.140, 41(0):0.512|0.748, 48(0):5.901|6.442, 34(0):13.306|13.672
4860, 443(2):4.801|6.237, 459(0):0.973|2.183, 45(0):0.446|0.491, 44(0):5.551|5.597, 46(0):13.133|13.885
4870, 362(3):4.913|5.563, 321(0):0.999|1.168, 34(0):0.683|0.700, 31(0):5.758|6.064, 35(0):12.520|12.835
4880, 334(0):4.693|4.952, 393(0):0.923|1.245, 35(0):0.458|0.516, 42(0):5.444|5.579, 39(0):12.660|13.188
4890, 399(0):4.810|4.913, 363(0):1.039|1.129, 40(0):0.525|0.865, 31(0):5.803|7.571, 41(0):13.360|13.432
4900, 412(1):4.674|5.021, 434(0):0.998|1.172, 43(0):0.440|0.449, 51(0):5.566|5.647, 42(0):14.092|14.722
4910, 492(1):4.736|5.084, 480(0):1.041|1.222, 47(0):0.557|0.625, 44(0):5.664|6.483, 41(0):12.370|12.573
4920, 405(0):4.464|4.687, 407(0):0.889|1.553, 41(0):0.453|0.501, 39(0):5.283|5.339, 43(0):12.509|13.165
4930, 373(1):4.743|5.086, 359(0):0.930|1.016, 37(0):0.497|0.509, 36(0):5.362|5.471, 42(0):12.522|12.618
4940, 446(0):4.686|4.995, 456(0):1.002|1.215, 45(0):0.456|0.787, 48(0):5.450|5.477, 37(0):12.132|12.790
4950, 342(1):4.735|5.223, 313(0):1.057|2.747, 33(0):0.455|0.489, 33(0):5.397|5.695, 39(0):12.661|13.145
4960, 353(0):4.641|4.886, 350(0):0.954|1.443, 36(0):0.450|0.454, 39(0):5.470|6.042, 34(0):12.556|12.718
4970, 328(1):4.684|5.062, 348(0):0.886|1.113, 32(0):0.406|0.540, 32(0):5.532|5.551, 36(0):12.677|13.537
4980, 437(0):4.460|4.869, 465(0):0.898|0.951, 46(0):0.550|0.606, 45(0):5.062|5.139, 38(0):12.379|13.133
4990, 401(0):4.642|4.951, 397(0):1.099|1.260, 40(0):0.419|0.429, 36(0):5.544|5.554, 47(0):13.109|13.621
5000, 446(0):4.613|4.775, 457(0):0.924|1.189, 45(0):0.450|0.494, 45(0):5.454|5.790, 43(0):13.093|13.390
5010, 437(3):4.787|7.486, 393(0):1.004|1.228, 42(0):0.534|0.622, 44(0):5.807|10.273, 43(0):13.021|13.151
5020, 443(1):4.786|7.872, 441(0):0.969|1.150, 45(0):0.516|0.541, 46(0):5.561|5.776, 45(0):12.886|13.363
5030, 344(1):4.724|5.424, 381(0):1.004|1.218, 35(0):0.459|0.463, 34(0):5.486|5.559, 33(0):13.283|13.483
5040, 352(3):4.885|5.160, 345(0):1.042|1.137, 36(0):0.410|0.416, 32(0):5.426|5.665, 39(0):13.128|13.270
5050, 350(3):4.930|5.480, 346(0):1.131|1.151, 35(0):0.595|0.629, 39(0):5.793|5.854, 34(0):12.537|13.861
5060, 391(8):5.140|5.667, 418(0):1.050|1.266, 39(0):0.587|0.592, 39(0):5.737|5.768, 41(0):13.303|14.315
5070, 389(19):5.477|5.634, 380(0):1.151|1.443, 38(0):0.480|0.485, 41(0):5.977|9.648, 37(0):13.329|13.843
5080, 329(3):4.847|5.073, 341(0):1.028|2.230, 34(0):0.465|0.514, 30(0):5.801|6.038, 31(0):13.266|14.271
5090, 353(1):4.856|5.017, 295(0):0.970|1.289, 32(0):0.524|0.539, 35(0):5.527|5.793, 36(0):12.986|13.191
5100, 417(1):4.826|5.035, 433(0):0.956|1.462, 42(0):0.472|0.675, 45(0):5.578|5.756, 39(0):12.871|13.224
5110, 401(10):5.034|8.543, 410(0):1.105|4.440, 41(0):0.498|0.506, 37(0):5.878|5.953, 42(0):13.232|14.408
5120, 334(7):5.145|5.463, 344(0):0.995|1.140, 34(0):0.435|0.440, 32(0):6.073|6.145, 33(0):13.706|14.167
5130, 457(61):5.856|6.642, 471(0):1.407|1.998, 47(0):0.548|0.549, 45(0):6.560|7.640, 46(0):15.647|15.964
5140, 415(23):5.359|5.664, 416(0):1.151|1.280, 41(0):0.523|0.596, 40(0):6.438|6.448, 44(0):14.895|14.981
5150, 418(5):4.985|5.335, 417(0):1.047|1.212, 42(0):0.483|0.604, 45(0):5.762|6.589, 40(0):14.265|14.587
5160, 369(23):5.407|5.843, 347(0):1.078|1.213, 36(0):0.555|0.734, 33(0):5.962|6.755, 36(0):14.074|14.559
5170, 405(3):4.849|5.154, 413(0):1.032|1.267, 42(0):0.450|0.452, 45(0):6.094|6.453, 44(0):12.002|14.083
5180, 416(1):4.739|5.098, 396(0):1.001|1.244, 39(0):0.434|0.451, 35(0):5.932|6.009, 40(0):13.446|13.741
5190, 316(0):4.783|4.986, 337(0):1.015|1.229, 33(0):0.435|0.452, 39(0):5.744|5.809, 32(0):12.405|12.518
5200, 353(4):4.960|5.521, 345(0):0.974|1.082, 35(0):0.474|0.481, 39(0):5.607|5.722, 31(0):12.835|13.481
5210, 420(1):4.682|5.007, 435(0):1.033|1.140, 42(0):0.478|0.513, 34(0):5.398|5.603, 41(0):12.768|13.039
5220, 348(1):4.755|5.043, 330(0):0.950|1.134, 34(0):0.459|0.484, 39(0):5.393|5.610, 39(0):12.873|13.119
5230, 371(0):4.716|4.848, 376(0):0.970|1.151, 38(0):0.451|0.456, 36(0):5.303|5.349, 38(0):13.244|13.273
5240, 399(0):4.767|4.874, 412(0):0.913|1.100, 41(0):0.454|0.517, 40(0):5.552|5.593, 40(0):12.219|12.723
5250, 368(1):4.867|5.105, 347(0):1.125|1.668, 34(0):0.433|0.438, 35(0):5.830|5.835, 34(0):12.616|13.173
5260, 372(3):4.940|5.995, 392(0):0.979|1.386, 39(0):0.427|0.515, 40(0):5.572|5.986, 34(0):12.427|13.322
5270, 396(3):4.772|5.455, 389(0):0.997|1.082, 40(0):0.432|0.520, 37(0):5.642|5.813, 44(0):13.076|13.140
5280, 327(3):4.831|5.688, 355(0):0.991|1.376, 33(0):0.467|0.519, 36(0):5.736|5.874, 33(0):12.990|13.028
5290, 356(1):4.772|5.228, 321(0):1.057|1.165, 34(0):0.478|0.541, 33(0):5.796|5.870, 35(0):13.046|13.598
5300, 370(1):4.816|5.011, 364(0):0.943|1.130, 38(0):0.450|0.453, 38(0):5.516|5.607, 36(0):12.424|12.480
5310, 423(1):4.805|5.026, 396(0):1.017|3.017, 41(0):0.426|0.471, 41(0):5.447|5.472, 39(0):13.390|13.425
5320, 358(1):4.763|5.115, 388(0):1.024|1.117, 38(0):0.464|0.492, 39(0):5.433|5.670, 39(0):11.868|12.016
5330, 364(1):4.663|5.487, 374(0):1.051|1.155, 36(0):0.496|0.540, 37(0):5.594|5.678, 40(0):13.326|13.690
5340, 409(3):4.693|5.283, 406(0):1.051|1.171, 41(0):0.451|0.470, 39(0):5.540|5.544, 39(0):12.792|12.891
5350, 401(0):4.861|4.967, 396(0):0.977|1.141, 39(0):0.489|0.491, 38(0):5.410|5.506, 39(0):12.124|12.449
5360, 352(2):4.695|5.253, 349(0):0.922|1.166, 35(0):0.422|0.506, 41(0):5.577|6.080, 38(0):12.849|14.081
5370, 439(1):4.761|5.087, 458(0):0.991|1.134, 46(0):0.509|0.525, 38(0):5.719|5.800, 37(0):13.493|13.495
5380, 367(0):4.803|4.956, 356(0):0.986|1.377, 35(0):0.501|0.597, 37(0):5.839|5.895, 42(0):12.873|13.058
5390, 348(4):4.903|5.229, 331(0):0.967|1.131, 35(0):0.532|0.660, 36(0):5.748|5.928, 36(0):14.000|14.300
5400, 400(3):4.933|5.067, 415(0):0.987|1.889, 39(0):0.423|0.429, 39(0):5.602|5.742, 37(0):13.776|13.948
5410, 375(7):5.068|5.201, 384(0):1.024|1.339, 39(0):0.441|0.533, 40(0):5.741|6.306, 38(0):13.032|14.403
5420, 396(3):4.979|5.196, 378(0):1.023|1.771, 38(0):0.521|0.658, 38(0):5.603|6.145, 40(0):13.363|13.385
5430, 418(64):6.465|7.461, 431(0):1.240|2.004, 44(0):0.639|0.772, 38(0):6.988|7.425, 43(0):17.799|19.386
5440, 454(11):5.266|6.087, 462(0):1.122|1.774, 46(0):0.481|0.879, 50(0):6.594|6.760, 43(0):13.640|14.496
5450, 378(4):4.958|6.006, 378(0):0.991|1.290, 36(0):0.526|0.582, 35(0):5.437|5.720, 38(0):13.403|13.595
5460, 369(8):5.181|5.625, 370(0):1.052|1.813, 37(0):0.486|0.520, 38(0):5.677|5.989, 39(0):12.851|12.956
5470, 386(1):4.795|5.237, 394(0):1.082|1.593, 39(0):0.474|0.487, 39(0):5.540|5.589, 38(0):13.473|13.641
5480, 402(0):4.496|4.889, 381(0):0.950|1.345, 40(0):0.443|0.456, 42(0):5.353|5.435, 38(0):13.083|14.278
5490, 385(1):4.888|5.003, 384(0):1.004|1.172, 38(0):0.477|0.563, 38(0):5.408|5.542, 36(0):12.716|12.937
5500, 390(1):4.844|5.248, 375(0):0.995|1.163, 39(0):0.429|0.510, 38(0):5.425|5.617, 45(0):13.057|13.434
5510, 343(1):4.861|5.118, 345(0):1.016|1.173, 35(0):0.482|0.483, 37(0):5.616|6.004, 35(0):13.240|13.576
5520, 372(1):4.703|5.308, 389(0):1.003|1.189, 37(0):0.421|0.482, 32(0):5.424|5.693, 34(0):12.362|12.404
5530, 314(1):4.743|5.068, 301(0):1.008|1.202, 30(0):0.465|0.515, 33(0):5.454|5.631, 33(0):12.197|12.433
5540, 375(1):4.704|5.162, 386(0):0.974|1.097, 39(0):0.424|0.457, 36(0):5.527|5.998, 38(0):12.149|12.694
5550, 334(0):4.718|4.964, 374(0):0.961|1.214, 36(0):0.408|0.429, 37(0):5.513|5.565, 32(0):12.438|13.061
5560, 391(2):4.699|6.128, 336(0):0.947|1.049, 35(0):0.419|0.441, 37(0):5.296|5.625, 37(0):12.476|12.926
5570, 371(0):4.733|4.920, 384(0):0.949|1.138, 39(0):0.430|0.472, 38(0):5.519|5.619, 39(0):13.090|13.168
5580, 370(0):4.728|4.992, 384(0):0.969|1.339, 37(0):0.473|0.476, 37(0):5.921|6.029, 41(0):13.330|14.044
5590, 381(2):4.925|6.720, 365(0):1.054|1.147, 37(0):0.461|0.499, 38(0):5.588|5.868, 34(0):12.453|13.475
5600, 370(0):4.639|4.906, 343(0):0.997|1.715, 35(0):0.439|0.466, 35(0):5.213|5.433, 33(0):12.524|12.818
5610, 341(0):4.722|4.873, 396(0):0.984|1.182, 37(0):0.523|0.547, 38(0):5.741|5.881, 38(0):13.175|13.542
5620, 376(0):4.704|4.983, 304(0):0.931|1.101, 35(0):0.473|0.480, 31(0):5.178|5.300, 35(0):11.878|11.961
5630, 421(0):4.621|4.778, 467(0):0.906|1.114, 44(0):0.502|0.590, 45(0):5.464|5.651, 44(0):12.441|12.614
5640, 287(0):4.671|4.910, 286(0):0.968|1.083, 29(0):0.441|0.469, 30(0):5.732|5.867, 29(0):12.054|12.122
5650, 347(0):4.850|4.949, 333(0):0.984|1.152, 33(0):0.504|0.558, 33(0):5.949|8.167, 37(0):13.696|14.157
5660, 409(0):4.624|4.929, 433(0):0.994|2.005, 42(0):0.450|0.551, 43(0):5.198|5.245, 40(0):11.970|12.191
5670, 408(0):4.688|4.800, 398(0):0.910|1.163, 42(0):0.427|0.450, 43(0):5.315|5.726, 43(0):12.556|13.612
5680, 369(0):4.711|4.889, 372(0):0.888|1.097, 36(0):0.451|0.452, 37(0):5.360|5.376, 33(0):12.801|13.270
5690, 377(3):4.749|5.229, 394(0):1.074|1.897, 39(0):0.446|0.459, 36(0):5.229|5.532, 39(0):12.670|13.947
5700, 374(1):4.842|5.029, 350(0):0.954|1.206, 36(0):0.404|0.409, 33(0):5.400|5.404, 34(0):13.706|13.994
5710, 363(4):4.935|5.418, 351(0):1.039|1.167, 36(0):0.468|0.890, 45(0):5.610|5.720, 36(0):12.392|12.404
5720, 343(3):4.945|5.643, 364(0):1.078|1.758, 35(0):0.551|0.630, 28(0):5.867|5.900, 40(0):14.031|14.111
5730, 390(31):5.627|6.263, 376(0):1.273|2.956, 38(0):0.643|0.850, 42(0):6.622|6.629, 33(0):17.250|17.491
5740, 441(22):5.349|5.734, 457(0):1.137|1.323, 46(0):0.477|0.597, 44(0):6.100|6.157, 47(0):13.466|13.903
5750, 373(1):4.798|5.321, 377(0):1.033|1.144, 36(0):0.474|0.508, 37(0):6.010|6.255, 41(0):13.372|14.676
5760, 348(1):4.788|5.430, 337(0):0.973|1.061, 34(0):0.410|0.460, 31(0):5.447|5.461, 33(0):13.921|14.396
5770, 356(3):4.960|7.301, 350(0):0.933|0.971, 35(0):0.417|0.490, 37(0):5.541|5.881, 31(0):12.776|12.953
5780, 330(2):4.850|6.269, 332(0):0.928|1.079, 35(0):0.447|0.522, 36(0):5.573|5.621, 38(0):12.638|12.705
5790, 368(1):4.759|5.474, 365(0):1.096|1.273, 36(0):0.456|0.554, 38(0):5.445|5.724, 36(0):13.180|13.641
5800, 389(0):4.484|4.788, 392(0):0.994|1.182, 39(0):0.413|0.433, 36(0):5.271|5.343, 41(0):12.808|13.664
5810, 389(6):5.026|6.109, 411(0):1.001|2.045, 40(0):0.452|0.459, 37(0):5.749|5.822, 35(0):14.219|15.164
5820, 339(1):4.772|5.091, 325(0):0.984|1.182, 33(0):0.425|0.436, 36(0):5.695|5.736, 36(0):12.987|13.323
5830, 368(0):4.680|4.840, 344(1):1.041|5.532, 36(0):0.436|0.476, 37(0):5.638|5.820, 33(0):13.670|13.874
5840, 358(0):4.750|4.902, 391(0):1.015|1.488, 37(0):0.470|0.613, 37(0):5.468|5.514, 40(0):13.294|13.599
5850, 405(3):4.884|5.420, 383(0):0.911|1.229, 40(0):0.529|0.547, 38(0):5.598|5.791, 41(0):12.977|13.311
5860, 365(5):5.006|6.292, 355(0):0.917|1.399, 36(0):0.451|0.473, 38(0):5.614|5.809, 33(0):11.225|11.609
5870, 334(1):4.865|5.389, 357(0):0.954|1.071, 35(0):0.467|0.538, 29(0):5.453|5.631, 36(0):12.283|13.637
5880, 348(0):4.560|4.747, 370(0):1.011|2.400, 35(0):0.415|0.442, 36(0):5.665|5.689, 37(0):12.721|12.731
5890, 379(1):4.828|5.048, 376(0):0.945|1.143, 38(0):0.446|0.466, 40(0):5.480|5.607, 33(0):13.798|14.893
5900, 327(0):4.652|4.806, 287(0):0.990|1.182, 30(0):0.455|0.485, 33(0):5.679|5.761, 31(0):11.914|12.771
5910, 370(4):4.869|5.269, 403(0):0.982|1.113, 38(0):0.429|0.593, 39(0):5.281|5.538, 37(0):13.732|14.197
5920, 322(2):4.751|5.136, 325(0):1.006|1.194, 33(0):0.475|0.554, 33(0):5.573|5.687, 36(0):12.312|12.503
5930, 364(3):4.950|6.702, 330(0):0.952|1.093, 35(0):0.443|0.543, 33(0):5.794|6.764, 36(0):13.814|14.164
5940, 352(1):4.862|5.785, 350(0):0.955|1.304, 35(0):0.451|0.463, 35(0):5.332|5.356, 34(0):12.683|12.972
5950, 356(6):5.079|5.495, 378(0):1.018|1.082, 37(0):0.610|0.759, 41(0):5.908|6.012, 38(0):14.760|15.828
5960, 363(5):5.019|5.187, 336(0):1.087|2.165, 35(0):0.526|0.554, 33(0):6.434|6.785, 37(0):12.774|13.339
5970, 363(14):5.395|6.374, 399(0):1.064|1.242, 37(0):0.506|0.586, 33(0):6.291|8.689, 34(0):16.653|17.190
5980, 392(1):4.776|5.327, 366(0):1.201|1.516, 39(0):0.493|0.552, 40(0):5.607|6.025, 38(0):13.271|13.765
5990, 358(3):4.936|5.236, 392(0):1.019|1.137, 37(0):0.512|0.614, 36(0):5.784|6.012, 38(0):13.921|14.357
6000, 415(4):4.876|5.437, 370(0):1.008|1.074, 41(0):0.523|0.528, 44(0):5.833|5.846, 41(0):13.513|14.030
6010, 398(25):5.529|7.498, 439(0):1.242|3.531, 41(0):0.517|0.532, 39(0):6.053|6.155, 39(0):15.150|15.187
6020, 365(11):5.300|5.484, 345(0):1.053|1.935, 36(0):0.488|0.491, 35(0):6.140|6.186, 36(0):13.492|14.231
6030, 363(18):5.372|7.729, 379(0):1.144|1.849, 36(0):0.568|0.617, 34(0):6.129|10.513, 40(0):15.494|17.049
6040, 329(7):5.044|5.340, 319(0):1.039|1.233, 32(0):0.567|0.577, 39(0):5.886|5.935, 32(0):13.111|13.397
6050, 357(1):4.785|5.407, 348(0):0.962|1.573, 35(0):0.470|0.685, 33(0):5.544|5.729, 35(0):12.277|12.656
6060, 377(2):4.915|5.459, 378(0):1.093|1.183, 39(0):0.461|0.465, 40(0):5.725|5.806, 36(0):12.937|13.421
6070, 363(3):4.933|5.399, 372(0):1.012|1.286, 36(0):0.458|0.463, 32(0):5.825|6.103, 37(0):12.547|13.033
6080, 352(7):5.142|5.263, 335(0):1.000|1.261, 35(0):0.530|0.590, 37(0):5.712|5.907, 37(0):13.078|13.399
6090, 408(2):4.762|5.240, 433(0):1.006|1.552, 42(0):0.441|0.500, 41(0):5.478|5.655, 37(0):12.590|12.647
6100, 354(2):4.766|5.243, 345(0):0.949|1.477, 34(0):0.530|0.568, 31(0):5.586|5.803, 38(0):13.163|14.273
6110, 353(0):4.643|4.904, 349(0):0.957|1.126, 36(0):0.435|0.653, 40(0):5.552|5.623, 37(0):12.380|14.522
6120, 338(1):4.769|5.004, 332(0):0.993|1.161, 34(0):0.428|0.440, 32(0):5.379|5.802, 31(0):13.021|14.547
6130, 356(1):4.698|5.483, 352(0):0.960|1.176, 35(0):0.414|0.419, 36(0):5.441|5.927, 32(0):12.633|12.761
6140, 349(1):4.751|5.095, 375(0):0.916|1.015, 35(0):0.517|0.640, 38(0):5.473|5.880, 36(0):12.524|12.863
6150, 403(0):4.653|4.879, 371(0):0.954|1.020, 40(0):0.461|0.478, 37(0):5.422|5.436, 46(0):13.977|14.052
6160, 397(0):4.704|4.852, 399(0):0.876|1.087, 40(0):0.515|0.534, 37(0):5.413|5.415, 39(0):12.470|13.178
6170, 395(7):5.350|7.192, 415(0):1.214|1.378, 40(0):0.593|0.617, 42(0):5.553|5.720, 34(0):17.458|17.477
6180, 341(1):4.789|5.490, 326(0):1.021|1.338, 34(0):0.462|0.675, 32(0):5.530|5.629, 38(0):13.018|13.538
6190, 360(10):5.388|8.339, 368(0):1.179|1.275, 36(0):0.482|0.499, 41(0):6.225|6.415, 37(0):19.741|19.814
6200, 408(1):4.667|5.189, 415(0):0.964|1.037, 41(0):0.441|0.481, 40(0):5.273|5.362, 39(0):11.845|12.079
6210, 392(1):4.842|5.426, 415(0):1.076|1.512, 41(0):0.528|0.538, 39(0):5.580|5.646, 38(0):11.963|12.013
6220, 395(1):4.507|5.055, 365(0):0.958|1.151, 37(0):0.405|0.416, 39(0):5.614|5.625, 41(0):12.334|12.801
6230, 323(4):4.981|5.287, 338(0):1.212|1.734, 33(0):0.594|0.995, 32(0):6.418|7.267, 27(0):12.251|12.421
6240, 403(8):5.058|5.472, 400(0):1.135|1.275, 39(0):0.550|0.618, 41(0):5.804|5.828, 42(0):12.693|12.914
6250, 390(1):4.724|5.113, 377(0):0.935|1.099, 40(0):0.459|0.548, 42(0):5.423|5.606, 40(0):12.677|12.724
6260, 332(17):5.359|5.973, 320(0):1.674|1.871, 33(0):0.608|0.686, 31(0):6.093|6.183, 37(0):13.026|13.363
6270, 375(1):4.718|5.004, 392(0):0.919|1.121, 37(0):0.440|0.459, 39(0):5.780|5.973, 36(0):12.997|14.710
6280, 368(1):4.718|5.309, 373(0):0.974|1.102, 38(0):0.590|0.592, 35(0):5.418|5.466, 35(0):12.946|13.377
6290, 375(3):4.877|5.249, 379(0):1.021|1.199, 37(0):0.661|0.833, 40(0):5.864|6.035, 38(0):13.558|14.176
6300, 321(5):5.124|5.803, 316(0):1.062|1.177, 32(0):0.476|0.481, 29(0):5.748|6.036, 34(0):12.922|13.211
6310, 374(7):5.197|5.661, 364(0):1.029|1.275, 37(0):0.530|0.882, 33(0):5.929|5.953, 39(0):12.417|12.673
6320, 354(2):4.889|5.188, 382(0):1.057|1.167, 37(0):0.566|0.595, 38(0):5.956|6.177, 37(0):13.563|14.676
6330, 435(121):7.755|10.027, 401(0):1.773|2.797, 42(0):0.719|0.907, 46(0):8.535|10.430, 41(4):19.999|27.588
6340, 411(30):5.573|6.058, 410(0):1.120|2.673, 42(0):0.476|0.672, 39(0):6.810|8.847, 43(0):15.249|15.356
6350, 406(12):5.286|5.842, 426(0):1.187|2.742, 41(0):0.579|0.736, 42(0):6.319|6.344, 39(0):15.248|17.318
6360, 395(4):4.947|5.340, 372(0):1.061|1.317, 38(0):0.600|0.625, 39(0):5.832|5.965, 36(0):13.129|13.333
6370, 341(5):5.044|5.744, 350(0):0.986|1.137, 34(0):0.568|0.573, 33(0):5.377|5.485, 33(0):14.143|15.050
6380, 354(3):4.917|5.721, 345(0):0.999|1.163, 35(0):0.495|0.505, 39(0):5.705|5.801, 39(0):14.676|14.686
6390, 341(3):4.919|5.500, 345(0):1.042|1.155, 34(0):0.433|0.505, 33(0):5.819|5.890, 28(0):13.056|13.808
6400, 437(0):4.852|4.975, 461(0):0.971|1.122, 45(0):0.426|0.470, 39(0):5.315|5.563, 53(0):13.178|13.501
6410, 384(1):4.636|6.017, 365(0):0.981|1.567, 37(0):0.434|0.481, 43(0):5.348|5.575, 36(0):12.877|13.243
6420, 401(2):4.567|5.152, 401(0):0.936|1.061, 41(0):0.471|0.503, 42(0):5.803|8.924, 35(0):13.255|13.527
6430, 360(1):4.519|5.385, 378(0):0.970|1.079, 37(0):0.479|0.538, 39(0):5.365|5.562, 38(0):12.423|13.377
6440, 352(0):4.687|4.923, 359(0):1.053|1.537, 35(0):0.501|0.584, 28(0):5.366|5.406, 39(0):14.433|14.908
6450, 430(0):4.621|4.871, 415(0):0.940|1.259, 43(0):0.552|0.554, 44(0):5.466|5.574, 41(0):12.566|12.594
6460, 383(0):4.738|4.992, 369(0):1.003|1.268, 37(0):0.488|0.813, 41(0):5.361|5.507, 38(0):12.690|12.851
6470, 423(0):4.640|4.793, 423(0):0.994|1.398, 42(0):0.467|0.507, 36(0):5.385|5.488, 40(0):11.980|13.907
6480, 303(2):4.748|5.187, 323(0):0.882|0.953, 32(0):0.461|0.554, 32(0):5.354|5.612, 34(0):11.932|12.918
6490, 427(0):4.705|4.920, 425(0):0.922|1.831, 43(0):0.395|0.395, 47(0):5.501|5.758, 44(0):12.717|12.953
6500, 399(1):4.648|5.555, 396(0):0.912|1.055, 39(0):0.515|0.709, 37(0):5.480|5.763, 40(0):12.086|12.569
6510, 386(9):5.057|5.706, 403(0):0.951|1.034, 40(0):0.536|0.588, 39(0):5.766|6.013, 40(0):14.537|17.626
6520, 361(0):4.650|4.767, 332(0):0.968|1.086, 34(0):0.402|0.405, 36(0):5.270|5.463, 34(0):12.106|13.233
6530, 411(1):4.585|5.337, 402(0):0.927|1.089, 42(0):0.533|0.633, 42(0):5.404|5.809, 39(0):12.342|12.785
6540, 354(0):4.546|4.904, 342(0):0.938|1.088, 34(0):0.509|0.517, 35(0):5.416|5.866, 35(0):13.219|13.613
6550, 379(0):4.621|4.918, 401(0):0.944|1.286, 39(0):0.510|0.927, 38(0):5.498|5.927, 38(0):11.974|12.576
6560, 417(0):4.601|4.770, 401(0):0.983|1.353, 41(0):0.427|0.452, 40(0):5.281|5.300, 41(0):12.466|12.740
6570, 398(1):4.615|5.092, 418(0):0.896|3.357, 41(0):0.430|0.441, 39(0):5.501|5.631, 43(0):13.023|13.473
6580, 338(1):4.659|5.670, 338(0):0.948|1.095, 34(0):0.452|0.490, 33(0):5.333|5.531, 35(0):13.006|13.180
6590, 318(1):4.770|5.516, 305(0):0.923|1.018, 30(0):0.434|0.452, 35(0):5.221|5.465, 31(0):13.050|13.519
6600, 354(5):5.013|5.298, 362(0):0.987|1.146, 36(0):0.448|0.457, 38(0):5.669|5.973, 37(0):12.863|13.076
6610, 382(3):4.888|5.665, 407(0):1.081|2.079, 40(0):0.439|0.498, 34(0):5.314|5.391, 34(0):14.547|15.553
6620, 374(4):4.928|5.279, 322(0):0.986|1.274, 35(0):0.422|0.705, 40(0):5.743|6.142, 38(0):14.060|15.073
6630, 342(21):5.693|5.902, 340(0):1.069|1.124, 34(0):0.519|0.556, 35(0):6.525|6.594, 31(0):14.919|15.418
6640, 361(7):5.271|6.526, 382(0):1.115|1.303, 37(0):0.447|0.781, 35(0):6.004|6.039, 41(0):14.620|15.877
6650, 422(8):5.042|5.455, 433(0):1.091|1.846, 43(0):0.516|0.564, 41(0):5.881|6.174, 43(0):15.223|15.717
6660, 438(2):4.829|5.127, 435(0):1.070|1.272, 43(0):0.464|0.494, 42(0):5.690|6.096, 38(0):13.068|13.327
6670, 434(0):4.652|4.945, 459(0):0.999|1.100, 45(0):0.481|0.519, 47(0):5.389|5.459, 47(0):12.721|12.858
6680, 337(0):4.609|4.812, 344(0):0.942|1.360, 33(0):0.406|0.459, 29(0):5.145|5.209, 33(0):12.926|13.311
6690, 443(0):4.575|4.792, 396(0):0.944|1.015, 43(0):0.397|0.416, 48(0):5.282|5.415, 47(0):11.928|13.048
6700, 389(1):4.668|5.050, 408(0):0.979|1.059, 40(0):0.508|0.537, 38(0):5.235|5.381, 36(0):12.591|13.003
6710, 386(1):4.836|5.044, 405(0):1.037|1.481, 38(0):0.474|0.629, 37(0):5.558|5.559, 38(0):12.464|13.217
6720, 378(0):4.643|4.741, 345(0):0.904|1.277, 38(0):0.443|0.496, 40(0):5.412|5.508, 40(0):12.554|12.563
6730, 342(0):4.674|4.917, 356(0):0.992|1.203, 35(0):0.577|0.711, 33(0):5.805|5.859, 33(0):12.978|13.136
6740, 374(0):4.660|4.901, 376(0):0.952|1.266, 36(0):0.459|0.505, 40(0):5.630|5.667, 38(0):11.803|12.722
6750, 369(1):4.791|5.071, 381(0):0.975|1.334, 38(0):0.502|0.557, 39(0):5.615|5.803, 34(0):12.902|13.231
6760, 308(2):4.801|5.109, 278(0):1.019|1.256, 30(0):0.448|0.491, 23(0):5.465|5.505, 33(0):13.292|13.774
6770, 371(0):4.877|4.991, 389(0):1.082|1.234, 38(0):0.442|0.550, 39(0):5.951|5.964, 40(0):12.457|12.460
6780, 378(2):4.771|5.308, 352(0):0.932|1.102, 37(0):0.480|0.508, 40(0):5.360|5.499, 35(0):12.728|13.034
6790, 395(0):4.649|4.786, 423(0):1.002|1.252, 40(0):0.506|0.518, 38(0):5.333|5.785, 43(0):12.542|13.197
6800, 415(1):4.670|5.063, 420(0):0.979|1.213, 41(0):0.419|0.444, 40(0):5.410|5.416, 38(0):12.384|12.939
6810, 447(1):4.742|5.446, 413(0):0.949|1.087, 44(0):0.496|0.612, 48(0):5.457|5.494, 45(0):12.866|13.197
6820, 381(0):4.439|4.752, 399(0):0.914|1.096, 40(0):0.582|0.649, 38(0):5.446|5.579, 41(0):12.521|13.394
6830, 419(1):4.786|5.375, 416(0):0.928|1.114, 41(0):0.425|0.432, 44(0):5.387|5.455, 39(0):12.857|12.870
6840, 355(1):4.832|5.037, 372(0):0.962|1.106, 35(0):0.438|0.472, 31(0):5.689|5.827, 37(0):12.647|12.806
6850, 402(3):4.861|5.322, 362(0):1.016|1.271, 39(0):0.488|0.572, 44(0):5.529|5.664, 39(0):12.498|13.249
6860, 346(2):4.835|5.397, 372(0):1.003|1.343, 37(0):0.422|0.504, 38(0):5.569|5.708, 31(0):12.295|13.863
6870, 386(22):5.757|6.988, 399(0):1.286|2.716, 38(0):0.557|0.558, 33(0):6.894|9.891, 44(0):13.305|13.531
6880, 358(0):4.619|4.826, 360(0):0.954|1.155, 37(0):0.396|0.412, 40(0):5.247|5.250, 36(0):12.248|12.297
6890, 348(1):4.866|5.109, 331(0):1.001|1.210, 33(0):0.556|0.633, 28(0):5.714|5.828, 30(0):12.913|14.585
6900, 368(4):4.944|5.302, 381(0):1.013|1.130, 38(0):0.504|0.552, 46(0):5.692|5.808, 38(0):12.894|13.167
6910, 384(6):5.078|5.279, 343(0):1.020|1.116, 36(0):0.450|0.452, 29(0):5.797|5.814, 34(0):13.030|13.747
6920, 362(4):4.953|5.352, 417(0):1.040|1.235, 39(0):0.499|0.507, 41(0):5.776|6.006, 42(0):13.452|13.890
6930, 399(6):5.045|5.392, 401(0):1.114|3.422, 39(0):0.565|2.223, 34(0):5.660|5.708, 37(0):15.340|16.014
6940, 422(5):4.926|5.426, 401(0):1.005|1.180, 42(0):0.469|0.611, 47(0):5.734|5.948, 45(0):13.739|14.198
6950, 411(3):4.830|6.952, 405(0):1.023|1.171, 42(0):0.459|0.563, 44(0):5.649|6.000, 43(0):12.656|12.671
6960, 378(0):4.763|4.986, 389(0):1.071|1.432, 37(0):0.474|0.502, 35(0):5.419|5.564, 37(0):13.258|13.280
6970, 367(0):4.697|4.921, 385(0):0.951|1.028, 35(0):0.429|0.479, 36(0):5.459|5.512, 36(0):12.758|13.050
6980, 359(0):4.725|4.999, 357(0):0.976|1.158, 38(0):0.598|0.599, 33(0):5.341|5.344, 36(0):12.837|13.640
6990, 354(0):4.690|4.906, 341(0):1.056|1.169, 36(0):0.452|0.454, 42(0):5.438|5.486, 32(0):12.425|13.071
7000, 423(0):4.652|4.966, 410(0):0.942|1.231, 41(0):0.410|0.427, 37(0):5.212|5.487, 45(0):12.754|13.582
7010, 412(1):4.720|5.506, 414(0):1.032|1.540, 41(0):0.544|0.578, 44(0):5.468|5.489, 44(0):12.933|14.654
7020, 382(0):4.623|4.756, 375(0):0.923|0.979, 38(0):0.449|0.474, 38(0):5.484|5.572, 38(0):12.762|13.825
7030, 379(0):4.781|4.857, 372(0):0.925|0.972, 38(0):0.438|0.480, 39(0):5.212|5.366, 35(0):12.385|13.030
7040, 417(17):5.556|5.966, 466(0):1.304|1.420, 43(0):0.495|0.544, 38(0):6.237|6.336, 44(2):19.999|21.157
7050, 454(3):4.890|5.136, 415(0):1.073|1.226, 44(0):0.458|0.485, 47(0):5.831|5.913, 41(0):12.404|12.923
7060, 352(1):4.886|5.159, 357(0):0.939|1.210, 36(0):0.451|0.463, 39(0):5.422|5.821, 38(0):12.514|13.883
7070, 384(1):4.546|5.158, 388(0):0.972|1.212, 38(0):0.395|0.458, 34(0):5.546|5.683, 38(0):13.499|14.352
7080, 301(2):4.675|5.532, 317(0):0.925|1.002, 32(0):0.509|0.698, 32(0):5.271|5.375, 34(0):12.749|14.196
7090, 326(1):4.747|8.945, 314(0):0.909|1.093, 31(0):0.450|0.510, 33(0):5.276|5.360, 31(0):11.981|12.065
7100, 382(1):4.655|6.749, 390(0):0.878|0.912, 38(0):0.585|0.638, 39(0):5.475|5.561, 37(0):11.935|12.601
7110, 414(2):4.703|5.090, 406(0):0.965|1.150, 41(0):0.457|0.520, 39(0):5.306|5.705, 35(0):13.203|13.451
7120, 312(0):4.666|4.814, 304(0):0.957|1.055, 31(0):0.490|0.587, 33(0):5.411|5.560, 40(0):13.117|13.626
7130, 393(1):4.852|5.114, 417(0):0.975|1.110, 41(0):0.481|0.508, 36(0):5.352|5.415, 39(0):11.701|11.822
7140, 363(0):4.729|4.893, 356(0):0.997|1.078, 35(0):0.541|0.551, 40(0):5.629|5.778, 30(0):12.879|12.962
7150, 339(0):4.748|4.970, 323(0):0.950|1.323, 35(0):0.442|0.499, 30(0):5.685|5.733, 39(0):12.508|13.002
7160, 400(0):4.668|4.906, 384(0):0.964|1.026, 39(0):0.584|0.626, 42(0):5.307|5.354, 40(0):12.801|13.302
7170, 435(1):4.648|5.067, 450(0):0.948|1.120, 43(0):0.508|0.518, 40(0):5.391|5.477, 44(0):12.826|13.369
7180, 425(0):4.648|4.731, 418(0):0.984|1.098, 43(0):0.440|0.486, 48(0):5.335|5.362, 44(0):11.715|12.066
7190, 421(1):4.762|5.501, 440(0):0.961|1.037, 43(0):0.532|0.678, 40(0):5.616|5.809, 42(0):13.799|13.922
7200, 343(1):4.838|5.448, 352(0):0.975|1.172, 33(0):0.531|0.601, 32(0):5.270|5.533, 32(0):12.745|12.969

STOPPING THREADS........................................................................................................................................................................................................

<Raw Results>
  [0] sc:269381  lt:2902  rt:0  fl:0 
  [1] sc:272311  lt:5  rt:0  fl:0 
  [2] sc:27229  lt:0  rt:0  fl:0 
  [3] sc:27228  lt:0  rt:0  fl:0 
  [4] sc:27215  lt:15  rt:0  fl:0 
 in 7200 sec.

<Raw Results2(sum ver.)>
  [0] sc:269381  lt:2902  rt:0  fl:0 
  [1] sc:272311  lt:5  rt:0  fl:0 
  [2] sc:27229  lt:0  rt:0  fl:0 
  [3] sc:27228  lt:0  rt:0  fl:0 
  [4] sc:27215  lt:15  rt:0  fl:0 

<Constraint Check> (all must be [OK])
 [transaction percentage]
        Payment: 43.48% (>=43.0%) [OK]
   Order-Status: 4.35% (>= 4.0%) [OK]
       Delivery: 4.35% (>= 4.0%) [OK]
    Stock-Level: 4.35% (>= 4.0%) [OK]
 [response time (at least 90% passed)]
      New-Order: 98.93%  [OK]
        Payment: 100.00%  [OK]
   Order-Status: 100.00%  [OK]
       Delivery: 100.00%  [OK]
    Stock-Level: 99.94%  [OK]

<TpmC>
                 2269.025 TpmC
Start: 2013-08-06 10:54:39 - Finish: 2013-08-06 13:14:40
AVG Idle CPU: 0.00
AVG Commit: 81.94
