***************************************
*** ###easy### TPC-C Load Generator ***
***************************************
option h with value '192.241.149.101'
option d with value 'tpcc'
option u with value 'root'
option p with value 'password'
option w with value '80'
option c with value '800'
option r with value '1200'
option l with value '7200'
<Parameters>
     [server]: 192.241.149.101
     [port]: 3306
     [DBname]: tpcc
       [user]: root
       [pass]: password
  [warehouse]: 80
 [connection]: 800
     [rampup]: 1200 (sec.)
    [measure]: 7200 (sec.)

RAMP-UP TIME.(1200 sec.)

MEASURING START.

  10, 463(0):4.878|8.954, 474(0):1.037|4.514, 46(0):0.588|2.131, 39(0):6.303|9.398, 43(0):14.465|21.486
  20, 473(1):4.901|5.090, 495(0):1.056|1.202, 49(0):0.433|0.541, 53(0):5.731|5.745, 53(0):12.421|12.611
  30, 519(0):4.632|4.888, 478(0):0.927|1.070, 50(0):0.417|0.453, 63(0):5.770|19.255, 46(0):11.716|11.812
  40, 475(1):4.756|5.189, 512(0):1.008|1.155, 46(0):0.439|0.465, 45(0):5.790|5.910, 50(0):12.016|12.306
  50, 459(2):4.736|5.979, 424(0):0.949|1.318, 48(0):0.510|0.653, 47(0):5.568|5.655, 45(0):14.239|14.354
  60, 512(2):4.694|5.292, 528(0):1.018|4.730, 52(0):0.475|0.549, 45(0):5.566|5.579, 51(0):11.988|12.062
  70, 519(0):4.557|4.704, 532(0):0.974|1.195, 51(0):0.538|0.579, 55(0):5.668|5.962, 52(0):11.716|12.146
  80, 584(1):4.659|5.047, 586(0):1.065|1.410, 59(0):0.605|0.609, 54(0):5.617|6.153, 59(0):12.423|13.153
  90, 464(4):4.629|7.212, 471(0):1.006|1.204, 47(0):0.451|0.471, 49(0):5.735|5.776, 49(0):11.486|12.356
 100, 541(1):4.517|5.079, 534(0):0.907|1.008, 53(0):0.476|0.739, 43(0):5.436|5.452, 51(0):12.157|12.915
 110, 443(0):4.469|4.693, 455(0):0.959|1.117, 47(0):0.478|0.569, 63(0):5.531|5.748, 48(0):11.427|11.578
 120, 533(1):4.814|5.504, 495(0):1.002|1.193, 50(0):0.438|0.495, 41(0):5.670|6.141, 47(0):11.753|12.141
 130, 462(0):4.571|4.846, 483(0):1.020|1.061, 46(0):0.444|0.481, 51(0):5.483|5.665, 50(0):12.509|12.869
 140, 512(1):4.696|5.005, 520(0):0.925|1.096, 53(0):0.491|1.085, 47(0):5.451|5.821, 50(0):11.996|12.479
 150, 510(0):4.442|4.805, 494(0):0.952|1.152, 50(0):0.453|0.550, 48(0):5.623|5.712, 48(0):12.904|13.821
 160, 434(1):4.583|5.466, 436(0):0.963|1.058, 44(0):0.419|0.420, 48(0):5.643|5.760, 45(0):12.308|12.726
 170, 491(1):4.753|5.648, 523(0):1.032|1.545, 51(0):0.498|0.518, 51(0):5.800|5.811, 49(0):11.900|11.981
 180, 479(4):4.877|6.126, 444(0):1.175|1.935, 45(0):0.483|0.799, 52(0):5.668|5.704, 48(0):12.999|13.072
 190, 637(40):5.738|7.179, 616(0):1.413|1.802, 60(0):0.565|0.603, 64(0):6.580|6.765, 61(0):16.104|16.115
 200, 610(11):5.177|5.902, 611(0):1.068|1.417, 63(0):0.516|0.576, 50(0):6.906|6.961, 65(0):13.031|13.808
 210, 473(4):4.919|5.196, 503(0):1.084|1.370, 49(0):0.635|0.798, 49(0):5.748|6.278, 49(0):12.570|13.539
 220, 591(3):4.926|5.451, 561(0):0.987|1.324, 58(0):0.705|0.752, 65(0):5.786|5.787, 55(0):12.946|13.463
 230, 511(0):4.667|4.924, 528(0):1.054|1.526, 51(0):0.477|0.550, 43(0):5.853|6.015, 49(0):12.006|12.401
 240, 503(2):4.804|5.985, 555(0):0.994|1.125, 53(0):0.501|0.512, 51(0):6.047|6.300, 58(0):12.635|13.147
 250, 467(2):4.725|5.463, 424(0):0.934|1.043, 44(0):0.447|0.553, 44(0):5.806|5.868, 45(0):11.996|12.040
 260, 482(1):4.746|5.107, 478(0):0.939|1.322, 48(0):0.556|0.718, 54(0):5.636|5.961, 48(0):12.985|13.324
 270, 552(21):5.194|6.763, 554(0):1.127|4.473, 58(0):0.652|0.677, 50(0):6.147|6.151, 56(0):13.772|14.340
 280, 571(13):5.099|5.407, 560(0):0.997|1.204, 56(0):0.488|0.527, 60(0):6.345|6.430, 54(0):13.272|14.128
 290, 573(9):5.057|6.789, 568(0):1.011|1.225, 57(0):0.567|0.799, 56(0):5.888|6.005, 55(0):12.056|13.039
 300, 472(1):4.550|5.513, 501(0):0.956|1.013, 48(0):0.506|0.524, 51(0):5.798|5.838, 50(0):12.513|14.027
 310, 575(4):4.804|5.487, 528(0):0.975|1.433, 55(0):0.553|0.573, 62(0):5.760|5.943, 55(0):12.275|13.234
 320, 526(7):5.026|7.825, 554(0):1.030|1.345, 54(0):0.467|0.470, 36(0):5.536|5.804, 56(0):12.245|14.041
 330, 541(0):4.721|4.910, 541(0):0.989|1.068, 54(0):0.501|0.501, 61(0):5.835|5.969, 53(0):12.442|13.185
 340, 496(1):4.703|5.073, 485(0):0.958|1.072, 50(0):0.466|0.486, 51(0):5.642|5.868, 47(0):12.408|12.777
 350, 465(2):4.675|5.108, 528(0):1.036|1.425, 49(0):0.519|0.532, 50(0):5.418|5.610, 48(0):12.437|13.364
 360, 476(1):4.807|5.044, 429(0):0.986|1.134, 46(0):0.476|0.610, 58(0):5.496|5.668, 52(0):12.749|13.265
 370, 586(5):4.976|5.142, 584(0):1.130|1.290, 56(0):0.526|0.531, 52(0):5.710|5.744, 56(0):11.738|12.003
 380, 437(1):4.753|5.146, 417(0):0.950|1.339, 45(0):0.480|0.500, 38(0):5.800|6.074, 41(0):12.509|13.183
 390, 462(0):4.695|4.933, 479(0):0.971|1.067, 46(0):0.375|0.396, 41(0):5.544|6.021, 48(0):12.345|12.403
 400, 457(0):4.282|4.499, 485(0):0.997|1.413, 47(0):0.424|0.480, 51(0):5.436|5.612, 49(0):12.082|12.140
 410, 494(1):4.502|5.051, 490(0):0.969|1.049, 49(0):0.481|0.502, 57(0):5.766|5.779, 49(0):13.069|13.408
 420, 453(0):4.670|4.863, 449(0):0.957|2.698, 46(0):0.460|0.548, 35(0):5.863|6.004, 47(0):12.618|14.444
 430, 477(1):4.545|5.006, 442(0):0.960|1.131, 44(0):0.477|0.515, 58(0):5.761|5.791, 44(0):13.728|14.046
 440, 538(0):4.777|4.986, 536(0):1.042|1.405, 56(0):0.452|0.557, 55(0):6.038|6.187, 49(0):12.151|12.466
 450, 411(1):4.693|5.259, 417(0):1.011|1.092, 40(0):0.456|0.468, 36(0):5.943|6.180, 47(0):12.506|12.712
 460, 476(2):4.736|5.427, 470(0):1.029|1.315, 49(0):0.447|0.486, 48(0):5.872|5.994, 43(0):12.141|12.616
 470, 443(0):4.653|4.891, 435(0):0.933|1.138, 44(0):0.450|0.488, 46(0):5.818|5.933, 45(0):11.440|12.318
 480, 514(1):4.643|5.119, 523(0):0.954|1.674, 50(0):0.483|0.758, 50(0):5.820|5.918, 51(0):12.768|12.870
 490, 512(17):5.309|5.638, 528(0):1.198|1.879, 54(0):0.633|0.635, 55(0):6.027|6.167, 49(0):14.141|14.489
 500, 506(46):5.569|6.164, 517(0):1.176|1.300, 49(0):0.584|0.655, 40(0):6.431|6.934, 56(0):15.612|15.677
 510, 461(25):5.380|5.765, 444(0):1.111|1.420, 47(0):0.647|0.744, 52(0):6.640|6.684, 45(0):14.506|15.311
 520, 419(27):5.418|5.909, 428(0):1.252|1.890, 43(0):0.579|0.993, 37(0):6.593|6.834, 46(0):14.025|14.144
 530, 517(17):5.198|5.809, 519(0):1.234|2.262, 49(1):0.638|9.374, 55(0):6.550|6.891, 51(0):14.037|14.072
 540, 575(2):4.859|5.107, 592(0):1.025|1.374, 57(0):0.542|0.594, 61(0):6.205|6.414, 53(0):12.401|13.881
 550, 479(12):5.154|5.564, 474(0):1.086|1.195, 50(0):0.531|0.565, 43(0):5.847|6.024, 51(0):13.075|14.163
 560, 490(16):5.306|5.855, 456(0):1.123|1.408, 47(0):0.494|0.615, 52(0):6.148|6.198, 48(0):14.121|14.795
 570, 455(6):5.000|5.419, 478(0):1.074|1.268, 48(0):0.486|0.530, 48(0):6.394|6.726, 45(0):13.750|14.055
 580, 512(23):5.316|6.493, 496(0):1.094|1.384, 50(0):0.569|0.585, 43(0):6.560|6.696, 51(0):13.030|14.148
 590, 414(7):5.033|5.780, 408(0):1.062|1.164, 40(0):0.557|0.602, 53(0):6.133|6.309, 41(0):12.662|12.755
 600, 414(5):4.969|7.464, 428(0):1.050|1.207, 44(0):0.567|0.598, 39(0):5.704|6.100, 42(0):12.271|12.877
 610, 481(7):5.174|8.360, 492(0):1.217|1.563, 48(0):0.563|0.729, 46(0):6.154|6.271, 48(0):17.066|17.539
 620, 438(1):4.489|5.148, 427(0):0.986|1.192, 42(0):0.462|0.550, 38(0):5.671|5.990, 42(0):11.851|12.042
 630, 461(0):4.583|4.967, 470(0):0.956|1.910, 48(0):0.515|0.580, 54(0):5.750|5.860, 49(0):12.299|13.083
 640, 440(3):4.775|5.077, 428(0):0.980|1.061, 44(0):0.464|0.595, 43(0):5.541|5.719, 47(0):12.439|13.379
 650, 540(3):4.776|5.320, 563(0):0.979|1.088, 55(0):0.612|0.690, 60(0):5.727|5.861, 53(0):12.101|12.132
 660, 505(0):4.653|5.000, 456(0):0.954|1.291, 47(0):0.695|0.701, 49(0):5.511|5.590, 47(0):12.243|12.940
 670, 472(2):4.879|5.014, 539(0):1.008|1.130, 52(0):0.470|0.488, 38(0):5.366|5.615, 52(0):14.383|14.750
 680, 466(8):5.021|5.125, 473(0):1.043|1.347, 47(0):0.618|0.642, 52(0):5.723|5.893, 48(0):12.781|12.803
 690, 453(2):4.861|5.027, 431(0):1.010|1.127, 41(0):0.440|0.478, 41(0):5.887|6.262, 41(0):11.798|11.956
 700, 534(3):4.800|5.552, 525(0):1.054|1.448, 55(0):0.537|0.637, 59(0):5.891|6.025, 53(0):12.509|12.516
 710, 633(4):4.728|6.500, 644(0):1.021|1.511, 64(0):0.475|0.543, 47(0):5.647|5.708, 67(0):12.952|15.386
 720, 513(4):4.735|7.493, 503(0):1.035|3.164, 51(0):0.519|0.533, 56(0):6.004|8.902, 46(0):12.059|12.066
 730, 459(0):4.557|4.710, 465(0):0.928|1.050, 47(0):0.515|0.643, 53(0):5.511|6.269, 49(0):12.336|12.724
 740, 518(6):4.938|6.873, 518(0):1.022|1.255, 50(0):0.528|0.549, 40(0):5.675|5.817, 47(0):12.221|12.574
 750, 477(4):4.892|5.894, 497(0):1.011|1.283, 49(0):0.491|0.513, 51(0):6.066|6.368, 55(0):13.526|13.777
 760, 462(0):4.617|4.740, 440(0):1.044|1.071, 45(0):0.457|0.465, 60(0):5.676|5.743, 37(0):11.892|11.984
 770, 544(1):4.644|5.059, 545(0):0.944|1.092, 55(0):0.456|0.486, 48(0):5.508|5.527, 60(0):13.579|14.594
 780, 439(0):4.606|4.771, 458(0):1.014|1.100, 44(0):0.470|0.483, 53(0):5.361|5.944, 44(0):12.504|13.192
 790, 489(21):5.315|5.855, 476(0):1.206|1.347, 49(0):0.679|0.768, 45(0):6.195|6.234, 49(0):14.334|16.408
 800, 549(11):5.221|5.784, 510(0):1.027|1.277, 54(0):0.506|0.511, 57(0):6.194|6.223, 52(0):14.748|15.124
 810, 390(6):5.110|5.534, 414(0):1.030|1.630, 39(0):0.470|0.536, 32(0):5.682|5.738, 41(0):12.461|14.274
 820, 462(0):4.732|4.942, 463(0):0.976|1.193, 47(0):0.482|0.606, 44(0):6.079|6.129, 42(0):16.071|17.092
 830, 415(1):4.790|5.021, 418(0):1.018|1.190, 40(0):0.486|0.519, 38(0):5.692|5.753, 42(0):12.935|13.475
 840, 357(3):4.897|7.524, 357(0):1.003|1.056, 37(0):0.559|0.712, 38(0):5.796|5.806, 40(0):12.895|13.622
 850, 471(2):4.911|6.220, 441(0):1.117|1.310, 43(0):0.521|0.563, 52(0):6.058|6.265, 45(0):13.107|13.160
 860, 493(30):5.591|6.938, 507(0):1.190|1.460, 53(0):0.535|0.654, 52(0):6.080|6.196, 51(0):17.818|18.851
 870, 463(1):4.605|5.844, 481(0):0.968|1.245, 46(0):0.465|0.592, 54(0):5.732|5.849, 44(0):13.474|13.544
 880, 479(1):4.567|5.020, 461(0):1.064|1.775, 47(0):0.489|0.575, 42(0):5.594|5.628, 50(0):12.264|12.325
 890, 455(0):4.735|4.970, 476(0):1.020|1.350, 48(0):0.456|0.598, 41(0):5.539|5.665, 45(0):12.820|13.209
 900, 518(1):4.638|5.178, 490(0):1.035|1.212, 49(0):0.539|0.777, 50(0):5.878|6.115, 52(0):12.556|13.469
 910, 415(0):4.622|4.999, 442(0):0.948|1.594, 44(0):0.467|0.518, 49(0):5.674|5.779, 45(0):11.805|13.392
 920, 466(1):4.675|5.099, 430(0):0.983|1.024, 44(0):0.547|0.748, 36(0):5.687|5.863, 43(0):12.475|13.590
 930, 432(1):4.656|5.138, 461(0):0.992|1.271, 45(0):0.453|0.461, 58(0):6.062|6.192, 41(0):11.876|12.656
 940, 383(0):4.578|4.665, 392(0):0.971|1.185, 38(0):0.437|0.489, 24(0):5.560|5.612, 42(0):11.901|12.168
 950, 419(1):4.704|5.084, 413(0):0.898|0.945, 41(0):0.451|0.488, 48(0):5.524|5.682, 40(0):11.920|12.110
 960, 443(3):4.852|7.938, 461(0):0.945|0.985, 45(0):0.445|0.490, 48(0):5.641|5.674, 47(0):12.814|13.232
 970, 473(0):4.748|4.976, 481(0):0.942|1.097, 48(0):0.407|0.458, 45(0):5.629|5.642, 48(0):12.601|13.895
 980, 509(0):4.607|4.871, 491(0):0.983|1.230, 50(0):0.485|0.512, 50(0):5.925|6.116, 51(0):12.950|13.090
 990, 519(2):4.737|5.158, 529(0):1.052|1.465, 54(0):0.551|0.578, 51(0):5.607|5.790, 50(0):12.275|12.414
1000, 502(2):4.906|5.337, 468(0):1.157|4.035, 48(0):0.497|0.504, 54(0):5.951|6.022, 47(0):13.949|13.985
1010, 527(1):4.841|5.152, 535(0):1.171|1.495, 51(0):0.495|0.541, 49(0):5.822|6.096, 54(0):14.391|14.528
1020, 572(7):5.042|5.566, 577(0):1.108|1.369, 60(0):0.570|0.588, 55(0):5.916|5.953, 58(0):13.284|13.749
1030, 382(3):4.899|5.436, 436(0):1.058|1.339, 40(0):0.578|0.585, 40(0):5.851|5.895, 41(0):14.839|15.756
1040, 454(3):4.948|6.268, 454(0):1.035|1.193, 43(0):0.616|0.733, 41(0):5.945|6.632, 46(0):12.777|13.214
1050, 492(2):4.876|5.176, 463(0):1.039|1.359, 49(0):0.525|0.793, 44(0):6.455|6.748, 49(0):11.925|11.938
1060, 466(7):5.129|5.484, 450(0):1.019|1.629, 48(0):0.518|0.591, 47(0):5.815|6.485, 39(0):12.766|13.125
1070, 440(4):4.931|5.172, 425(0):0.967|1.103, 41(0):0.492|0.526, 42(0):5.829|6.295, 50(0):12.967|14.049
1080, 415(0):4.672|4.853, 421(0):0.943|1.352, 44(0):0.550|0.571, 51(0):5.696|5.727, 43(0):13.191|13.338
1090, 493(28):5.929|7.520, 479(0):1.309|1.796, 49(0):0.801|1.109, 50(0):5.997|6.226, 48(0):16.304|16.430
1100, 447(15):5.537|6.479, 425(0):1.134|1.577, 43(0):0.523|0.534, 46(0):6.584|7.644, 42(0):12.943|13.173
1110, 512(4):4.841|5.355, 521(0):0.930|1.757, 53(0):0.465|0.539, 56(0):5.851|6.033, 52(0):13.071|14.054
1120, 470(3):4.810|5.398, 498(0):1.025|1.265, 47(0):0.713|0.906, 48(0):5.795|6.374, 46(0):14.351|14.865
1130, 461(2):4.785|5.100, 432(0):1.001|1.417, 45(0):0.501|0.538, 31(0):5.799|6.058, 50(0):12.763|14.205
1140, 480(0):4.650|4.837, 502(0):0.946|1.035, 48(0):0.460|1.638, 53(0):5.561|6.530, 49(0):12.519|13.407
1150, 468(1):4.775|5.433, 453(0):0.956|1.287, 47(0):0.482|0.489, 46(0):5.496|5.548, 41(0):12.070|12.972
1160, 473(2):4.815|5.263, 459(0):1.036|1.399, 47(0):0.484|0.545, 54(0):5.530|5.530, 45(0):12.318|12.465
1170, 506(2):4.690|5.286, 522(0):0.932|1.077, 50(0):0.429|0.442, 40(0):6.090|6.158, 55(0):12.096|12.141
1180, 460(5):4.980|6.016, 460(0):1.085|1.584, 46(0):0.586|0.645, 56(0):6.371|10.058, 45(0):13.588|13.884
1190, 540(7):5.001|7.554, 539(0):1.113|3.585, 52(0):0.506|0.507, 52(0):6.028|6.211, 55(0):14.083|16.062
1200, 443(0):4.633|4.846, 473(0):0.949|1.171, 46(0):0.418|0.460, 45(0):5.769|6.038, 46(0):12.809|13.016
1210, 453(4):4.956|6.335, 411(0):1.066|1.181, 45(0):0.585|0.629, 48(0):5.612|5.859, 45(0):13.232|13.341
1220, 452(4):4.979|5.286, 473(0):0.975|1.081, 47(0):0.436|0.446, 35(0):5.637|5.645, 43(0):12.388|12.714
1230, 486(0):4.458|4.625, 482(0):0.985|1.493, 48(0):0.426|0.432, 43(0):5.556|5.765, 49(0):11.637|11.663
1240, 447(0):4.701|4.846, 464(0):0.982|1.277, 46(0):0.475|0.565, 65(0):5.782|5.912, 43(0):12.543|13.324
1250, 491(0):4.648|4.832, 474(0):0.956|1.618, 46(0):0.456|0.509, 47(0):5.604|5.981, 51(0):11.938|12.545
1260, 454(0):4.584|4.929, 472(0):0.943|1.020, 47(0):0.455|0.460, 47(0):5.601|5.620, 46(0):12.893|13.447
1270, 424(1):4.694|5.058, 431(0):1.051|1.182, 45(0):0.495|0.761, 47(0):5.904|5.982, 46(0):11.631|11.944
1280, 300(0):4.769|4.862, 296(0):1.026|1.197, 28(0):0.422|0.481, 22(0):5.816|5.817, 29(0):13.596|14.453
1290, 497(3):4.811|5.039, 471(0):0.969|1.148, 49(0):0.468|0.470, 46(0):5.927|5.971, 49(0):13.407|13.737
1300, 468(1):4.776|5.215, 462(0):0.963|1.070, 47(0):0.468|0.498, 45(0):5.621|5.710, 39(0):11.832|12.795
1310, 496(0):4.666|4.992, 507(0):0.970|1.169, 50(0):0.405|0.652, 48(0):5.661|5.831, 54(0):12.110|12.316
1320, 470(1):4.720|5.019, 508(0):1.088|1.535, 49(0):0.503|0.663, 48(0):6.036|6.263, 48(0):12.545|12.919
1330, 521(0):4.703|4.998, 522(0):0.934|1.166, 53(0):0.536|0.562, 63(0):5.720|5.931, 58(0):12.197|12.401
1340, 569(1):4.542|6.475, 529(0):0.944|1.126, 53(0):0.557|0.650, 51(0):5.369|5.411, 49(0):11.593|12.035
1350, 504(1):4.688|5.278, 505(0):0.966|2.377, 50(0):0.457|0.602, 47(0):5.524|5.580, 50(0):13.038|13.291
1360, 334(2):4.893|6.164, 343(0):1.074|1.419, 34(0):0.461|0.520, 36(0):5.663|6.574, 38(0):13.792|14.531
1370, 509(5):4.945|5.253, 484(0):1.098|3.147, 50(0):0.461|0.464, 51(0):6.077|6.149, 49(0):11.883|12.055
1380, 491(3):4.805|5.391, 512(0):1.003|1.208, 49(0):0.502|0.518, 46(0):5.792|5.840, 48(0):13.208|13.578
1390, 471(10):5.141|6.179, 548(0):1.176|1.569, 53(0):0.971|1.943, 46(0):6.568|7.324, 48(0):14.452|15.471
1400, 572(16):5.224|6.700, 527(0):1.135|1.473, 54(0):0.625|0.643, 68(0):6.483|6.525, 62(0):13.938|14.273
1410, 492(4):4.841|5.136, 445(0):1.066|1.160, 48(0):0.501|0.548, 34(0):5.881|5.995, 47(0):12.529|12.576
1420, 454(12):5.159|5.658, 477(0):1.179|1.623, 45(0):0.494|0.538, 53(0):6.072|6.077, 44(0):14.083|14.199
1430, 487(3):4.933|7.479, 476(0):1.098|1.789, 47(0):0.574|0.642, 38(0):6.081|6.109, 46(0):13.027|13.448
1440, 513(2):4.737|5.172, 534(0):0.996|1.072, 52(0):0.429|0.448, 63(0):5.906|6.050, 54(0):12.034|12.057
1450, 554(2):4.746|5.030, 491(0):0.996|1.173, 56(0):0.475|0.594, 62(0):6.052|6.084, 52(0):12.672|14.021
1460, 408(2):4.812|5.033, 462(0):1.081|1.550, 43(0):0.511|0.636, 35(0):5.666|5.685, 43(0):12.877|13.132
1470, 455(4):4.962|5.228, 491(0):1.164|1.737, 47(0):0.488|0.670, 43(0):6.051|6.161, 44(0):13.329|13.964
1480, 561(9):5.087|5.223, 486(0):1.091|1.772, 52(0):0.479|0.487, 57(0):6.273|6.724, 53(0):12.703|12.894
1490, 607(3):4.898|5.718, 676(0):1.030|1.225, 63(0):0.514|0.526, 56(0):6.403|6.648, 67(0):12.277|12.297
1500, 441(13):5.326|5.994, 400(0):1.056|1.344, 44(0):0.510|0.521, 36(0):6.102|6.187, 41(0):13.939|14.842
1510, 436(2):4.852|5.321, 489(0):1.037|1.244, 43(0):0.444|0.479, 60(0):6.185|6.342, 45(0):11.889|12.130
1520, 498(5):4.982|6.221, 479(0):0.997|1.206, 51(0):0.557|0.594, 38(0):6.242|7.096, 49(0):12.685|13.094
1530, 410(1):4.635|5.054, 462(0):0.982|1.209, 44(0):0.428|0.474, 49(0):6.071|8.354, 46(0):11.594|15.011
1540, 470(0):4.699|4.866, 389(0):0.942|1.470, 42(0):0.460|0.500, 38(0):5.633|5.981, 45(0):12.665|12.979
1550, 428(1):4.595|5.122, 421(0):0.936|1.077, 44(0):0.442|0.525, 47(0):5.616|5.674, 44(0):14.508|14.823
1560, 533(0):4.690|4.899, 552(0):0.952|1.058, 53(0):0.496|0.629, 61(0):5.649|5.714, 49(0):11.672|12.250
1570, 424(0):4.725|4.879, 413(0):0.951|1.130, 43(0):0.440|0.471, 39(0):5.733|5.751, 42(0):12.151|12.330
1580, 461(3):4.916|5.315, 449(0):1.062|1.357, 45(0):0.454|0.548, 42(0):5.649|5.939, 50(0):12.616|12.699
1590, 485(1):4.700|5.029, 498(0):0.960|1.155, 49(0):0.439|0.504, 52(0):5.709|5.838, 49(0):11.621|11.742
1600, 504(0):4.612|4.914, 508(0):0.986|1.091, 49(0):0.507|0.510, 51(0):5.622|5.829, 48(0):11.992|12.002
1610, 446(0):4.552|4.914, 498(0):0.948|1.057, 48(0):0.511|0.522, 39(0):5.622|5.767, 46(0):12.135|13.003
1620, 443(0):4.648|4.931, 396(0):0.976|1.111, 43(0):0.449|0.451, 39(0):5.560|5.575, 46(0):12.005|12.265
1630, 410(4):4.873|6.764, 407(0):1.021|2.342, 40(0):0.496|0.602, 54(0):5.768|5.924, 37(0):13.342|13.959
1640, 442(1):4.639|5.098, 447(0):1.018|1.331, 46(0):0.494|0.566, 43(0):5.675|5.800, 41(0):12.082|13.426
1650, 498(0):4.544|4.741, 453(0):0.916|1.332, 48(0):0.471|0.570, 57(0):5.627|5.857, 56(0):12.247|12.871
1660, 490(1):4.738|5.152, 530(0):0.958|1.274, 50(0):0.475|0.555, 44(0):5.733|5.750, 48(0):12.917|13.124
1670, 466(1):4.717|5.250, 454(0):1.059|1.179, 44(0):0.610|0.633, 43(0):5.804|5.946, 43(0):12.304|13.801
1680, 422(1):4.817|5.299, 431(0):1.025|1.183, 45(0):0.524|0.577, 33(0):5.688|6.177, 47(0):12.598|12.922
1690, 415(15):5.260|6.090, 432(0):1.216|1.582, 42(0):0.737|0.956, 40(0):6.280|6.656, 43(0):15.245|17.419
1700, 528(61):5.703|6.744, 475(0):1.203|1.629, 50(0):0.585|0.927, 71(0):6.767|7.570, 42(0):13.933|15.143
1710, 430(25):5.321|6.741, 463(0):1.121|1.428, 45(0):0.620|0.678, 39(0):6.213|6.435, 52(0):13.712|13.979
1720, 449(21):5.419|7.263, 471(0):1.208|1.285, 44(0):0.480|0.721, 45(0):6.170|6.355, 42(0):13.878|14.052
1730, 463(3):4.928|5.262, 444(0):1.062|1.337, 46(0):0.446|0.624, 46(0):6.022|6.045, 48(0):13.793|14.097
1740, 509(1):4.598|5.081, 493(0):0.948|1.010, 51(0):0.476|0.562, 55(0):5.943|6.144, 47(0):12.681|12.744
1750, 559(2):4.695|5.117, 605(0):0.954|1.279, 57(0):0.521|0.544, 49(0):5.689|6.104, 58(0):12.240|12.445
1760, 515(6):4.926|5.508, 469(0):1.116|2.096, 49(0):0.505|0.526, 58(0):5.823|5.868, 52(0):15.847|16.112
1770, 596(0):4.545|4.965, 628(0):1.012|1.319, 64(0):0.480|0.486, 67(0):5.538|5.865, 65(0):12.222|12.392
1780, 632(2):4.677|5.230, 654(0):0.942|1.056, 63(0):0.480|0.543, 43(0):5.628|5.637, 63(0):11.460|11.740
1790, 387(2):4.757|5.309, 391(0):1.064|1.448, 39(0):0.597|0.622, 55(0):5.670|6.041, 40(0):14.505|16.357
1800, 552(2):4.785|5.268, 481(0):0.996|1.507, 52(0):0.442|0.519, 51(0):5.819|5.943, 46(0):11.349|13.749
1810, 408(2):4.941|5.415, 444(0):1.013|1.078, 40(0):0.538|0.588, 34(0):5.629|5.754, 44(0):12.422|12.446
1820, 477(0):4.570|4.728, 474(0):0.946|1.059, 49(0):0.456|0.463, 44(0):5.518|5.759, 50(0):12.909|13.234
1830, 473(3):4.642|8.243, 455(0):0.987|1.230, 47(0):0.492|0.533, 50(0):5.523|5.591, 43(0):12.285|12.413
1840, 444(1):4.837|5.511, 455(0):1.008|1.104, 44(0):0.449|0.468, 47(0):5.871|6.007, 47(0):12.428|13.262
1850, 435(0):4.634|4.825, 426(0):0.968|1.884, 42(0):0.471|0.528, 45(0):5.688|5.721, 42(0):13.012|13.073
1860, 426(1):4.595|5.272, 458(0):1.025|1.266, 45(0):0.572|0.847, 32(0):5.695|5.707, 45(0):12.529|12.550
1870, 451(0):4.711|4.967, 466(0):0.994|1.108, 48(0):0.468|0.484, 53(0):5.531|6.548, 43(0):11.994|12.043
1880, 526(1):4.725|5.295, 453(0):1.029|1.344, 48(0):0.522|0.533, 43(0):5.705|5.883, 52(0):13.494|13.532
1890, 396(1):4.714|5.061, 398(0):0.944|1.176, 41(0):0.562|0.638, 54(0):5.776|6.272, 41(0):11.845|12.565
1900, 510(0):4.625|4.907, 536(0):1.016|1.460, 52(0):0.470|0.533, 50(0):5.700|5.939, 50(0):11.635|11.647
1910, 341(3):4.901|5.681, 355(0):1.080|1.378, 34(0):0.539|0.826, 37(0):5.691|5.821, 37(0):11.913|13.342
1920, 437(0):4.615|4.791, 455(0):0.993|1.161, 43(0):0.482|0.514, 40(0):5.585|5.618, 45(0):12.526|12.833
1930, 471(1):4.593|5.165, 434(0):0.953|1.391, 47(0):0.457|0.492, 41(0):5.431|5.586, 42(0):13.554|13.958
1940, 478(0):4.505|4.879, 465(0):0.930|1.121, 47(0):0.437|0.497, 47(0):5.465|5.632, 51(0):12.077|12.332
1950, 502(0):4.555|4.787, 506(0):0.963|1.175, 51(0):0.573|0.653, 60(0):5.429|5.570, 48(0):11.939|12.387
1960, 428(0):4.541|4.895, 469(0):1.017|1.102, 43(0):0.442|0.495, 38(0):5.572|5.742, 46(0):12.073|13.161
1970, 408(0):4.678|4.806, 381(0):0.968|1.200, 40(0):0.446|0.520, 39(0):5.885|5.923, 36(0):12.343|13.084
1980, 462(0):4.764|4.863, 501(0):0.986|1.202, 49(0):0.519|0.525, 52(0):5.645|5.818, 46(0):11.868|12.337
1990, 433(11):5.343|5.836, 456(0):1.280|1.721, 43(0):0.607|0.650, 50(0):6.142|6.193, 50(0):14.929|16.637
2000, 479(22):5.694|6.734, 470(0):1.072|1.263, 45(0):0.429|0.488, 39(0):6.391|7.401, 45(0):12.341|12.954
2010, 548(3):4.853|5.194, 494(0):1.123|1.363, 55(0):0.487|0.594, 54(0):6.186|6.252, 54(0):12.740|13.368
2020, 391(4):4.963|5.339, 392(0):1.036|2.169, 38(0):0.507|0.519, 43(0):5.968|6.669, 39(0):12.653|12.746
2030, 491(3):4.881|6.093, 509(0):1.017|1.141, 51(0):0.483|0.495, 48(0):5.801|7.836, 47(0):12.978|15.484
2040, 364(1):4.720|5.037, 342(0):1.035|1.190, 37(0):0.532|0.570, 30(0):5.668|6.624, 39(0):12.383|13.179
2050, 417(0):4.775|4.908, 448(0):0.941|1.050, 42(0):0.457|0.458, 43(0):5.600|5.807, 41(0):12.583|13.090
2060, 394(3):4.886|5.168, 381(0):1.018|1.293, 40(0):0.523|0.551, 47(0):5.640|5.782, 36(0):12.331|13.219
2070, 515(4):4.763|5.755, 518(0):1.013|1.214, 51(0):0.503|0.523, 51(0):5.869|5.943, 56(0):12.124|12.432
2080, 401(3):4.875|5.279, 442(0):1.152|3.670, 38(0):0.456|0.596, 38(0):5.820|6.342, 40(0):12.321|12.608
2090, 491(8):5.082|5.562, 444(0):1.020|1.221, 52(0):0.475|0.517, 52(0):5.867|6.092, 51(0):12.608|12.833
2100, 444(0):4.641|4.936, 425(0):0.894|1.060, 42(0):0.408|0.494, 30(0):5.720|5.736, 39(0):12.916|13.701
2110, 535(0):4.567|4.813, 550(0):0.916|1.105, 54(0):0.459|0.576, 63(0):5.506|5.515, 57(0):12.191|12.524
2120, 451(2):4.662|5.258, 427(0):0.894|1.229, 45(0):0.447|0.469, 49(0):5.411|5.653, 46(0):12.584|12.861
2130, 568(0):4.505|4.939, 594(0):1.016|1.785, 58(0):0.596|1.349, 48(0):5.448|5.540, 58(0):11.705|12.663
2140, 414(1):4.627|5.422, 455(0):0.935|1.161, 42(0):0.480|0.536, 48(0):5.523|5.551, 40(0):12.100|14.439
2150, 493(0):4.418|4.699, 474(0):0.878|0.985, 48(0):0.494|0.709, 49(0):5.404|5.451, 49(0):13.249|14.302
2160, 503(0):4.437|4.733, 513(0):0.937|1.101, 51(0):0.428|0.512, 47(0):5.706|5.717, 50(0):11.917|12.227
2170, 422(4):4.852|5.170, 446(0):1.007|1.222, 39(0):0.444|0.471, 43(0):5.628|5.858, 42(0):12.316|12.452
2180, 478(3):4.908|5.458, 412(0):0.995|1.152, 49(0):0.452|0.495, 46(0):6.239|6.657, 47(0):12.741|13.815
2190, 441(0):4.643|4.743, 448(0):1.057|1.506, 45(0):0.488|0.686, 60(0):5.719|5.987, 45(0):11.693|11.781
2200, 486(0):4.604|4.979, 496(0):0.901|1.268, 49(0):0.469|0.475, 31(0):5.262|5.328, 48(0):11.166|11.176
2210, 475(1):4.692|5.129, 471(0):0.909|1.080, 47(0):0.540|0.637, 53(0):5.381|5.547, 43(0):12.379|12.504
2220, 466(2):4.844|6.610, 458(0):1.108|1.264, 46(0):0.568|0.583, 38(0):5.598|5.806, 50(0):12.283|13.836
2230, 437(1):4.707|5.166, 478(0):0.998|1.185, 47(0):0.463|0.619, 53(0):5.711|5.962, 41(0):13.066|13.623
2240, 478(1):4.708|5.022, 422(0):1.013|1.579, 45(0):0.444|0.628, 40(0):5.609|5.656, 50(0):11.114|11.215
2250, 373(0):4.564|4.883, 405(0):0.925|1.056, 39(0):0.540|0.552, 39(0):5.529|5.695, 41(0):11.991|13.227
2260, 403(1):4.686|5.090, 486(0):0.954|1.223, 36(0):0.456|0.479, 41(0):5.718|5.787, 40(0):11.901|11.948
2270, 485(2):4.689|5.359, 380(0):0.957|1.157, 51(0):0.471|0.493, 51(0):5.545|5.586, 44(0):12.176|12.649
2280, 423(1):4.588|5.129, 456(0):0.966|1.080, 44(0):0.455|0.456, 40(0):5.472|5.527, 44(0):12.524|12.758
2290, 448(6):5.087|5.502, 428(0):1.203|1.873, 42(0):0.480|0.572, 41(0):5.874|5.930, 43(0):13.575|14.930
2300, 585(11):5.143|5.490, 588(0):1.046|2.459, 58(0):0.442|0.531, 57(0):6.149|6.319, 61(0):12.863|12.864
2310, 438(3):4.891|5.205, 443(0):1.016|1.114, 45(0):0.695|0.803, 50(0):5.894|6.171, 45(0):12.651|13.451
2320, 408(2):4.774|5.797, 407(0):0.979|1.121, 43(0):0.474|0.501, 38(0):5.766|5.767, 43(0):12.056|12.329
2330, 522(0):4.530|4.908, 511(0):0.906|0.993, 51(0):0.490|0.551, 47(0):5.501|5.531, 52(0):11.804|11.844
2340, 436(2):4.661|5.109, 445(0):1.027|1.225, 43(0):0.438|0.496, 51(0):5.725|5.872, 41(0):12.122|12.475
2350, 454(4):4.764|5.645, 399(0):1.055|1.139, 44(0):0.618|0.767, 53(0):6.039|6.045, 39(0):13.497|13.802
2360, 453(7):5.039|6.146, 467(0):1.079|1.419, 46(0):0.673|0.741, 45(0):5.837|5.898, 49(0):12.800|12.934
2370, 335(15):5.251|5.757, 411(0):1.150|2.455, 36(0):0.661|0.730, 28(0):6.105|6.193, 36(0):13.246|14.282
2380, 465(23):5.304|5.582, 384(0):1.178|1.429, 44(0):0.554|0.803, 55(0):6.806|6.829, 46(0):13.721|13.929
2390, 458(47):5.785|6.554, 490(0):1.246|1.538, 48(0):0.641|0.838, 43(0):6.999|7.678, 46(0):14.615|14.753
2400, 505(10):5.122|5.858, 491(0):1.120|1.494, 47(0):0.570|1.898, 43(0):6.468|6.606, 49(0):13.331|13.495
2410, 469(12):5.133|5.335, 458(0):1.175|2.085, 44(0):0.490|0.550, 51(0):6.180|7.563, 45(0):13.467|13.670
2420, 463(3):4.805|5.276, 482(0):0.982|1.207, 52(0):0.649|0.711, 48(0):5.805|5.822, 48(0):12.144|13.330
2430, 427(9):5.167|7.306, 417(0):1.117|2.338, 40(0):0.504|0.746, 39(0):5.899|6.327, 42(0):13.384|14.207
2440, 435(11):5.115|5.889, 440(0):1.265|2.091, 46(0):0.481|0.498, 51(0):6.497|7.054, 45(0):13.435|15.852
2450, 521(6):4.997|5.542, 528(0):1.096|1.398, 51(0):0.526|0.693, 34(0):5.707|6.013, 54(0):13.020|13.247
2460, 464(9):5.113|5.418, 488(0):1.049|1.234, 48(0):0.464|0.473, 53(0):6.033|6.455, 48(0):13.114|13.754
2470, 447(4):4.883|5.291, 423(0):1.054|1.313, 43(0):0.490|0.525, 43(0):6.002|6.116, 41(0):12.773|12.847
2480, 521(7):5.021|7.429, 504(0):1.060|1.861, 51(0):0.551|0.758, 52(0):6.504|6.696, 48(0):12.150|14.032
2490, 514(7):5.009|5.603, 492(0):1.209|3.707, 52(0):0.591|0.939, 55(0):5.845|6.313, 57(0):13.690|13.695
2500, 383(4):4.930|5.370, 426(0):1.104|1.420, 41(0):0.667|0.669, 44(0):5.766|5.766, 40(0):13.129|13.637
2510, 477(5):4.939|5.661, 495(0):1.104|3.380, 46(0):0.555|0.562, 39(0):5.986|6.445, 44(0):12.691|12.779
2520, 434(8):5.290|7.188, 423(0):1.056|1.662, 45(0):0.439|0.470, 55(0):5.977|6.178, 44(0):14.250|14.331
2530, 479(4):4.845|5.951, 452(0):0.906|1.672, 46(0):0.472|0.482, 40(0):5.837|5.883, 50(0):13.083|13.579
2540, 460(0):4.439|4.781, 441(0):0.965|1.547, 45(0):0.444|0.449, 56(0):5.616|5.671, 44(0):12.116|12.610
2550, 446(0):4.305|4.702, 525(0):0.905|1.243, 49(0):0.453|0.472, 36(0):5.361|5.415, 43(0):11.555|11.697
2560, 361(4):4.990|5.360, 323(0):1.109|2.787, 34(0):0.472|0.482, 38(0):5.611|5.786, 41(0):12.412|12.750
2570, 454(9):5.085|5.499, 423(0):1.036|1.217, 44(0):0.473|0.492, 48(0):5.658|6.019, 42(0):13.141|13.291
2580, 403(5):4.949|5.313, 447(0):1.075|1.584, 42(0):0.466|0.515, 43(0):5.915|5.944, 40(0):12.014|12.858
2590, 404(14):5.578|6.829, 411(0):1.302|1.950, 42(0):0.624|0.664, 43(0):6.439|6.800, 43(0):15.417|15.516
2600, 536(42):5.545|6.191, 516(0):1.196|3.742, 51(0):0.541|4.134, 44(0):6.737|6.906, 50(0):14.857|15.056
2610, 478(14):5.203|5.368, 454(0):1.087|1.317, 48(0):0.558|0.614, 50(0):6.317|6.439, 47(0):16.747|16.964
2620, 447(11):5.241|5.721, 456(0):1.062|1.406, 45(0):0.544|0.730, 43(0):6.108|6.133, 45(0):14.051|14.693
2630, 390(5):5.017|5.458, 412(0):1.067|2.134, 38(0):0.542|0.589, 37(0):6.290|6.773, 43(0):11.705|12.703
2640, 405(0):4.600|4.859, 375(0):0.962|1.092, 40(0):0.445|0.593, 41(0):5.527|5.537, 38(0):11.691|12.143
2650, 443(0):4.392|4.763, 510(0):0.939|1.191, 45(0):0.388|0.445, 38(0):5.518|5.588, 47(0):12.074|12.253
2660, 442(2):4.647|5.859, 422(0):0.939|1.361, 43(0):0.415|0.561, 43(0):5.361|5.437, 42(0):13.026|13.547
2670, 451(2):4.703|5.621, 442(0):0.958|1.519, 47(0):0.445|0.682, 57(0):5.457|5.741, 44(0):11.323|12.055
2680, 448(2):4.890|5.190, 439(0):1.054|1.737, 46(0):0.494|0.534, 41(0):5.782|5.845, 43(0):13.619|14.406
2690, 459(4):4.984|5.634, 436(0):1.149|2.388, 44(0):0.603|0.620, 42(0):6.118|6.496, 44(0):15.189|16.018
2700, 442(4):4.717|5.555, 482(0):0.958|1.067, 46(0):0.423|0.485, 47(0):6.433|6.548, 49(0):12.092|12.301
2710, 491(1):4.657|6.863, 458(0):0.962|1.248, 48(0):0.618|0.619, 46(0):5.450|5.521, 51(0):18.815|19.118
2720, 385(0):4.542|4.737, 385(0):0.932|1.195, 38(0):0.411|0.414, 36(0):5.734|6.097, 39(0):12.509|12.834
2730, 488(1):4.454|5.432, 525(0):0.885|1.124, 51(0):0.550|0.578, 50(0):5.679|5.760, 47(0):11.512|11.518
2740, 438(0):4.361|4.620, 404(0):0.909|1.319, 40(0):0.409|0.520, 53(0):5.209|5.231, 41(0):12.501|12.644
2750, 499(0):4.448|4.799, 521(0):0.967|1.491, 53(0):0.479|0.642, 48(0):5.206|6.023, 51(0):11.075|11.106
2760, 471(0):4.388|4.492, 454(0):0.953|1.049, 45(0):0.438|0.501, 33(0):5.375|5.440, 47(0):11.511|13.437
2770, 410(0):4.381|4.549, 429(0):0.864|1.029, 43(0):0.432|0.471, 49(0):5.199|5.494, 43(0):11.723|11.731
2780, 439(0):4.463|4.744, 403(0):0.912|1.428, 43(0):0.409|0.457, 54(0):5.406|5.409, 40(0):12.252|13.205
2790, 491(0):4.679|4.959, 521(0):0.986|2.390, 50(0):0.502|0.561, 40(0):5.728|5.787, 49(0):11.620|11.745
2800, 418(1):4.535|5.590, 416(0):0.956|1.279, 42(0):0.429|0.651, 38(0):5.264|5.265, 48(0):11.701|11.766
2810, 459(3):4.799|5.182, 459(0):1.007|1.132, 46(0):0.456|0.485, 54(0):5.728|6.269, 43(0):12.249|13.921
2820, 482(3):4.963|6.952, 474(0):1.038|1.970, 47(0):0.453|0.520, 53(0):5.804|6.252, 48(0):12.179|12.181
2830, 525(3):4.845|7.109, 522(0):0.997|4.297, 53(0):0.513|0.676, 43(0):5.423|5.543, 53(0):11.612|13.489
2840, 485(0):4.561|4.800, 513(0):0.909|1.108, 50(0):0.389|0.404, 59(0):5.721|5.896, 48(0):11.412|11.753
2850, 550(0):4.270|4.524, 528(0):0.918|1.064, 52(0):0.439|0.502, 42(0):5.032|5.055, 55(0):11.378|11.431
2860, 461(0):4.486|4.696, 496(0):1.005|1.502, 46(0):0.618|0.666, 52(0):5.180|5.299, 48(0):11.702|11.828
2870, 428(0):4.651|4.853, 398(0):1.029|1.364, 43(0):0.444|0.514, 43(0):6.018|6.278, 43(0):13.120|13.559
2880, 474(1):4.709|5.041, 465(0):0.974|1.755, 47(0):0.471|0.623, 50(0):6.133|6.303, 46(0):12.456|12.740
2890, 452(36):6.079|8.051, 463(0):1.470|2.285, 46(0):0.511|0.581, 35(0):6.531|10.437, 46(2):19.999|24.626
2900, 510(60):5.919|8.506, 489(0):1.252|2.475, 51(0):0.540|0.705, 52(0):7.016|7.260, 47(0):13.755|13.773
2910, 393(1):4.816|5.513, 430(0):0.975|1.262, 42(0):0.520|0.527, 47(0):5.962|6.349, 46(0):13.921|15.666
2920, 455(11):5.086|5.461, 458(0):1.061|1.238, 43(0):0.488|0.503, 45(0):5.866|6.343, 43(0):12.498|13.896
2930, 487(5):4.977|5.362, 467(0):1.022|1.238, 49(0):0.565|0.597, 35(0):5.733|5.831, 51(0):17.502|18.227
2940, 460(1):4.681|5.614, 466(0):0.975|1.092, 46(0):0.446|0.568, 55(0):5.916|9.048, 39(0):11.981|12.350
2950, 401(1):4.653|5.253, 408(0):0.992|1.176, 42(0):0.527|0.860, 45(0):5.571|5.617, 45(0):11.381|12.435
2960, 371(0):4.699|4.910, 376(0):1.017|1.566, 36(0):0.461|0.513, 32(0):5.661|5.994, 36(0):12.345|13.062
2970, 414(0):4.664|4.890, 410(0):1.014|1.324, 41(0):0.439|0.536, 47(0):5.797|5.855, 43(0):11.767|13.007
2980, 484(3):4.886|5.241, 466(0):1.035|1.091, 46(0):0.503|0.554, 42(0):5.795|5.913, 47(0):12.664|14.671
2990, 432(2):4.864|5.070, 413(0):0.999|1.179, 45(0):0.456|0.481, 43(0):6.015|6.021, 44(0):12.714|12.859
3000, 438(2):4.758|5.571, 458(0):1.000|1.424, 44(0):0.419|0.502, 46(0):6.113|6.148, 46(0):13.755|15.127
3010, 585(0):4.565|4.920, 542(0):1.010|1.185, 57(0):0.521|0.541, 57(0):5.546|5.597, 52(0):12.993|13.461
3020, 432(1):4.776|5.456, 512(0):0.939|1.155, 46(0):0.537|0.579, 46(0):5.676|6.101, 46(0):12.457|13.583
3030, 428(1):4.606|5.028, 356(0):1.029|1.448, 41(0):0.590|0.648, 49(0):5.481|5.657, 45(0):12.275|12.389
3040, 418(0):4.709|4.801, 437(0):0.994|1.191, 42(0):0.432|0.611, 43(0):5.773|5.789, 40(0):12.920|13.769
3050, 432(0):4.677|4.961, 457(0):1.055|1.599, 44(0):0.483|0.498, 47(0):5.473|5.474, 47(0):12.373|13.110
3060, 380(0):4.742|4.973, 384(0):1.039|1.408, 37(0):0.440|0.453, 34(0):5.735|5.882, 36(0):12.019|12.606
3070, 450(2):4.690|6.568, 424(0):0.999|1.078, 46(0):0.489|0.513, 47(0):5.729|5.956, 41(0):12.166|12.519
3080, 415(0):4.733|4.923, 403(0):0.965|1.028, 41(0):0.454|0.541, 40(0):5.418|5.762, 40(0):12.151|12.552
3090, 471(1):4.530|5.273, 494(0):0.954|1.015, 48(0):0.444|0.523, 52(0):5.656|7.197, 54(0):11.596|11.666
3100, 526(1):4.566|5.295, 512(0):0.947|1.088, 50(0):0.517|0.524, 35(0):5.545|5.614, 44(0):12.171|12.374
3110, 447(1):4.594|5.450, 463(0):1.124|1.373, 45(0):0.525|0.563, 49(0):5.599|5.863, 48(0):12.897|13.836
3120, 483(0):4.650|4.864, 465(0):0.941|1.224, 50(0):0.503|0.864, 47(0):5.820|6.222, 52(0):12.345|13.090
3130, 422(0):4.631|4.811, 427(0):0.971|1.429, 41(0):0.433|0.509, 58(0):5.489|5.788, 40(0):12.731|13.906
3140, 433(0):4.689|4.976, 459(0):0.959|1.339, 44(0):0.516|0.546, 39(0):5.669|5.741, 43(0):12.034|12.827
3150, 477(6):5.007|5.203, 434(0):0.970|1.173, 47(0):0.505|0.526, 41(0):5.564|5.657, 49(0):14.056|16.040
3160, 443(3):4.849|5.413, 431(0):1.009|1.434, 44(0):0.517|0.549, 53(0):5.835|6.340, 43(0):12.842|13.263
3170, 493(2):4.765|5.211, 523(0):1.062|1.195, 51(0):0.479|0.514, 40(0):5.993|6.402, 49(0):12.191|12.442
3180, 526(6):4.946|5.511, 514(0):1.044|1.341, 52(0):0.498|0.533, 57(0):5.765|5.924, 51(0):12.872|13.118
3190, 427(10):5.171|7.059, 411(0):1.186|1.737, 42(0):0.560|0.737, 38(0):5.874|6.016, 43(0):14.775|15.202
3200, 449(12):5.176|6.148, 480(0):1.072|1.293, 47(0):0.581|0.584, 48(0):6.337|7.497, 46(0):13.270|13.376
3210, 474(1):4.754|5.095, 467(0):0.956|1.239, 45(0):0.430|0.547, 38(0):5.766|6.028, 47(0):12.981|13.355
3220, 431(4):4.964|5.245, 429(0):1.041|1.114, 44(0):0.504|0.560, 45(0):6.006|6.015, 44(0):13.778|14.413
3230, 440(10):5.080|5.450, 488(0):1.113|1.713, 46(0):0.452|0.492, 53(0):5.730|6.101, 42(0):12.227|13.193
3240, 505(2):4.762|6.043, 479(0):1.045|1.705, 49(0):0.454|0.456, 37(0):5.987|6.717, 53(0):14.112|14.812
3250, 440(0):4.499|4.733, 449(0):1.017|1.264, 44(0):0.404|0.458, 63(0):5.638|5.640, 43(0):13.236|13.281
3260, 486(0):4.611|4.851, 435(0):0.963|1.140, 46(0):0.489|0.573, 42(0):5.440|6.039, 50(0):11.709|12.025
3270, 307(0):4.777|4.941, 338(0):0.996|1.109, 33(0):0.495|0.593, 23(0):5.515|5.602, 30(0):14.217|14.571
3280, 472(3):4.931|5.386, 471(0):0.952|1.117, 47(0):0.538|0.756, 52(0):5.807|5.934, 50(0):12.016|12.630
3290, 394(1):4.845|5.097, 416(0):1.017|1.125, 41(0):0.460|0.586, 33(0):5.828|6.124, 40(0):12.728|13.035
3300, 457(5):4.967|6.677, 448(0):1.011|1.331, 45(0):0.629|0.635, 54(0):5.933|6.076, 42(0):12.411|12.639
3310, 457(1):4.675|5.124, 425(0):1.003|1.178, 44(0):0.431|0.451, 43(0):5.583|5.623, 48(0):12.517|13.193
3320, 463(1):4.594|5.054, 488(0):0.982|1.141, 46(0):0.518|3.871, 40(0):5.776|5.968, 44(0):12.484|12.742
3330, 383(0):4.636|4.979, 360(0):0.989|1.043, 39(0):0.493|0.622, 44(0):5.646|6.343, 37(0):11.856|12.037
3340, 437(2):4.824|5.070, 459(0):1.077|2.079, 45(0):0.545|0.556, 40(0):5.620|5.675, 49(0):11.689|11.754
3350, 447(2):4.746|5.045, 447(0):1.017|1.080, 44(0):0.501|0.616, 59(0):5.673|5.701, 38(0):12.103|12.686
3360, 459(1):4.873|5.170, 455(0):1.046|1.352, 46(0):0.577|0.595, 33(0):5.491|5.524, 52(0):12.665|13.422
3370, 433(0):4.779|4.911, 420(0):0.928|1.275, 42(0):0.453|0.468, 37(0):5.754|6.249, 43(0):12.707|12.747
3380, 345(5):5.040|5.163, 353(0):1.051|1.143, 36(0):0.456|0.586, 38(0):6.202|6.654, 35(0):13.219|13.588
3390, 401(0):4.645|4.989, 424(0):0.961|1.140, 41(0):0.510|0.533, 37(0):5.723|5.723, 37(0):12.573|13.827
3400, 434(0):4.595|4.850, 417(0):0.971|1.250, 40(0):0.409|0.475, 54(0):5.806|6.021, 41(0):11.826|12.482
3410, 425(2):4.626|5.182, 469(0):1.020|1.449, 46(0):0.510|0.607, 36(0):5.627|5.949, 47(0):12.546|12.619
3420, 398(2):4.881|5.786, 360(0):1.044|2.747, 38(0):0.561|0.676, 50(0):5.741|5.757, 40(0):12.705|12.834
3430, 566(20):5.398|8.715, 554(0):1.334|1.536, 57(0):0.821|0.986, 46(0):6.248|6.435, 49(0):14.204|14.558
3440, 421(1):4.797|5.106, 417(0):0.953|1.178, 42(0):0.514|0.564, 38(0):6.098|6.426, 47(0):12.374|13.475
3450, 419(0):4.737|4.850, 405(0):1.022|1.336, 41(0):0.512|0.521, 43(0):6.013|6.330, 40(0):13.150|13.402
3460, 521(9):5.062|5.656, 567(0):1.047|1.246, 54(0):0.728|0.737, 59(0):6.565|6.997, 53(0):14.655|15.800
3470, 358(2):4.783|5.262, 369(0):0.984|1.087, 36(0):0.446|0.451, 38(0):5.911|6.297, 41(0):11.464|11.949
3480, 447(2):4.831|5.156, 456(0):0.952|1.085, 44(0):0.477|0.500, 44(0):5.535|6.709, 41(0):11.854|12.503
3490, 492(13):5.307|5.982, 455(0):1.195|1.528, 48(0):0.600|0.631, 56(0):6.039|6.308, 46(0):13.404|13.606
3500, 602(10):5.161|5.476, 613(0):1.033|1.320, 62(0):0.514|0.562, 45(0):6.138|6.200, 61(0):13.275|13.935
3510, 562(6):4.994|15.716, 580(0):1.105|1.369, 58(0):0.533|0.580, 70(0):6.345|6.390, 64(0):13.612|13.662
3520, 592(11):5.131|5.755, 585(0):1.112|1.339, 58(0):0.640|0.894, 58(0):5.892|5.975, 55(0):12.603|13.005
3530, 663(3):4.755|5.225, 619(0):0.970|1.491, 63(0):0.541|0.615, 63(0):5.974|6.118, 64(0):12.005|12.456
3540, 640(3):4.685|5.119, 650(0):1.013|1.166, 65(0):0.497|0.545, 68(0):5.708|5.841, 65(0):13.205|13.420
3550, 481(2):4.779|5.026, 504(0):0.917|1.118, 50(0):0.620|0.685, 44(0):5.511|5.747, 52(0):12.435|12.477
3560, 514(0):4.639|4.935, 509(0):0.954|1.061, 52(0):0.431|0.486, 54(0):5.676|6.543, 47(0):11.996|12.303
3570, 517(1):4.721|5.136, 484(0):1.066|1.466, 48(0):0.513|0.530, 48(0):5.564|5.582, 47(0):12.220|12.448
3580, 472(2):4.812|5.307, 488(0):0.981|1.384, 48(0):0.487|0.536, 50(0):5.573|5.696, 54(0):13.379|14.311
3590, 477(0):4.678|4.863, 450(0):1.007|1.196, 46(0):0.449|0.471, 45(0):5.887|5.957, 46(0):12.589|14.429
3600, 406(2):4.851|5.518, 428(0):1.034|1.529, 43(0):0.513|0.563, 36(0):5.923|6.123, 40(0):15.712|15.899
3610, 459(2):4.740|5.053, 458(0):0.983|1.051, 47(0):0.509|0.522, 49(0):5.789|5.832, 47(0):12.858|12.918
3620, 397(2):4.821|5.186, 410(0):0.935|1.149, 38(0):0.427|0.584, 43(0):5.666|5.987, 42(0):12.297|12.501
3630, 502(0):4.669|4.906, 491(0):0.924|1.327, 51(0):0.492|0.495, 52(0):5.421|5.627, 43(0):12.433|13.165
3640, 443(1):4.755|6.545, 446(0):1.053|3.914, 42(0):0.480|0.595, 36(0):5.616|6.249, 49(0):16.075|16.330
3650, 316(3):4.867|5.069, 311(0):1.027|1.294, 34(0):0.489|0.500, 35(0):5.817|5.831, 31(0):13.494|13.991
3660, 435(1):4.708|5.001, 464(0):0.994|2.832, 45(0):0.467|0.540, 48(0):5.943|6.184, 47(0):12.616|13.945
3670, 453(1):4.741|5.291, 426(0):0.956|1.067, 44(0):0.500|0.507, 45(0):5.751|5.785, 45(0):13.649|13.694
3680, 471(1):4.825|5.026, 495(0):1.070|1.203, 48(0):0.480|0.753, 62(0):5.913|6.185, 47(0):13.748|14.041
3690, 495(2):4.907|5.419, 452(0):1.086|1.833, 48(0):0.542|0.672, 44(0):5.582|5.610, 46(0):12.169|12.486
3700, 423(0):4.666|4.900, 442(0):1.019|1.209, 43(0):0.570|0.639, 35(0):5.529|5.554, 47(0):12.546|12.551
3710, 408(3):4.740|5.618, 396(0):0.958|1.181, 39(0):0.476|0.485, 38(0):5.798|5.911, 38(0):13.123|13.741
3720, 482(1):4.789|7.526, 511(0):0.946|1.214, 50(0):0.571|0.596, 38(0):5.682|5.868, 49(0):13.348|13.784
3730, 499(2):4.768|5.141, 505(0):0.963|1.042, 50(0):0.543|0.582, 55(0):5.727|6.139, 50(0):12.089|12.459
3740, 531(2):4.661|5.123, 522(0):0.986|1.137, 54(0):0.477|0.553, 56(0):5.610|5.744, 50(0):12.176|12.797
3750, 465(2):4.700|5.365, 489(0):0.915|1.075, 47(0):0.493|0.573, 49(0):5.619|5.641, 51(0):11.220|12.054
3760, 451(0):4.707|4.926, 451(0):0.952|1.166, 41(0):0.408|0.430, 41(0):5.433|5.694, 42(0):12.600|13.109
3770, 465(2):4.706|5.146, 465(0):1.024|1.568, 50(0):0.458|0.501, 44(0):5.648|5.964, 50(0):12.202|12.788
3780, 397(2):4.896|5.128, 362(0):0.972|1.801, 37(0):0.514|0.516, 47(0):5.533|5.583, 37(0):12.762|12.794
3790, 405(33):5.691|6.204, 407(0):1.312|1.698, 43(0):0.541|0.569, 43(0):6.105|6.610, 43(0):14.866|15.925
3800, 502(25):5.325|6.489, 473(0):1.066|1.235, 48(0):0.525|0.640, 36(0):6.455|6.934, 46(0):12.777|13.690
3810, 432(1):4.805|5.294, 508(0):1.058|1.174, 47(0):0.538|0.650, 51(0):6.056|6.111, 42(0):12.378|12.840
3820, 505(5):4.948|5.135, 451(0):1.021|1.637, 46(0):0.590|0.662, 47(0):6.070|6.096, 48(0):12.768|13.277
3830, 428(4):4.926|5.722, 444(0):0.991|1.120, 44(0):0.492|0.571, 47(0):5.804|6.052, 49(0):12.992|13.171
3840, 410(1):4.847|5.109, 433(0):0.972|1.200, 41(0):0.487|0.563, 43(0):5.808|5.870, 41(0):12.745|12.795
3850, 531(2):4.915|5.203, 525(0):1.093|1.245, 54(0):0.468|0.585, 52(0):6.030|6.301, 51(0):13.688|13.906
3860, 466(1):4.730|5.110, 466(0):0.963|1.059, 47(0):0.471|0.480, 48(0):5.721|5.910, 49(0):11.920|12.965
3870, 518(11):5.102|5.706, 512(0):1.079|1.396, 51(0):0.532|0.551, 44(0):6.082|6.983, 52(0):13.133|13.347
3880, 370(2):4.801|5.806, 382(0):1.007|1.498, 39(0):0.462|1.023, 51(0):5.941|6.233, 37(0):13.622|15.917
3890, 434(6):5.033|5.657, 390(0):1.111|2.360, 40(0):0.509|0.644, 36(0):5.742|5.771, 42(0):15.207|15.421
3900, 504(8):5.047|5.414, 501(0):1.051|1.557, 50(0):0.588|0.639, 52(0):6.186|6.621, 49(0):12.841|14.130
3910, 489(10):5.153|9.200, 502(0):1.132|1.288, 50(0):0.578|0.586, 54(0):6.374|6.402, 47(0):13.640|13.828
3920, 424(3):4.899|5.197, 428(0):0.952|1.118, 42(0):0.502|0.520, 37(0):5.822|6.662, 47(0):12.754|13.648
3930, 403(0):4.615|4.800, 473(0):0.981|1.060, 45(0):0.518|0.527, 31(0):5.439|5.712, 38(0):11.467|11.921
3940, 473(2):4.847|5.134, 427(0):0.982|1.184, 45(0):0.472|0.504, 47(0):5.831|5.910, 50(0):12.466|12.558
3950, 530(3):4.797|5.598, 496(0):0.954|1.103, 52(0):0.573|0.615, 60(0):5.624|5.802, 48(0):13.482|13.829
3960, 397(1):4.684|5.029, 406(0):0.999|1.226, 38(0):0.429|0.487, 38(0):5.828|6.119, 42(0):12.466|13.043
3970, 380(10):5.098|5.907, 398(0):1.090|1.285, 41(0):0.578|0.623, 50(0):5.916|5.981, 39(0):13.338|13.346
3980, 461(14):5.229|5.435, 471(0):1.022|1.288, 46(0):0.480|0.632, 38(0):5.733|5.879, 46(0):12.456|12.804
3990, 491(2):4.853|5.120, 469(0):1.010|1.332, 49(0):0.457|0.494, 54(0):5.971|6.002, 51(0):13.433|14.047
4000, 457(1):4.770|5.023, 437(0):1.011|1.114, 45(0):0.569|0.577, 52(0):5.579|5.791, 40(0):12.272|12.279
4010, 483(1):4.638|5.119, 487(0):0.967|1.310, 48(0):0.473|0.644, 40(0):5.611|6.254, 49(0):12.104|12.152
4020, 465(1):4.706|5.231, 488(0):0.986|1.557, 46(0):0.475|0.578, 37(0):5.682|5.806, 51(0):12.472|13.118
4030, 458(5):4.985|6.274, 484(0):1.040|1.078, 45(0):0.536|0.559, 48(0):5.857|5.903, 44(0):14.249|14.341
4040, 478(0):4.654|4.801, 466(0):0.982|1.119, 50(0):0.455|0.655, 45(0):5.902|6.073, 47(0):12.689|13.666
4050, 445(0):4.574|4.724, 442(0):0.954|1.229, 45(0):0.421|0.424, 45(0):5.546|5.792, 47(0):12.029|12.603
4060, 521(1):4.479|5.089, 480(0):0.971|1.110, 49(0):0.460|0.528, 50(0):5.645|5.670, 46(0):13.051|13.144
4070, 487(0):4.638|4.984, 524(0):0.969|1.255, 50(0):0.438|0.442, 55(0):5.651|5.732, 53(0):11.447|11.600
4080, 457(1):4.721|5.129, 430(0):0.983|1.217, 47(0):0.504|0.616, 51(0):5.747|5.886, 45(0):11.775|11.997
4090, 475(17):5.263|6.204, 484(0):1.299|1.454, 45(0):0.609|0.610, 41(0):6.204|6.952, 46(0):15.081|15.602
4100, 445(26):5.329|5.881, 446(0):1.206|1.499, 47(0):0.645|1.138, 53(0):6.594|6.797, 46(0):13.395|14.216
4110, 488(13):5.248|8.000, 477(0):1.084|1.301, 47(0):0.485|0.518, 48(0):5.935|7.542, 45(0):13.360|13.401
4120, 420(6):5.015|5.345, 418(0):1.092|1.698, 42(0):0.532|0.646, 53(0):5.961|6.557, 48(0):13.514|13.915
4130, 501(7):5.054|5.666, 510(0):0.981|1.313, 52(0):0.495|0.544, 33(0):5.678|6.350, 49(0):13.001|14.326
4140, 433(1):4.725|5.421, 417(0):1.003|3.162, 42(0):0.583|0.669, 53(0):5.495|5.711, 42(0):11.879|12.440
4150, 460(2):4.847|5.628, 482(0):1.140|1.724, 44(0):0.495|0.514, 30(0):5.726|5.818, 47(0):12.558|12.863
4160, 499(19):5.410|6.065, 548(0):1.137|1.485, 51(0):0.684|0.698, 49(0):6.061|6.251, 50(0):15.181|18.507
4170, 370(3):4.743|5.321, 321(0):1.005|1.117, 40(0):0.603|0.702, 54(0):5.957|6.042, 40(0):13.136|13.275
4180, 428(1):4.823|5.148, 409(0):0.955|1.271, 41(0):0.479|0.606, 29(0):5.706|5.848, 41(0):12.210|14.338
4190, 479(5):4.986|5.544, 485(0):1.053|2.579, 48(0):0.535|0.543, 57(0):6.217|6.297, 44(0):12.482|12.882
4200, 521(2):4.742|5.347, 516(0):0.992|1.338, 49(0):0.522|0.529, 46(0):5.932|5.971, 53(0):13.527|14.291
4210, 471(1):4.843|5.308, 516(0):0.966|1.047, 50(0):0.452|0.467, 54(0):5.956|6.023, 50(0):12.845|13.968
4220, 415(5):4.983|5.308, 398(0):1.006|1.062, 43(0):0.458|0.480, 35(0):5.671|6.020, 43(0):13.286|13.485
4230, 512(7):5.015|5.495, 535(0):0.926|1.187, 51(0):0.476|0.536, 49(0):5.820|5.954, 51(0):12.331|12.663
4240, 463(2):4.753|5.263, 431(0):0.967|1.359, 45(0):0.482|0.514, 47(0):5.445|5.610, 39(0):11.506|11.925
4250, 513(1):4.613|5.034, 545(0):1.004|1.347, 51(0):0.435|0.439, 55(0):5.875|5.981, 56(0):12.463|13.070
4260, 367(0):4.453|4.639, 343(0):0.946|1.259, 37(0):0.436|0.445, 28(0):5.344|5.732, 38(0):11.781|12.254
4270, 422(1):4.745|5.219, 444(0):1.043|1.313, 45(0):0.478|0.481, 55(0):5.482|5.993, 46(0):13.125|13.602
4280, 533(0):4.631|4.922, 477(0):0.955|1.151, 49(0):0.561|0.609, 50(0):5.598|5.607, 49(0):11.941|12.197
4290, 444(0):4.562|4.685, 472(0):0.924|1.048, 44(0):0.469|0.473, 42(0):5.772|5.977, 44(0):12.442|12.728
4300, 423(1):4.812|5.049, 437(0):0.983|1.369, 44(0):0.422|0.453, 46(0):5.420|5.736, 44(0):12.085|12.660
4310, 420(0):4.637|4.844, 395(0):0.931|0.995, 43(0):0.484|0.538, 38(0):5.731|5.966, 43(0):12.232|13.108
4320, 514(1):4.626|5.059, 523(0):1.008|1.253, 49(0):0.433|0.473, 50(0):5.536|5.618, 48(0):11.792|11.812
4330, 413(0):4.430|4.602, 404(0):0.937|1.002, 43(0):0.422|0.426, 48(0):5.510|5.596, 45(0):12.579|12.646
4340, 351(0):4.578|4.773, 330(0):0.904|1.030, 35(0):0.436|0.491, 36(0):5.422|5.495, 31(0):12.476|12.686
4350, 438(0):4.698|4.828, 468(0):1.051|1.288, 45(0):0.554|0.780, 50(0):5.814|6.007, 43(0):12.282|12.299
4360, 426(0):4.649|4.907, 394(0):0.995|1.160, 41(0):0.528|0.641, 42(0):5.486|5.499, 43(0):12.346|12.664
4370, 468(1):4.572|5.206, 478(0):0.936|0.978, 47(0):0.584|0.669, 37(0):5.321|5.438, 49(0):11.898|13.043
4380, 385(0):4.856|4.953, 419(0):0.981|1.231, 40(0):0.492|0.519, 53(0):5.936|6.104, 41(0):11.833|12.710
4390, 440(14):5.366|5.954, 434(0):1.200|1.912, 41(0):0.615|0.634, 38(0):5.796|5.889, 41(0):16.690|17.111
4400, 499(15):5.246|5.723, 500(0):1.149|1.765, 52(0):0.522|0.557, 34(0):6.153|6.311, 52(0):12.041|12.823
4410, 414(4):4.914|6.042, 406(0):1.012|1.273, 42(0):0.497|0.548, 45(0):5.888|6.005, 41(0):11.955|12.325
4420, 416(1):4.803|7.704, 417(0):0.987|1.238, 40(0):0.571|0.579, 42(0):5.825|5.887, 40(0):13.247|13.902
4430, 428(6):5.019|5.184, 443(0):1.091|1.288, 44(0):0.472|0.531, 45(0):5.946|6.100, 40(0):12.576|12.800
4440, 420(0):4.641|4.841, 413(0):0.946|1.224, 41(0):0.490|0.605, 37(0):5.481|5.700, 44(0):12.409|15.831
4450, 476(2):4.818|6.943, 426(0):0.956|1.162, 46(0):0.457|0.473, 51(0):5.619|5.989, 48(0):14.004|15.003
4460, 398(3):4.974|5.414, 449(0):0.981|1.346, 42(0):0.489|0.733, 49(0):5.706|6.087, 41(0):12.051|12.270
4470, 473(4):4.795|5.761, 497(0):0.989|1.100, 48(0):0.479|0.496, 45(0):5.668|5.784, 49(0):12.520|13.640
4480, 438(2):4.709|5.024, 389(0):1.055|1.477, 43(0):0.505|0.506, 38(0):5.732|5.977, 42(0):12.505|13.018
4490, 401(2):4.765|5.069, 464(0):1.039|1.189, 43(0):0.460|0.470, 36(0):5.820|5.967, 43(0):12.857|13.344
4500, 357(3):4.993|5.380, 351(0):1.151|1.212, 34(0):0.561|0.564, 33(0):5.902|5.961, 32(0):13.980|14.027
4510, 436(2):4.776|5.112, 403(0):1.035|1.392, 43(0):0.472|0.473, 46(0):6.210|7.375, 42(0):12.157|12.167
4520, 432(2):4.672|5.089, 410(0):0.984|1.280, 43(0):0.466|0.622, 47(0):5.868|6.239, 47(0):12.536|12.570
4530, 345(0):4.646|4.941, 345(0):1.058|1.168, 34(0):0.457|0.647, 45(0):6.145|6.165, 31(0):12.098|12.720
4540, 494(1):4.670|5.023, 501(0):1.074|3.677, 50(0):0.644|0.707, 38(0):5.786|5.816, 52(0):12.282|15.204
4550, 433(0):4.490|4.770, 427(0):0.967|1.121, 43(0):0.501|0.506, 47(0):5.809|5.817, 44(0):11.719|11.868
4560, 459(0):4.683|4.988, 489(0):1.062|1.329, 47(0):0.446|0.577, 42(0):5.517|6.174, 44(0):12.197|12.787
4570, 551(1):4.751|5.032, 561(0):1.009|1.085, 55(0):0.549|0.646, 50(0):5.725|6.030, 55(0):11.888|11.958
4580, 489(1):4.815|5.286, 450(0):1.066|1.444, 47(0):0.536|0.810, 60(0):5.744|5.815, 46(0):14.828|15.972
4590, 371(4):4.989|5.254, 379(0):1.020|1.284, 36(0):0.456|0.579, 30(0):5.754|6.126, 40(0):11.588|12.037
4600, 432(0):4.735|4.909, 430(0):1.035|1.277, 45(0):0.428|0.444, 40(0):5.614|5.646, 41(0):11.834|12.145
4610, 365(1):4.784|5.191, 382(0):1.015|1.074, 37(0):0.473|0.526, 35(0):5.985|6.156, 35(0):12.597|13.432
4620, 431(2):4.798|5.241, 409(0):0.993|1.190, 42(0):0.482|0.665, 52(0):5.788|5.865, 47(0):13.654|14.881
4630, 493(9):5.138|5.724, 523(0):1.138|1.262, 49(0):0.503|0.525, 52(0):6.277|6.467, 50(0):12.151|12.259
4640, 472(1):4.767|5.290, 432(0):0.988|1.166, 48(0):0.520|0.525, 41(0):5.675|5.707, 48(0):11.992|12.667
4650, 449(2):4.811|5.401, 444(0):1.036|1.395, 44(0):0.592|0.640, 55(0):5.875|6.918, 38(0):12.290|13.676
4660, 487(0):4.805|4.900, 531(0):1.063|1.149, 52(0):0.560|0.593, 45(0):5.643|5.900, 53(0):12.254|12.515
4670, 450(0):4.703|4.870, 413(0):1.079|1.243, 43(0):0.550|0.563, 42(0):5.826|5.855, 48(0):12.354|12.694
4680, 444(1):4.851|5.007, 509(0):0.946|1.751, 45(0):0.503|0.697, 48(0):5.861|6.129, 41(0):12.118|12.593
4690, 488(26):5.798|6.877, 458(0):1.310|2.074, 44(0):0.564|0.568, 48(0):6.415|6.687, 47(0):14.884|14.942
4700, 575(10):5.123|7.231, 572(0):1.085|1.574, 59(0):0.549|0.622, 45(0):6.219|7.051, 60(0):13.010|14.180
4710, 577(2):4.705|5.518, 607(0):1.063|1.290, 60(0):0.507|0.522, 70(0):5.948|6.152, 60(0):12.897|13.139
4720, 483(3):4.910|5.300, 437(0):1.004|1.229, 48(0):0.452|0.469, 44(0):5.720|6.004, 47(0):12.297|13.188
4730, 462(2):4.839|5.153, 469(0):0.986|1.091, 45(0):0.435|0.476, 47(0):5.859|6.348, 45(0):13.210|13.470
4740, 591(0):4.669|4.963, 604(0):1.044|1.428, 62(0):0.469|0.606, 63(0):5.796|6.186, 56(0):12.633|13.353
4750, 589(1):4.574|5.075, 571(0):1.001|1.205, 58(0):0.476|0.514, 65(0):5.566|5.821, 63(0):12.555|12.754
4760, 581(1):4.603|5.036, 550(0):1.007|1.108, 57(0):0.554|0.728, 55(0):5.582|5.614, 54(0):12.164|12.304
4770, 498(4):4.895|5.303, 529(0):1.099|1.433, 52(0):0.462|0.464, 40(0):5.470|6.169, 56(0):13.214|13.746
4780, 440(1):4.719|5.020, 424(0):0.954|1.045, 41(0):0.526|0.530, 46(0):5.769|5.943, 42(0):13.146|13.441
4790, 463(0):4.697|4.829, 434(0):1.024|1.516, 43(0):0.447|0.496, 50(0):5.538|5.715, 43(0):13.026|13.542
4800, 314(3):4.869|5.716, 371(0):1.093|1.441, 36(0):0.438|0.472, 36(0):6.079|6.118, 36(0):12.340|13.132
4810, 482(5):4.942|7.128, 487(0):1.037|1.760, 50(0):0.475|0.501, 33(0):6.327|6.565, 49(0):12.922|13.116
4820, 417(3):4.902|5.115, 403(0):1.005|1.246, 39(0):0.519|0.548, 56(0):5.842|6.207, 40(0):12.712|12.987
4830, 501(1):4.600|5.092, 486(0):0.963|1.349, 50(0):0.424|0.537, 47(0):5.497|5.744, 49(0):11.698|11.827
4840, 417(1):4.610|5.070, 439(0):1.003|1.319, 44(0):0.464|0.535, 39(0):5.657|5.764, 43(0):12.423|12.424
4850, 443(0):4.615|4.774, 451(0):1.046|1.184, 45(0):0.421|0.424, 35(0):5.462|5.696, 46(0):12.045|12.371
4860, 436(0):4.594|4.816, 405(0):0.961|1.259, 40(0):0.427|0.479, 50(0):5.736|5.800, 41(0):12.091|13.326
4870, 574(1):4.654|5.448, 580(0):1.034|1.688, 59(0):0.446|0.448, 61(0):5.964|6.133, 54(0):15.010|15.049
4880, 573(2):4.743|5.581, 631(0):1.042|1.166, 60(0):0.516|0.527, 49(0):5.881|6.152, 60(0):13.822|14.170
4890, 558(2):4.774|5.258, 564(0):0.950|1.134, 55(0):0.540|0.729, 66(0):5.916|8.191, 51(0):12.197|12.336
4900, 394(1):4.708|5.174, 334(0):0.953|1.052, 38(0):0.510|0.551, 40(0):5.497|5.547, 44(0):12.568|12.913
4910, 322(1):4.638|5.116, 305(0):0.916|1.386, 32(0):0.446|0.473, 33(0):5.601|5.622, 34(0):12.239|13.464
4920, 514(1):4.679|5.604, 556(0):0.956|1.185, 51(0):0.534|0.593, 53(0):5.900|5.994, 50(0):12.606|13.160
4930, 447(1):4.645|5.004, 435(0):0.992|2.394, 45(0):0.506|0.512, 47(0):5.752|5.898, 43(0):11.860|12.075
4940, 463(1):4.755|5.015, 467(0):0.970|1.053, 46(0):0.473|0.537, 36(0):5.674|5.730, 49(0):11.895|12.191
4950, 507(0):4.493|4.912, 488(0):0.944|1.262, 51(0):0.529|0.531, 50(0):5.482|5.667, 49(0):11.321|11.393
4960, 417(0):4.599|4.865, 426(0):0.930|1.238, 41(0):0.495|0.523, 44(0):5.921|6.044, 43(0):11.421|11.427
4970, 445(0):4.553|4.897, 461(0):0.943|1.145, 47(0):0.497|0.507, 45(0):5.533|5.584, 46(0):11.786|11.829
4980, 548(0):4.642|4.942, 534(0):1.014|1.575, 51(0):0.458|0.464, 46(0):5.602|5.692, 54(0):13.834|14.263
4990, 471(6):5.066|5.446, 462(0):1.214|1.460, 50(0):0.478|0.515, 52(0):5.799|5.846, 44(0):13.563|13.906
5000, 391(8):5.243|5.704, 398(0):0.997|3.078, 38(0):0.492|0.559, 37(0):6.558|6.805, 42(0):13.248|15.836
5010, 548(2):4.659|5.384, 493(0):1.034|2.037, 51(0):0.549|0.673, 53(0):5.705|5.792, 52(0):11.817|12.331
5020, 502(3):4.843|5.845, 543(0):1.057|1.287, 55(0):0.512|0.535, 57(0):5.681|5.712, 55(0):12.152|12.546
5030, 475(5):4.985|5.272, 440(0):1.092|1.195, 46(0):0.498|0.526, 57(0):5.922|6.056, 45(0):13.116|14.322
5040, 484(1):4.832|5.029, 547(0):1.003|2.434, 51(0):0.511|0.567, 44(0):5.782|5.869, 52(0):13.102|13.622
5050, 595(2):4.872|8.149, 556(0):1.091|2.687, 56(0):0.462|0.475, 54(0):5.650|6.017, 51(0):11.835|12.152
5060, 430(2):4.728|5.103, 427(0):0.987|1.414, 45(0):0.585|0.729, 50(0):5.820|6.177, 45(0):12.333|13.432
5070, 433(3):4.742|5.890, 471(0):0.956|1.128, 44(0):0.524|0.583, 51(0):5.814|5.832, 49(0):13.364|13.869
5080, 465(2):4.867|5.172, 463(0):1.118|1.417, 47(0):0.589|0.605, 35(0):5.684|6.111, 39(0):14.281|16.040
5090, 460(5):4.992|5.495, 452(0):1.053|1.245, 45(0):0.571|0.942, 41(0):5.814|5.924, 50(0):12.865|13.252
5100, 369(4):4.954|5.282, 350(0):1.063|1.219, 36(0):0.479|0.666, 44(0):6.016|6.160, 40(0):13.545|14.873
5110, 468(1):4.757|5.344, 485(0):0.961|1.085, 48(0):0.522|0.568, 51(0):5.850|5.868, 46(0):12.646|12.796
5120, 458(1):4.574|5.078, 485(0):0.994|1.340, 46(0):0.485|0.707, 40(0):5.518|5.926, 46(0):12.401|12.654
5130, 426(0):4.710|4.836, 424(1):0.921|5.012, 43(0):0.511|0.515, 39(0):5.652|5.690, 39(0):12.635|12.740
5140, 544(1):4.710|8.424, 533(0):0.926|1.124, 55(0):0.484|0.533, 55(0):5.513|5.636, 55(0):11.624|11.723
5150, 446(0):4.624|4.835, 443(0):0.945|0.990, 41(0):0.478|0.502, 36(0):5.424|5.541, 45(0):12.385|13.313
5160, 417(2):4.762|5.261, 370(0):1.016|1.340, 41(0):0.590|0.699, 53(0):5.646|5.871, 40(0):13.887|14.530
5170, 540(6):4.954|5.372, 588(0):1.045|1.824, 56(0):0.577|0.780, 47(0):5.735|5.944, 51(0):13.119|13.553
5180, 499(0):4.782|4.894, 450(0):1.050|1.715, 48(0):0.475|0.571, 52(0):5.892|5.901, 51(0):13.566|14.847
5190, 416(2):4.858|5.848, 463(0):1.066|1.533, 46(0):0.484|0.590, 57(0):6.294|7.000, 49(0):18.661|18.956
5200, 406(1):4.596|5.143, 415(0):0.917|2.808, 40(0):0.498|0.754, 37(0):5.623|5.668, 40(0):12.738|13.077
5210, 562(1):4.659|7.788, 508(0):0.948|1.352, 52(0):0.469|0.535, 51(0):5.612|7.953, 48(0):11.573|11.582
5220, 417(2):4.772|5.539, 417(0):0.996|1.086, 42(0):0.586|0.630, 42(0):6.229|6.414, 46(0):12.527|12.900
5230, 450(4):4.886|6.342, 462(0):1.037|1.308, 46(0):0.487|0.560, 59(0):5.772|5.811, 46(0):12.269|12.438
5240, 494(1):4.725|5.047, 518(0):0.996|1.243, 51(0):0.449|0.492, 36(0):5.529|5.635, 48(0):12.687|13.468
5250, 458(0):4.545|4.935, 488(0):0.990|1.180, 48(0):0.446|0.493, 39(0):5.355|5.590, 44(0):12.410|12.460
5260, 483(1):4.670|5.121, 438(0):1.026|1.600, 46(0):0.480|0.488, 59(0):5.511|5.557, 53(0):12.734|14.650
5270, 423(1):4.655|6.007, 439(0):0.945|1.066, 43(0):0.512|0.517, 35(0):5.500|5.504, 43(0):12.019|12.047
5280, 463(2):4.692|5.104, 455(0):0.906|1.014, 43(0):0.455|0.520, 50(0):5.537|5.760, 43(0):12.162|12.181
5290, 302(2):4.845|5.626, 307(0):1.066|2.223, 33(0):0.615|0.653, 32(0):5.776|5.929, 32(0):13.744|14.306
5300, 439(39):5.707|8.431, 458(0):1.256|1.926, 44(0):0.693|0.813, 36(0):6.916|7.278, 46(0):16.131|17.853
5310, 544(12):5.091|5.679, 498(0):1.036|1.231, 51(0):0.527|0.666, 50(0):6.532|6.659, 52(0):13.338|13.697
5320, 345(10):5.269|5.970, 363(0):1.093|1.329, 36(0):0.514|0.534, 48(0):5.956|6.285, 35(0):13.922|13.938
5330, 452(10):5.211|10.533, 450(0):1.113|1.340, 45(0):0.702|0.978, 41(0):6.040|6.095, 40(0):14.223|14.346
5340, 473(4):4.739|5.148, 478(0):1.054|1.283, 49(0):0.461|0.487, 46(0):5.720|5.756, 49(0):13.299|13.339
5350, 426(0):4.645|4.940, 427(0):1.032|1.125, 43(0):0.463|0.484, 35(0):5.736|5.863, 47(0):13.973|14.540
5360, 379(0):4.577|4.799, 401(0):0.984|1.546, 39(0):0.465|0.488, 44(0):5.810|6.012, 40(0):13.731|15.195
5370, 407(7):5.154|6.320, 375(0):1.023|1.243, 38(0):0.489|0.659, 47(0):6.044|6.473, 38(0):12.139|12.223
5380, 611(3):4.760|5.131, 595(0):0.997|1.208, 61(0):0.474|0.645, 67(0):5.824|6.020, 56(0):12.618|13.110
5390, 594(6):4.957|5.460, 618(0):1.164|1.525, 59(0):0.509|0.521, 46(0):5.964|6.061, 64(0):12.878|13.756
5400, 565(5):4.912|5.380, 560(0):1.027|1.417, 58(0):0.490|0.544, 55(0):6.144|6.300, 58(0):12.281|12.753
5410, 570(0):4.543|4.683, 608(0):0.975|1.286, 58(0):0.455|0.475, 63(0):5.857|5.899, 58(0):12.349|14.356
5420, 620(2):4.567|5.603, 651(0):1.009|1.444, 61(0):0.433|0.438, 60(0):5.763|5.817, 61(0):12.456|13.208
5430, 651(0):4.556|4.712, 597(0):1.030|1.192, 65(0):0.520|0.535, 62(0):5.597|5.720, 59(0):11.584|11.643
5440, 570(0):4.698|4.797, 574(0):0.991|1.118, 58(0):0.430|0.504, 63(0):5.539|5.629, 55(0):11.730|12.252
5450, 582(2):4.783|5.327, 582(0):1.009|1.313, 57(0):0.492|0.543, 51(0):5.555|5.651, 65(0):11.713|11.901
5460, 623(4):4.898|5.234, 627(0):0.944|1.302, 64(0):0.510|0.542, 65(0):6.152|7.583, 60(0):11.637|12.545
5470, 511(1):4.809|5.126, 512(0):1.048|1.400, 51(0):0.484|0.550, 53(0):5.579|6.079, 56(0):12.372|12.467
5480, 610(2):4.641|5.505, 599(0):0.925|1.048, 60(0):0.506|0.620, 56(0):5.848|5.863, 59(0):12.189|12.947
5490, 448(5):4.950|5.442, 518(0):1.442|1.686, 44(0):0.521|0.543, 59(0):5.465|6.952, 46(2):19.999|21.221
5500, 424(17):5.333|6.199, 352(0):1.151|1.258, 43(0):0.523|0.546, 29(0):6.153|6.233, 40(0):14.032|14.453
5510, 406(4):4.833|5.257, 393(0):0.998|1.345, 40(0):0.491|0.564, 37(0):5.723|5.775, 38(0):11.954|12.851
5520, 402(1):4.744|5.998, 381(0):1.016|1.150, 40(0):0.464|0.602, 52(0):5.660|5.788, 42(0):13.183|13.554
5530, 397(1):4.688|5.217, 467(0):0.926|1.010, 42(0):0.455|0.472, 28(0):6.213|6.441, 40(0):12.140|12.331
5540, 463(0):4.573|4.693, 465(0):0.939|1.202, 46(0):0.474|0.483, 52(0):5.522|6.550, 46(0):12.114|13.167
5550, 418(1):4.628|5.074, 357(0):0.981|1.127, 40(0):0.485|0.642, 36(0):5.617|5.873, 39(0):12.666|12.757
5560, 417(2):4.644|5.486, 406(0):0.997|1.228, 42(0):0.483|0.531, 52(0):5.704|5.737, 43(0):11.849|12.621
5570, 447(4):4.794|5.487, 471(0):1.024|1.552, 45(0):0.549|0.653, 43(0):5.852|5.966, 46(0):12.224|12.401
5580, 418(1):4.735|5.463, 432(0):0.970|1.049, 42(0):0.442|0.456, 39(0):5.946|6.071, 42(0):13.366|14.733
5590, 390(30):5.931|8.062, 347(0):1.293|1.740, 37(0):0.610|0.896, 39(0):6.514|6.718, 40(0):17.232|17.672
5600, 444(37):5.864|9.272, 459(0):1.138|1.763, 44(0):0.590|0.686, 44(0):6.869|7.399, 44(0):14.398|14.841
5610, 442(8):5.045|5.380, 493(0):1.158|1.535, 48(0):0.571|0.582, 44(0):6.602|7.166, 43(0):13.717|14.456
5620, 434(4):4.887|5.799, 384(0):1.091|1.552, 40(0):0.623|0.765, 47(0):5.765|5.819, 46(0):11.843|13.520
5630, 541(0):4.655|4.871, 567(0):0.997|1.378, 57(0):0.535|0.729, 55(0):6.360|6.710, 47(0):13.087|13.204
5640, 560(4):4.827|5.789, 541(0):1.006|1.420, 55(0):0.454|0.456, 56(0):5.457|5.849, 60(0):14.397|15.723
5650, 460(2):4.686|5.630, 501(0):1.009|1.280, 45(0):0.477|0.534, 41(0):5.571|6.026, 49(0):12.395|12.908
5660, 432(2):4.663|5.059, 417(0):0.991|1.069, 45(0):0.469|0.514, 51(0):5.711|5.714, 38(0):12.535|12.583
5670, 447(1):4.693|5.351, 446(0):1.036|1.344, 44(0):0.578|0.607, 41(0):5.568|5.679, 50(0):12.924|13.463
5680, 404(4):4.926|5.184, 423(0):1.040|1.342, 39(0):0.495|0.548, 35(0):5.462|5.626, 38(0):16.051|16.112
5690, 412(3):4.936|5.694, 358(0):1.179|1.600, 39(0):0.479|0.627, 44(0):6.075|6.094, 41(0):13.459|14.198
5700, 439(3):4.900|5.245, 445(0):1.041|1.446, 45(0):0.502|0.640, 36(0):6.031|6.236, 44(0):12.755|13.026
5710, 411(3):4.900|5.210, 475(0):0.987|2.954, 46(0):0.471|0.473, 42(0):5.871|6.054, 44(0):12.205|12.581
5720, 483(6):5.079|5.688, 444(0):1.019|1.078, 47(0):0.486|0.489, 57(0):5.710|5.789, 46(0):13.821|14.542
5730, 351(2):4.891|5.093, 342(0):1.021|1.088, 31(0):0.495|0.627, 34(0):5.814|6.606, 34(0):12.715|12.921
5740, 385(4):4.914|5.052, 377(0):0.929|1.011, 40(0):0.432|0.459, 38(0):5.834|5.886, 40(0):11.657|11.661
5750, 470(0):4.754|4.874, 474(0):0.967|1.277, 48(0):0.467|0.562, 50(0):5.556|5.903, 48(0):12.355|12.497
5760, 423(0):4.766|4.931, 422(0):1.071|2.496, 41(0):0.533|0.694, 43(0):5.765|5.878, 40(0):12.297|12.863
5770, 455(0):4.655|4.917, 485(0):1.004|1.271, 47(0):0.570|0.802, 42(0):6.160|9.416, 49(0):12.544|12.647
5780, 449(0):4.712|4.959, 411(0):0.953|1.036, 44(0):0.437|0.446, 52(0):5.945|5.997, 44(0):12.049|12.159
5790, 569(0):4.512|4.887, 527(0):0.955|1.253, 55(0):0.440|0.451, 59(0):5.402|5.601, 49(0):11.234|11.829
5800, 475(0):4.610|4.905, 532(0):1.023|1.174, 51(0):0.467|0.479, 39(0):5.473|5.514, 54(0):11.777|13.324
5810, 531(0):4.513|4.938, 531(0):0.926|1.103, 52(0):0.467|0.506, 61(0):5.377|5.475, 52(0):11.865|11.889
5820, 380(0):4.491|4.712, 354(0):1.029|1.150, 37(0):0.420|0.456, 28(0):5.186|5.827, 38(0):13.954|15.882
5830, 459(1):4.547|5.082, 469(0):0.949|1.069, 45(0):0.477|0.484, 45(0):6.421|6.574, 47(0):13.847|14.187
5840, 546(1):4.721|5.248, 560(0):0.979|1.701, 57(0):0.455|0.468, 51(0):5.862|6.139, 54(0):11.466|11.784
5850, 463(2):4.813|5.304, 439(0):1.042|1.350, 45(0):0.517|0.578, 54(0):5.794|5.838, 48(0):12.751|12.938
5860, 453(0):4.647|4.932, 436(0):1.066|1.438, 44(0):0.473|0.700, 50(0):5.775|5.908, 43(0):11.617|11.845
5870, 394(2):4.749|5.680, 451(0):0.988|1.385, 42(0):0.503|0.531, 34(0):5.684|5.688, 43(0):12.645|13.780
5880, 400(1):4.759|5.187, 385(0):0.996|1.148, 40(0):0.434|0.559, 44(0):5.804|5.869, 34(0):12.258|12.521
5890, 429(7):5.073|5.314, 471(0):1.052|1.339, 44(0):0.538|0.631, 36(0):6.011|6.271, 50(0):14.229|14.485
5900, 525(28):5.480|5.927, 484(0):1.162|1.341, 52(0):0.594|0.656, 58(0):6.666|6.702, 45(0):13.567|13.728
5910, 467(6):5.031|5.667, 454(0):1.139|3.489, 45(0):0.492|0.497, 43(0):6.016|6.134, 50(0):16.713|17.455
5920, 407(5):4.947|5.537, 434(0):0.981|1.212, 41(0):0.479|0.518, 40(0):5.899|5.959, 42(0):13.561|14.142
5930, 422(2):4.747|5.654, 388(0):1.017|1.302, 42(0):0.475|0.577, 40(0):5.820|5.884, 43(0):12.836|13.627
5940, 294(3):4.924|5.178, 286(0):0.922|0.989, 30(0):0.441|0.503, 30(0):5.766|6.459, 29(0):13.007|16.332
5950, 395(2):4.794|5.155, 402(0):1.002|1.110, 38(0):0.460|0.482, 47(0):5.675|5.934, 36(0):13.015|13.771
5960, 424(1):4.840|5.064, 436(0):1.024|1.733, 44(0):0.526|0.673, 30(0):5.991|6.051, 46(0):13.973|14.650
5970, 409(9):5.233|5.942, 413(0):1.199|2.418, 40(0):0.532|0.596, 55(0):5.741|6.175, 41(0):15.526|16.842
5980, 438(7):5.156|6.051, 428(0):1.070|1.268, 44(0):0.493|0.570, 42(0):6.564|6.671, 42(0):14.740|14.975
5990, 413(19):5.292|5.619, 400(0):1.131|1.250, 41(0):0.483|0.492, 38(0):6.101|6.589, 41(0):17.083|18.298
6000, 422(4):4.912|5.173, 418(0):1.055|1.620, 42(0):0.450|0.466, 36(0):6.100|6.238, 39(0):14.051|14.663
error at thread_main
error at thread_main
error at thread_main
error at thread_main
error at thread_main
error at thread_main
error at thread_main
error at thread_main
error at thread_main
error at thread_main
error at thread_main
error at thread_main
error at thread_main
error at thread_main
error at thread_main
error at thread_main
error at thread_main
error at thread_main
error at thread_main
error at thread_main
error at thread_main
error at thread_main
error at thread_main
error at thread_main
error at thread_main
error at thread_main
error at thread_main
error at thread_main
error at thread_main
error at thread_main
error at thread_main
error at thread_main
error at thread_main
error at thread_main
error at thread_main
error at thread_main
error at thread_main
error at thread_main
error at thread_main
error at thread_main
error at thread_main
error at thread_main
error at thread_main
error at thread_main
error at thread_main
error at thread_main
error at thread_main
error at thread_main
error at thread_main
error at thread_main
error at thread_main
error at thread_main
error at thread_main
error at thread_main
error at thread_main
error at thread_main
error at thread_main
error at thread_main
error at thread_main
error at thread_main
error at thread_main
error at thread_main
error at thread_main
error at thread_main
error at thread_main
error at thread_main
error at thread_main
error at thread_main
error at thread_main
error at thread_main
error at thread_main
error at thread_main
error at thread_main
error at thread_main
error at thread_main
error at thread_main
error at thread_main
error at thread_main
error at thread_main
error at thread_main
error at thread_main
error at thread_main
error at thread_main
error at thread_main
error at thread_main
error at thread_main
error at thread_main
error at thread_main
error at thread_main
error at thread_main
error at thread_main
error at thread_main
error at thread_main
error at thread_main
error at thread_main
error at thread_main
error at thread_main
error at thread_main
error at thread_main
error at thread_main
error at thread_main
error at thread_main
error at thread_main
error at thread_main
error at thread_main
error at thread_main
error at thread_main
error at thread_main
error at thread_main
error at thread_main
error at thread_main
error at thread_main
error at thread_main
error at thread_main
error at thread_main
error at thread_main
error at thread_main
error at thread_main
error at thread_main
error at thread_main
error at thread_main
error at thread_main
error at thread_main
error at thread_main
error at thread_main
error at thread_main
error at thread_main
error at thread_main
error at thread_main
error at thread_main
error at thread_main
error at thread_main
error at thread_main
error at thread_main
error at thread_main
error at thread_main
error at thread_main
error at thread_main
error at thread_main
error at thread_main
error at thread_main
error at thread_main
error at thread_main
error at thread_main
error at thread_main
error at thread_main
error at thread_main
error at thread_main
error at thread_main
error at thread_main
error at thread_main
error at thread_main
error at thread_main
error at thread_main
error at thread_main
error at thread_main
error at thread_main
error at thread_main
error at thread_main
error at thread_main
error at thread_main
error at thread_main
error at thread_main
error at thread_main
error at thread_main
error at thread_main
error at thread_main
error at thread_main
error at thread_main
error at thread_main
error at thread_main
error at thread_main
error at thread_main
error at thread_main
error at thread_main
error at thread_main
error at thread_main
error at thread_main
error at thread_main
error at thread_main
error at thread_main
error at thread_main
error at thread_main
error at thread_main
error at thread_main
error at thread_main
error at thread_main
error at thread_main
error at thread_main
error at thread_main
error at thread_main
error at thread_main
error at thread_main
error at thread_main
error at thread_main
error at thread_main
error at thread_main
error at thread_main
error at thread_main
error at thread_main
error at thread_main
error at thread_main
error at thread_main
error at thread_main
error at thread_main
error at thread_main
error at thread_main
error at thread_main
error at thread_main
error at thread_main
error at thread_main
error at thread_main
error at thread_main
error at thread_main
error at thread_main
error at thread_main
error at thread_main
error at thread_main
error at thread_main
error at thread_main
error at thread_main
error at thread_main
error at thread_main
error at thread_main
error at thread_main
error at thread_main
error at thread_main
error at thread_main
error at thread_main
error at thread_main
error at thread_main
error at thread_main
error at thread_main
error at thread_main
error at thread_main
error at thread_main
error at thread_main
error at thread_main
error at thread_main
error at thread_main
error at thread_main
error at thread_main
error at thread_main
error at thread_main
error at thread_main
error at thread_main
error at thread_main
error at thread_main
error at thread_main
error at thread_main
error at thread_main
error at thread_main
error at thread_main
error at thread_main
error at thread_main
error at thread_main
error at thread_main
error at thread_main
error at thread_main
error at thread_main
error at thread_main
error at thread_main
error at thread_main
error at thread_main
error at thread_main
error at thread_main
error at thread_main
error at thread_main
error at thread_main
error at thread_main
error at thread_main
error at thread_main
error at thread_main
error at thread_main
error at thread_main
error at thread_main
error at thread_main
error at thread_main
error at thread_main
error at thread_main
error at thread_main
error at thread_main
error at thread_main
error at thread_main
error at thread_main
error at thread_main
error at thread_main
error at thread_main
error at thread_main
error at thread_main
error at thread_main
error at thread_main
error at thread_main
error at thread_main
error at thread_main
error at thread_main
error at thread_main
error at thread_main
error at thread_main
error at thread_main
error at thread_main
error at thread_main
error at thread_main
error at thread_main
error at thread_main
error at thread_main
error at thread_main
error at thread_main
error at thread_main
error at thread_main
error at thread_main
error at thread_main
error at thread_main
error at thread_main
error at thread_main
error at thread_main
error at thread_main
error at thread_main
error at thread_main
error at thread_main
error at thread_main
error at thread_main
error at thread_main
error at thread_main
error at thread_main
error at thread_main
error at thread_main
error at thread_main
error at thread_main
error at thread_main
error at thread_main
error at thread_main
error at thread_main
error at thread_main
error at thread_main
error at thread_main
error at thread_main
error at thread_main
error at thread_main
error at thread_main
error at thread_main
error at thread_main
error at thread_main
error at thread_main
error at thread_main
error at thread_main
error at thread_main
error at thread_main
error at thread_main
error at thread_main
error at thread_main
error at thread_main
error at thread_main
error at thread_main
error at thread_main
error at thread_main
error at thread_main
error at thread_main
error at thread_main
error at thread_main
error at thread_main
error at thread_main
error at thread_main
error at thread_main
error at thread_main
error at thread_main
error at thread_main
error at thread_main
error at thread_main
error at thread_main
error at thread_main
error at thread_main
error at thread_main
error at thread_main
error at thread_main
error at thread_main
error at thread_main
error at thread_main
error at thread_main
error at thread_main
error at thread_main
error at thread_main
error at thread_main
error at thread_main
error at thread_main
error at thread_main
error at thread_main
error at thread_main
error at thread_main
error at thread_main
error at thread_main
error at thread_main
error at thread_main
error at thread_main
error at thread_main
error at thread_main
error at thread_main
error at thread_main
error at thread_main
error at thread_main
error at thread_main
error at thread_main
error at thread_main
error at thread_main
error at thread_main
error at thread_main
error at thread_main
error at thread_main
error at thread_main
error at thread_main
error at thread_main
error at thread_main
error at thread_main
error at thread_main
error at thread_main
error at thread_main
error at thread_main
error at thread_main
error at thread_main
error at thread_main
error at thread_main
error at thread_main
error at thread_main
error at thread_main
error at thread_main
error at thread_main
error at thread_main
error at thread_main
error at thread_main
error at thread_main
error at thread_main
error at thread_main
error at thread_main
error at thread_main
error at thread_main
error at thread_main
error at thread_main
error at thread_main
error at thread_main
error at thread_main
error at thread_main
error at thread_main
error at thread_main
error at thread_main
6010, 444(0):4.812|4.960, 473(0):0.977|1.157, 44(0):0.505|0.529, 55(0):6.277|6.283, 49(0):12.589|12.590
6020, 522(2):4.805|5.337, 518(0):1.010|1.427, 53(0):0.477|0.569, 52(0):5.996|6.345, 53(0):12.338|12.497
6030, 397(0):4.629|4.909, 414(0):0.917|1.157, 41(0):0.468|0.576, 25(0):5.696|5.778, 39(0):13.756|15.096
6040, 498(1):4.695|5.185, 467(0):0.986|1.057, 49(0):0.447|0.490, 56(0):5.476|5.529, 50(0):12.309|12.574
6050, 435(0):4.470|4.722, 444(0):0.933|0.988, 43(0):0.411|0.461, 50(0):5.448|5.529, 43(0):12.734|12.839
6060, 378(2):4.801|5.428, 390(0):0.986|1.440, 39(0):0.559|0.895, 31(0):5.410|5.491, 36(0):12.737|14.485
6070, 450(1):4.713|5.060, 428(0):1.017|1.432, 44(0):0.547|0.581, 43(0):5.524|5.571, 44(0):14.398|15.929
6080, 495(0):4.549|4.968, 527(0):0.963|1.091, 51(0):0.423|0.532, 45(0):5.929|6.029, 55(0):11.866|12.292
6090, 480(1):4.567|5.283, 483(0):0.976|1.229, 48(0):0.537|0.539, 40(0):5.537|5.658, 47(0):12.106|12.183
6100, 400(1):4.545|6.085, 367(0):0.938|1.606, 38(0):0.416|0.432, 53(0):5.558|5.643, 38(0):12.007|12.020
6110, 356(0):4.565|4.896, 428(0):0.998|1.384, 38(0):0.475|0.532, 42(0):5.595|5.821, 39(0):11.594|11.683
6120, 499(5):4.939|5.211, 440(0):0.965|1.025, 49(0):0.539|0.583, 52(0):5.756|5.921, 49(0):12.772|12.828
6130, 471(2):4.757|5.085, 476(0):1.066|1.604, 48(0):0.483|0.534, 45(0):5.651|5.666, 42(0):12.429|13.591
6140, 389(1):4.809|8.013, 403(0):0.944|1.040, 37(0):0.434|0.444, 42(0):5.613|5.679, 43(0):12.179|12.232
6150, 530(1):4.622|5.092, 487(0):0.947|1.332, 51(0):0.586|0.597, 44(0):5.552|5.756, 49(0):11.775|12.126
6160, 410(2):4.747|5.120, 421(0):0.965|1.318, 43(0):0.422|0.424, 55(0):5.918|5.995, 44(0):11.959|12.198
6170, 412(3):4.903|5.501, 435(0):1.000|1.089, 41(0):0.473|0.518, 28(0):5.682|6.393, 39(0):12.696|13.511
6180, 563(31):5.785|6.136, 571(0):1.331|1.596, 57(0):0.622|1.024, 56(0):6.188|6.556, 60(2):19.999|21.448
6190, 438(5):4.982|5.714, 414(0):1.140|1.280, 43(0):0.578|0.698, 52(0):6.235|6.311, 40(0):14.853|15.652
6200, 464(13):5.422|6.274, 487(0):1.058|1.319, 48(0):0.599|0.835, 34(0):6.253|6.363, 45(0):14.452|14.735
6210, 445(3):4.957|5.362, 450(0):1.033|1.147, 46(0):0.474|0.482, 59(0):5.950|7.233, 50(0):13.011|13.192
6220, 388(3):4.871|5.166, 368(0):1.100|1.548, 36(0):0.467|0.501, 40(0):5.882|5.924, 37(0):13.192|14.222
6230, 498(2):4.825|5.139, 522(0):0.988|1.168, 50(0):0.492|0.758, 31(0):5.669|5.886, 51(0):12.267|13.974
6240, 396(0):4.616|4.815, 385(0):0.973|1.044, 41(0):0.396|0.423, 46(0):5.627|5.815, 40(0):12.372|13.285
6250, 400(1):4.658|5.150, 415(0):0.963|1.185, 40(0):0.471|0.474, 33(0):5.914|6.086, 39(0):12.845|14.679
6260, 436(0):4.742|4.947, 414(0):0.954|1.053, 44(0):0.530|0.571, 55(0):5.581|5.912, 45(0):13.043|13.561
6270, 501(2):4.608|5.093, 478(0):0.987|1.345, 48(0):0.439|0.464, 64(0):5.427|5.736, 49(0):12.104|12.196
6280, 438(1):4.815|5.003, 452(0):0.898|1.105, 45(0):0.767|0.774, 42(0):5.813|5.850, 42(0):11.918|12.239
6290, 463(4):4.910|5.470, 462(0):0.978|1.211, 46(0):0.430|0.454, 25(0):5.534|5.715, 45(0):12.068|12.582
6300, 359(1):4.717|5.185, 376(0):0.996|1.070, 36(0):0.532|0.536, 48(0):5.831|6.158, 40(0):12.350|12.502
6310, 399(6):5.065|5.633, 357(0):1.038|2.190, 38(0):0.457|0.513, 29(0):5.867|5.927, 35(0):14.209|14.724
6320, 446(2):4.849|5.110, 451(0):1.032|1.372, 45(0):0.485|0.488, 53(0):5.969|6.328, 47(0):12.436|13.031
6330, 439(3):4.854|5.179, 455(0):0.964|1.197, 45(0):0.452|0.492, 43(0):5.511|5.744, 42(0):13.227|13.717
6340, 442(0):4.575|4.795, 467(0):0.972|1.135, 46(0):0.461|0.526, 52(0):5.510|5.523, 50(0):12.805|13.314
6350, 422(0):4.487|4.578, 426(0):0.932|1.254, 41(0):0.435|0.460, 35(0):5.362|5.478, 36(0):12.150|12.702
6360, 404(1):4.771|5.098, 412(0):0.961|1.194, 42(0):0.508|0.528, 50(0):5.557|5.583, 47(0):12.591|12.795
6370, 482(4):4.899|5.912, 459(0):1.020|1.419, 46(0):0.519|0.531, 33(0):5.481|5.616, 41(0):12.928|13.041
6380, 417(1):4.753|5.110, 433(0):0.931|1.030, 42(0):0.433|0.450, 44(0):5.778|6.000, 47(0):12.830|13.271
6390, 399(1):4.641|5.108, 395(0):0.964|1.273, 41(0):0.429|0.463, 38(0):5.511|5.515, 38(0):11.912|12.031
6400, 455(0):4.628|4.842, 418(0):1.011|1.635, 44(0):0.453|0.465, 52(0):5.673|5.789, 44(0):12.239|12.463
6410, 325(1):4.655|5.244, 352(0):1.058|1.164, 34(0):0.470|0.481, 27(0):5.393|5.539, 36(0):12.489|12.673
6420, 465(3):4.831|5.133, 503(0):0.977|1.348, 48(0):0.495|0.564, 54(0):5.546|5.731, 48(0):12.021|12.159
6430, 458(0):4.683|4.929, 432(0):0.973|1.244, 43(0):0.524|0.668, 47(0):5.676|6.033, 44(0):12.545|12.554
6440, 481(0):4.630|4.885, 485(0):0.986|1.331, 50(0):0.476|0.506, 40(0):5.454|5.648, 46(0):12.280|12.708
6450, 437(0):4.698|4.918, 448(0):0.949|1.432, 44(0):0.449|0.464, 46(0):5.668|5.678, 46(0):12.856|13.520
6460, 461(0):4.606|4.806, 471(0):0.950|1.273, 46(0):0.686|0.964, 47(0):5.752|5.768, 48(0):13.741|13.774
6470, 440(1):4.679|5.204, 412(0):0.966|1.083, 42(0):0.479|0.488, 49(0):5.659|5.726, 41(0):13.402|14.114
6480, 516(2):4.818|5.186, 531(0):0.993|1.051, 51(0):0.462|0.659, 44(0):5.428|5.665, 51(0):14.265|14.731
6490, 341(52):7.682|10.377, 311(0):1.936|4.741, 36(0):0.970|1.091, 53(0):6.570|6.740, 37(9):19.999|32.235
6500, 421(71):6.893|8.468, 416(0):1.657|4.130, 41(0):0.585|0.699, 26(0):7.521|7.663, 41(0):14.224|14.628
6510, 346(4):4.845|5.258, 324(0):0.959|1.356, 35(0):0.461|0.464, 68(0):6.460|6.517, 33(0):12.397|12.743
6520, 517(10):5.189|8.822, 538(0):1.192|2.161, 52(0):0.505|0.550, 16(0):5.732|5.784, 49(0):13.929|14.197
6530, 446(12):5.290|6.721, 461(0):1.099|1.417, 45(0):0.517|0.600, 40(0):6.063|6.596, 47(0):12.737|13.006
6540, 435(4):4.910|5.195, 440(0):1.035|1.434, 40(0):0.497|0.498, 46(0):6.120|8.929, 42(0):13.243|13.983
6550, 457(1):4.827|5.084, 448(0):1.062|1.208, 48(0):0.572|0.614, 50(0):5.614|5.910, 48(0):12.438|15.192
6560, 462(1):4.659|5.210, 475(0):0.973|1.271, 48(0):0.486|0.511, 54(0):5.523|5.830, 45(0):12.157|13.079
6570, 396(1):4.718|5.385, 388(0):1.076|1.327, 39(0):0.426|0.428, 39(0):5.432|6.070, 42(0):12.106|12.197
6580, 464(2):4.796|5.243, 528(0):1.205|1.272, 46(0):0.564|0.802, 42(0):5.691|5.695, 45(0):17.141|17.578
6590, 468(0):4.710|4.960, 386(0):0.969|1.067, 45(0):0.417|0.435, 44(0):5.721|5.905, 41(0):11.909|11.913
6600, 387(0):4.528|4.811, 413(0):0.976|1.032, 41(0):0.474|0.504, 42(0):5.420|5.486, 43(0):11.767|11.814
6610, 366(7):5.063|5.484, 365(0):1.108|2.651, 37(0):0.528|0.551, 32(0):5.701|5.704, 36(0):12.729|13.018
6620, 616(2):4.598|7.982, 597(0):0.897|1.153, 60(0):0.492|0.845, 58(0):6.164|6.391, 63(0):14.879|15.138
6630, 599(0):4.505|4.820, 620(0):1.016|1.133, 60(0):0.516|0.530, 66(0):5.461|5.739, 61(0):12.002|13.672
6640, 606(1):4.479|5.064, 587(0):0.972|1.180, 61(0):0.461|0.550, 74(0):5.474|5.563, 62(0):11.685|11.801
6650, 654(0):4.320|4.758, 634(0):0.911|1.611, 64(0):0.417|0.447, 43(0):5.445|5.469, 64(0):12.126|12.344
6660, 578(0):4.340|4.531, 571(0):0.912|0.980, 57(0):0.505|0.716, 72(0):5.177|5.418, 53(0):12.356|12.479
6670, 571(1):4.574|5.004, 616(0):1.003|1.549, 60(0):0.473|0.503, 52(0):5.485|5.572, 58(0):11.599|12.987
6680, 534(0):4.558|4.942, 573(0):0.966|1.110, 55(0):0.510|0.513, 42(0):5.579|5.657, 61(0):11.732|12.034
6690, 561(2):4.475|5.622, 519(0):0.892|0.997, 52(0):0.403|0.438, 63(0):5.522|5.578, 52(0):11.426|11.829
6700, 439(19):5.708|5.942, 424(0):1.282|1.411, 45(0):0.424|0.594, 53(0):5.618|5.676, 40(1):17.880|22.950
6710, 401(1):4.620|5.069, 385(0):0.958|1.430, 39(0):0.516|0.646, 40(0):5.559|5.744, 41(0):11.952|14.168
6720, 444(0):4.504|4.854, 415(0):0.973|1.007, 43(0):0.453|0.541, 40(0):5.297|5.665, 45(0):12.274|12.372
6730, 491(0):4.515|4.836, 510(0):1.064|1.322, 51(0):0.474|0.501, 46(0):5.451|5.572, 47(0):11.894|14.213
6740, 498(0):4.672|4.930, 528(0):1.004|1.248, 52(0):0.477|0.486, 53(0):5.522|5.590, 54(0):12.719|13.016
6750, 424(5):4.992|5.600, 409(0):0.976|1.226, 40(0):0.424|0.469, 39(0):6.034|6.215, 39(0):12.355|12.481
6760, 380(1):4.708|5.258, 374(0):1.021|1.157, 38(0):0.471|0.504, 42(0):5.824|6.108, 40(0):11.625|11.942
6770, 379(3):4.707|5.205, 420(0):1.049|1.781, 40(0):0.532|0.922, 37(0):5.675|6.254, 38(0):11.805|12.849
6780, 427(0):4.528|4.599, 441(0):0.936|1.087, 43(0):0.658|0.777, 54(0):5.260|5.373, 44(0):11.853|13.411
6790, 493(21):5.559|6.069, 465(0):1.201|3.058, 48(0):0.508|0.663, 43(0):6.277|6.470, 49(0):13.991|15.245
6800, 451(33):5.450|5.650, 442(0):1.130|1.441, 46(0):0.506|0.585, 50(0):6.940|7.214, 45(0):13.954|14.362
6810, 376(3):4.912|5.200, 382(0):0.994|1.157, 37(0):0.455|0.473, 31(0):6.196|6.302, 37(0):13.143|13.315
6820, 419(2):4.882|5.339, 411(0):0.990|1.202, 42(0):0.533|0.597, 33(0):6.070|6.225, 42(0):12.683|13.075
6830, 370(5):5.153|5.562, 366(0):1.051|1.172, 37(0):0.446|0.675, 51(0):5.808|5.894, 40(0):13.070|13.391
6840, 478(2):4.899|5.201, 461(0):1.016|1.437, 43(0):0.453|0.503, 46(0):6.001|6.122, 41(0):12.993|13.024
6850, 466(4):4.880|5.071, 477(0):1.051|1.407, 50(0):0.540|0.677, 43(0):5.636|5.935, 45(0):12.298|12.339
6860, 438(0):4.630|4.918, 446(0):1.036|1.162, 45(0):0.537|0.693, 32(0):5.996|6.192, 51(0):13.097|13.100
6870, 407(2):4.853|5.136, 382(0):1.031|1.831, 39(0):0.432|0.537, 44(0):5.812|5.879, 33(0):12.896|18.233
6880, 413(3):4.968|5.582, 448(0):1.027|1.510, 42(0):0.487|0.492, 37(0):5.922|6.034, 49(0):13.223|13.563
6890, 420(3):4.933|5.337, 423(0):1.119|1.179, 41(0):0.459|0.571, 54(0):6.179|6.261, 38(0):14.509|16.359
6900, 452(3):4.821|5.079, 440(0):1.030|1.171, 48(0):0.471|0.549, 46(0):5.655|5.712, 50(0):12.882|13.293
6910, 349(4):4.951|5.706, 345(0):1.076|1.451, 35(0):0.497|0.768, 42(0):5.686|5.944, 35(0):12.765|14.994
6920, 412(1):4.760|5.089, 446(0):1.022|1.122, 41(0):0.490|0.508, 30(0):5.700|5.854, 38(0):13.866|14.177
6930, 458(3):4.801|5.414, 403(0):0.913|1.035, 44(0):0.446|0.468, 52(0):5.586|5.708, 49(0):12.440|12.701
6940, 534(0):4.536|4.775, 555(0):1.016|1.234, 52(0):0.479|0.481, 52(0):5.858|5.976, 51(0):11.874|11.950
6950, 484(8):5.032|5.670, 493(0):1.042|1.210, 49(0):0.559|0.618, 44(0):5.731|5.957, 48(0):16.109|16.678
6960, 462(0):4.628|4.834, 452(0):0.970|1.235, 48(0):0.438|0.467, 49(0):5.730|5.852, 45(0):12.069|13.251
6970, 500(3):4.663|5.059, 516(0):0.974|1.086, 49(0):0.507|0.511, 49(0):5.608|5.695, 51(0):13.312|13.454
6980, 350(1):4.777|5.004, 335(0):0.959|1.073, 36(0):0.402|0.579, 34(0):5.478|5.885, 38(0):11.580|12.265
6990, 393(3):4.939|5.047, 420(0):0.957|1.664, 40(0):0.407|0.449, 37(0):5.673|7.344, 40(0):13.129|13.376
7000, 461(1):4.661|5.306, 427(0):0.919|1.357, 43(0):0.430|0.548, 46(0):5.425|5.688, 41(0):12.825|13.365
7010, 436(0):4.717|4.859, 433(0):0.979|1.087, 46(0):0.462|0.466, 48(0):5.520|5.729, 48(0):13.032|13.109
7020, 436(0):4.553|4.899, 449(0):0.991|1.095, 42(0):0.426|0.455, 35(0):5.695|5.870, 41(0):12.913|13.245
7030, 506(11):5.104|5.672, 502(0):1.171|1.996, 50(0):0.543|0.550, 58(0):6.039|6.123, 51(0):13.654|14.115
7040, 420(1):4.767|5.006, 419(0):0.976|1.231, 44(0):0.441|0.481, 40(0):6.068|6.260, 42(0):12.254|12.711
7050, 419(2):4.806|5.379, 412(0):1.009|1.328, 41(0):0.573|0.946, 41(0):5.748|5.955, 42(0):12.203|12.370
7060, 414(1):4.731|5.026, 451(0):1.106|1.215, 44(0):0.467|0.492, 54(0):6.142|9.248, 37(0):12.446|12.595
7070, 476(0):4.702|4.882, 452(0):1.000|1.189, 44(0):0.453|0.498, 33(0):5.517|5.530, 52(0):11.823|12.170
7080, 454(20):5.253|5.794, 533(0):1.207|1.336, 52(0):0.482|0.574, 55(0):6.288|6.889, 48(0):14.042|15.007
7090, 453(22):5.543|6.281, 373(0):1.288|1.683, 40(0):0.596|0.611, 44(0):5.904|6.465, 44(0):15.265|15.516
7100, 418(33):5.837|6.046, 399(0):1.151|1.642, 41(0):0.570|0.638, 35(0):6.617|6.895, 36(0):14.843|15.597
7110, 477(10):5.156|5.558, 444(0):1.174|1.782, 47(0):0.602|0.616, 53(0):6.128|6.213, 48(0):13.287|13.700
7120, 434(4):4.906|6.297, 485(0):1.022|1.458, 45(0):0.480|0.590, 39(0):6.160|6.218, 44(0):13.026|14.260
7130, 470(3):4.708|6.147, 466(0):1.056|1.129, 46(0):0.528|0.646, 51(0):5.591|5.631, 48(0):12.648|13.578
7140, 365(1):4.671|5.064, 384(0):0.955|1.178, 37(0):0.426|0.563, 27(0):5.782|6.083, 34(0):13.008|14.676
7150, 427(4):4.886|5.444, 433(0):1.077|1.135, 45(0):0.592|0.747, 49(0):5.523|5.562, 45(0):13.340|13.692
7160, 375(1):4.722|6.339, 374(0):1.033|1.191, 37(0):0.502|0.507, 37(0):5.729|5.961, 44(0):12.651|14.482
7170, 479(1):4.702|5.178, 459(0):1.012|1.123, 47(0):0.550|0.570, 56(0):5.637|6.102, 42(0):12.215|13.681
7180, 373(2):4.794|5.714, 395(0):0.986|1.444, 36(0):0.444|0.510, 34(0):5.626|5.691, 40(0):12.451|13.302
7190, 534(3):4.897|5.112, 525(0):1.128|1.221, 55(0):0.489|0.616, 50(0):5.978|6.028, 55(0):12.593|12.855
7200, 453(1):4.788|5.067, 425(0):1.096|1.839, 45(0):0.503|0.508, 47(0):5.895|5.911, 42(0):11.789|11.990

STOPPING THREADS....................................................................................................................................................................................................................................................................................................................................................................

<Raw Results>
  [0] sc:330159  lt:3020  rt:0  fl:0 
  [1] sc:333168  lt:1  rt:0  fl:0 
  [2] sc:33317  lt:1  rt:0  fl:0 
  [3] sc:33326  lt:0  rt:0  fl:0 
  [4] sc:33300  lt:16  rt:0  fl:0 
 in 7200 sec.

<Raw Results2(sum ver.)>
  [0] sc:330159  lt:3020  rt:0  fl:0 
  [1] sc:333168  lt:1  rt:0  fl:0 
  [2] sc:33317  lt:1  rt:0  fl:0 
  [3] sc:33326  lt:0  rt:0  fl:0 
  [4] sc:33300  lt:16  rt:0  fl:0 

<Constraint Check> (all must be [OK])
 [transaction percentage]
        Payment: 43.48% (>=43.0%) [OK]
   Order-Status: 4.35% (>= 4.0%) [OK]
       Delivery: 4.35% (>= 4.0%) [OK]
    Stock-Level: 4.35% (>= 4.0%) [OK]
 [response time (at least 90% passed)]
      New-Order: 99.09%  [OK]
        Payment: 100.00%  [OK]
   Order-Status: 100.00%  [OK]
       Delivery: 100.00%  [OK]
    Stock-Level: 99.95%  [OK]

<TpmC>
                 2776.492 TpmC
Start: 2013-08-08 09:51:56 - Finish: 2013-08-08 12:11:59
AVG Idle CPU: 4.79
AVG Commit: 71.28
