***************************************
*** ###easy### TPC-C Load Generator ***
***************************************
option h with value '192.241.149.101'
option d with value 'tpcc'
option u with value 'root'
option p with value 'password'
option w with value '40'
option c with value '400'
option r with value '1200'
option l with value '7200'
<Parameters>
     [server]: 192.241.149.101
     [port]: 3306
     [DBname]: tpcc
       [user]: root
       [pass]: password
  [warehouse]: 40
 [connection]: 400
     [rampup]: 1200 (sec.)
    [measure]: 7200 (sec.)

RAMP-UP TIME.(1200 sec.)

MEASURING START.

  10, 189(28):5.489|8.769, 225(0):1.233|2.822, 21(0):0.738|1.745, 24(0):7.366|9.629, 22(0):16.869|19.709
  20, 248(21):5.508|6.073, 211(0):1.154|1.404, 23(0):0.542|1.019, 21(0):6.823|6.913, 23(0):15.506|15.657
  30, 216(18):5.503|5.672, 233(0):1.227|1.499, 23(0):0.542|0.639, 26(0):7.167|7.303, 24(0):15.455|15.654
  40, 222(16):5.273|5.562, 217(0):1.103|1.499, 22(0):0.746|0.815, 16(0):6.789|7.034, 18(0):15.069|15.203
  50, 214(26):5.837|6.478, 216(0):1.386|1.451, 22(0):0.573|0.575, 22(0):6.720|6.939, 23(0):15.697|15.988
  60, 206(18):5.549|5.918, 214(0):1.216|2.023, 22(0):0.545|0.549, 22(0):7.388|7.510, 21(0):15.606|15.704
  70, 241(35):5.608|5.803, 226(0):1.143|1.667, 22(0):0.577|0.614, 25(0):7.012|7.120, 25(0):15.806|15.934
  80, 199(27):5.641|5.785, 217(0):1.191|1.296, 20(0):0.886|0.961, 19(0):6.884|7.268, 18(0):16.387|17.382
  90, 232(22):5.571|5.766, 204(0):1.236|1.510, 23(0):0.569|0.581, 23(0):6.688|7.596, 23(0):15.937|16.724
 100, 217(5):5.243|5.487, 222(0):1.094|1.514, 22(0):0.502|0.503, 21(0):6.360|6.602, 22(0):14.724|15.003
 110, 229(13):5.352|5.643, 239(0):1.184|1.325, 22(0):0.498|0.590, 20(0):6.182|6.723, 22(0):14.973|15.495
 120, 229(13):5.248|5.686, 217(0):1.243|1.514, 23(0):0.440|0.584, 27(0):6.399|6.735, 24(0):16.082|16.219
 130, 229(17):5.456|5.997, 236(0):1.130|1.184, 23(0):0.522|0.550, 22(0):6.558|6.884, 24(0):15.529|15.788
 140, 222(9):5.357|6.096, 220(0):1.108|1.351, 22(0):0.456|0.490, 24(0):6.828|7.162, 24(0):15.101|16.789
 150, 229(17):5.430|8.118, 235(0):1.091|1.263, 23(0):0.525|0.529, 22(0):6.649|7.045, 18(0):15.808|15.838
 160, 212(14):5.236|5.578, 227(0):1.078|1.264, 22(0):0.495|0.501, 22(0):6.680|6.982, 26(0):15.627|16.282
 170, 235(16):5.563|5.938, 233(0):1.180|1.228, 24(0):0.536|0.611, 22(0):6.736|6.843, 22(0):15.193|15.507
 180, 216(21):5.426|5.820, 212(0):1.066|1.353, 21(0):0.619|0.662, 25(0):6.738|6.983, 25(0):15.133|15.429
 190, 230(21):5.302|5.431, 222(0):1.266|1.331, 23(0):0.638|0.663, 21(0):6.821|7.112, 18(0):16.463|17.223
 200, 223(15):5.301|5.488, 223(0):1.157|1.323, 23(0):0.651|0.829, 20(0):6.492|6.636, 22(0):15.760|16.529
 210, 225(15):5.250|5.285, 235(0):1.216|1.437, 22(0):0.473|0.495, 23(0):6.598|6.763, 27(0):16.496|16.756
 220, 234(19):5.400|5.721, 210(0):1.155|1.447, 22(0):0.497|0.715, 22(0):6.764|7.036, 18(0):16.099|16.720
 230, 212(21):5.649|6.000, 214(0):1.161|1.345, 23(0):0.522|0.594, 24(0):7.415|7.578, 28(0):15.404|15.697
 240, 229(21):5.351|5.678, 249(0):1.223|1.310, 24(0):0.572|0.681, 23(0):6.655|6.822, 18(0):15.006|15.154
 250, 217(18):5.222|5.424, 211(0):1.176|1.360, 20(0):0.559|0.576, 15(0):6.845|6.857, 23(0):15.261|15.577
 260, 203(8):5.343|5.421, 189(0):1.211|1.255, 20(0):0.532|0.558, 27(0):6.599|6.975, 22(0):16.120|16.927
 270, 234(18):5.552|5.591, 216(0):1.189|1.470, 22(0):0.543|0.706, 19(0):6.785|7.042, 21(0):14.987|15.404
 280, 169(12):5.501|5.570, 210(0):1.095|1.249, 19(0):0.543|0.565, 19(0):7.085|7.260, 15(0):16.043|16.116
 290, 201(26):5.697|6.264, 184(0):1.376|1.504, 21(0):0.554|0.587, 23(0):7.343|7.413, 24(0):15.931|17.021
 300, 216(33):5.643|5.817, 206(0):1.247|1.423, 20(0):0.605|0.612, 20(0):7.202|7.564, 22(0):16.281|16.481
 310, 192(33):5.766|6.295, 178(0):1.270|1.745, 18(0):0.510|0.572, 17(0):7.102|7.293, 17(0):16.196|16.363
 320, 216(28):5.582|6.285, 235(0):1.311|1.734, 23(0):0.618|0.847, 27(0):6.970|8.220, 22(0):16.104|16.642
 330, 206(14):5.598|6.031, 229(0):1.131|1.221, 20(0):0.465|0.589, 16(0):6.756|6.831, 16(0):15.604|16.142
 340, 177(15):5.527|5.663, 179(0):1.288|1.459, 19(0):0.514|0.684, 18(0):6.618|6.996, 21(0):16.130|16.361
 350, 200(21):5.526|5.634, 201(0):1.211|1.459, 20(0):0.457|0.461, 21(0):6.839|6.997, 19(0):15.724|16.365
 360, 186(22):5.662|5.827, 172(0):1.157|1.809, 19(0):0.630|0.660, 19(0):6.847|7.082, 19(0):16.088|16.555
 370, 197(13):5.536|5.738, 201(0):1.146|1.358, 18(0):0.527|0.552, 20(0):7.157|7.196, 21(0):15.178|17.304
 380, 209(12):5.227|5.663, 187(0):1.393|1.458, 20(0):0.479|0.512, 17(0):6.807|6.903, 16(0):15.245|15.353
 390, 201(20):5.376|5.561, 212(0):1.089|1.409, 20(0):0.799|0.817, 19(0):6.538|6.794, 28(0):15.489|15.595
 400, 194(11):5.453|5.816, 224(0):1.139|1.374, 23(0):0.505|0.508, 20(0):6.738|7.070, 17(0):15.598|15.672
 410, 219(15):5.488|5.743, 217(0):1.156|1.421, 22(0):0.531|0.562, 28(0):6.810|7.050, 22(0):15.421|15.479
 420, 213(20):5.320|5.456, 184(0):1.170|1.324, 20(0):0.579|0.608, 20(0):6.904|6.910, 24(0):14.305|14.785
 430, 197(13):5.529|5.659, 209(0):1.129|1.409, 19(0):0.520|0.566, 18(0):6.707|6.961, 15(0):14.682|15.124
 440, 205(12):5.252|5.570, 213(0):1.124|1.306, 21(0):0.445|0.563, 22(0):6.460|6.567, 20(0):14.914|15.260
 450, 200(10):5.401|6.052, 191(0):1.136|1.168, 19(0):0.463|0.700, 17(0):6.751|7.114, 17(0):14.279|14.764
 460, 203(18):5.376|5.638, 207(0):1.070|1.322, 21(0):0.588|0.612, 21(0):6.739|6.899, 26(0):14.587|14.743
 470, 188(8):5.180|5.311, 199(0):1.175|1.407, 20(0):0.490|0.779, 20(0):6.469|6.653, 18(0):15.484|16.011
 480, 213(10):5.258|6.110, 187(0):1.137|1.502, 20(0):0.504|0.527, 25(0):6.745|6.808, 26(0):15.164|15.271
 490, 213(11):5.368|5.450, 220(0):1.057|1.182, 21(0):0.459|0.464, 18(0):6.248|6.284, 18(0):15.085|15.228
 500, 211(12):5.326|5.914, 212(0):1.258|1.382, 22(0):0.482|0.540, 20(0):6.987|7.116, 17(0):15.213|15.305
 510, 211(20):5.574|5.903, 211(0):1.125|1.358, 22(0):0.582|0.657, 21(0):6.634|7.056, 23(0):15.087|16.025
 520, 199(10):5.291|5.612, 216(0):1.083|2.650, 19(0):0.515|0.536, 23(0):6.416|7.067, 23(0):14.774|15.171
 530, 222(15):5.303|5.505, 207(0):1.098|1.145, 23(0):0.536|0.547, 19(0):6.525|6.819, 18(0):14.687|15.037
 540, 203(21):5.508|6.500, 220(0):1.227|1.585, 20(0):0.458|0.479, 19(0):6.703|7.637, 24(0):15.649|16.356
 550, 216(12):5.319|5.851, 193(0):1.132|1.212, 20(0):0.550|0.580, 24(0):6.527|6.647, 20(0):15.233|15.262
 560, 210(8):5.171|5.318, 223(0):1.232|1.429, 22(0):0.530|0.648, 21(0):6.236|6.449, 20(0):14.628|14.760
 570, 206(16):5.449|5.720, 216(0):1.175|1.243, 21(0):0.603|0.706, 20(0):6.562|6.627, 20(0):14.572|15.535
 580, 207(19):5.462|5.700, 199(0):1.105|1.442, 21(0):0.683|0.799, 21(0):6.751|7.118, 21(0):15.165|15.914
 590, 200(26):5.696|5.851, 185(0):1.391|1.501, 18(0):0.509|0.531, 18(0):6.623|6.921, 17(0):15.951|16.131
 600, 159(36):5.920|6.367, 158(0):1.309|1.361, 18(0):0.680|0.696, 19(0):7.049|7.288, 20(0):16.486|17.236
 610, 150(31):5.852|6.370, 185(0):1.193|1.279, 15(0):0.536|0.572, 16(0):7.239|7.641, 18(0):16.996|17.650
 620, 173(25):5.429|5.503, 142(0):1.524|1.712, 17(0):0.482|0.513, 17(0):6.592|6.697, 19(0):16.071|16.186
 630, 181(12):5.358|5.545, 184(0):1.153|1.350, 17(0):0.515|0.531, 16(0):6.539|6.543, 13(0):15.582|15.791
 640, 148(21):5.560|5.648, 165(0):1.111|1.350, 17(0):0.449|0.494, 16(0):6.659|7.239, 16(0):16.555|17.694
 650, 184(14):5.400|5.756, 167(0):1.191|1.267, 17(0):0.457|0.615, 17(0):6.391|6.794, 19(0):15.591|15.950
 660, 165(23):5.683|6.193, 185(0):1.106|1.164, 17(0):0.463|0.493, 17(0):6.651|6.840, 19(0):15.975|16.232
 670, 174(19):5.556|5.909, 158(0):1.094|1.621, 17(0):0.532|0.607, 21(0):6.915|7.105, 18(0):16.267|16.641
 680, 191(19):5.762|6.029, 180(0):1.184|1.607, 18(0):0.504|0.508, 15(0):6.689|6.842, 13(0):14.926|15.319
 690, 221(15):5.338|5.913, 207(0):1.119|1.772, 22(0):0.588|0.649, 23(0):6.497|6.557, 23(0):15.917|17.491
 700, 210(12):5.216|5.399, 224(0):1.233|1.296, 22(0):0.455|0.518, 23(0):6.649|6.796, 23(0):15.676|16.433
 710, 203(22):5.564|5.703, 215(0):1.226|1.369, 21(0):0.541|0.574, 19(0):6.752|7.422, 21(0):15.251|15.710
 720, 200(17):5.472|5.530, 195(0):1.313|1.360, 19(0):0.601|0.662, 22(0):7.063|7.128, 20(0):15.224|16.904
 730, 217(17):5.439|5.874, 222(0):1.149|1.263, 22(0):0.642|0.713, 19(0):6.986|7.024, 19(0):14.946|15.630
 740, 195(14):5.408|5.689, 227(0):1.227|1.347, 22(0):0.499|0.559, 19(0):6.631|6.767, 22(0):15.751|15.782
 750, 225(14):5.295|5.613, 200(0):1.226|1.264, 20(0):0.557|0.563, 21(0):6.773|6.910, 21(0):15.343|15.578
 760, 207(14):5.234|5.500, 213(0):1.114|1.368, 22(0):0.495|0.510, 21(0):6.503|6.511, 17(0):15.320|15.783
 770, 225(14):5.346|5.559, 210(0):1.093|1.278, 20(0):0.465|0.757, 26(0):6.500|6.744, 25(0):16.415|16.778
 780, 209(17):5.279|5.386, 201(0):1.247|1.468, 21(0):0.556|0.688, 17(0):6.574|6.603, 23(0):16.725|17.138
 790, 200(26):5.675|5.994, 213(0):1.142|1.351, 21(0):0.621|0.882, 24(0):6.938|7.261, 22(0):15.264|15.849
 800, 213(22):5.623|5.958, 193(0):1.159|1.262, 21(0):0.505|0.510, 18(0):6.663|6.670, 20(0):15.245|15.943
 810, 213(25):5.537|6.034, 220(0):1.121|1.573, 21(0):0.629|0.832, 22(0):6.277|6.334, 20(0):15.379|15.800
 820, 195(15):5.416|5.564, 185(0):1.197|1.214, 20(0):0.464|0.602, 28(0):6.924|6.935, 22(0):15.968|16.650
 830, 188(20):5.681|6.310, 197(0):1.148|1.381, 18(0):0.594|0.753, 11(0):6.644|7.041, 15(0):14.892|15.208
 840, 164(26):5.507|5.534, 170(0):1.101|1.614, 17(0):0.589|0.613, 21(0):6.404|6.594, 21(0):15.265|15.418
 850, 171(24):5.719|5.910, 189(0):1.165|1.240, 18(0):0.589|0.644, 10(0):6.631|6.818, 15(0):15.785|16.454
 860, 162(13):5.576|5.648, 141(0):1.093|1.793, 16(0):0.512|0.620, 17(0):6.591|6.879, 15(0):15.770|16.277
 870, 179(7):5.296|5.547, 176(0):1.189|1.614, 19(0):0.595|0.610, 23(0):6.838|6.859, 21(0):16.144|16.596
 880, 118(19):5.759|6.077, 147(0):1.186|1.446, 12(0):0.419|0.444, 10(0):6.407|6.675, 13(0):15.237|15.553
 890, 106(11):5.562|6.292, 92(0):1.498|1.584, 10(0):0.508|0.511, 10(0):6.829|6.929, 11(0):15.328|15.490
 900, 159(26):6.073|6.360, 164(0):1.424|4.134, 14(0):0.530|0.590, 16(0):6.654|6.720, 12(0):16.433|16.993
 910, 165(27):5.607|5.943, 177(0):1.283|2.053, 18(0):0.555|0.568, 18(0):6.854|7.205, 17(0):17.207|18.219
 920, 181(14):5.395|5.727, 168(0):1.166|1.336, 17(0):0.521|0.550, 16(0):6.722|6.819, 15(0):16.394|17.888
 930, 180(16):5.333|6.288, 174(0):1.220|1.625, 19(0):0.614|0.713, 16(0):6.823|6.834, 20(0):14.768|16.009
 940, 211(24):5.524|5.580, 194(0):1.234|1.239, 20(0):0.452|0.538, 23(0):6.942|7.073, 19(0):15.430|16.516
 950, 200(15):5.665|5.843, 210(0):1.180|1.237, 21(0):0.580|0.776, 19(0):7.528|7.921, 22(0):15.420|15.752
 960, 210(28):5.653|5.935, 224(0):1.245|1.509, 20(0):0.603|0.923, 20(0):7.119|7.248, 19(0):15.587|16.732
 970, 219(20):5.521|6.229, 220(0):1.129|1.487, 21(0):0.466|0.512, 20(0):6.758|7.179, 19(0):16.321|17.090
 980, 197(11):5.334|5.466, 211(0):1.124|1.277, 21(0):0.528|0.634, 22(0):6.724|7.082, 20(0):15.795|17.543
 990, 210(11):5.245|5.650, 207(0):1.169|1.560, 21(0):0.492|0.558, 16(0):6.812|6.881, 26(0):15.820|16.028
1000, 206(16):5.355|5.523, 190(0):1.173|1.451, 21(0):0.644|0.877, 25(0):6.391|6.459, 19(0):14.999|15.377
1010, 199(14):5.474|5.567, 212(0):1.158|1.347, 20(0):0.526|0.829, 23(0):6.440|6.721, 23(0):15.573|15.730
1020, 210(11):5.184|5.395, 209(0):1.112|1.409, 20(0):0.519|0.759, 21(0):6.763|6.841, 17(0):15.627|15.663
1030, 202(16):5.318|5.755, 186(0):1.169|1.242, 21(0):0.539|0.567, 17(0):6.804|6.814, 23(0):14.915|15.184
1040, 203(13):5.295|5.835, 214(0):1.203|1.367, 20(0):0.519|0.846, 22(0):6.625|7.589, 19(0):14.627|15.326
1050, 192(19):5.478|5.566, 192(0):1.155|1.417, 20(0):0.519|0.675, 23(0):7.082|7.187, 19(0):14.661|16.009
1060, 211(11):5.368|6.029, 188(0):1.236|1.602, 20(0):0.572|0.586, 18(0):6.593|6.680, 25(0):15.078|15.600
1070, 201(14):5.207|5.583, 204(0):1.188|1.571, 21(0):0.531|0.655, 21(0):6.728|7.364, 17(0):15.998|18.319
1080, 187(16):5.534|5.624, 211(0):1.143|1.384, 19(0):0.585|0.607, 18(0):6.694|6.888, 19(0):15.749|15.847
1090, 202(14):5.354|5.517, 181(0):1.223|1.318, 19(0):0.660|0.706, 23(0):6.937|6.977, 20(0):15.570|15.826
1100, 209(18):5.406|6.055, 196(0):1.131|1.298, 21(0):0.463|0.522, 21(0):7.224|7.459, 21(0):15.540|15.613
1110, 199(35):5.523|5.755, 197(0):1.160|1.244, 20(0):0.521|0.535, 18(0):7.039|7.188, 20(0):15.305|15.643
1120, 204(10):5.216|5.486, 219(0):1.240|1.537, 20(0):0.579|0.589, 20(0):6.897|9.484, 17(0):15.259|15.520
1130, 220(21):5.494|5.783, 189(0):1.436|1.729, 22(0):0.599|0.893, 26(0):7.449|7.983, 26(0):15.552|15.881
1140, 207(22):5.714|5.953, 228(0):1.215|1.491, 20(0):0.541|0.579, 16(0):6.740|7.295, 22(0):15.291|15.860
1150, 202(13):5.356|5.560, 219(0):1.179|2.412, 21(0):0.524|0.635, 23(0):6.295|6.312, 18(0):15.651|18.564
1160, 216(21):5.416|5.735, 206(0):1.255|1.758, 21(0):0.634|0.831, 19(0):6.907|9.229, 21(0):15.262|15.939
1170, 216(17):5.523|5.944, 207(0):1.090|1.543, 22(0):0.619|0.641, 22(0):6.951|7.324, 20(0):16.240|16.505
1180, 212(27):5.720|7.110, 203(0):1.273|1.658, 21(0):0.550|0.578, 21(0):7.303|7.735, 22(0):15.775|15.928
1190, 191(28):6.169|6.298, 205(0):1.883|2.838, 20(0):0.729|1.380, 19(0):7.293|7.356, 18(0):16.689|17.479
1200, 169(39):6.517|7.454, 193(0):1.513|2.259, 17(0):0.637|0.728, 13(0):7.346|7.513, 18(1):18.348|20.089
1210, 202(7):5.208|5.629, 191(0):1.162|1.416, 20(0):0.506|0.541, 23(0):7.527|7.710, 23(0):16.443|18.064
1220, 211(7):5.171|5.746, 205(0):1.189|4.019, 21(0):0.437|0.438, 21(0):6.265|6.570, 21(0):13.727|14.551
1230, 212(7):5.396|5.874, 228(0):1.128|1.528, 22(0):0.572|0.871, 19(0):6.491|6.830, 18(0):16.088|16.447
1240, 191(23):5.571|5.776, 198(0):1.290|1.337, 19(0):0.729|0.734, 22(0):6.937|7.188, 19(0):15.900|16.442
1250, 212(20):5.480|5.762, 183(0):1.376|1.398, 21(0):0.467|0.538, 23(0):6.939|7.220, 22(0):15.952|16.388
1260, 198(19):5.400|5.642, 203(0):1.154|1.228, 20(0):0.631|0.744, 19(0):7.079|7.577, 21(0):16.421|18.360
1270, 191(29):5.598|6.136, 197(0):1.222|1.688, 19(0):0.599|0.603, 18(0):6.979|7.264, 21(0):16.247|17.915
1280, 228(16):5.505|5.794, 203(0):1.159|1.258, 21(0):0.659|0.803, 27(0):6.937|9.360, 19(0):15.374|15.985
1290, 211(17):5.526|5.579, 224(0):1.253|1.577, 22(0):0.571|0.611, 20(0):6.716|6.759, 20(0):14.905|15.203
1300, 207(23):5.595|5.707, 226(0):1.287|1.599, 22(0):0.585|1.198, 16(0):6.675|6.923, 24(0):15.848|15.875
1310, 192(14):5.373|5.519, 179(0):1.201|1.696, 18(0):0.551|0.653, 23(0):7.210|7.213, 17(0):15.268|15.752
1320, 215(23):5.521|5.738, 204(0):1.148|1.234, 22(0):0.606|0.916, 19(0):6.750|7.197, 21(0):15.233|16.046
1330, 193(18):5.391|5.715, 200(0):1.260|1.445, 19(0):0.533|0.563, 19(0):6.728|7.137, 22(0):15.435|15.610
1340, 191(20):5.533|5.733, 198(0):1.221|1.320, 20(0):0.534|0.813, 23(0):6.431|7.282, 19(0):14.908|15.117
1350, 217(16):5.359|5.868, 203(0):1.152|1.306, 20(0):0.506|0.547, 16(0):7.210|7.230, 18(0):14.398|14.740
1360, 206(20):5.460|5.927, 217(0):1.159|1.319, 22(0):0.626|0.677, 24(0):6.492|6.695, 23(0):15.391|15.545
1370, 217(11):5.178|5.757, 214(0):1.251|1.383, 22(0):0.483|0.527, 22(0):7.083|7.166, 21(0):16.114|16.256
1380, 203(29):5.724|6.395, 226(0):1.428|1.683, 20(0):0.669|0.669, 19(0):7.116|7.410, 18(0):14.760|14.974
1390, 198(21):5.894|7.215, 187(0):1.170|1.343, 19(0):0.555|0.648, 19(0):7.001|7.037, 25(0):16.044|16.414
1400, 199(19):5.486|6.401, 217(0):1.174|1.441, 22(0):0.555|0.661, 25(0):6.709|7.110, 19(0):16.042|16.477
1410, 226(16):5.220|5.867, 183(0):1.172|1.308, 20(0):0.500|0.539, 19(0):6.643|6.829, 21(0):14.866|16.209
1420, 201(18):5.592|6.274, 231(0):1.284|1.396, 21(0):0.577|0.593, 17(0):7.044|7.165, 18(0):15.191|15.235
1430, 212(15):5.358|5.482, 186(0):1.176|1.231, 20(0):0.591|0.635, 22(0):6.697|6.881, 27(0):15.509|15.633
1440, 197(13):5.506|6.451, 215(0):1.262|1.489, 20(0):0.634|0.652, 25(0):6.811|6.923, 18(0):15.397|15.709
1450, 210(16):5.503|6.141, 211(0):1.308|1.452, 22(0):0.571|0.623, 19(0):7.132|7.136, 20(0):15.384|16.014
1460, 207(14):5.298|6.010, 193(0):1.191|1.380, 20(0):0.559|0.580, 19(0):6.456|6.994, 22(0):14.572|15.718
1470, 212(18):5.376|5.651, 198(0):1.136|1.209, 20(0):0.531|0.559, 21(0):7.371|7.416, 19(0):14.952|15.280
1480, 199(22):5.486|5.737, 207(0):1.203|1.441, 21(0):0.559|0.722, 20(0):6.471|6.684, 25(0):16.480|16.682
1490, 196(17):5.631|5.825, 222(0):1.320|1.431, 20(0):0.522|0.628, 19(0):6.919|7.361, 16(0):15.773|16.208
1500, 188(39):6.042|6.470, 181(0):1.375|1.457, 19(0):0.527|0.555, 21(0):7.393|7.679, 17(0):16.155|16.195
1510, 196(24):5.693|5.981, 193(1):1.579|5.254, 19(0):0.537|0.560, 18(0):7.596|8.317, 19(0):16.347|16.392
1520, 211(21):5.354|5.547, 208(0):1.367|2.297, 21(0):0.610|0.621, 18(0):7.403|7.588, 22(0):15.788|15.981
1530, 202(14):5.416|5.715, 211(0):1.116|1.523, 21(0):0.907|0.940, 26(0):6.722|6.972, 20(0):15.331|15.432
1540, 186(24):5.673|6.043, 204(0):1.297|1.364, 19(0):0.551|0.588, 13(0):6.884|7.042, 17(0):15.657|15.915
1550, 208(34):5.595|5.726, 192(0):1.115|1.220, 20(0):0.503|0.623, 24(0):7.616|7.683, 21(0):16.302|16.482
1560, 201(31):5.587|6.823, 193(0):1.556|1.581, 20(0):0.556|0.618, 21(0):6.988|7.036, 24(0):16.348|17.793
1570, 197(32):5.726|6.034, 184(0):1.198|1.381, 20(0):0.561|0.592, 20(0):7.372|7.455, 23(0):15.430|15.741
1580, 206(5):5.080|5.855, 209(0):1.049|1.107, 21(0):0.523|0.617, 21(0):6.819|6.949, 17(0):15.332|15.961
1590, 212(18):5.376|5.680, 215(0):1.350|1.500, 21(0):0.498|0.579, 20(0):6.546|6.865, 22(0):15.090|15.501
1600, 193(24):5.711|6.331, 203(0):1.158|1.551, 19(0):0.585|0.628, 18(0):7.091|7.212, 19(0):15.141|15.360
1610, 212(18):5.336|5.745, 210(0):1.153|1.214, 22(0):0.605|0.719, 23(0):6.991|7.172, 20(0):16.123|16.157
1620, 200(25):5.692|5.949, 195(0):1.353|1.403, 19(0):0.572|0.581, 21(0):6.541|7.047, 18(0):15.881|16.570
1630, 207(25):5.471|6.379, 201(0):1.172|1.444, 21(0):0.469|0.640, 17(0):6.574|6.885, 22(0):15.466|17.090
1640, 221(17):5.174|5.819, 215(0):1.249|1.709, 21(0):0.726|0.793, 28(0):6.709|7.378, 19(0):15.656|18.047
1650, 172(13):5.707|5.988, 190(0):1.082|1.125, 20(0):0.524|0.577, 14(0):6.804|6.864, 20(0):15.934|16.293
1660, 168(18):5.619|5.668, 156(0):1.157|1.620, 16(0):0.442|0.483, 18(0):6.527|6.760, 19(0):15.097|15.316
1670, 176(17):5.520|5.707, 178(0):1.272|1.449, 17(0):0.472|0.530, 18(0):6.752|6.780, 16(0):15.716|16.034
1680, 162(24):5.647|7.579, 157(0):1.092|1.356, 15(0):0.505|0.593, 16(0):6.996|7.055, 16(0):15.882|16.198
1690, 169(25):5.579|5.952, 168(0):1.124|1.224, 17(0):0.589|0.627, 17(0):6.909|7.046, 19(0):15.163|15.584
1700, 175(13):5.410|5.732, 189(0):1.071|1.199, 18(0):0.508|0.679, 15(0):6.718|6.819, 17(0):15.756|17.122
1710, 170(13):5.449|5.511, 174(0):1.110|1.415, 18(0):0.518|0.530, 20(0):6.525|6.607, 19(0):15.168|15.602
1720, 183(18):5.705|5.878, 166(0):1.042|1.066, 17(0):0.523|0.695, 16(0):6.641|6.954, 16(0):16.373|16.872
1730, 177(20):5.399|5.608, 181(0):1.213|1.371, 19(0):0.532|0.675, 20(0):6.546|6.903, 17(0):14.938|16.076
1740, 197(24):5.498|5.798, 203(0):1.191|1.253, 20(0):0.556|0.598, 17(0):6.824|7.096, 22(0):15.522|16.455
1750, 198(24):5.632|5.965, 227(0):1.183|1.681, 20(0):0.574|1.043, 23(0):6.866|6.893, 16(0):15.872|16.208
1760, 206(21):5.444|5.634, 187(0):1.290|1.447, 20(0):0.512|0.579, 19(0):6.945|7.199, 18(0):15.742|16.044
1770, 223(14):5.409|5.498, 209(0):1.081|1.182, 21(0):0.729|0.815, 22(0):6.832|7.126, 27(0):14.915|15.903
1780, 204(14):5.298|5.805, 219(0):1.185|1.788, 22(0):0.539|0.766, 21(0):6.703|6.900, 18(0):15.598|15.830
1790, 187(27):5.622|6.234, 207(0):1.185|1.292, 19(0):0.555|0.580, 16(0):7.102|7.152, 19(0):15.671|16.341
1800, 187(30):5.643|6.109, 168(0):1.496|1.541, 19(0):0.492|0.553, 20(0):7.243|7.350, 22(0):16.828|18.215
1810, 98(15):5.579|6.025, 94(0):1.166|1.378, 9(0):0.620|0.891, 10(0):6.583|6.864, 15(0):16.076|16.118
1820, 113(20):5.591|6.069, 93(0):1.234|1.300, 10(0):0.538|0.573, 11(0):7.326|7.410, 10(0):14.852|15.267
1830, 140(11):5.349|5.555, 149(0):1.174|1.286, 15(0):0.620|0.641, 13(0):7.291|7.656, 11(0):14.512|14.553
1840, 187(24):5.684|5.841, 177(0):1.285|1.408, 16(0):0.712|0.845, 20(0):7.111|7.141, 17(0):15.654|15.732
1850, 195(24):5.831|8.080, 207(0):1.287|1.356, 23(0):0.697|0.769, 20(0):6.812|7.053, 18(0):15.520|16.834
1860, 205(19):5.364|5.490, 186(0):1.189|1.309, 19(0):0.457|0.478, 17(0):6.746|6.765, 17(0):15.999|16.210
1870, 168(14):5.442|5.581, 199(0):1.238|1.408, 18(0):0.632|0.746, 18(0):6.731|7.586, 20(0):15.493|15.561
1880, 207(14):5.415|6.164, 218(0):1.222|1.391, 20(0):0.473|0.481, 20(0):6.798|7.028, 20(0):15.432|15.780
1890, 211(20):5.457|5.926, 193(0):1.203|1.373, 21(0):0.582|0.643, 25(0):7.002|7.096, 20(0):15.403|15.411
1900, 208(13):5.363|5.645, 199(0):1.087|1.230, 21(0):0.476|0.500, 22(0):6.417|6.536, 21(0):15.522|15.750
1910, 209(10):5.165|5.599, 208(0):1.107|1.484, 21(0):0.517|0.532, 24(0):6.572|6.782, 25(0):15.007|15.130
1920, 222(12):5.372|5.492, 201(0):1.099|3.901, 22(0):0.518|0.527, 18(0):6.309|6.389, 21(0):15.284|15.306
1930, 215(9):5.212|5.355, 238(0):1.181|1.443, 22(0):0.469|0.476, 20(0):6.397|6.686, 23(0):16.191|18.063
1940, 199(7):5.176|5.250, 210(0):1.101|1.242, 19(0):0.536|0.663, 22(0):6.791|7.069, 18(0):14.624|15.632
1950, 231(15):5.237|5.627, 203(0):1.066|1.392, 22(0):0.534|0.635, 19(0):6.240|6.575, 23(0):14.315|15.055
1960, 201(8):5.151|5.211, 220(0):1.111|1.490, 22(0):0.563|0.602, 21(0):6.804|7.523, 20(0):15.400|16.859
1970, 203(11):5.301|5.488, 194(0):1.205|1.250, 20(0):0.563|0.694, 22(0):6.447|6.494, 22(0):14.609|14.733
1980, 216(19):5.600|6.031, 215(0):1.135|1.235, 21(0):0.515|0.551, 23(0):6.825|6.844, 19(0):15.764|17.869
1990, 205(27):5.795|6.049, 205(0):1.251|1.418, 20(0):0.518|0.592, 20(0):6.782|6.909, 20(0):15.639|16.158
2000, 194(13):5.449|5.806, 205(0):1.063|1.105, 20(0):0.632|0.713, 20(0):6.791|6.852, 25(0):14.876|15.578
2010, 229(15):5.322|5.414, 222(0):1.071|1.153, 22(0):0.571|0.632, 21(0):6.481|6.820, 20(0):15.174|15.363
2020, 206(5):5.180|5.719, 219(0):1.143|1.206, 22(0):0.559|0.677, 18(0):6.672|6.842, 17(0):15.204|17.272
2030, 205(22):5.481|5.715, 199(0):1.228|1.415, 21(0):0.517|0.642, 24(0):6.867|7.005, 23(0):15.857|16.851
2040, 208(34):5.663|6.342, 200(0):1.183|1.238, 20(0):0.544|0.563, 19(0):6.750|6.922, 24(0):15.720|15.722
2050, 206(23):5.349|6.169, 214(0):1.154|1.303, 20(0):0.505|0.563, 22(0):6.605|6.796, 17(0):14.962|15.665
2060, 196(18):5.316|5.635, 201(0):1.089|1.294, 21(0):0.509|0.642, 20(0):6.648|6.700, 20(0):14.691|14.987
2070, 123(7):5.287|5.504, 125(0):1.082|1.264, 12(0):0.487|0.724, 14(0):6.577|6.676, 17(0):14.643|16.327
2080, 134(19):5.537|6.857, 119(0):1.236|1.543, 13(0):0.588|0.677, 15(0):7.170|7.521, 17(0):14.955|15.428
2090, 121(23):5.973|6.085, 118(0):1.187|1.464, 13(0):0.606|0.712, 8(0):7.056|7.135, 12(0):15.423|16.823
2100, 126(28):6.030|6.901, 137(0):1.284|1.358, 11(0):0.526|0.528, 14(0):7.188|7.220, 6(0):16.397|18.629
2110, 118(19):5.958|6.106, 123(0):1.214|1.307, 13(0):0.580|0.644, 12(0):7.275|7.291, 13(0):16.110|16.290
2120, 107(19):5.653|5.958, 112(0):1.355|2.256, 10(0):0.554|0.723, 9(0):6.899|6.944, 9(0):15.794|16.746
2130, 131(20):5.929|6.244, 122(0):1.253|1.432, 13(0):0.493|0.600, 14(0):7.148|7.779, 12(0):15.108|15.656
2140, 111(17):5.570|5.638, 106(0):1.267|1.835, 11(0):0.479|0.670, 9(0):6.906|7.240, 13(0):16.406|16.613
2150, 198(37):5.955|6.100, 182(0):1.191|1.322, 19(0):0.591|0.682, 23(0):7.443|7.714, 19(0):16.321|16.966
2160, 193(33):5.817|6.179, 198(1):1.333|5.531, 20(0):0.588|0.661, 18(0):7.360|7.536, 17(0):16.739|17.500
2170, 187(23):5.736|6.041, 192(0):1.225|1.511, 19(0):0.560|0.621, 20(0):7.235|7.239, 23(0):15.871|17.447
2180, 184(25):5.755|5.986, 207(0):1.190|1.335, 19(0):0.503|0.595, 21(0):7.290|7.478, 22(0):16.523|16.788
2190, 210(17):5.412|5.718, 206(0):1.120|1.422, 21(0):0.503|0.512, 14(0):6.647|7.029, 17(0):15.393|16.583
2200, 220(19):5.508|5.655, 198(0):1.198|1.325, 21(0):0.570|0.628, 28(0):6.796|7.076, 22(0):15.788|16.529
2210, 201(22):5.651|6.002, 224(0):1.151|1.259, 22(0):0.604|0.685, 17(0):6.927|7.696, 19(0):15.612|16.307
2220, 206(19):5.414|5.633, 205(0):1.177|1.760, 20(0):0.562|0.692, 22(0):7.223|7.413, 20(0):16.091|17.172
2230, 223(13):5.149|5.519, 208(0):1.192|1.279, 20(0):0.538|0.615, 20(0):6.422|6.498, 20(0):15.568|15.915
2240, 203(19):5.387|5.481, 219(0):1.217|1.634, 21(0):0.471|0.478, 19(0):6.843|6.892, 21(0):16.287|16.305
2250, 200(23):5.480|5.668, 205(0):1.048|1.096, 22(0):0.472|0.559, 23(0):6.564|6.739, 20(0):15.431|16.012
2260, 215(7):5.235|6.021, 220(0):1.138|1.395, 21(0):0.515|0.552, 19(0):6.702|6.740, 23(0):15.510|15.759
2270, 213(10):5.383|5.596, 201(0):1.112|1.570, 22(0):0.537|0.545, 19(0):6.486|6.749, 23(0):15.590|15.857
2280, 206(27):5.419|5.628, 201(0):1.195|1.596, 20(0):0.545|0.590, 22(0):6.655|6.719, 17(0):16.640|16.971
2290, 207(29):5.528|5.588, 207(0):1.179|1.284, 21(0):0.538|0.606, 25(0):6.995|7.091, 21(0):17.204|17.301
2300, 208(16):5.521|5.922, 187(0):1.111|1.122, 18(0):0.586|0.706, 16(0):6.760|7.256, 23(0):14.763|15.194
2310, 191(17):5.626|5.734, 197(0):1.280|1.446, 21(0):0.592|0.605, 18(0):6.697|7.129, 17(0):15.650|16.039
2320, 216(19):5.394|5.628, 236(0):1.244|1.567, 23(0):0.474|0.538, 25(0):6.924|7.126, 22(0):14.976|16.115
2330, 195(16):5.346|5.535, 193(0):1.193|1.347, 18(0):0.505|0.597, 20(0):6.616|6.759, 24(0):15.914|15.972
2340, 215(18):5.497|6.067, 216(0):1.126|1.220, 22(0):0.555|0.558, 23(0):6.463|6.784, 19(0):15.678|15.880
2350, 197(16):5.437|5.501, 196(0):1.162|1.588, 20(0):0.623|0.697, 20(0):6.699|6.752, 20(0):14.397|14.529
2360, 190(19):5.543|5.895, 199(0):1.132|1.331, 18(0):0.536|0.656, 19(0):6.851|7.151, 18(0):14.769|15.545
2370, 206(27):5.632|5.882, 180(0):1.416|2.107, 20(0):0.618|0.626, 17(0):6.610|6.825, 22(0):16.635|17.143
2380, 206(9):5.485|5.985, 221(0):1.078|1.575, 22(0):0.540|0.600, 24(0):6.590|7.127, 17(0):16.054|16.694
2390, 186(37):6.263|6.942, 196(0):1.444|1.565, 19(0):0.603|0.711, 16(0):6.775|6.991, 24(0):17.357|18.496
2400, 167(67):7.209|7.529, 161(0):1.674|1.767, 15(0):0.551|0.596, 18(0):8.224|8.342, 18(1):19.804|20.208
2410, 161(29):6.162|6.326, 148(0):1.185|1.317, 17(0):0.555|0.558, 17(0):7.935|8.671, 12(0):17.609|18.910
2420, 158(27):5.643|5.772, 185(0):1.152|1.542, 17(0):0.508|0.540, 20(0):6.615|6.789, 18(0):15.951|16.248
2430, 163(24):5.578|5.751, 163(0):1.150|1.302, 16(0):0.573|0.613, 13(0):7.219|7.441, 15(0):15.451|15.598
2440, 177(32):5.811|5.990, 148(0):1.218|1.264, 17(0):0.705|0.823, 15(0):6.727|6.962, 16(0):16.285|17.515
2450, 145(32):5.842|5.908, 175(0):1.282|1.372, 15(0):0.480|0.532, 18(0):6.793|7.379, 18(0):17.136|17.694
2460, 171(21):5.731|5.826, 143(0):1.299|1.443, 16(0):0.584|0.618, 18(0):6.762|7.046, 16(0):16.010|16.041
2470, 173(14):5.632|5.780, 166(0):1.190|1.392, 17(0):0.594|0.619, 17(0):6.668|6.821, 22(0):15.544|16.054
2480, 155(12):5.404|5.736, 154(0):1.152|1.201, 16(0):0.481|0.683, 14(0):6.993|7.184, 11(0):15.297|18.304
2490, 103(7):5.551|5.689, 121(0):1.131|1.449, 11(0):0.573|0.747, 7(0):6.403|6.497, 11(0):15.330|16.063
2500, 199(17):5.455|5.591, 214(0):1.047|1.150, 20(0):0.467|0.480, 19(0):7.052|7.437, 16(0):15.014|15.486
2510, 184(12):5.401|5.431, 208(0):1.218|1.882, 20(0):0.680|0.729, 22(0):6.798|6.874, 23(0):16.321|17.038
2520, 232(14):5.196|5.813, 176(0):1.216|1.247, 20(0):0.557|0.759, 23(0):6.670|9.068, 19(0):15.032|15.420
2530, 195(11):5.350|5.502, 224(0):1.106|1.155, 21(0):0.517|0.523, 17(0):6.285|6.452, 19(0):15.348|15.405
2540, 221(11):5.164|5.275, 211(0):1.042|1.459, 21(0):0.523|0.559, 23(0):6.299|6.350, 21(0):14.475|15.387
2550, 202(5):5.252|5.465, 201(0):1.219|1.681, 20(0):0.509|0.546, 18(0):6.593|6.628, 17(0):13.944|15.924
2560, 209(19):5.421|5.626, 196(0):1.376|1.695, 21(0):0.503|0.625, 26(0):6.630|6.632, 26(0):15.065|15.203
2570, 199(23):5.790|5.963, 214(0):1.219|1.923, 20(0):0.532|0.552, 18(0):6.590|6.596, 20(0):15.049|15.572
2580, 208(11):5.353|5.736, 198(0):1.232|1.618, 21(0):0.521|0.524, 18(0):6.839|6.930, 19(0):16.771|17.066
2590, 198(19):5.785|6.057, 204(0):1.131|1.567, 20(0):0.519|0.596, 23(0):6.699|6.752, 22(0):14.695|14.842
2600, 209(13):5.159|5.418, 207(0):1.161|1.248, 21(0):0.571|0.697, 18(0):6.384|6.877, 18(0):14.761|14.943
2610, 182(13):5.320|5.745, 208(0):1.144|1.397, 19(0):0.570|0.693, 17(0):6.889|6.955, 24(0):14.935|16.075
2620, 175(17):5.332|5.528, 175(0):1.152|1.390, 18(0):0.549|0.552, 22(0):6.498|6.688, 15(0):13.984|14.764
2630, 177(15):5.466|5.493, 155(0):1.127|1.344, 17(0):0.492|0.780, 15(0):6.114|6.769, 20(0):15.640|15.824
2640, 167(26):5.490|6.081, 148(0):1.126|1.433, 15(0):0.479|0.484, 17(0):6.675|6.764, 12(0):14.542|14.548
2650, 172(20):5.561|5.787, 183(0):1.110|1.179, 19(0):0.538|0.961, 17(0):7.016|7.036, 20(0):15.568|16.101
2660, 150(9):5.269|5.499, 174(0):1.089|1.493, 16(0):0.684|0.693, 18(0):6.803|6.914, 14(0):15.569|15.628
2670, 170(11):5.257|5.373, 168(0):1.025|1.108, 16(0):0.473|0.529, 14(0):6.257|6.362, 18(0):14.806|16.618
2680, 190(18):5.571|5.673, 165(0):1.256|1.301, 17(0):0.614|0.639, 18(0):6.432|6.542, 18(0):15.011|15.022
2690, 184(27):5.939|6.228, 166(0):1.211|1.265, 18(0):0.629|0.787, 18(0):6.740|7.113, 22(0):16.003|16.015
2700, 148(43):5.770|6.014, 178(0):1.210|1.417, 16(0):0.536|0.567, 21(0):6.953|7.219, 12(0):16.694|16.735
2710, 186(36):5.740|6.058, 170(0):1.371|1.434, 19(0):0.532|0.545, 18(0):7.349|7.736, 17(0):16.604|16.954
2720, 213(22):5.657|5.956, 220(0):1.200|1.354, 20(0):0.625|0.636, 17(0):6.636|6.894, 21(0):16.569|17.072
2730, 212(20):5.360|5.579, 198(0):1.190|1.314, 21(0):0.527|0.552, 20(0):6.493|6.749, 18(0):15.864|16.106
2740, 168(9):5.234|5.612, 190(0):1.168|1.245, 19(0):0.567|0.744, 20(0):6.554|6.899, 24(0):15.588|16.410
2750, 199(19):5.398|5.805, 209(0):1.134|1.490, 20(0):0.572|0.577, 23(0):7.222|7.384, 21(0):16.063|17.750
2760, 204(35):5.568|5.848, 210(0):1.185|1.305, 21(0):0.535|0.814, 18(0):7.201|7.205, 18(0):16.425|16.468
2770, 199(20):5.760|5.859, 194(0):1.166|1.260, 20(0):0.579|0.638, 16(0):6.662|7.327, 17(0):16.909|17.146
2780, 191(17):5.711|6.050, 188(0):1.306|1.503, 18(0):0.531|0.548, 20(0):7.052|7.211, 19(0):15.984|16.250
2790, 189(13):5.480|6.129, 163(0):1.129|1.234, 17(0):0.471|0.700, 20(0):7.149|7.782, 21(0):14.749|15.546
2800, 144(10):5.238|5.434, 127(0):1.259|1.321, 14(0):0.511|0.633, 16(0):6.783|6.818, 9(0):14.778|14.918
2810, 125(14):5.755|5.898, 159(0):1.122|1.363, 14(0):0.545|0.603, 9(0):6.513|6.907, 18(0):15.707|16.172
2820, 194(10):5.161|5.219, 184(0):1.258|1.300, 21(0):0.511|0.523, 22(0):6.662|6.720, 21(0):15.351|15.939
2830, 201(9):5.280|5.757, 197(0):1.228|1.345, 19(0):0.518|0.652, 20(0):6.299|6.452, 19(0):16.090|16.293
2840, 193(9):5.229|5.515, 189(0):1.131|1.166, 20(0):0.530|0.648, 21(0):6.383|6.880, 23(0):15.677|16.044
2850, 207(7):5.242|5.577, 236(0):1.085|1.328, 20(0):0.598|0.714, 18(0):6.374|6.489, 13(0):15.375|15.435
2860, 200(12):5.371|5.402, 197(0):1.140|1.184, 20(0):0.662|0.696, 23(0):6.552|6.823, 24(0):15.145|15.338
2870, 207(12):5.293|5.604, 193(0):1.117|1.224, 20(0):0.452|0.682, 23(0):6.266|7.118, 20(0):15.487|15.933
2880, 217(21):5.542|5.848, 211(0):1.166|1.316, 23(0):0.459|0.470, 20(0):6.769|7.276, 22(0):14.949|15.799
2890, 211(14):5.273|5.508, 210(0):1.201|1.490, 21(0):0.557|0.588, 19(0):6.691|7.193, 20(0):15.691|15.914
2900, 209(12):5.272|5.400, 200(0):1.248|1.296, 20(0):0.628|0.720, 20(0):6.919|6.938, 21(0):15.467|15.779
2910, 201(10):5.470|5.826, 204(0):1.253|1.945, 20(0):0.563|0.609, 24(0):6.553|6.635, 22(0):14.967|15.539
2920, 215(27):5.378|5.682, 209(0):1.124|1.194, 21(0):0.489|0.500, 19(0):7.271|7.553, 19(0):14.729|15.005
2930, 181(20):5.476|5.714, 214(0):1.128|1.306, 21(0):0.553|0.566, 17(0):6.424|6.627, 20(0):15.744|15.786
2940, 196(13):5.324|5.558, 210(0):1.081|1.185, 19(0):0.469|0.505, 20(0):6.448|6.565, 21(0):15.059|15.144
2950, 220(9):5.377|5.704, 192(0):1.194|1.759, 19(0):0.543|0.659, 22(0):6.520|6.570, 18(0):14.662|15.302
2960, 202(12):5.307|5.680, 197(0):1.257|1.317, 21(0):0.453|0.469, 26(0):6.266|6.462, 22(0):15.169|16.554
2970, 215(22):5.439|5.851, 194(0):1.185|1.712, 21(0):0.460|0.617, 16(0):6.901|7.118, 25(0):15.467|15.537
2980, 196(19):5.603|5.805, 225(0):1.207|1.438, 21(0):0.536|0.675, 18(0):7.013|7.055, 13(0):14.612|16.028
2990, 193(26):5.543|5.948, 194(0):1.324|1.411, 21(0):0.623|0.662, 19(0):6.700|6.871, 21(0):16.177|18.680
3000, 178(36):6.138|7.776, 178(0):1.345|1.485, 17(0):0.585|0.722, 18(0):7.136|7.457, 20(0):15.271|15.433
3010, 170(23):5.598|6.150, 198(0):1.310|1.604, 18(0):0.578|0.660, 14(0):7.059|7.595, 18(0):15.276|15.841
3020, 215(21):5.414|5.671, 174(0):1.117|1.178, 19(0):0.487|0.575, 27(0):6.607|6.823, 17(0):15.907|16.113
3030, 196(15):5.594|5.868, 204(0):1.112|1.416, 21(0):0.500|0.593, 21(0):6.255|6.275, 25(0):15.346|16.003
3040, 185(18):5.452|5.800, 171(0):1.114|1.200, 18(0):0.581|0.593, 15(0):6.692|6.811, 15(0):14.289|14.385
3050, 199(15):5.292|5.731, 209(0):1.166|1.334, 20(0):0.536|0.569, 23(0):7.099|7.529, 20(0):14.704|15.736
3060, 196(22):5.840|9.361, 205(0):1.240|1.666, 19(0):0.546|0.603, 19(0):6.704|6.840, 22(0):16.103|16.337
3070, 186(17):5.337|5.539, 208(0):1.122|1.342, 19(0):0.491|0.617, 18(0):6.792|7.121, 15(0):15.692|16.376
3080, 209(13):5.516|5.788, 183(0):1.186|1.265, 20(0):0.605|0.645, 22(0):6.593|7.731, 21(0):14.810|15.109
3090, 212(18):5.449|5.710, 210(0):1.145|1.667, 21(0):0.586|0.666, 19(0):6.142|6.174, 20(0):14.631|15.212
3100, 189(15):5.475|5.549, 204(0):1.091|1.193, 21(0):0.601|0.615, 22(0):6.806|6.839, 21(0):14.790|15.713
3110, 217(16):5.271|5.338, 209(0):1.055|1.534, 20(0):0.591|0.625, 17(0):6.808|6.865, 25(0):15.305|15.381
3120, 205(23):5.373|5.551, 225(0):1.058|1.536, 23(0):0.600|0.725, 20(0):6.411|6.612, 13(0):15.015|15.264
3130, 210(7):5.151|5.406, 188(0):1.053|1.123, 18(0):0.407|0.468, 19(0):6.479|6.534, 24(0):15.164|15.389
3140, 210(12):5.285|5.774, 211(0):1.004|1.399, 22(0):0.560|0.587, 25(0):6.338|6.683, 20(0):15.000|15.145
3150, 199(13):5.272|5.411, 198(0):1.087|1.451, 20(0):0.630|0.643, 22(0):6.562|6.693, 25(0):15.378|15.550
3160, 222(9):5.359|5.687, 209(0):1.256|1.386, 22(0):0.525|0.620, 21(0):6.593|7.018, 19(0):15.358|15.732
3170, 215(7):5.111|5.364, 204(0):1.160|1.579, 21(0):0.595|0.657, 22(0):6.686|7.272, 21(0):14.948|15.243
3180, 204(15):5.333|5.718, 217(0):1.112|1.259, 21(0):0.484|0.560, 19(0):6.772|6.902, 21(0):15.011|15.076
3190, 200(10):5.238|5.250, 211(0):1.186|1.269, 20(0):0.521|0.619, 17(0):6.793|6.830, 20(0):14.925|15.596
3200, 215(9):5.401|6.173, 221(0):1.213|1.456, 21(0):0.537|0.775, 25(0):6.576|6.855, 20(0):15.299|15.407
3210, 196(17):5.509|5.663, 212(0):1.267|1.466, 21(0):0.556|0.730, 17(0):6.654|6.846, 19(0):14.282|14.455
3220, 205(24):5.370|5.772, 197(0):1.305|1.373, 21(0):0.623|0.661, 24(0):6.763|6.916, 23(0):14.956|15.910
3230, 227(30):5.565|5.970, 201(0):1.285|1.661, 21(0):0.486|0.507, 21(0):6.835|7.749, 19(0):15.553|15.787
3240, 177(10):5.250|5.683, 205(0):1.061|1.135, 20(0):0.580|0.641, 22(0):7.459|16.844, 20(0):16.118|18.017
3250, 222(11):5.251|5.589, 182(0):1.124|1.365, 19(0):0.530|0.557, 19(0):6.402|6.528, 27(0):15.307|16.321
3260, 210(12):5.113|5.373, 205(0):1.123|1.320, 21(0):0.533|0.586, 22(0):6.576|6.669, 20(0):14.673|14.981
3270, 203(15):5.449|5.642, 214(0):1.188|4.043, 21(0):0.517|0.631, 19(0):6.760|6.859, 17(0):14.870|15.518
3280, 209(30):5.537|5.839, 210(0):1.223|1.322, 21(0):0.464|0.524, 24(0):6.667|6.855, 25(0):15.356|15.591
3290, 186(40):6.862|8.950, 198(0):1.441|1.838, 19(0):0.583|0.636, 15(0):7.434|7.964, 12(0):15.421|15.848
3300, 188(53):6.381|6.806, 176(0):1.465|1.717, 18(0):0.475|0.732, 20(0):7.879|7.952, 23(0):17.445|18.090
3310, 184(23):5.533|5.818, 181(0):1.334|1.782, 19(0):0.473|0.499, 19(0):7.212|7.337, 20(0):15.715|16.338
3320, 204(10):5.145|5.579, 203(0):1.041|1.236, 20(0):0.534|0.592, 21(0):6.930|7.091, 21(0):15.355|15.984
3330, 200(12):5.255|5.475, 224(0):1.125|1.153, 20(0):0.493|0.500, 18(0):6.349|6.533, 15(0):15.182|15.546
3340, 187(9):5.157|5.306, 174(0):1.098|1.150, 19(0):0.551|0.792, 18(0):6.372|6.409, 22(0):15.223|16.081
3350, 223(33):5.602|5.921, 219(0):1.116|1.224, 22(0):0.465|0.610, 21(0):6.923|6.961, 21(0):15.347|16.441
3360, 211(31):5.776|6.236, 197(0):1.132|1.197, 20(0):0.539|0.658, 23(0):6.751|6.784, 19(0):15.791|15.855
3370, 196(17):5.408|5.720, 224(0):1.185|1.268, 20(0):0.585|0.601, 17(0):6.768|7.061, 23(0):16.049|16.136
3380, 185(25):5.594|5.905, 192(0):1.184|1.306, 20(0):0.501|0.518, 25(0):6.797|7.008, 16(0):15.251|17.169
3390, 209(16):5.348|5.935, 193(0):1.108|1.271, 20(0):0.466|0.533, 20(0):6.400|6.558, 21(0):15.298|15.352
3400, 212(17):5.365|5.762, 219(0):1.220|1.260, 21(0):0.566|0.893, 18(0):6.569|6.650, 21(0):15.435|15.720
3410, 208(26):5.565|6.111, 205(0):1.277|1.541, 21(0):0.512|0.638, 28(0):6.604|6.766, 21(0):14.991|15.179
3420, 175(12):5.328|5.531, 185(0):1.161|1.179, 19(0):0.510|0.540, 13(0):6.730|7.262, 18(0):14.755|14.956
3430, 175(14):5.400|5.873, 169(0):0.999|1.214, 17(0):0.506|0.622, 13(0):6.664|6.743, 17(0):16.303|16.882
3440, 180(11):5.355|5.546, 187(0):1.177|1.332, 18(0):0.440|0.459, 22(0):6.128|6.278, 21(0):14.786|14.845
3450, 198(14):5.290|5.431, 192(0):1.173|1.266, 20(0):0.481|0.622, 17(0):6.284|6.311, 16(0):14.809|15.965
3460, 164(10):5.323|5.553, 187(0):1.230|1.334, 17(0):0.495|0.499, 19(0):6.376|6.938, 21(0):15.186|15.404
3470, 186(6):5.179|5.492, 172(0):1.182|1.189, 18(0):0.536|0.730, 13(0):6.408|6.710, 15(0):15.853|16.171
3480, 170(12):5.561|6.056, 178(0):1.208|1.391, 16(0):0.562|0.601, 22(0):6.607|6.663, 19(0):14.710|14.996
3490, 197(10):5.637|5.856, 181(0):1.210|1.527, 20(0):0.536|0.542, 17(0):6.798|6.885, 17(0):15.320|15.322
3500, 164(20):5.544|5.648, 171(0):1.176|1.293, 18(0):0.541|0.547, 19(0):6.877|7.634, 23(0):15.068|15.345
3510, 185(10):5.299|5.707, 195(0):1.167|2.122, 19(0):0.557|0.572, 19(0):6.631|6.922, 16(0):15.314|15.351
3520, 227(7):5.096|5.400, 192(0):1.173|1.343, 20(0):0.471|0.555, 22(0):6.543|6.931, 20(0):14.417|14.822
3530, 192(21):5.412|5.598, 194(0):1.120|1.126, 20(0):0.526|0.538, 20(0):6.451|7.001, 21(0):14.622|15.073
3540, 218(7):5.140|5.292, 217(0):1.020|1.205, 22(0):0.487|0.595, 18(0):6.400|7.663, 20(0):14.842|15.056
3550, 202(4):5.046|5.326, 204(0):1.165|1.560, 18(0):0.432|0.438, 19(0):6.530|6.723, 20(0):14.402|14.684
3560, 203(10):5.172|5.292, 218(0):1.060|1.437, 22(0):0.505|0.658, 21(0):6.290|6.458, 16(0):15.130|16.077
3570, 202(11):5.416|5.458, 201(0):1.280|1.568, 20(0):0.484|0.589, 23(0):6.538|6.552, 24(0):14.626|16.163
3580, 194(36):5.719|7.182, 215(0):1.279|1.518, 21(0):0.745|0.860, 18(0):6.715|7.008, 20(0):15.405|15.600
3590, 184(22):5.702|5.945, 181(0):1.312|1.603, 19(0):0.655|0.815, 22(0):7.306|7.341, 21(0):15.839|15.968
3600, 198(40):6.376|7.288, 188(0):1.300|1.399, 18(0):0.527|0.557, 15(0):7.029|7.299, 18(0):16.120|16.181
3610, 199(5):5.169|5.362, 179(0):1.175|1.365, 19(0):0.502|0.543, 19(0):7.293|7.417, 16(0):15.143|16.263
3620, 199(11):5.349|5.520, 203(0):1.198|1.697, 20(0):0.438|0.444, 22(0):6.601|6.612, 23(0):14.747|15.794
3630, 198(14):5.589|5.651, 192(0):1.129|1.172, 21(0):0.576|0.594, 21(0):6.745|7.483, 19(0):14.573|15.257
3640, 176(13):5.318|5.667, 227(0):1.242|1.361, 20(0):0.492|0.571, 21(0):6.753|6.757, 20(0):14.991|15.100
3650, 195(16):5.420|5.773, 182(0):1.254|1.350, 18(0):0.571|0.649, 14(0):6.636|6.945, 14(0):14.977|15.412
3660, 216(19):5.488|5.857, 203(0):1.186|1.441, 20(0):0.673|0.692, 23(0):6.723|6.738, 21(0):15.688|15.895
3670, 205(10):5.195|5.413, 181(0):1.126|1.344, 20(0):0.506|0.535, 22(0):6.696|6.810, 24(0):15.303|15.446
3680, 192(19):5.495|5.583, 196(0):1.272|1.335, 19(0):0.570|0.598, 19(0):6.559|7.025, 18(0):14.672|14.802
3690, 196(13):5.423|5.738, 222(0):1.116|1.224, 22(0):0.542|0.585, 18(0):6.703|6.741, 25(0):14.838|15.723
3700, 196(8):5.272|5.534, 190(0):1.099|1.164, 19(0):0.452|0.669, 20(0):6.500|6.781, 19(0):14.389|15.965
3710, 181(6):5.133|5.274, 200(0):1.101|1.139, 19(0):0.606|0.721, 19(0):6.292|6.422, 20(0):14.618|15.379
3720, 222(8):5.339|5.622, 200(0):1.247|1.375, 21(0):0.516|0.635, 16(0):6.495|6.818, 16(0):14.614|15.422
3730, 204(4):5.005|5.095, 189(0):1.108|1.278, 20(0):0.498|0.543, 24(0):6.490|6.625, 25(0):14.581|15.363
3740, 199(2):4.966|5.784, 212(0):1.160|1.228, 19(0):0.431|0.467, 24(0):6.292|6.440, 17(0):14.262|14.361
3750, 225(3):4.948|5.142, 212(0):1.076|1.192, 23(0):0.599|0.604, 24(0):6.167|6.478, 19(0):14.553|14.626
3760, 194(12):5.331|5.852, 206(0):1.094|1.248, 21(0):0.525|0.879, 16(0):6.509|6.655, 22(0):13.716|13.913
3770, 215(5):5.127|5.323, 205(0):0.999|1.334, 21(0):0.455|0.483, 20(0):6.360|6.552, 19(0):14.762|15.276
3780, 212(4):5.058|5.220, 217(0):1.066|1.354, 21(0):0.508|0.594, 23(0):6.388|6.710, 24(0):14.974|15.120
3790, 202(9):5.440|6.231, 212(0):1.125|1.345, 20(0):0.562|0.638, 20(0):6.506|6.595, 22(0):14.869|15.355
3800, 207(5):5.205|5.389, 194(0):1.087|1.362, 20(0):0.469|0.539, 22(0):6.455|7.097, 21(0):14.789|15.070
3810, 212(13):5.520|6.132, 222(0):1.169|1.462, 22(0):0.474|0.501, 18(0):6.545|6.623, 18(0):14.220|14.546
3820, 210(18):5.356|5.435, 199(0):1.225|1.310, 20(0):0.555|0.645, 21(0):6.564|7.845, 24(0):14.812|15.218
3830, 190(17):5.632|6.028, 211(0):1.101|1.238, 20(0):0.512|0.699, 22(0):6.956|7.224, 20(0):15.335|15.395
3840, 202(16):5.520|5.940, 199(0):1.208|1.436, 21(0):0.526|0.532, 18(0):6.430|6.467, 17(0):14.869|15.562
3850, 220(7):5.115|5.440, 197(0):1.131|1.172, 20(0):0.508|0.651, 22(0):6.610|6.797, 23(0):14.707|14.772
3860, 202(6):5.240|5.454, 204(0):1.218|1.548, 21(0):0.639|0.688, 20(0):6.354|6.921, 19(0):14.170|14.567
3870, 195(12):5.322|5.640, 219(0):1.126|1.183, 20(0):0.580|0.665, 23(0):6.967|8.649, 24(0):14.385|14.457
3880, 195(9):5.139|6.206, 213(0):1.103|1.177, 21(0):0.486|0.495, 21(0):6.354|6.448, 19(0):14.854|14.860
3890, 211(11):5.258|7.111, 169(0):1.126|1.260, 19(0):0.523|0.566, 18(0):6.012|6.621, 19(0):14.509|15.202
3900, 171(28):5.734|6.080, 183(0):1.103|1.144, 17(0):0.609|0.744, 18(0):6.782|6.819, 20(0):14.325|15.224
3910, 192(9):5.156|5.173, 189(0):1.189|1.415, 20(0):0.469|0.756, 23(0):6.398|6.598, 17(0):15.222|15.949
3920, 217(6):5.086|5.490, 211(0):1.164|1.266, 21(0):0.630|0.716, 16(0):6.289|6.717, 24(0):15.161|15.437
3930, 209(8):5.092|5.354, 192(0):1.280|1.538, 20(0):0.507|0.646, 20(0):6.194|6.292, 20(0):14.254|15.021
3940, 183(11):5.500|5.577, 203(0):1.244|1.590, 20(0):0.468|0.534, 22(0):6.751|7.012, 21(0):14.443|14.907
3950, 216(21):5.450|5.493, 212(0):1.175|1.404, 22(0):0.508|0.553, 20(0):7.318|7.524, 18(0):14.758|15.122
3960, 210(23):5.627|5.875, 189(0):1.230|1.508, 18(0):0.480|0.535, 21(0):6.479|6.547, 19(0):15.633|16.603
3970, 190(26):5.609|5.878, 214(0):1.241|1.415, 21(0):0.676|0.884, 18(0):6.793|6.964, 19(0):16.225|16.228
3980, 197(28):5.638|6.175, 190(0):1.263|1.580, 20(0):0.646|0.717, 18(0):6.966|7.158, 20(0):15.239|18.764
3990, 197(11):5.403|5.420, 187(0):1.299|1.504, 19(0):0.524|0.575, 23(0):6.838|6.934, 19(0):14.884|15.358
4000, 175(16):5.579|5.746, 197(0):1.169|1.323, 18(0):0.611|0.663, 18(0):6.709|7.138, 17(0):14.652|15.161
4010, 179(18):5.471|5.821, 195(0):1.279|1.364, 18(0):0.514|0.548, 16(0):6.712|7.492, 19(0):14.851|14.950
4020, 203(12):5.398|5.671, 181(0):1.202|1.231, 20(0):0.476|0.557, 20(0):6.654|7.109, 22(0):14.641|14.977
4030, 183(9):5.323|5.488, 183(0):1.223|1.308, 18(0):0.633|0.729, 18(0):6.806|6.884, 18(0):15.849|15.868
4040, 221(8):5.159|5.629, 198(0):1.090|1.152, 21(0):0.583|0.600, 23(0):6.366|6.421, 20(0):14.413|15.057
4050, 191(6):5.204|5.694, 230(0):1.184|1.267, 22(0):0.488|0.597, 18(0):6.550|6.627, 20(0):15.037|15.223
4060, 206(16):5.389|5.559, 210(0):1.184|1.422, 20(0):0.491|0.512, 21(0):6.365|6.377, 20(0):14.608|15.049
4070, 230(16):5.451|5.882, 198(0):1.188|1.530, 21(0):0.496|0.533, 21(0):6.532|6.867, 21(0):15.065|15.753
4080, 196(8):5.355|5.915, 233(0):1.220|1.371, 22(0):0.487|0.549, 21(0):6.898|7.199, 20(0):15.895|16.161
4090, 201(16):5.412|5.720, 180(0):1.148|1.390, 19(0):0.514|0.531, 23(0):6.707|7.213, 23(0):15.678|16.320
4100, 223(12):5.267|5.815, 222(0):1.187|1.511, 21(0):0.513|0.702, 19(0):6.611|6.645, 23(0):15.198|15.826
4110, 188(9):5.178|5.213, 212(0):1.192|1.506, 22(0):0.501|0.527, 21(0):6.586|6.736, 18(0):14.762|15.566
4120, 221(6):5.112|5.232, 201(0):1.181|1.420, 21(0):0.529|0.590, 19(0):6.406|6.548, 18(0):15.123|15.389
4130, 223(23):5.387|5.444, 220(0):1.143|1.442, 21(0):0.490|0.593, 21(0):6.869|7.265, 21(0):14.871|14.980
4140, 202(12):5.127|5.702, 176(0):1.239|1.278, 19(0):0.514|0.662, 23(0):6.590|6.800, 24(0):15.348|15.354
4150, 197(24):5.566|6.477, 225(0):1.203|1.271, 21(0):0.615|0.675, 20(0):6.516|6.721, 23(0):15.803|15.846
4160, 209(12):5.301|5.810, 193(0):1.213|1.351, 20(0):0.514|0.514, 20(0):6.579|6.691, 15(0):14.961|15.203
4170, 216(18):5.215|5.375, 218(0):1.200|1.522, 22(0):0.495|0.589, 23(0):6.566|6.898, 26(0):15.085|15.113
4180, 220(12):5.217|5.678, 209(0):1.215|1.333, 22(0):0.571|0.642, 19(0):6.439|6.479, 19(0):15.572|15.937
4190, 192(34):5.881|6.175, 193(0):1.227|1.313, 18(0):0.696|0.881, 21(0):6.341|6.358, 22(0):15.838|16.480
4200, 161(36):6.174|6.916, 175(0):1.263|1.939, 18(0):0.529|0.780, 19(0):7.270|7.455, 16(0):16.518|17.270
4210, 152(28):5.730|5.991, 173(0):1.273|1.387, 16(0):0.515|0.527, 16(0):6.894|7.055, 15(0):16.102|16.646
4220, 155(18):5.472|5.655, 184(0):1.165|1.309, 17(0):0.468|0.482, 16(0):7.250|7.270, 16(0):17.553|18.103
4230, 170(16):5.581|5.707, 127(0):1.073|1.133, 14(0):0.453|0.492, 14(0):6.566|6.863, 17(0):15.971|16.023
4240, 151(12):5.428|5.722, 156(0):1.071|1.088, 15(0):0.436|0.482, 16(0):6.307|6.466, 12(0):15.821|16.223
4250, 147(15):5.683|5.791, 154(0):1.146|1.260, 17(0):0.460|0.492, 17(0):6.698|6.965, 17(0):15.875|16.091
4260, 169(35):5.836|6.162, 154(0):1.139|1.183, 15(0):0.451|0.452, 14(0):6.788|7.590, 16(0):16.272|18.365
4270, 164(20):5.389|6.310, 138(0):1.035|1.193, 15(0):0.494|0.553, 18(0):6.923|7.107, 18(0):16.086|16.444
4280, 158(20):5.603|5.993, 160(0):1.122|1.369, 16(0):0.489|0.497, 15(0):6.517|7.039, 15(0):15.819|15.853
4290, 166(15):5.512|6.235, 178(0):1.058|1.288, 18(0):0.481|0.542, 17(0):6.393|6.494, 14(0):15.262|16.563
4300, 162(8):5.263|5.337, 161(0):1.091|1.251, 17(0):0.465|0.468, 14(0):6.500|6.531, 22(0):15.887|16.225
4310, 207(8):5.200|5.510, 215(0):1.066|1.140, 20(0):0.478|0.485, 21(0):6.694|6.802, 17(0):15.153|15.319
4320, 217(15):5.477|6.333, 217(0):1.082|1.227, 21(0):0.555|0.602, 20(0):6.818|6.862, 23(0):15.660|16.358
4330, 193(13):5.426|5.725, 204(0):1.143|1.183, 21(0):0.512|0.757, 20(0):6.435|6.445, 18(0):15.207|16.571
4340, 213(8):5.205|5.436, 223(0):1.091|1.413, 21(0):0.451|0.500, 22(0):6.456|7.221, 22(0):16.497|17.005
4350, 228(26):5.437|8.796, 202(0):1.177|1.379, 21(0):0.719|0.732, 21(0):6.712|6.747, 20(0):15.625|17.845
4360, 205(26):5.565|7.492, 203(0):1.138|1.357, 22(0):0.610|0.797, 20(0):7.187|7.292, 25(0):15.693|17.977
4370, 193(32):5.881|8.689, 207(0):1.258|1.307, 19(0):0.525|0.637, 22(0):6.804|6.944, 17(0):15.960|16.117
4380, 208(28):5.599|6.154, 216(0):1.206|1.329, 21(0):0.513|0.520, 16(0):7.116|7.490, 19(0):16.096|16.215
4390, 204(21):5.420|5.697, 198(0):1.190|1.414, 20(0):0.622|0.689, 27(0):7.006|7.218, 19(0):16.409|17.439
4400, 193(22):5.513|5.980, 205(0):1.204|1.499, 20(0):0.528|0.775, 18(0):6.736|6.871, 25(0):16.860|16.930
4410, 149(14):5.428|5.765, 142(0):1.048|1.237, 15(0):0.454|0.677, 17(0):6.529|6.675, 17(0):15.377|15.385
4420, 156(8):5.192|5.626, 143(0):1.335|1.883, 15(0):0.560|0.633, 16(0):6.664|6.792, 15(0):14.710|14.849
4430, 227(15):5.265|5.414, 212(0):1.141|1.197, 22(0):0.619|0.630, 17(0):6.904|7.010, 17(0):14.559|15.517
4440, 196(27):5.474|5.622, 215(0):1.239|1.316, 20(0):0.491|0.536, 21(0):7.190|7.697, 23(0):15.338|15.706
4450, 204(24):5.457|6.028, 201(0):1.146|1.351, 21(0):0.628|0.995, 23(0):7.202|7.572, 21(0):15.791|16.671
4460, 228(45):5.769|6.326, 211(0):1.158|1.654, 21(0):0.649|0.725, 19(0):6.812|7.125, 17(0):15.136|15.903
4470, 198(22):5.567|5.867, 223(0):1.126|1.373, 21(0):0.609|0.616, 22(0):7.268|7.669, 21(0):15.782|16.040
4480, 186(35):5.900|6.177, 201(0):1.269|1.829, 19(0):0.577|0.611, 22(0):6.839|7.948, 25(0):16.371|17.268
4490, 221(44):5.943|6.113, 207(0):1.387|3.194, 21(0):0.693|0.740, 19(0):7.571|7.899, 16(0):16.565|17.502
4500, 172(32):5.927|6.863, 202(0):1.216|1.366, 19(0):0.539|0.664, 18(0):7.175|7.279, 20(0):18.247|18.572
4510, 216(13):5.399|5.734, 179(0):1.149|1.454, 19(0):0.492|0.545, 24(0):6.658|6.746, 25(0):15.962|15.965
4520, 195(10):5.302|5.896, 212(0):1.129|1.151, 22(0):0.455|0.527, 20(0):6.509|6.675, 19(0):14.893|15.645
4530, 229(11):5.321|5.728, 185(0):1.072|1.116, 21(0):0.476|0.785, 21(0):6.641|6.887, 20(0):14.232|14.412
4540, 184(11):5.321|5.584, 189(0):1.119|1.263, 18(0):0.568|0.579, 15(0):6.458|6.540, 17(0):14.678|14.796
4550, 209(19):5.469|5.507, 223(0):1.172|1.694, 21(0):0.441|0.449, 22(0):6.722|6.807, 22(0):14.868|15.238
4560, 195(22):6.034|6.316, 200(0):1.159|1.178, 21(0):0.650|0.747, 18(0):6.372|6.906, 22(0):15.623|16.378
4570, 193(17):5.708|6.847, 210(0):1.130|3.337, 21(0):0.512|0.580, 20(0):6.993|7.114, 20(0):15.493|15.805
4580, 206(11):5.262|5.339, 207(0):1.077|1.208, 19(0):0.465|0.552, 23(0):6.805|7.030, 19(0):14.360|14.637
4590, 207(10):5.104|5.400, 212(0):1.082|1.180, 21(0):0.594|0.837, 18(0):6.061|6.215, 15(0):14.665|15.061
4600, 214(11):5.188|7.323, 195(0):1.054|1.172, 21(0):0.534|0.555, 23(0):5.982|6.177, 23(0):15.795|15.992
4610, 204(5):5.190|5.721, 206(0):1.203|1.265, 21(0):0.562|0.744, 19(0):6.196|6.284, 24(0):13.689|15.815
4620, 217(12):5.284|5.480, 204(0):1.201|1.517, 20(0):0.523|0.545, 23(0):6.639|6.794, 17(0):14.125|14.999
4630, 207(4):5.072|5.518, 213(0):1.101|1.201, 20(0):0.629|0.679, 17(0):6.546|6.623, 22(0):13.952|14.532
4640, 202(6):5.193|5.362, 199(0):1.050|1.089, 21(0):0.450|0.491, 24(0):6.491|6.719, 20(0):15.148|16.217
4650, 191(6):5.048|5.173, 219(0):1.106|1.451, 20(0):0.485|0.498, 20(0):6.253|6.494, 23(0):14.506|14.529
4660, 213(2):4.956|5.253, 191(0):1.114|1.418, 21(0):0.519|0.647, 19(0):6.292|6.489, 20(0):14.472|14.484
4670, 202(3):4.970|5.217, 227(0):1.026|1.182, 22(0):0.442|0.476, 23(0):6.143|6.217, 18(0):13.114|14.584
4680, 221(4):5.018|5.351, 206(0):1.167|1.295, 20(0):0.533|0.687, 21(0):6.578|6.594, 22(0):14.505|15.255
4690, 193(4):5.283|5.446, 221(0):1.140|1.642, 21(0):0.497|0.501, 17(0):6.415|6.418, 20(0):14.249|14.351
4700, 190(14):5.560|5.672, 191(0):1.102|1.503, 19(0):0.500|0.505, 17(0):6.604|6.802, 22(0):14.906|15.158
4710, 218(5):5.195|5.849, 169(0):1.234|1.325, 21(0):0.524|0.536, 30(0):6.607|6.964, 21(0):15.416|15.696
4720, 214(9):5.166|5.359, 195(0):1.200|1.248, 19(0):0.566|0.615, 17(0):6.636|6.718, 22(0):15.244|15.488
4730, 181(17):5.422|5.847, 217(0):1.147|1.278, 21(0):0.799|0.806, 21(0):6.933|7.056, 17(0):14.337|14.359
4740, 200(18):5.308|5.517, 193(0):1.177|1.385, 20(0):0.499|0.526, 20(0):6.939|7.064, 20(0):14.484|14.966
4750, 213(16):5.400|5.536, 207(0):1.119|1.562, 21(0):0.553|0.663, 21(0):6.418|6.445, 22(0):15.070|15.319
4760, 210(13):5.402|5.797, 216(0):1.152|1.246, 21(0):0.566|0.592, 22(0):6.695|7.006, 17(0):14.978|15.084
4770, 219(9):5.093|5.481, 212(0):1.145|1.347, 21(0):0.454|0.470, 16(0):6.402|6.674, 23(0):14.264|15.178
4780, 203(15):5.405|5.926, 212(0):1.168|1.558, 21(0):0.528|0.545, 24(0):6.417|6.477, 21(0):14.512|15.717
4790, 196(38):5.670|5.771, 171(0):1.297|1.436, 19(0):0.551|0.661, 19(0):6.631|7.009, 24(0):15.498|15.769
4800, 183(36):5.895|6.285, 206(0):1.255|1.792, 18(0):0.599|0.649, 21(0):7.246|7.265, 14(0):16.335|16.592
4810, 181(16):5.493|5.857, 202(0):1.188|1.582, 19(0):0.497|0.519, 12(0):7.446|7.492, 17(0):16.415|16.704
4820, 214(16):5.381|5.910, 197(0):1.196|1.317, 21(0):0.480|0.532, 25(0):6.764|6.772, 22(0):16.236|16.388
4830, 193(12):5.441|5.941, 188(0):1.175|1.382, 20(0):0.676|0.732, 19(0):6.515|6.576, 24(0):15.373|15.692
4840, 199(30):5.901|6.593, 214(0):1.294|1.382, 19(0):0.632|0.652, 20(0):6.596|6.706, 15(0):16.075|17.344
4850, 187(13):5.294|5.742, 199(0):1.196|1.274, 20(0):0.573|0.679, 21(0):6.940|7.150, 23(0):15.197|15.506
4860, 225(19):5.542|6.542, 201(0):1.266|1.493, 21(0):0.467|0.509, 22(0):6.506|6.521, 21(0):15.005|15.695
4870, 203(22):5.372|5.745, 200(0):1.366|1.455, 20(0):0.520|0.674, 19(0):6.753|6.954, 21(0):15.013|15.691
4880, 219(15):5.273|5.386, 200(0):1.320|4.147, 20(0):0.567|0.598, 19(0):6.761|7.166, 19(0):15.696|16.101
4890, 196(14):5.369|5.430, 222(0):1.216|1.431, 22(0):0.532|0.560, 19(0):6.424|6.774, 21(0):15.138|15.571
4900, 218(14):5.495|5.743, 216(0):1.172|1.243, 23(0):0.483|0.566, 23(0):6.834|6.988, 22(0):14.425|15.952
4910, 220(13):5.246|5.640, 205(0):1.132|1.498, 20(0):0.643|0.650, 23(0):6.756|6.922, 21(0):15.233|15.367
4920, 207(18):5.326|5.465, 200(0):1.310|1.422, 20(0):0.523|0.592, 23(0):6.635|6.994, 22(0):15.386|15.511
4930, 200(14):5.398|5.668, 213(0):1.311|1.411, 21(0):0.534|0.582, 20(0):6.740|6.828, 21(0):15.960|16.184
4940, 219(23):5.413|5.707, 214(0):1.169|1.218, 21(0):0.507|0.660, 18(0):6.454|6.474, 16(0):15.288|15.507
4950, 213(15):5.205|5.405, 209(0):1.037|1.137, 22(0):0.452|0.470, 23(0):6.440|6.645, 25(0):16.205|16.235
4960, 199(9):5.342|5.475, 207(0):1.112|1.272, 21(0):0.580|0.905, 24(0):6.410|6.470, 19(0):14.509|14.838
4970, 187(16):5.236|5.272, 196(0):1.188|1.229, 17(0):0.474|0.586, 18(0):6.523|6.928, 19(0):14.569|15.119
4980, 180(21):5.581|5.671, 203(0):1.113|1.229, 20(0):0.634|0.824, 17(0):6.622|6.876, 22(0):15.272|15.697
4990, 176(15):5.365|5.430, 195(0):1.158|1.483, 19(0):0.457|0.656, 13(0):6.688|6.934, 19(0):14.890|15.542
5000, 190(14):5.304|5.363, 150(0):1.071|1.126, 17(0):0.532|0.645, 22(0):6.575|6.847, 15(0):14.851|15.298
5010, 169(11):5.325|5.551, 167(0):1.096|1.197, 17(0):0.524|0.615, 16(0):6.446|6.657, 17(0):14.907|16.292
5020, 171(16):5.353|5.765, 177(0):1.212|1.352, 17(0):0.495|0.566, 16(0):6.395|6.630, 16(0):14.698|14.950
5030, 178(12):5.413|5.771, 174(0):1.209|1.511, 18(0):0.511|0.567, 17(0):6.352|6.453, 18(0):15.435|15.998
5040, 167(10):5.264|5.698, 172(0):1.078|1.099, 17(0):0.439|0.649, 17(0):6.422|6.450, 16(0):15.111|15.221
5050, 174(21):5.552|5.709, 172(0):1.129|1.198, 18(0):0.440|0.457, 20(0):6.464|6.674, 21(0):15.291|15.520
5060, 185(10):5.468|5.656, 181(0):1.118|1.126, 18(0):0.583|0.740, 15(0):6.272|6.611, 16(0):16.471|17.084
5070, 204(19):5.458|5.702, 199(0):1.193|1.390, 22(0):0.557|0.731, 23(0):6.601|6.772, 22(0):15.365|15.429
5080, 202(18):5.621|6.030, 200(0):1.206|1.334, 18(0):0.510|0.579, 19(0):6.697|7.120, 16(0):15.676|16.355
5090, 187(38):6.359|7.247, 202(0):1.529|2.154, 19(0):0.515|0.532, 19(0):6.691|6.699, 21(0):16.214|16.987
5100, 198(33):5.909|6.422, 203(0):1.219|1.446, 20(0):0.604|0.693, 19(0):7.061|7.209, 19(0):16.693|17.249
5110, 214(35):5.707|5.938, 206(0):1.103|1.937, 21(0):0.638|0.682, 19(0):6.877|7.085, 24(0):16.674|16.819
5120, 192(36):5.880|7.801, 199(0):1.220|1.284, 20(0):0.734|0.810, 28(0):6.814|6.881, 18(0):17.345|17.416
5130, 212(15):5.292|5.440, 210(0):1.201|1.243, 21(0):0.507|0.558, 15(0):6.863|7.016, 21(0):15.513|16.786
5140, 185(12):5.444|5.634, 188(0):1.320|1.583, 18(0):0.489|0.531, 22(0):6.680|6.751, 21(0):14.925|16.090
5150, 225(11):5.212|5.655, 213(0):1.144|1.437, 23(0):0.493|0.579, 15(0):6.939|7.066, 17(0):15.941|16.039
5160, 190(18):5.454|5.746, 209(0):1.364|1.557, 20(0):0.560|0.598, 25(0):7.157|7.410, 21(0):15.250|16.012
5170, 199(20):5.725|5.922, 200(0):1.284|1.773, 19(0):0.460|0.514, 18(0):6.885|6.886, 23(0):14.784|15.187
5180, 220(11):5.339|6.254, 209(0):1.207|1.779, 21(0):0.460|0.461, 21(0):6.959|7.121, 18(0):15.267|15.356
5190, 190(16):5.512|5.665, 194(0):1.220|1.447, 20(0):0.521|0.655, 21(0):7.003|7.216, 20(0):15.183|16.085
5200, 216(17):5.267|5.637, 208(0):1.165|1.377, 21(0):0.499|0.658, 22(0):6.814|6.924, 22(0):14.511|15.132
5210, 218(25):5.340|5.913, 216(0):1.184|1.321, 21(0):0.454|0.456, 21(0):6.832|6.882, 19(0):14.398|15.442
5220, 203(16):5.397|5.467, 191(0):1.073|1.094, 21(0):0.466|0.618, 21(0):6.636|6.818, 24(0):15.678|16.195
5230, 216(5):5.174|6.009, 208(0):1.132|1.550, 21(0):0.519|0.534, 22(0):6.337|6.719, 19(0):15.514|15.546
5240, 202(13):5.302|5.666, 194(0):1.170|1.596, 19(0):0.473|0.527, 18(0):6.421|6.606, 23(0):14.998|15.174
5250, 208(11):5.419|5.576, 225(0):1.132|1.374, 22(0):0.512|0.596, 22(0):6.434|6.855, 19(0):14.688|15.327
5260, 188(9):5.617|5.831, 204(0):1.159|1.368, 22(0):0.461|0.541, 23(0):6.515|6.716, 27(0):15.367|15.398
5270, 231(12):5.206|5.269, 201(0):1.240|1.294, 20(0):0.656|0.803, 23(0):6.428|6.729, 17(0):14.984|15.265
5280, 203(22):5.376|5.648, 234(0):1.098|1.221, 22(0):0.465|0.673, 17(0):6.591|6.757, 22(0):14.876|15.381
5290, 206(28):5.607|6.038, 185(0):1.238|1.334, 19(0):0.435|0.491, 23(0):7.036|7.176, 21(0):14.295|14.318
5300, 223(12):5.370|5.925, 201(0):1.069|1.258, 21(0):0.435|0.463, 19(0):7.030|7.046, 19(0):14.766|15.577
5310, 193(13):5.242|5.447, 221(0):1.159|1.242, 21(0):0.530|0.598, 20(0):6.858|6.876, 19(0):15.156|15.606
5320, 218(18):5.349|6.005, 210(0):1.120|1.193, 22(0):0.579|0.857, 24(0):6.673|6.866, 22(0):14.626|15.004
5330, 214(17):5.422|5.549, 223(0):1.082|1.243, 21(0):0.553|0.636, 18(0):6.242|6.721, 22(0):15.737|16.687
5340, 204(8):5.121|5.467, 213(0):1.139|1.170, 22(0):0.590|0.725, 21(0):6.680|6.690, 17(0):15.363|16.220
5350, 200(11):5.266|5.353, 206(0):1.145|1.184, 19(0):0.469|0.516, 20(0):6.794|6.847, 23(0):14.795|15.419
5360, 206(6):5.126|5.923, 212(0):1.104|1.216, 21(0):0.460|0.512, 22(0):6.198|6.447, 23(0):14.344|14.518
5370, 221(12):5.286|5.396, 183(0):1.145|1.325, 19(0):0.541|0.821, 21(0):6.176|6.186, 21(0):13.892|14.241
5380, 209(15):5.286|5.591, 229(0):1.191|1.313, 23(0):0.531|0.569, 21(0):6.558|6.622, 19(0):15.437|15.444
5390, 199(24):5.551|5.930, 182(0):1.205|1.476, 19(0):0.616|1.194, 24(0):6.685|7.120, 22(0):15.199|15.638
5400, 194(29):6.010|8.623, 203(0):1.174|1.234, 20(0):0.618|0.630, 13(0):6.977|7.161, 20(0):16.196|16.312
5410, 207(20):5.485|5.767, 204(0):1.248|1.425, 20(0):0.527|0.603, 21(0):7.127|7.334, 17(0):14.987|15.518
5420, 180(26):5.648|5.965, 208(0):1.281|1.636, 21(0):0.605|0.636, 24(0):6.943|7.021, 21(0):15.862|16.555
5430, 214(13):5.410|5.894, 190(0):1.029|1.203, 19(0):0.447|0.601, 19(0):6.560|6.921, 23(0):14.822|14.997
5440, 187(6):5.160|5.214, 181(0):1.171|1.408, 19(0):0.520|0.555, 19(0):6.424|6.708, 15(0):14.603|15.011
5450, 191(19):5.592|5.886, 230(0):1.206|1.483, 21(0):0.526|0.557, 18(0):7.016|7.033, 22(0):15.140|15.378
5460, 217(27):5.515|8.131, 193(0):1.189|1.569, 20(0):0.525|0.549, 24(0):6.674|6.807, 19(0):15.448|16.294
5470, 198(24):5.590|5.881, 173(0):1.205|1.640, 19(0):0.576|0.820, 21(0):6.572|6.957, 23(0):14.450|15.676
5480, 204(18):5.418|5.561, 206(0):1.102|1.250, 20(0):0.437|0.445, 18(0):6.870|6.896, 19(0):15.782|15.998
5490, 208(13):5.331|5.861, 219(0):1.223|3.722, 21(0):0.442|0.513, 14(0):6.279|6.371, 20(0):14.512|14.764
5500, 181(7):5.190|5.513, 211(0):1.223|1.553, 20(0):0.541|0.560, 23(0):6.706|6.870, 17(0):15.460|15.532
5510, 211(16):5.253|5.501, 164(0):1.086|1.254, 18(0):0.505|0.945, 22(0):6.715|6.806, 21(0):15.155|15.523
5520, 206(6):5.237|5.973, 235(0):1.104|1.178, 22(0):0.456|0.457, 17(0):6.362|6.647, 20(0):14.922|15.243
5530, 198(10):5.256|5.605, 202(0):1.171|1.299, 20(0):0.471|0.512, 23(0):6.891|6.908, 20(0):14.566|14.809
5540, 215(8):5.203|5.616, 204(0):1.105|1.367, 22(0):0.482|0.528, 23(0):6.437|6.607, 25(0):16.290|16.597
5550, 195(16):5.556|5.677, 207(0):1.165|1.656, 21(0):0.521|0.526, 16(0):6.403|6.504, 15(0):15.554|15.683
5560, 198(9):5.185|5.318, 207(0):1.130|1.329, 19(0):0.490|0.667, 21(0):6.619|6.787, 24(0):14.974|15.007
5570, 221(9):5.316|5.551, 194(0):1.186|1.591, 22(0):0.755|0.759, 19(0):6.181|6.220, 23(0):14.500|14.585
5580, 207(5):5.258|5.421, 212(0):1.135|1.333, 20(0):0.570|0.618, 24(0):6.373|6.577, 18(0):13.807|13.836
5590, 203(9):5.198|5.832, 215(0):1.214|1.422, 20(0):0.523|0.635, 19(0):6.524|6.624, 19(0):14.121|14.908
5600, 203(10):5.248|5.442, 186(0):1.099|1.142, 20(0):0.586|0.603, 20(0):6.568|7.034, 24(0):14.300|15.050
5610, 202(15):5.443|5.758, 204(0):1.137|1.313, 21(0):0.499|0.641, 21(0):6.775|6.831, 18(0):14.294|14.519
5620, 197(7):5.293|5.353, 211(0):1.080|1.098, 21(0):0.522|0.608, 20(0):6.635|6.775, 18(0):14.870|15.111
5630, 196(14):5.383|5.434, 202(0):1.144|1.575, 19(0):0.581|0.647, 19(0):6.404|6.471, 20(0):16.466|16.661
5640, 199(11):5.359|5.747, 177(0):1.104|1.251, 19(0):0.518|0.520, 20(0):6.452|6.567, 20(0):15.691|15.738
5650, 198(16):5.366|5.559, 195(0):1.186|1.297, 19(0):0.481|0.486, 24(0):6.353|6.574, 24(0):15.086|16.282
5660, 205(12):5.278|5.516, 198(0):1.260|1.271, 21(0):0.593|0.820, 19(0):6.545|6.572, 16(0):15.027|16.407
5670, 181(7):5.180|5.511, 190(0):1.070|1.208, 19(0):0.486|0.528, 16(0):6.368|9.669, 20(0):14.493|14.787
5680, 194(15):5.305|5.601, 223(0):1.195|1.291, 20(0):0.584|0.659, 25(0):6.871|7.675, 21(0):14.508|15.438
5690, 205(20):5.737|5.990, 189(0):1.183|1.534, 19(0):0.589|0.641, 15(0):6.939|7.208, 20(0):15.545|16.289
5700, 181(47):6.101|6.414, 173(0):1.285|1.593, 19(0):0.544|0.652, 19(0):7.149|7.335, 18(0):16.511|18.677
5710, 196(9):5.242|5.936, 198(0):1.196|1.264, 20(0):0.514|0.686, 20(0):7.151|7.186, 16(0):15.304|15.716
5720, 195(17):5.445|5.764, 192(0):1.120|1.399, 19(0):0.553|0.578, 17(0):6.945|7.094, 20(0):15.234|16.381
5730, 210(14):5.390|5.553, 211(0):1.150|1.257, 21(0):0.530|0.972, 22(0):6.818|7.281, 21(0):15.489|15.832
5740, 192(17):5.422|5.670, 212(0):1.278|1.371, 19(0):0.491|0.495, 19(0):6.546|6.663, 23(0):14.696|14.712
5750, 220(13):5.327|5.683, 192(0):1.095|1.191, 21(0):0.504|0.644, 21(0):6.557|6.841, 23(0):15.422|16.270
5760, 206(28):5.776|5.853, 212(0):1.273|1.421, 22(0):0.546|0.692, 26(0):6.546|6.648, 20(0):16.010|17.076
5770, 231(22):5.462|5.677, 232(0):1.346|1.423, 21(0):0.512|0.786, 14(0):7.309|7.400, 18(0):15.432|15.854
5780, 197(13):5.435|5.515, 210(0):1.151|1.402, 21(0):0.508|0.672, 23(0):6.970|7.398, 20(0):14.698|16.293
5790, 217(9):5.136|5.263, 215(0):1.101|1.194, 22(0):0.494|0.578, 23(0):6.766|7.527, 24(0):15.439|15.823
5800, 202(6):5.098|5.368, 204(0):1.207|1.301, 20(0):0.535|0.694, 20(0):6.552|6.987, 18(0):15.134|16.412
5810, 193(16):5.363|5.438, 201(0):1.078|1.284, 20(0):0.640|0.722, 21(0):6.343|6.637, 22(0):15.313|16.165
5820, 189(26):5.391|5.534, 189(0):1.174|1.301, 19(0):0.534|0.725, 22(0):6.787|6.880, 19(0):15.914|15.986
5830, 212(23):5.608|6.147, 216(0):1.151|1.499, 22(0):0.588|0.600, 16(0):6.683|7.262, 21(0):16.452|16.735
5840, 210(28):5.716|6.085, 192(0):1.097|1.146, 20(0):0.484|0.633, 18(0):6.502|6.610, 20(0):15.586|15.910
5850, 209(11):5.375|5.525, 224(0):1.116|1.250, 22(0):0.560|0.566, 27(0):6.485|6.720, 26(0):15.819|16.563
5860, 215(21):5.290|5.547, 200(0):1.124|1.209, 21(0):0.520|0.574, 22(0):6.612|6.890, 16(0):14.831|15.140
5870, 211(17):5.240|5.403, 217(0):1.195|1.568, 21(0):0.477|0.596, 17(0):6.326|6.494, 22(0):15.163|15.236
5880, 196(10):5.345|5.407, 205(0):1.145|1.290, 20(0):0.558|0.844, 23(0):6.403|6.499, 25(0):14.931|15.894
5890, 212(17):5.328|5.439, 191(0):1.180|1.393, 19(0):0.560|0.601, 23(0):6.797|6.945, 14(0):15.053|15.129
5900, 213(18):5.341|5.531, 215(0):1.131|1.334, 22(0):0.491|0.574, 19(0):6.321|6.650, 21(0):15.690|16.318
5910, 184(13):5.460|5.669, 207(0):1.193|1.260, 20(0):0.480|0.523, 15(0):6.628|7.103, 20(0):15.016|15.046
5920, 210(2):4.992|5.183, 207(0):1.047|1.144, 20(0):0.499|0.542, 23(0):6.468|6.841, 21(0):14.603|14.866
5930, 209(5):5.047|5.161, 208(0):1.029|1.227, 21(0):0.518|0.633, 20(0):6.034|6.190, 20(0):14.076|14.296
5940, 201(6):5.092|5.389, 185(0):1.136|1.395, 19(0):0.429|0.482, 22(0):6.218|6.466, 23(0):13.829|14.147
5950, 192(18):5.487|6.175, 184(0):1.188|1.255, 19(0):0.690|1.034, 20(0):6.597|6.975, 21(0):15.224|15.876
5960, 204(13):5.180|5.524, 213(0):1.139|2.336, 21(0):0.554|0.584, 21(0):6.331|6.341, 18(0):15.576|15.721
5970, 219(23):5.415|5.782, 211(0):1.165|1.208, 21(0):0.525|0.570, 19(0):6.854|7.013, 19(0):14.557|14.563
5980, 199(29):5.675|5.947, 205(0):1.263|1.578, 21(0):0.546|0.584, 22(0):7.034|7.495, 22(0):15.467|15.534
5990, 193(41):6.777|8.339, 164(0):1.491|1.649, 18(0):0.513|0.785, 24(0):7.037|7.805, 18(0):16.096|16.168
6000, 163(46):7.317|8.835, 161(0):1.331|1.374, 16(0):0.674|0.827, 14(0):7.574|7.638, 18(1):19.717|21.797
6010, 154(11):5.496|5.650, 167(0):1.150|1.307, 17(0):0.483|0.486, 16(0):6.926|7.120, 17(0):16.374|18.964
6020, 161(14):5.338|5.915, 173(0):1.101|1.338, 16(0):0.423|0.450, 15(0):6.429|6.576, 13(0):15.707|15.838
error at thread_main
error at thread_main
error at thread_main
error at thread_main
error at thread_main
error at thread_main
error at thread_main
error at thread_main
error at thread_main
error at thread_main
error at thread_main
error at thread_main
error at thread_main
error at thread_main
error at thread_main
error at thread_main
error at thread_main
error at thread_main
error at thread_main
error at thread_main
error at thread_main
error at thread_main
error at thread_main
error at thread_main
error at thread_main
error at thread_main
error at thread_main
error at thread_main
error at thread_main
error at thread_main
error at thread_main
error at thread_main
error at thread_main
error at thread_main
error at thread_main
error at thread_main
error at thread_main
error at thread_main
error at thread_main
error at thread_main
error at thread_main
error at thread_main
error at thread_main
error at thread_main
error at thread_main
error at thread_main
error at thread_main
error at thread_main
error at thread_main
error at thread_main
error at thread_main
error at thread_main
error at thread_main
error at thread_main
error at thread_main
error at thread_main
error at thread_main
error at thread_main
error at thread_main
error at thread_main
error at thread_main
error at thread_main
error at thread_main
error at thread_main
error at thread_main
error at thread_main
error at thread_main
error at thread_main
error at thread_main
error at thread_main
error at thread_main
error at thread_main
error at thread_main
error at thread_main
error at thread_main
error at thread_main
error at thread_main
error at thread_main
error at thread_main
error at thread_main
error at thread_main
error at thread_main
error at thread_main
error at thread_main
error at thread_main
error at thread_main
error at thread_main
error at thread_main
error at thread_main
error at thread_main
error at thread_main
error at thread_main
error at thread_main
error at thread_main
error at thread_main
error at thread_main
error at thread_main
error at thread_main
error at thread_main
error at thread_main
error at thread_main
error at thread_main
error at thread_main
error at thread_main
error at thread_main
error at thread_main
error at thread_main
error at thread_main
error at thread_main
error at thread_main
error at thread_main
error at thread_main
error at thread_main
error at thread_main
error at thread_main
error at thread_main
error at thread_main
error at thread_main
error at thread_main
error at thread_main
error at thread_main
error at thread_main
error at thread_main
error at thread_main
error at thread_main
error at thread_main
error at thread_main
error at thread_main
error at thread_main
error at thread_main
error at thread_main
error at thread_main
error at thread_main
error at thread_main
error at thread_main
error at thread_main
error at thread_main
error at thread_main
error at thread_main
error at thread_main
error at thread_main
error at thread_main
error at thread_main
error at thread_main
error at thread_main
6030, 155(12):5.321|5.371, 167(0):1.054|1.137, 16(0):0.462|0.499, 15(0):6.520|6.927, 17(0):14.709|16.718
6040, 175(7):5.087|5.597, 151(0):1.106|1.302, 17(0):0.527|0.562, 19(0):5.996|6.645, 20(0):14.291|15.226
6050, 160(17):5.465|6.465, 196(0):1.185|1.418, 18(0):0.520|0.854, 13(0):6.184|6.341, 14(0):14.903|15.715
6060, 183(10):5.208|5.363, 160(0):1.112|1.206, 16(0):0.493|0.494, 19(0):6.472|6.557, 21(0):15.363|15.970
6070, 172(5):5.137|5.622, 164(0):1.032|1.146, 17(0):0.503|0.509, 19(0):6.182|6.254, 15(0):14.390|15.460
6080, 174(12):5.348|5.636, 186(0):1.296|1.441, 19(0):0.553|0.637, 17(0):6.314|6.686, 17(0):15.298|15.455
6090, 209(29):5.765|8.007, 229(0):1.207|1.288, 21(0):0.481|0.708, 16(0):6.857|7.011, 21(0):15.258|15.641
6100, 200(5):5.141|5.518, 191(0):1.238|1.648, 20(0):0.584|0.613, 24(0):6.899|7.306, 21(0):14.628|15.090
6110, 212(12):5.243|5.658, 210(0):1.180|1.415, 20(0):0.458|0.478, 21(0):6.998|7.155, 22(0):14.913|16.936
6120, 212(14):5.301|5.738, 187(0):1.125|1.180, 20(0):0.609|0.640, 19(0):6.695|7.055, 18(0):15.329|16.214
6130, 209(8):5.238|5.394, 220(0):1.084|1.176, 23(0):0.514|0.583, 23(0):6.264|6.464, 20(0):15.354|15.808
6140, 199(7):5.289|5.447, 209(0):1.118|1.185, 20(0):0.488|0.507, 17(0):6.389|6.748, 21(0):14.207|14.429
6150, 204(11):5.226|5.502, 230(0):1.140|1.531, 20(0):0.524|0.756, 19(0):6.238|6.241, 20(0):15.746|16.353
6160, 200(8):5.463|6.223, 201(0):1.101|1.484, 21(0):0.563|0.682, 23(0):6.590|6.599, 18(0):15.602|16.321
6170, 205(14):5.445|5.646, 170(0):1.170|1.366, 19(0):0.461|0.492, 20(0):6.388|6.639, 24(0):14.765|15.058
6180, 209(15):5.447|5.766, 214(0):1.117|1.213, 21(0):0.529|0.708, 25(0):6.521|6.672, 22(0):15.184|15.563
6190, 202(7):5.103|5.193, 221(0):1.063|1.210, 22(0):0.457|0.492, 17(0):6.324|6.428, 21(0):15.385|15.925
6200, 193(8):5.388|6.323, 191(0):1.166|1.582, 18(0):0.508|0.523, 17(0):6.205|6.458, 16(0):14.945|16.599
6210, 120(6):5.252|5.396, 125(0):1.065|1.118, 12(0):0.535|0.557, 14(0):6.220|6.434, 15(0):14.533|15.997
6220, 140(13):5.464|5.780, 131(0):1.162|1.464, 14(0):0.561|0.593, 12(0):6.563|6.588, 12(0):14.095|14.286
6230, 175(13):5.417|5.511, 161(0):1.117|1.266, 18(0):0.590|0.624, 20(0):6.602|6.955, 15(0):15.204|15.635
6240, 164(3):5.035|5.314, 163(0):1.061|1.381, 15(0):0.509|0.599, 15(0):6.410|6.793, 17(0):14.324|14.660
6250, 168(6):5.112|5.326, 181(0):1.118|1.198, 19(0):0.504|0.659, 22(0):6.609|6.694, 17(0):14.979|15.024
6260, 180(4):5.015|5.326, 155(0):1.057|1.087, 15(0):0.491|0.580, 17(0):6.148|6.310, 18(0):14.936|15.991
6270, 164(17):5.424|5.836, 173(0):1.166|1.492, 17(0):0.592|0.798, 15(0):6.268|6.277, 17(0):15.078|15.369
6280, 177(20):5.566|5.782, 180(0):1.214|1.466, 19(0):0.511|0.548, 15(0):6.460|6.714, 18(0):15.159|16.171
6290, 170(29):5.909|6.364, 169(0):1.395|1.892, 15(0):0.490|0.561, 17(0):6.451|6.714, 18(0):16.368|17.359
6300, 183(27):5.876|6.409, 178(0):1.277|1.443, 20(0):0.496|0.685, 20(0):7.095|8.088, 17(0):16.414|16.562
6310, 195(19):5.456|5.591, 196(0):1.217|1.286, 18(0):0.585|0.680, 19(0):6.685|6.914, 21(0):15.659|16.409
6320, 195(10):5.546|6.002, 205(0):1.169|1.297, 21(0):0.606|0.676, 21(0):6.504|6.510, 23(0):15.471|15.852
6330, 216(11):5.549|6.024, 220(0):1.168|1.215, 22(0):0.537|0.554, 18(0):6.446|6.693, 16(0):15.731|15.884
6340, 209(14):5.357|5.583, 186(0):1.169|1.251, 19(0):0.594|0.629, 20(0):6.770|6.842, 21(0):15.055|15.109
6350, 184(14):5.279|5.336, 210(0):1.090|1.161, 20(0):0.588|0.727, 25(0):6.601|6.885, 20(0):14.598|15.128
6360, 218(25):5.581|5.891, 211(0):1.255|1.299, 21(0):0.508|0.513, 13(0):6.800|7.189, 20(0):14.606|15.038
6370, 213(14):5.400|5.687, 171(0):1.088|1.188, 20(0):0.492|0.533, 27(0):6.783|6.841, 22(0):16.031|16.289
6380, 196(17):5.570|5.820, 238(0):1.147|1.367, 21(0):0.538|0.539, 19(0):6.684|6.701, 17(0):14.760|15.026
6390, 169(15):5.502|5.880, 184(0):1.179|1.225, 17(0):0.576|0.675, 17(0):6.790|7.006, 21(0):15.398|15.689
6400, 113(2):4.995|5.331, 106(0):1.212|1.430, 12(0):0.703|0.824, 13(0):6.613|6.660, 15(0):13.978|14.576
6410, 211(11):5.308|5.365, 206(0):1.113|1.210, 21(0):0.534|0.538, 18(0):6.511|6.585, 16(0):14.553|15.062
6420, 226(5):5.012|5.396, 196(0):1.191|1.210, 21(0):0.489|0.529, 21(0):6.558|6.754, 19(0):14.812|15.276
6430, 189(9):5.300|5.347, 212(0):1.197|1.338, 19(0):0.447|0.532, 20(0):6.152|6.690, 22(0):14.755|15.011
6440, 207(9):5.206|6.056, 208(0):1.065|1.245, 23(0):0.548|0.653, 22(0):6.309|6.492, 22(0):14.561|15.039
6450, 224(8):5.216|5.369, 210(0):1.120|1.636, 20(0):0.462|0.468, 21(0):6.651|6.694, 19(0):15.705|16.528
6460, 195(10):5.334|5.492, 195(0):1.173|1.415, 20(0):0.469|0.472, 19(0):6.538|7.521, 21(0):14.317|15.400
6470, 197(15):5.273|5.501, 214(0):1.201|1.341, 20(0):0.541|0.665, 21(0):6.746|6.781, 19(0):15.350|15.741
6480, 202(10):5.255|5.510, 184(0):1.211|1.352, 20(0):0.570|0.578, 20(0):6.953|7.786, 21(0):15.215|16.231
6490, 214(8):5.135|5.737, 236(0):1.080|1.270, 22(0):0.530|0.719, 21(0):6.499|6.983, 22(0):15.611|15.756
6500, 207(9):5.236|5.288, 192(0):1.045|1.154, 20(0):0.551|0.641, 23(0):6.178|6.307, 22(0):14.821|15.211
6510, 225(12):5.278|5.862, 208(0):1.144|1.316, 21(0):0.569|0.580, 21(0):6.396|6.555, 21(0):15.004|15.376
6520, 210(7):5.159|5.363, 216(0):1.096|1.283, 22(0):0.508|0.543, 23(0):6.405|6.555, 18(0):14.294|15.024
6530, 190(7):5.177|5.701, 202(0):1.158|1.301, 20(0):0.626|0.740, 17(0):6.282|6.328, 23(0):14.848|15.007
6540, 211(10):5.195|5.698, 219(0):1.009|1.461, 22(0):0.721|0.803, 21(0):6.226|6.548, 20(0):15.328|15.733
6550, 191(5):5.127|5.202, 208(0):1.080|1.256, 20(0):0.504|0.628, 20(0):6.259|6.278, 20(0):13.749|14.604
6560, 198(9):5.139|5.176, 195(0):1.161|1.925, 19(0):0.483|0.519, 17(0):6.449|6.509, 19(0):14.263|14.925
6570, 201(10):5.330|5.648, 193(0):1.081|1.464, 21(0):0.473|0.527, 25(0):6.483|7.169, 21(0):14.713|14.921
6580, 213(13):5.352|5.674, 213(0):1.171|1.277, 19(0):0.585|0.681, 19(0):6.601|6.716, 20(0):14.941|15.401
6590, 193(24):5.418|5.549, 190(0):1.425|1.628, 20(0):0.628|0.645, 18(0):6.930|7.392, 19(0):14.575|14.580
6600, 185(36):5.982|6.216, 189(0):1.339|1.873, 18(0):0.467|0.744, 20(0):7.202|8.106, 19(0):16.242|16.295
6610, 200(24):5.417|5.820, 193(0):1.146|1.191, 21(0):0.545|0.577, 18(0):7.268|7.828, 19(0):16.234|16.265
6620, 205(17):5.349|5.532, 184(0):1.200|1.223, 20(0):0.526|0.541, 25(0):6.785|6.852, 25(0):15.492|15.929
6630, 210(12):5.303|5.391, 220(0):1.085|1.368, 20(0):0.529|0.688, 21(0):6.532|6.547, 20(0):15.571|15.744
6640, 205(9):5.203|5.445, 207(0):1.048|1.125, 22(0):0.499|0.534, 15(0):6.229|6.231, 19(0):14.302|15.532
6650, 191(11):5.224|5.805, 163(0):1.129|1.147, 17(0):0.526|0.530, 23(0):6.225|6.755, 17(0):15.013|15.865
6660, 192(16):5.358|5.883, 245(0):1.222|1.716, 22(0):0.671|0.780, 17(0):6.834|6.861, 20(0):16.242|16.344
6670, 216(16):5.276|5.885, 208(0):1.027|1.096, 20(0):0.545|0.609, 23(0):7.083|7.168, 22(0):15.733|15.773
6680, 189(5):5.208|7.490, 193(0):1.358|1.388, 20(0):0.563|0.837, 20(0):6.462|6.490, 18(0):14.811|15.551
6690, 219(24):5.478|5.605, 205(0):1.138|1.573, 21(0):0.600|0.698, 21(0):6.629|6.741, 20(0):15.110|16.298
6700, 216(8):5.234|5.804, 220(0):1.174|1.716, 23(0):0.532|0.670, 22(0):6.639|6.853, 21(0):15.471|16.714
6710, 197(15):5.185|5.464, 199(0):1.183|1.214, 18(0):0.444|0.546, 19(0):6.459|6.498, 24(0):15.427|16.776
6720, 208(11):5.357|5.755, 215(0):1.122|1.312, 23(0):0.608|0.621, 20(0):6.948|7.163, 19(0):15.321|15.377
6730, 192(14):5.506|7.016, 210(0):1.038|1.084, 19(0):0.514|0.698, 23(0):6.483|6.886, 26(0):16.287|17.355
6740, 229(6):5.073|5.251, 179(0):1.026|1.231, 20(0):0.511|0.626, 23(0):6.233|6.320, 18(0):14.431|15.352
6750, 207(12):5.322|5.766, 245(0):1.232|1.508, 22(0):0.539|0.650, 14(0):6.524|6.617, 18(0):13.447|13.581
6760, 195(17):5.551|5.677, 186(0):1.145|1.210, 20(0):0.505|0.602, 22(0):6.890|7.176, 21(0):15.526|15.941
6770, 202(14):5.333|5.552, 191(0):1.184|1.477, 19(0):0.559|0.654, 22(0):6.277|6.345, 25(0):14.632|15.337
6780, 206(17):5.503|6.193, 194(0):1.165|1.278, 20(0):0.527|0.572, 23(0):6.489|6.567, 18(0):14.630|15.114
6790, 222(7):5.139|5.262, 206(0):1.220|1.609, 21(0):0.547|0.576, 17(0):6.369|7.028, 21(0):14.088|14.598
6800, 185(11):5.410|7.802, 225(0):1.162|1.289, 22(0):0.536|0.572, 17(0):6.807|6.819, 18(0):13.828|14.124
6810, 220(19):5.323|5.498, 207(0):1.129|1.196, 21(0):0.527|0.802, 28(0):6.976|7.350, 22(0):16.157|16.196
6820, 215(14):5.271|5.506, 220(0):1.187|1.628, 21(0):0.473|0.557, 19(0):6.341|6.703, 21(0):14.483|15.594
6830, 214(11):5.221|5.713, 222(0):1.076|3.504, 21(0):0.680|0.791, 18(0):6.465|6.886, 22(0):15.042|15.455
6840, 185(8):5.152|5.602, 211(0):1.069|1.393, 21(0):0.503|0.562, 21(0):6.357|6.889, 20(0):14.133|14.525
6850, 213(19):5.273|5.512, 186(0):1.148|1.234, 21(0):0.613|0.683, 22(0):6.247|6.412, 20(0):14.608|14.766
6860, 198(18):5.412|6.106, 197(0):1.166|1.258, 19(0):0.532|0.675, 23(0):6.390|6.445, 19(0):15.101|15.969
6870, 213(25):5.565|5.812, 214(0):1.146|1.440, 20(0):0.542|0.598, 16(0):6.301|6.392, 23(0):16.098|16.838
6880, 195(10):5.616|5.799, 200(0):1.243|1.294, 21(0):0.512|0.683, 24(0):6.319|6.996, 20(0):16.150|16.980
6890, 200(38):5.989|6.069, 179(0):1.263|1.479, 19(0):0.560|0.568, 15(0):6.698|6.923, 17(0):14.912|15.513
6900, 180(16):5.783|6.616, 195(0):1.283|1.996, 19(0):0.529|0.549, 16(0):7.238|8.242, 20(0):16.668|17.282
6910, 179(10):5.338|5.593, 186(0):1.320|1.707, 18(0):0.498|0.518, 21(0):6.580|6.747, 16(0):15.261|15.773
6920, 216(21):5.398|5.727, 214(0):1.097|1.438, 21(0):0.549|0.558, 22(0):7.299|8.352, 24(0):15.680|16.488
6930, 199(7):5.166|5.680, 201(0):1.219|1.423, 19(0):0.561|0.599, 20(0):6.557|6.573, 17(0):14.330|14.431
6940, 190(5):5.248|5.489, 187(0):1.136|1.312, 20(0):0.493|0.525, 17(0):6.732|6.747, 22(0):14.280|14.369
6950, 211(17):5.334|5.634, 200(0):1.216|1.243, 20(0):0.565|0.599, 22(0):6.543|6.782, 21(0):14.649|15.028
6960, 190(16):5.583|5.676, 197(0):1.115|1.329, 20(0):0.633|0.733, 19(0):6.722|6.733, 19(0):15.133|15.891
6970, 218(18):5.515|6.083, 204(0):1.135|1.563, 21(0):0.522|0.571, 24(0):6.724|6.917, 20(0):15.515|15.978
6980, 212(5):5.048|6.016, 219(0):1.042|1.192, 21(0):0.525|0.541, 19(0):6.393|7.094, 23(0):14.900|14.922
6990, 217(4):5.026|5.586, 215(0):1.056|2.146, 22(0):0.620|0.857, 28(0):6.198|6.313, 20(0):13.911|14.208
7000, 189(2):4.947|5.126, 196(0):1.103|1.491, 21(0):0.477|0.588, 19(0):6.109|6.185, 23(0):14.151|14.266
7010, 186(7):5.318|5.382, 166(0):1.078|1.147, 17(0):0.568|0.643, 16(0):6.292|6.459, 16(0):14.250|14.685
7020, 175(16):5.418|5.543, 194(0):1.121|1.172, 18(0):0.520|0.590, 17(0):6.320|6.346, 15(0):14.702|14.918
7030, 185(7):5.186|5.478, 155(0):1.081|1.199, 17(0):0.523|0.544, 18(0):6.599|6.751, 22(0):15.819|16.506
7040, 174(4):5.072|5.198, 194(0):1.112|1.737, 18(0):0.499|0.513, 15(0):6.277|6.519, 16(0):15.463|15.911
7050, 164(12):5.371|5.463, 174(0):1.223|2.042, 17(0):0.493|0.551, 17(0):6.700|6.729, 18(0):14.653|14.924
7060, 173(5):5.096|5.937, 185(0):1.075|1.259, 18(0):0.436|0.443, 19(0):6.580|6.614, 16(0):14.559|15.030
7070, 181(11):5.222|5.366, 174(0):1.049|1.154, 18(0):0.488|0.592, 18(0):6.449|6.577, 19(0):14.765|14.793
7080, 160(10):5.384|5.756, 172(0):1.191|1.284, 17(0):0.461|0.467, 18(0):6.747|6.766, 18(0):14.823|15.110
7090, 197(11):5.741|7.103, 177(0):1.064|1.209, 19(0):0.558|0.598, 19(0):6.213|6.356, 17(0):13.934|14.135
7100, 207(11):5.232|5.402, 177(0):1.060|1.092, 19(0):0.543|0.721, 22(0):6.357|6.361, 20(0):13.712|14.241
7110, 206(11):5.431|5.832, 226(0):1.077|1.230, 21(0):0.438|0.600, 17(0):6.212|6.228, 21(0):14.680|16.022
7120, 207(10):5.138|5.366, 207(0):1.025|1.723, 21(0):0.480|0.523, 23(0):6.568|6.968, 21(0):15.139|15.362
7130, 220(16):5.173|5.640, 212(0):1.115|1.150, 20(0):0.602|0.672, 18(0):6.266|6.277, 24(0):15.579|15.916
7140, 200(13):5.313|5.424, 228(0):1.268|2.360, 23(0):0.506|0.843, 22(0):6.272|6.450, 20(0):15.083|15.357
7150, 214(13):5.159|5.466, 180(0):1.052|1.137, 20(0):0.541|0.543, 21(0):6.320|6.370, 21(0):14.779|15.252
7160, 202(8):5.128|5.446, 209(0):1.041|1.202, 20(0):0.491|0.492, 20(0):5.880|6.138, 19(0):15.085|15.158
7170, 211(6):5.044|5.212, 218(0):1.085|1.136, 21(0):0.450|0.486, 20(0):6.496|6.574, 19(0):14.804|14.840
7180, 200(8):5.235|5.573, 213(0):1.052|1.167, 21(0):0.466|0.796, 20(0):6.230|6.572, 18(0):14.251|14.450
7190, 181(16):5.544|5.719, 205(0):1.417|1.549, 19(0):0.615|0.692, 20(0):6.969|7.092, 22(0):15.421|15.690
7200, 203(40):6.255|6.880, 220(0):1.320|1.719, 19(0):0.501|0.516, 16(0):6.939|8.159, 19(0):16.705|18.059

STOPPING THREADS...............................................................................................................................................................................................................................................................

<Raw Results>
  [0] sc:130078  lt:11922  rt:0  fl:0 
  [1] sc:142054  lt:2  rt:0  fl:0 
  [2] sc:14202  lt:0  rt:0  fl:0 
  [3] sc:14199  lt:0  rt:0  fl:0 
  [4] sc:14200  lt:3  rt:0  fl:0 
 in 7200 sec.

<Raw Results2(sum ver.)>
  [0] sc:130078  lt:11922  rt:0  fl:0 
  [1] sc:142054  lt:2  rt:0  fl:0 
  [2] sc:14202  lt:0  rt:0  fl:0 
  [3] sc:14199  lt:0  rt:0  fl:0 
  [4] sc:14200  lt:3  rt:0  fl:0 

<Constraint Check> (all must be [OK])
 [transaction percentage]
        Payment: 43.49% (>=43.0%) [OK]
   Order-Status: 4.35% (>= 4.0%) [OK]
       Delivery: 4.35% (>= 4.0%) [OK]
    Stock-Level: 4.35% (>= 4.0%) [OK]
 [response time (at least 90% passed)]
      New-Order: 91.60%  [OK]
        Payment: 100.00%  [OK]
   Order-Status: 100.00%  [OK]
       Delivery: 100.00%  [OK]
    Stock-Level: 99.98%  [OK]

<TpmC>
                 1183.333 TpmC
Start: 2013-08-03 20:00:16 - Finish: 2013-08-03 22:20:20
AVG Idle CPU: 0.00
AVG Commit: 85.70
