***************************************
*** ###easy### TPC-C Load Generator ***
***************************************
option h with value '192.241.149.101'
option d with value 'tpcc'
option u with value 'root'
option p with value 'password'
option w with value '40'
option c with value '400'
option r with value '1200'
option l with value '7200'
<Parameters>
     [server]: 192.241.149.101
     [port]: 3306
     [DBname]: tpcc
       [user]: root
       [pass]: password
  [warehouse]: 40
 [connection]: 400
     [rampup]: 1200 (sec.)
    [measure]: 7200 (sec.)

RAMP-UP TIME.(1200 sec.)

MEASURING START.

  10, 237(12):5.578|9.800, 232(0):1.248|3.397, 22(0):0.748|1.504, 22(0):7.429|10.938, 18(0):17.133|19.321
  20, 234(12):5.121|5.439, 239(0):1.114|1.151, 24(0):0.504|0.756, 21(0):6.435|6.596, 23(0):14.737|15.139
  30, 244(20):5.390|5.531, 255(0):1.089|1.138, 25(0):0.496|0.616, 29(0):6.363|6.594, 24(0):16.086|16.448
  40, 221(9):5.174|5.479, 259(0):1.019|1.067, 26(0):0.583|0.595, 19(0):6.410|6.541, 28(0):17.155|17.795
  50, 240(23):5.366|5.783, 209(0):1.159|1.592, 19(0):0.525|0.979, 26(0):7.055|7.424, 20(0):15.405|15.867
  60, 229(20):5.660|6.156, 218(0):1.129|1.493, 25(0):0.526|3.337, 19(0):6.760|7.121, 27(0):16.071|16.118
  70, 236(15):5.387|5.659, 236(0):1.105|1.184, 23(0):0.480|0.530, 23(0):6.495|6.562, 19(0):15.001|15.049
  80, 234(20):5.511|5.853, 238(0):1.164|1.412, 23(0):0.542|0.578, 23(0):6.723|6.752, 24(0):15.211|15.414
  90, 232(25):5.651|5.820, 222(0):1.258|1.547, 23(0):0.498|0.526, 22(0):7.010|7.264, 24(0):15.842|16.883
 100, 220(34):5.946|7.438, 231(0):1.261|1.551, 23(0):0.532|0.706, 29(0):6.842|7.186, 23(0):15.740|16.663
 110, 243(15):5.588|6.213, 218(0):1.333|3.978, 23(0):0.603|0.643, 21(0):6.854|6.942, 26(0):15.404|16.479
 120, 198(49):6.063|7.232, 229(0):1.358|2.011, 20(0):0.609|0.722, 19(0):7.242|7.955, 21(0):16.735|16.769
 130, 229(32):5.658|5.816, 225(0):1.312|1.562, 24(0):0.692|0.815, 27(0):7.107|7.632, 20(0):17.006|17.284
 140, 242(38):5.868|6.781, 238(0):1.210|2.670, 24(0):0.528|0.582, 23(0):7.362|7.681, 24(0):16.835|17.555
 150, 231(28):5.521|6.781, 205(0):1.096|1.190, 21(0):0.700|0.766, 21(0):6.888|7.029, 25(0):16.472|17.501
 160, 216(12):5.302|5.976, 246(0):1.106|1.181, 25(0):0.507|0.611, 23(0):6.533|6.861, 20(0):16.493|16.649
 170, 240(22):5.283|5.434, 216(0):1.186|1.595, 21(0):0.537|0.546, 23(0):6.506|6.564, 23(0):15.585|15.806
 180, 235(12):5.325|5.403, 240(0):1.112|1.153, 25(0):0.588|0.689, 21(0):6.568|6.577, 22(0):15.501|15.596
 190, 216(10):5.312|5.648, 249(0):1.244|1.470, 22(0):0.528|0.535, 24(0):7.337|7.402, 22(0):15.738|16.273
 200, 225(16):5.294|5.699, 210(0):1.161|1.336, 21(0):0.493|0.506, 22(0):6.620|6.974, 23(0):14.705|15.494
 210, 217(13):5.314|5.520, 229(0):1.083|1.273, 23(0):0.511|0.531, 25(0):6.470|6.479, 24(0):16.019|16.121
 220, 258(13):5.373|5.608, 232(0):1.122|1.282, 26(0):0.509|0.572, 22(0):6.344|6.941, 21(0):16.076|17.059
 230, 233(22):5.356|5.773, 239(0):1.153|1.213, 22(0):0.466|0.562, 23(0):6.471|6.773, 27(0):15.578|16.594
 240, 228(11):5.280|5.430, 246(0):1.249|1.436, 23(0):0.550|0.682, 22(0):6.561|6.631, 22(0):15.589|17.081
 250, 239(16):5.419|5.476, 232(0):1.127|1.199, 25(0):0.481|0.556, 24(0):6.484|6.869, 26(0):15.089|15.668
 260, 233(15):5.417|5.486, 221(0):1.063|1.126, 23(0):0.483|0.515, 22(0):6.611|6.849, 20(0):15.270|15.801
 270, 239(25):5.427|5.521, 238(0):1.193|1.589, 22(0):0.611|0.754, 26(0):6.741|6.794, 28(0):14.826|15.776
 280, 230(17):5.491|5.743, 231(1):1.150|5.600, 25(0):0.518|0.531, 22(0):6.422|6.491, 24(0):15.602|15.610
 290, 244(18):5.337|5.831, 241(0):1.092|1.288, 24(0):0.603|0.705, 25(0):6.310|6.571, 18(0):15.194|15.712
 300, 214(13):5.350|5.537, 224(0):1.160|1.233, 22(0):0.535|0.697, 30(0):6.843|6.893, 28(0):15.516|16.481
 310, 248(19):5.418|5.495, 237(0):1.262|4.008, 24(0):0.565|0.609, 16(0):6.648|7.014, 19(0):16.345|17.077
 320, 231(24):5.455|5.757, 236(0):1.171|1.807, 24(0):0.611|0.673, 29(0):6.600|6.627, 28(0):15.360|16.510
 330, 235(16):5.366|5.778, 238(0):1.284|1.726, 24(0):0.636|0.690, 20(0):6.563|6.772, 19(0):15.824|16.010
 340, 224(27):5.687|6.073, 219(0):1.174|1.282, 22(0):0.570|0.573, 23(0):6.740|7.170, 26(0):16.179|16.734
 350, 238(26):5.636|5.974, 235(0):1.194|1.298, 22(0):0.595|0.778, 27(0):6.599|6.902, 23(0):15.687|17.781
 360, 246(18):5.343|6.563, 238(0):1.192|1.660, 24(0):0.525|0.537, 20(0):6.564|6.627, 26(0):16.853|18.244
 370, 237(22):5.490|6.373, 242(0):1.421|2.609, 24(0):0.561|0.739, 23(0):6.910|7.386, 21(0):15.927|15.979
 380, 228(22):5.647|6.248, 230(0):1.095|1.238, 23(0):0.542|0.751, 24(0):6.774|6.807, 27(0):15.360|16.314
 390, 230(36):6.025|6.323, 251(0):1.182|1.931, 24(0):0.612|0.661, 24(0):7.276|7.665, 21(0):16.210|16.682
 400, 234(43):5.595|5.935, 230(0):1.195|1.540, 24(0):0.557|0.760, 22(0):6.908|7.862, 26(0):16.312|17.078
 410, 217(53):6.070|6.220, 217(0):1.456|4.152, 23(0):0.550|0.617, 25(0):7.360|7.618, 20(0):16.711|17.196
 420, 220(52):6.116|6.935, 207(0):1.187|1.400, 20(0):0.650|0.686, 19(0):7.313|7.387, 21(0):16.520|17.852
 430, 231(31):6.149|6.542, 214(0):1.202|4.531, 23(0):0.612|0.729, 22(0):6.991|7.191, 20(0):16.475|17.494
 440, 230(32):6.013|6.082, 235(0):1.261|1.500, 23(0):0.721|0.804, 24(0):7.138|7.501, 26(0):16.781|16.786
 450, 215(29):5.548|5.699, 232(0):1.244|2.291, 22(0):0.501|0.691, 20(0):6.828|7.032, 19(0):17.850|19.452
 460, 231(10):5.198|5.557, 215(0):1.077|1.233, 23(0):0.588|0.719, 23(0):6.645|6.962, 23(0):15.913|15.944
 470, 227(16):5.235|5.656, 244(0):1.236|1.365, 24(0):0.504|0.509, 22(0):6.484|6.956, 23(0):16.592|17.580
 480, 241(19):5.520|7.390, 243(0):1.146|1.291, 23(0):0.532|0.739, 24(0):7.246|7.655, 23(0):16.290|16.367
 490, 213(10):5.287|5.499, 232(0):1.206|1.633, 22(0):0.569|0.571, 21(0):6.766|6.844, 23(0):15.203|15.271
 500, 210(13):5.416|6.414, 201(0):1.058|1.214, 20(0):0.514|0.547, 24(0):6.596|6.777, 21(0):14.900|15.625
 510, 228(12):5.202|5.547, 207(0):1.158|1.371, 23(0):0.533|0.578, 22(0):6.745|6.749, 21(0):15.141|15.492
 520, 218(18):5.238|6.287, 197(0):1.282|1.479, 20(0):0.565|0.659, 22(0):6.667|6.878, 26(0):15.704|15.884
 530, 190(11):5.524|5.648, 208(0):1.194|1.378, 21(0):0.506|0.544, 21(0):7.129|7.226, 20(0):14.814|15.151
 540, 216(25):5.684|6.400, 232(0):1.225|1.555, 21(0):0.559|0.583, 20(0):6.729|6.989, 18(0):16.362|16.698
 550, 201(17):5.499|5.953, 199(0):1.185|1.253, 20(0):0.580|0.622, 22(0):7.267|7.379, 20(0):15.300|16.582
 560, 217(28):5.527|6.018, 203(0):1.221|1.353, 22(0):0.558|0.837, 19(0):6.823|6.932, 22(0):15.806|16.154
 570, 212(18):5.415|5.890, 198(0):1.217|1.274, 20(0):0.551|0.573, 21(0):6.822|6.951, 22(0):16.261|17.721
 580, 201(13):5.693|8.313, 223(0):1.111|1.273, 22(0):0.488|0.559, 23(0):6.713|6.923, 20(0):15.969|16.030
 590, 203(25):5.474|5.811, 204(0):1.143|1.289, 20(0):0.532|0.563, 13(0):6.742|6.771, 19(0):15.218|15.219
 600, 204(17):5.697|5.825, 201(0):1.097|1.946, 19(0):0.736|0.742, 25(0):6.877|6.971, 23(0):16.061|17.174
 610, 192(3):5.045|5.320, 189(0):1.115|1.442, 20(0):0.619|0.967, 19(0):6.592|7.263, 20(0):15.069|15.201
 620, 194(9):5.348|5.670, 209(0):1.076|1.321, 20(0):0.441|0.448, 18(0):6.411|6.684, 21(0):14.653|14.707
 630, 211(22):5.518|6.120, 201(0):1.139|1.653, 20(0):0.473|0.559, 23(0):6.272|6.585, 16(0):14.956|15.014
 640, 211(13):5.379|5.843, 222(0):1.144|1.296, 23(0):0.725|1.020, 19(0):6.748|6.783, 22(0):15.197|15.382
 650, 215(11):5.262|5.399, 212(0):1.095|1.216, 20(0):0.578|0.642, 23(0):6.522|6.993, 24(0):14.902|15.325
 660, 223(28):5.404|5.624, 215(0):1.196|1.903, 24(0):0.705|0.842, 26(0):6.457|6.502, 23(0):15.044|15.533
 670, 241(27):5.572|5.704, 236(0):1.296|2.222, 23(0):0.479|0.884, 23(0):7.093|7.150, 19(0):16.013|16.345
 680, 207(39):6.033|6.095, 219(0):1.331|1.921, 21(0):0.595|0.625, 23(0):7.578|9.662, 25(0):16.459|17.937
 690, 229(43):6.053|6.452, 211(0):1.318|1.371, 23(0):0.572|0.681, 21(0):7.020|7.160, 22(0):16.808|17.880
 700, 229(37):5.948|6.444, 234(0):1.254|1.405, 23(0):0.568|0.934, 23(0):7.062|7.270, 22(0):16.500|16.991
 710, 215(46):6.042|6.254, 214(0):1.331|1.429, 20(0):0.877|1.005, 21(0):7.073|7.362, 21(0):16.208|16.590
 720, 208(47):6.233|6.645, 213(0):1.517|1.740, 21(0):0.515|0.575, 18(0):7.619|7.639, 24(0):17.813|17.964
 730, 227(49):6.117|6.543, 241(0):1.346|1.989, 24(0):0.553|0.675, 23(0):7.752|9.328, 20(0):16.919|17.020
 740, 226(42):5.873|5.989, 197(0):1.344|1.622, 22(0):0.661|0.732, 25(0):7.499|8.082, 26(0):17.983|18.491
 750, 206(22):5.655|5.804, 224(0):1.168|1.332, 21(0):0.548|0.607, 19(0):6.855|6.876, 17(0):16.878|17.090
 760, 214(23):5.676|6.009, 229(0):1.161|1.585, 22(0):0.513|0.565, 23(0):7.034|7.070, 22(0):15.784|15.998
 770, 221(30):5.815|6.226, 218(0):1.158|1.342, 21(0):0.522|0.624, 20(0):6.487|6.558, 23(0):15.831|16.122
 780, 217(42):5.861|6.248, 218(0):1.494|2.964, 22(0):0.550|0.567, 25(0):6.913|7.418, 21(0):17.901|17.985
 790, 230(40):5.677|5.835, 220(0):1.158|1.337, 24(0):0.583|0.964, 22(0):7.426|10.497, 21(0):16.599|16.636
 800, 194(35):5.577|5.791, 202(0):1.261|1.285, 20(0):0.557|0.560, 18(0):6.876|7.184, 18(0):16.220|16.366
 810, 218(35):5.799|6.186, 213(0):1.179|2.540, 21(0):0.605|0.734, 22(0):7.503|7.626, 26(0):16.664|16.849
 820, 214(40):5.839|6.453, 219(0):1.225|1.593, 20(0):0.607|0.615, 22(0):7.264|7.310, 21(0):16.411|16.739
 830, 227(25):5.476|5.673, 211(0):1.194|1.369, 23(0):0.624|0.757, 22(0):6.708|6.851, 21(0):17.169|17.557
 840, 220(53):6.126|6.783, 197(0):1.382|1.399, 21(0):0.592|0.657, 26(0):6.953|7.448, 23(0):16.462|17.711
 850, 221(39):6.075|6.579, 247(0):1.422|1.728, 24(0):0.587|0.663, 19(0):7.031|7.120, 22(0):16.651|18.257
 860, 228(32):5.833|6.321, 213(0):1.332|1.630, 21(0):0.530|0.947, 24(0):6.856|6.998, 24(0):16.392|16.659
 870, 214(41):5.878|6.285, 221(0):1.341|1.558, 22(0):0.540|0.548, 18(0):7.071|7.370, 19(0):17.181|17.971
 880, 229(55):5.981|6.339, 236(0):1.199|1.316, 23(0):0.500|0.520, 20(0):7.236|7.540, 22(0):17.343|17.365
 890, 220(29):5.684|6.100, 220(0):1.157|1.431, 22(0):0.526|0.570, 27(0):7.449|7.635, 26(0):17.598|17.649
 900, 228(27):5.703|6.035, 229(0):1.266|2.216, 24(0):0.702|0.754, 22(0):6.591|7.159, 23(0):15.640|16.369
 910, 240(18):5.402|5.824, 223(0):1.167|1.241, 23(0):0.587|0.624, 26(0):6.732|6.878, 21(0):15.323|15.405
 920, 213(28):5.476|5.719, 236(0):1.191|1.328, 21(0):0.513|0.652, 21(0):6.630|7.009, 25(0):16.389|16.792
 930, 240(16):5.278|6.292, 228(0):1.216|1.399, 24(0):0.552|0.766, 17(0):6.811|7.462, 21(0):16.573|19.090
 940, 229(19):5.491|5.906, 230(0):1.178|1.356, 22(0):0.660|0.678, 30(0):6.817|6.899, 22(0):15.872|15.930
 950, 221(27):5.749|6.581, 237(0):1.291|1.600, 24(0):0.518|0.518, 22(0):6.528|6.560, 22(0):16.390|17.279
 960, 221(20):5.530|5.731, 234(0):1.273|1.595, 24(0):0.514|0.547, 26(0):6.661|6.904, 27(0):17.094|17.418
 970, 253(26):5.436|6.151, 234(0):1.201|1.815, 23(0):0.632|0.640, 21(0):6.952|7.408, 23(0):15.605|15.627
 980, 224(24):5.621|5.858, 239(0):1.153|1.289, 24(0):0.558|0.563, 21(0):6.782|7.035, 19(0):16.712|16.788
 990, 227(29):5.602|5.835, 227(0):1.346|1.723, 22(0):0.677|0.811, 21(0):6.718|6.793, 28(0):15.740|17.226
1000, 242(37):5.833|6.761, 226(0):1.377|1.475, 23(0):0.634|0.699, 31(0):6.898|7.504, 19(0):15.525|16.126
1010, 217(35):5.919|6.699, 214(0):1.331|1.765, 23(0):0.596|0.604, 18(0):6.798|7.219, 27(0):17.372|17.499
1020, 220(48):6.189|7.777, 227(0):1.302|1.568, 21(0):0.574|0.671, 20(0):7.423|7.959, 17(0):18.073|18.316
1030, 223(30):5.760|5.915, 222(0):1.249|1.385, 22(0):0.588|0.634, 21(0):7.249|9.229, 23(0):16.886|16.909
1040, 224(46):6.020|8.544, 211(0):1.262|1.537, 22(0):0.592|0.593, 27(0):7.534|9.745, 28(0):17.858|18.765
1050, 228(24):5.601|5.761, 232(0):1.211|1.771, 23(0):0.542|0.634, 20(0):7.217|7.323, 19(0):16.289|17.101
1060, 228(21):5.372|5.693, 237(0):1.059|1.449, 23(0):0.592|0.746, 25(0):6.412|6.490, 22(0):16.842|17.458
1070, 231(25):5.570|5.811, 220(0):1.217|1.471, 23(0):0.508|0.524, 24(0):6.483|6.664, 23(0):16.449|17.134
1080, 226(18):5.447|5.738, 221(0):1.122|1.303, 22(0):0.522|0.705, 21(0):6.403|6.483, 22(0):16.380|16.864
1090, 216(24):5.589|5.681, 220(0):1.241|1.487, 23(0):0.477|0.594, 19(0):6.993|7.132, 25(0):15.157|15.870
1100, 201(23):5.509|5.692, 220(0):1.121|1.262, 21(0):0.583|0.608, 23(0):6.754|6.984, 22(0):16.082|17.321
1110, 237(28):5.749|5.884, 211(0):1.063|1.163, 21(0):0.541|0.656, 21(0):6.585|6.830, 20(0):16.658|16.846
1120, 224(19):5.353|6.417, 234(0):1.262|1.693, 23(0):0.502|0.574, 23(0):6.703|6.901, 24(0):16.681|17.285
1130, 235(22):5.424|5.578, 241(0):1.159|1.369, 24(0):0.666|0.835, 22(0):6.563|6.871, 23(0):16.044|16.840
1140, 236(28):5.547|6.220, 224(0):1.223|1.422, 22(0):0.602|0.790, 25(0):6.661|7.041, 23(0):15.654|15.869
1150, 237(25):5.694|6.613, 233(0):1.249|1.382, 24(0):0.569|0.592, 25(0):7.127|7.275, 25(0):15.737|16.254
1160, 233(24):5.540|5.624, 252(0):1.192|1.553, 25(0):0.538|0.571, 23(0):7.050|7.242, 21(0):16.906|17.189
1170, 237(30):5.550|6.362, 223(0):1.154|2.592, 23(0):0.521|0.875, 21(0):7.049|7.105, 23(0):15.523|15.570
1180, 227(16):5.262|5.551, 222(0):1.208|1.493, 22(0):0.504|0.508, 24(0):6.908|6.910, 27(0):15.273|15.771
1190, 229(31):5.617|5.922, 236(0):1.110|1.386, 24(0):0.506|0.517, 25(0):6.728|6.849, 22(0):15.288|15.328
1200, 236(24):5.549|5.770, 229(0):1.151|1.701, 22(0):0.541|0.565, 25(0):6.810|6.861, 22(0):15.519|16.396
1210, 250(35):5.903|6.164, 264(0):1.214|1.340, 27(0):0.565|0.622, 21(0):6.518|6.568, 21(0):16.498|16.819
1220, 236(22):5.705|6.002, 226(0):1.198|1.352, 23(0):0.609|0.751, 24(0):6.766|6.846, 25(0):15.845|16.247
1230, 225(33):5.615|6.030, 234(0):1.283|1.512, 23(0):0.505|0.718, 24(0):6.911|7.115, 27(0):15.957|16.996
1240, 232(34):5.646|5.789, 211(0):1.119|1.305, 23(0):0.518|0.575, 24(0):6.984|7.174, 20(0):16.604|17.108
1250, 243(28):5.827|6.323, 260(0):1.193|1.905, 24(0):0.620|0.734, 24(0):6.992|7.098, 22(0):16.633|16.646
1260, 227(16):5.337|5.731, 218(0):1.120|1.178, 22(0):0.558|0.694, 22(0):6.749|9.128, 26(0):16.455|16.570
1270, 244(25):5.502|5.656, 242(0):1.140|1.250, 25(0):0.590|0.595, 24(0):6.645|9.139, 21(0):15.623|15.729
1280, 223(26):5.466|7.502, 218(0):1.090|1.302, 22(0):0.480|0.485, 21(0):6.784|6.811, 25(0):16.163|16.288
1290, 226(29):5.618|5.814, 247(0):1.161|1.489, 23(0):0.676|0.678, 21(0):6.616|6.714, 21(0):16.021|16.638
1300, 233(26):5.451|5.946, 248(0):1.196|1.993, 23(0):0.517|0.735, 28(0):6.874|7.029, 22(0):17.247|17.668
1310, 229(58):6.210|6.705, 225(0):1.553|4.210, 23(0):0.723|0.796, 20(0):7.173|7.296, 26(0):17.219|17.996
1320, 220(65):6.534|7.035, 200(0):1.463|1.587, 22(0):0.570|0.632, 23(0):8.194|8.338, 23(0):17.512|18.132
1330, 206(39):5.909|6.091, 235(0):1.282|1.589, 23(0):0.607|0.630, 25(0):7.267|7.383, 23(0):17.227|17.529
1340, 245(41):5.665|6.266, 226(0):1.235|1.284, 23(0):0.531|0.567, 20(0):7.051|7.327, 20(0):16.683|17.962
1350, 224(30):5.584|8.574, 249(0):1.172|1.250, 22(0):0.566|0.770, 22(0):6.959|7.209, 23(0):16.776|18.062
1360, 227(21):5.496|5.914, 208(0):1.065|1.141, 24(0):0.572|0.762, 22(0):6.594|6.737, 25(0):15.491|15.801
1370, 227(21):5.434|5.747, 216(0):1.166|1.512, 20(0):0.516|0.618, 25(0):6.374|6.544, 18(0):16.085|17.342
1380, 221(25):5.602|6.391, 228(0):1.122|1.468, 24(0):0.574|0.607, 18(0):6.745|6.798, 21(0):15.461|15.633
1390, 232(35):5.662|6.565, 235(0):1.188|1.374, 22(0):0.546|0.629, 27(0):7.123|7.164, 26(0):16.366|17.215
1400, 218(36):5.901|7.720, 226(0):1.140|1.281, 23(0):0.575|0.581, 23(0):7.099|7.300, 22(0):15.804|17.632
1410, 220(27):5.799|9.373, 214(0):1.213|1.410, 21(0):0.527|0.594, 20(0):6.624|6.894, 22(0):15.947|17.162
1420, 251(27):5.479|5.810, 250(0):1.117|1.326, 25(0):0.497|0.620, 25(0):6.625|6.678, 26(0):15.929|16.178
1430, 236(25):5.442|5.654, 202(0):1.115|1.256, 24(0):0.596|0.739, 24(0):6.519|6.752, 22(0):15.242|15.556
1440, 236(22):5.415|5.818, 255(0):1.269|1.533, 23(0):0.535|0.592, 24(0):6.727|6.949, 24(0):15.229|15.324
1450, 234(19):5.329|5.589, 240(0):1.222|1.305, 24(0):0.586|0.601, 24(0):6.468|6.470, 25(0):15.357|15.517
1460, 207(22):5.483|5.774, 229(0):1.139|1.367, 21(0):0.498|0.537, 20(0):6.854|6.956, 20(0):15.406|15.818
1470, 238(31):5.736|6.443, 218(0):1.114|1.219, 24(0):0.531|0.558, 27(0):6.741|6.750, 22(0):16.104|16.389
1480, 220(35):5.696|5.973, 207(0):1.198|1.239, 21(0):0.583|0.671, 18(0):6.726|6.990, 25(0):16.879|17.872
1490, 221(21):5.506|5.936, 242(0):1.176|1.385, 24(0):0.535|0.663, 23(0):6.935|6.975, 23(0):15.585|15.620
1500, 233(17):5.406|5.584, 230(0):1.051|1.110, 22(0):0.502|0.509, 21(0):6.558|6.842, 24(0):15.786|16.211
1510, 227(23):5.403|5.900, 234(0):1.187|1.401, 23(0):0.513|0.600, 30(0):6.874|6.898, 20(0):15.221|15.399
1520, 232(31):5.591|5.977, 234(0):1.139|1.237, 25(0):0.583|0.753, 20(0):6.553|6.566, 24(0):15.593|15.647
1530, 207(23):5.597|6.257, 201(0):1.072|1.160, 20(0):0.601|0.631, 23(0):6.576|6.594, 27(0):15.805|16.330
1540, 234(15):5.342|5.403, 235(0):1.134|1.191, 23(0):0.535|0.559, 21(0):6.525|6.662, 20(0):15.340|15.670
1550, 230(23):5.290|5.769, 233(0):1.185|1.248, 22(0):0.548|0.574, 21(0):6.467|6.589, 18(0):14.916|15.004
1560, 225(23):5.551|6.157, 228(0):1.149|1.441, 23(0):0.586|0.640, 24(0):6.649|7.060, 23(0):15.216|15.370
1570, 232(18):5.380|5.558, 249(0):1.206|1.327, 24(0):0.530|0.543, 21(0):6.561|6.762, 24(0):15.539|16.408
1580, 228(16):5.397|5.482, 221(0):1.098|1.204, 24(0):0.515|0.620, 22(0):6.488|6.828, 25(0):16.041|16.194
1590, 222(19):5.449|5.515, 212(0):1.197|1.469, 20(0):0.477|0.618, 22(0):6.809|7.312, 21(0):15.701|15.905
1600, 231(31):5.528|5.940, 212(0):1.349|2.044, 23(0):0.618|0.811, 29(0):7.085|7.088, 23(0):16.552|16.968
1610, 225(40):5.936|6.634, 233(0):1.247|1.922, 23(0):0.575|0.769, 21(0):6.652|7.154, 27(0):16.563|17.181
1620, 225(36):5.699|6.123, 206(0):1.142|1.245, 21(0):0.688|0.752, 18(0):6.595|7.003, 18(0):16.240|16.339
1630, 201(29):5.556|5.720, 211(0):1.166|1.368, 21(0):0.650|0.710, 24(0):7.344|10.703, 21(0):16.277|16.989
1640, 231(34):5.577|5.916, 207(0):1.182|1.398, 22(0):0.584|0.642, 22(0):6.734|7.656, 20(0):16.377|16.947
1650, 209(13):5.289|5.491, 252(0):1.129|1.334, 23(0):0.591|0.658, 24(0):6.749|6.893, 23(0):15.714|16.022
1660, 236(16):5.293|5.783, 215(0):1.147|1.313, 22(0):0.533|0.628, 20(0):6.535|6.549, 24(0):15.186|15.650
1670, 237(21):5.333|5.484, 248(0):1.042|1.268, 24(0):0.458|0.459, 23(0):6.626|6.691, 20(0):13.778|14.263
1680, 208(14):5.303|5.705, 202(0):1.148|1.267, 22(0):0.566|0.610, 23(0):6.299|6.653, 26(0):15.202|15.203
1690, 231(10):5.221|5.515, 244(0):1.175|1.255, 22(0):0.496|0.506, 18(0):6.470|6.471, 20(0):15.610|16.378
1700, 226(20):5.420|5.617, 203(0):1.069|1.291, 22(0):0.587|0.668, 26(0):6.706|6.985, 20(0):15.562|15.890
1710, 233(16):5.369|5.657, 240(0):1.119|1.166, 24(0):0.591|0.610, 27(0):6.761|7.440, 24(0):15.704|16.132
1720, 205(19):5.267|5.661, 231(0):1.054|1.368, 21(0):0.547|0.755, 20(0):6.583|6.637, 19(0):16.214|16.221
1730, 235(24):5.574|5.792, 215(0):1.012|1.083, 24(0):0.520|0.540, 19(0):6.623|6.853, 23(0):15.577|16.192
1740, 229(22):5.553|5.760, 210(0):1.162|1.254, 20(0):0.492|0.517, 29(0):6.957|7.211, 25(0):15.973|15.984
1750, 204(12):5.265|5.522, 255(0):1.079|1.286, 24(0):0.472|0.562, 16(0):6.447|6.622, 23(0):15.124|15.485
1760, 252(18):5.358|5.694, 208(0):1.274|1.489, 24(0):0.468|0.544, 23(0):6.218|6.442, 24(0):15.392|15.396
1770, 228(17):5.425|5.666, 233(0):1.157|1.456, 21(0):0.634|0.747, 23(0):7.137|7.612, 20(0):15.761|15.951
1780, 215(7):5.188|5.404, 234(0):1.168|1.850, 22(0):0.468|0.471, 21(0):6.656|7.003, 26(0):15.311|15.500
1790, 230(24):5.465|5.708, 223(0):1.138|1.232, 25(0):0.547|0.553, 30(0):6.478|6.581, 24(0):15.906|15.919
1800, 236(20):5.558|5.867, 220(0):1.138|1.308, 23(0):0.570|0.589, 23(0):6.790|6.932, 22(0):16.437|16.497
1810, 244(22):5.380|5.821, 241(0):1.149|1.357, 23(0):0.528|0.530, 19(0):6.393|6.478, 19(0):15.765|16.057
1820, 221(16):5.279|5.344, 228(0):1.103|1.135, 22(0):0.532|0.564, 27(0):6.639|7.165, 28(0):16.057|16.747
1830, 223(10):5.302|5.566, 246(0):1.129|1.278, 23(0):0.478|0.524, 17(0):6.472|6.643, 24(0):15.590|15.713
1840, 251(22):5.668|6.334, 219(0):1.110|1.398, 24(0):0.550|0.598, 27(0):6.431|6.604, 20(0):16.027|16.307
1850, 219(15):5.471|5.958, 218(0):1.083|1.337, 23(0):0.578|0.679, 22(0):6.469|6.836, 26(0):16.623|16.704
1860, 230(17):5.256|5.512, 224(0):1.098|2.468, 22(0):0.502|0.548, 27(0):6.594|6.807, 23(0):15.863|16.877
1870, 209(20):5.712|6.002, 239(0):1.116|1.176, 21(0):0.492|0.540, 17(0):6.499|6.763, 19(0):15.271|15.412
1880, 213(22):5.672|5.927, 229(0):1.112|1.328, 25(0):0.517|0.593, 21(0):6.653|6.830, 21(0):15.183|15.817
1890, 228(20):5.504|5.970, 199(0):1.148|1.297, 20(0):0.479|0.549, 20(0):6.574|6.679, 23(0):15.499|15.527
1900, 220(17):5.744|6.043, 218(0):1.084|1.338, 22(0):0.573|0.663, 22(0):6.639|6.661, 23(0):15.620|16.113
1910, 204(36):5.610|6.028, 216(0):1.263|1.495, 21(0):0.662|0.822, 24(0):6.945|7.354, 21(0):15.369|15.477
1920, 212(26):5.875|6.959, 192(0):1.233|1.376, 20(0):0.570|0.629, 18(0):7.608|8.404, 21(0):17.164|18.747
1930, 203(24):5.455|5.476, 216(0):1.121|1.228, 21(0):0.494|0.536, 27(0):7.516|7.669, 22(0):16.092|17.544
1940, 213(34):5.645|6.356, 229(0):1.242|1.353, 22(0):0.483|0.497, 17(0):6.483|6.739, 17(0):15.571|15.637
1950, 228(20):5.466|5.731, 199(0):1.115|1.221, 21(0):0.619|0.800, 25(0):6.787|6.931, 25(0):17.242|17.254
1960, 216(20):5.215|5.306, 222(0):1.078|1.270, 23(0):0.559|0.821, 22(0):6.582|6.608, 20(0):14.534|14.805
1970, 219(11):5.265|5.522, 218(0):1.096|1.194, 22(0):0.492|0.519, 17(0):6.043|6.093, 21(0):15.395|15.648
1980, 205(15):5.353|5.623, 239(0):1.128|1.174, 21(0):0.558|0.571, 23(0):6.825|7.665, 23(0):15.307|15.395
1990, 218(21):5.350|5.609, 200(0):1.151|1.360, 21(0):0.545|0.997, 19(0):6.446|6.451, 19(0):14.892|16.101
2000, 212(13):5.240|5.505, 218(0):1.133|1.172, 21(0):0.492|0.591, 21(0):6.306|6.799, 24(0):15.348|15.488
2010, 222(14):5.280|5.430, 212(0):1.074|1.113, 22(0):0.498|0.693, 28(0):6.322|6.367, 25(0):14.834|15.087
2020, 233(10):5.202|5.362, 229(0):1.129|2.907, 22(0):0.491|0.575, 19(0):6.347|6.544, 20(0):15.123|15.138
2030, 226(19):5.315|5.643, 217(0):1.262|1.414, 24(0):0.467|0.485, 25(0):6.487|6.591, 23(0):16.426|17.259
2040, 219(13):5.256|5.718, 234(0):1.196|1.320, 22(0):0.496|0.603, 21(0):6.612|6.749, 25(0):15.271|15.290
2050, 236(11):5.267|5.735, 228(0):1.098|1.834, 24(0):0.462|0.563, 21(0):6.544|6.563, 19(0):14.670|15.549
2060, 224(7):5.442|5.616, 220(0):1.052|1.106, 22(0):0.477|0.499, 28(0):6.474|7.133, 23(0):14.954|15.841
2070, 212(13):5.309|5.651, 251(0):1.075|1.290, 24(0):0.536|0.661, 18(0):6.542|6.848, 25(0):14.556|14.928
2080, 244(15):5.368|5.817, 201(0):1.116|1.217, 21(0):0.538|0.650, 25(0):6.252|6.389, 21(0):14.826|14.829
2090, 211(7):5.196|5.498, 236(0):1.161|1.308, 22(0):0.690|0.715, 20(0):6.759|6.813, 23(0):14.982|15.316
2100, 230(16):5.360|5.499, 218(0):1.088|1.248, 23(0):0.598|0.742, 24(0):6.503|6.535, 20(0):15.168|15.579
2110, 223(3):4.995|5.125, 221(0):1.076|1.150, 23(0):0.500|0.619, 21(0):6.228|6.736, 25(0):14.654|14.950
2120, 224(15):5.429|5.876, 230(0):1.093|1.214, 21(0):0.520|0.539, 25(0):6.797|6.817, 24(0):15.222|16.400
2130, 223(19):5.464|5.713, 207(0):1.026|1.131, 23(0):0.602|0.632, 22(0):6.294|6.397, 21(0):15.287|15.613
2140, 245(19):5.239|5.400, 232(0):1.139|1.322, 23(0):0.540|0.552, 23(0):6.857|6.884, 25(0):15.592|16.792
2150, 212(12):5.332|5.498, 230(0):1.091|1.241, 23(0):0.470|0.481, 23(0):6.332|6.529, 21(0):15.789|15.911
2160, 229(12):5.242|5.341, 221(0):1.067|1.131, 22(0):0.516|0.535, 23(0):6.788|6.990, 20(0):15.171|15.408
2170, 216(14):5.274|5.515, 230(0):1.043|1.456, 21(0):0.527|0.583, 18(0):6.294|6.437, 25(0):15.258|15.418
2180, 215(15):5.364|5.829, 244(0):1.107|1.337, 23(0):0.500|0.541, 29(0):6.838|6.986, 24(0):15.076|15.264
2190, 228(17):5.188|5.394, 229(0):1.129|1.649, 23(0):0.639|0.766, 20(0):6.507|6.667, 18(0):14.997|15.402
2200, 232(21):5.306|5.505, 215(0):1.107|1.252, 22(0):0.472|0.526, 19(0):7.008|7.252, 23(0):15.741|16.273
2210, 207(21):6.014|7.853, 210(0):1.419|1.824, 23(0):0.718|0.771, 22(0):7.033|7.180, 20(0):15.555|16.659
2220, 204(64):6.711|7.049, 182(0):1.314|1.416, 19(0):0.583|0.672, 22(0):8.122|9.258, 23(0):18.769|19.172
2230, 198(37):6.096|8.201, 222(0):1.269|1.645, 21(0):0.602|0.668, 17(0):7.117|7.160, 24(0):17.615|17.758
2240, 232(59):6.092|9.986, 236(0):1.429|2.689, 24(0):0.641|0.755, 26(0):7.151|8.213, 21(0):16.911|17.597
2250, 214(39):5.744|6.054, 201(0):1.219|1.659, 19(0):0.480|0.529, 19(0):7.225|7.417, 18(0):16.344|16.460
2260, 240(45):5.947|7.339, 242(0):1.192|1.269, 24(0):0.598|0.602, 24(0):7.485|9.559, 21(0):18.934|19.119
2270, 219(31):5.583|6.223, 222(0):1.140|1.646, 23(0):0.527|0.534, 22(0):6.904|7.021, 23(0):16.668|17.352
2280, 219(21):5.449|5.557, 221(0):1.134|1.418, 22(0):0.690|0.693, 24(0):6.708|7.302, 26(0):16.303|16.314
2290, 240(27):5.712|6.045, 230(0):1.105|1.334, 23(0):0.504|0.574, 22(0):6.544|6.600, 20(0):16.364|16.806
2300, 224(20):5.437|5.896, 224(0):1.282|1.462, 23(0):0.534|0.728, 26(0):6.863|7.399, 27(0):15.584|16.086
2310, 221(9):5.215|5.578, 228(0):1.125|1.427, 23(0):0.474|0.502, 21(0):6.878|6.935, 19(0):15.249|15.637
2320, 232(13):5.146|5.641, 238(0):1.118|1.180, 21(0):0.458|0.514, 24(0):6.418|6.721, 23(0):15.695|17.684
2330, 226(16):5.447|5.716, 216(0):1.321|1.411, 23(0):0.490|0.818, 20(0):6.440|6.712, 27(0):15.736|15.826
2340, 234(22):5.394|5.609, 223(0):1.170|1.249, 25(0):0.537|0.579, 24(0):6.645|6.739, 19(0):15.824|15.844
2350, 236(20):5.665|6.243, 240(0):1.111|1.206, 22(0):0.603|0.604, 23(0):6.424|6.533, 25(0):14.806|14.949
2360, 240(18):5.363|5.642, 219(0):1.150|1.417, 22(0):0.448|0.615, 19(0):6.445|6.521, 21(0):15.352|15.588
2370, 196(11):5.327|6.220, 222(0):1.071|1.169, 23(0):0.515|0.597, 21(0):6.588|6.604, 25(0):15.208|15.268
2380, 247(17):5.303|5.500, 223(0):1.100|1.316, 23(0):0.523|0.607, 28(0):6.393|6.611, 19(0):15.330|15.367
2390, 210(16):5.403|5.480, 238(0):1.171|1.476, 22(0):0.464|0.499, 22(0):6.432|6.783, 24(0):14.883|14.892
2400, 212(10):5.183|5.377, 215(0):1.161|2.391, 22(0):0.514|1.041, 22(0):6.654|6.712, 19(0):15.628|16.170
2410, 202(14):5.361|5.449, 203(0):1.072|1.170, 20(0):0.592|0.692, 21(0):6.684|6.857, 26(0):15.913|16.193
2420, 240(16):5.449|6.143, 226(0):1.113|1.425, 23(0):0.511|0.535, 21(0):6.492|6.733, 22(0):15.337|16.013
2430, 227(5):5.157|5.320, 204(0):1.141|1.234, 22(0):0.562|0.625, 23(0):6.671|6.848, 22(0):14.927|15.551
2440, 215(9):5.207|5.517, 214(0):0.989|1.291, 21(0):0.469|0.502, 23(0):6.433|6.435, 19(0):15.164|15.173
2450, 201(9):5.180|5.446, 209(0):1.128|1.353, 21(0):0.572|0.705, 21(0):6.487|6.524, 19(0):14.646|14.863
2460, 209(10):5.290|5.506, 215(0):1.113|1.169, 21(0):0.492|0.497, 18(0):6.521|6.552, 24(0):14.865|15.452
2470, 218(13):5.278|5.781, 216(0):1.121|1.410, 22(0):0.507|0.558, 21(0):6.228|6.256, 24(0):15.408|15.915
2480, 230(11):5.418|5.981, 216(0):1.167|1.236, 22(0):0.496|0.566, 22(0):6.459|6.684, 23(0):14.558|14.764
2490, 202(14):5.371|5.723, 240(0):1.109|1.293, 22(0):0.476|0.644, 21(0):6.840|6.908, 16(0):15.298|15.414
2500, 222(11):5.276|5.773, 205(0):1.211|1.698, 21(0):0.505|0.794, 26(0):6.396|6.518, 24(0):15.506|17.183
2510, 230(39):6.473|7.141, 234(0):1.461|1.661, 23(0):0.581|0.602, 20(0):7.084|7.232, 22(0):17.215|17.884
2520, 162(48):6.622|7.067, 177(0):1.492|3.012, 18(0):0.560|0.590, 20(0):7.812|7.971, 19(0):17.688|17.789
2530, 198(40):6.793|7.026, 193(0):1.342|1.549, 18(0):0.669|0.681, 17(0):7.458|7.512, 17(0):16.727|17.182
2540, 202(34):5.848|6.145, 200(0):1.269|1.730, 21(0):0.509|0.521, 21(0):7.316|7.322, 26(0):16.303|16.432
2550, 206(13):5.270|5.421, 208(0):1.136|1.197, 21(0):0.580|0.612, 20(0):6.771|6.809, 18(0):15.475|15.849
2560, 202(11):5.305|5.406, 198(0):1.164|1.329, 20(0):0.505|0.582, 23(0):6.531|6.593, 15(0):15.422|15.523
2570, 182(10):5.589|5.860, 182(0):1.181|1.293, 17(0):0.502|0.671, 14(0):6.727|6.803, 20(0):14.823|14.983
2580, 210(7):5.168|5.497, 195(0):1.261|1.375, 21(0):0.470|0.546, 22(0):6.593|6.611, 21(0):15.225|15.369
2590, 202(13):5.208|5.468, 221(0):1.158|1.435, 21(0):0.582|0.588, 26(0):6.594|7.020, 20(0):14.898|15.136
2600, 207(16):5.301|5.669, 198(0):1.119|1.238, 21(0):0.519|0.521, 17(0):6.376|6.545, 21(0):15.679|16.018
2610, 232(13):5.225|5.694, 226(0):1.035|1.155, 23(0):0.607|0.753, 21(0):6.820|6.868, 24(0):15.216|15.230
2620, 224(15):5.211|5.498, 235(0):1.122|1.764, 22(0):0.729|0.892, 23(0):6.635|6.657, 21(0):15.437|15.817
2630, 226(20):5.489|6.192, 221(0):1.095|1.244, 23(0):0.542|0.544, 21(0):6.716|6.825, 22(0):16.033|16.034
2640, 238(18):5.372|5.684, 225(0):1.080|1.269, 23(0):0.584|0.634, 22(0):6.463|6.565, 25(0):15.083|15.478
2650, 224(15):5.233|5.294, 217(0):1.263|4.557, 23(0):0.473|0.582, 28(0):6.534|6.682, 27(0):15.832|16.525
2660, 219(22):5.448|5.537, 247(0):1.207|1.246, 23(0):0.573|0.818, 24(0):6.633|6.897, 17(0):14.920|15.026
2670, 247(12):5.252|5.502, 248(0):1.117|1.547, 23(0):0.583|0.608, 19(0):6.410|6.671, 26(0):15.211|15.298
2680, 222(8):5.267|5.499, 206(0):1.080|1.264, 23(0):0.520|0.522, 24(0):6.585|6.922, 19(0):16.231|16.784
2690, 221(15):5.303|5.591, 237(0):1.074|1.744, 22(0):0.536|0.548, 22(0):6.641|6.721, 26(0):15.390|15.641
2700, 222(24):5.569|6.105, 202(0):1.111|1.241, 21(0):0.586|0.756, 21(0):7.011|8.005, 21(0):15.283|16.397
2710, 231(14):5.311|5.619, 243(0):1.188|1.673, 24(0):0.484|0.498, 25(0):6.821|7.094, 25(0):15.522|16.489
2720, 250(12):5.266|5.531, 238(0):1.172|1.285, 24(0):0.486|0.638, 25(0):6.116|6.374, 22(0):14.916|15.639
2730, 218(10):5.422|5.556, 228(0):1.071|1.298, 23(0):0.530|0.551, 20(0):6.197|6.393, 21(0):15.605|15.638
2740, 220(10):5.185|5.384, 221(0):1.082|1.204, 23(0):0.562|0.823, 23(0):6.402|6.571, 26(0):14.754|15.530
2750, 229(14):5.424|5.797, 208(0):1.179|1.677, 21(0):0.644|0.676, 22(0):6.680|6.993, 18(0):15.928|15.982
2760, 223(9):5.428|5.805, 244(0):1.075|1.275, 23(0):0.483|0.501, 26(0):6.606|6.661, 26(0):15.701|15.757
2770, 236(6):5.138|5.427, 226(0):1.054|1.136, 23(0):0.484|0.536, 18(0):6.114|7.115, 21(0):13.775|13.942
2780, 217(18):5.531|6.341, 225(0):1.101|1.151, 22(0):0.520|0.560, 23(0):6.402|6.527, 23(0):14.691|15.653
2790, 218(7):5.052|5.148, 224(0):1.119|1.157, 23(0):0.689|0.777, 25(0):6.369|6.491, 23(0):15.622|16.457
2800, 228(11):5.271|5.729, 217(0):1.152|1.472, 22(0):0.526|0.542, 25(0):6.297|6.429, 23(0):15.658|15.774
2810, 219(16):5.422|5.815, 228(0):1.261|1.606, 22(0):0.500|0.573, 17(0):6.483|6.628, 19(0):14.834|15.151
2820, 195(35):5.973|6.119, 215(0):1.191|1.590, 20(0):0.530|0.677, 21(0):7.054|8.278, 23(0):15.531|15.842
2830, 239(22):5.519|5.881, 206(0):1.176|1.219, 22(0):0.556|0.559, 25(0):7.004|7.154, 22(0):15.363|15.500
2840, 207(17):5.495|5.795, 233(0):1.166|1.227, 23(0):0.529|0.556, 20(0):6.758|7.045, 21(0):15.020|15.794
2850, 216(26):5.560|9.232, 216(0):1.220|1.866, 21(0):0.630|0.660, 21(0):6.638|6.647, 21(0):15.543|16.395
2860, 239(21):5.338|5.939, 196(0):1.214|1.828, 22(0):0.619|0.621, 26(0):6.759|6.879, 25(0):16.039|16.261
2870, 211(22):5.486|5.829, 233(0):1.195|1.358, 21(0):0.500|0.502, 18(0):6.789|6.888, 22(0):15.541|15.802
2880, 203(15):5.304|5.930, 223(0):1.092|1.412, 22(0):0.498|0.509, 22(0):6.711|7.109, 22(0):16.320|16.463
2890, 234(22):5.365|5.832, 225(0):1.188|1.266, 22(0):0.547|0.581, 20(0):6.195|6.199, 21(0):15.686|15.734
2900, 213(12):5.294|5.674, 215(0):1.086|1.288, 23(0):0.545|0.687, 25(0):6.675|6.986, 20(0):14.724|14.839
2910, 223(21):5.506|5.563, 227(0):1.296|1.379, 22(0):0.651|0.661, 22(0):6.699|7.121, 24(0):15.815|16.406
2920, 227(17):5.399|5.760, 231(0):1.075|1.172, 22(0):0.566|0.570, 20(0):6.620|6.764, 23(0):16.210|16.458
2930, 226(19):5.547|5.896, 221(0):1.064|1.550, 24(0):0.458|0.566, 25(0):6.443|6.513, 18(0):14.776|14.911
2940, 228(22):5.438|5.616, 208(0):1.154|1.245, 22(0):0.525|0.636, 25(0):6.197|6.413, 26(0):16.216|17.075
2950, 235(19):5.290|5.538, 221(0):1.060|1.166, 23(0):0.471|0.495, 21(0):6.441|6.670, 25(0):14.831|15.176
2960, 203(17):5.328|5.406, 236(0):1.085|1.100, 22(0):0.505|0.702, 20(0):6.437|6.468, 19(0):15.523|16.198
2970, 250(11):5.356|5.487, 230(0):1.051|1.171, 23(0):0.509|0.542, 27(0):6.552|6.554, 23(0):15.862|16.188
2980, 207(27):5.518|6.108, 237(0):1.224|1.405, 22(0):0.602|0.636, 19(0):6.224|6.707, 25(0):16.020|16.360
2990, 236(42):6.099|6.852, 201(0):1.087|1.102, 22(0):0.554|0.635, 21(0):6.672|6.810, 23(0):16.088|17.000
3000, 226(16):5.163|5.243, 232(0):1.112|1.211, 22(0):0.593|0.764, 24(0):6.323|6.396, 24(0):15.999|16.068
3010, 221(20):5.435|5.746, 230(0):1.129|1.194, 24(0):0.489|0.525, 22(0):6.616|6.970, 17(0):15.347|15.798
3020, 236(7):5.354|6.196, 236(0):1.061|3.024, 23(0):0.511|0.966, 23(0):6.691|6.697, 24(0):15.040|15.650
3030, 209(16):5.281|5.422, 231(0):1.163|1.244, 24(0):0.668|1.413, 24(0):6.433|6.478, 22(0):15.634|16.176
3040, 238(19):5.293|5.365, 224(0):1.074|1.104, 21(0):0.500|0.505, 23(0):6.453|6.471, 24(0):15.927|16.141
3050, 241(13):5.298|7.207, 218(0):1.104|1.244, 24(0):0.571|0.574, 23(0):6.492|6.788, 26(0):15.241|16.907
3060, 198(8):5.210|5.306, 209(0):1.130|1.383, 21(0):0.428|0.554, 22(0):6.569|6.934, 17(0):14.545|15.073
3070, 228(15):5.225|5.413, 234(0):1.088|1.311, 22(0):0.591|0.693, 19(0):6.192|6.284, 27(0):15.062|15.785
3080, 224(13):5.366|5.466, 212(0):1.171|1.604, 22(0):0.512|0.564, 24(0):6.863|6.942, 18(0):16.070|16.561
3090, 220(24):5.420|5.716, 224(0):1.245|1.933, 22(0):0.525|0.665, 19(0):6.435|6.592, 24(0):15.117|15.145
3100, 217(20):5.592|5.877, 235(0):1.109|1.206, 21(0):0.568|0.584, 25(0):6.633|6.634, 20(0):16.600|17.285
3110, 232(34):5.957|6.563, 211(0):1.234|1.297, 23(0):0.661|0.756, 22(0):7.010|7.027, 23(0):15.869|16.692
3120, 220(23):5.539|7.589, 196(0):1.284|1.465, 21(0):0.497|0.720, 23(0):7.266|7.310, 21(0):16.373|16.376
3130, 189(15):5.574|5.609, 217(0):1.199|1.443, 21(0):0.655|0.726, 21(0):6.770|6.899, 21(0):15.284|15.699
3140, 236(19):5.314|5.703, 214(0):1.135|1.361, 23(0):0.512|0.529, 24(0):6.718|6.880, 25(0):15.588|16.166
3150, 210(8):5.248|5.514, 237(0):1.099|1.214, 23(0):0.477|0.520, 19(0):6.512|6.582, 22(0):15.052|15.074
3160, 216(9):5.128|5.306, 206(0):1.109|1.410, 21(0):0.546|0.554, 26(0):6.238|6.841, 23(0):15.929|16.353
3170, 250(18):5.448|5.714, 232(0):1.181|1.976, 23(0):0.526|0.554, 23(0):6.570|6.740, 19(0):15.454|16.156
3180, 206(14):5.393|5.786, 236(0):1.114|1.334, 21(0):0.595|0.597, 16(0):6.495|6.839, 28(0):15.728|16.234
3190, 209(23):5.535|5.802, 217(0):1.079|1.281, 23(0):0.545|0.649, 27(0):6.616|6.651, 20(0):15.907|16.395
3200, 237(14):5.279|5.690, 221(0):1.086|1.136, 22(0):0.576|0.657, 19(0):6.686|6.995, 17(0):15.794|17.752
3210, 220(8):5.282|5.539, 232(0):1.049|1.173, 23(0):0.502|0.534, 25(0):6.475|6.572, 22(0):15.485|16.190
3220, 243(23):5.527|5.835, 230(0):1.095|1.165, 24(0):0.515|0.520, 24(0):6.592|6.683, 25(0):16.421|16.678
3230, 215(16):5.397|5.614, 218(0):1.101|1.126, 21(0):0.471|0.519, 22(0):6.797|6.806, 24(0):15.536|16.017
3240, 213(9):5.264|5.808, 210(0):1.132|1.261, 21(0):0.657|1.001, 20(0):6.557|6.648, 20(0):15.932|17.947
3250, 229(14):5.225|5.544, 225(0):1.092|1.230, 21(0):0.626|0.945, 19(0):6.376|6.442, 23(0):15.339|15.568
3260, 223(8):5.154|5.351, 236(0):1.138|1.226, 25(0):0.493|0.602, 21(0):6.691|6.772, 22(0):15.235|16.013
3270, 224(17):5.251|5.546, 234(0):1.163|1.593, 23(0):0.515|0.698, 28(0):6.380|6.508, 25(0):15.617|15.673
3280, 235(19):5.498|6.318, 210(0):1.057|1.237, 22(0):0.613|0.625, 22(0):6.611|6.775, 21(0):14.695|14.725
3290, 238(9):5.251|5.308, 246(0):1.079|1.247, 24(0):0.501|0.514, 22(0):6.611|6.784, 24(0):15.522|16.298
3300, 215(9):5.251|5.472, 200(0):1.157|1.317, 22(0):0.516|0.532, 27(0):6.405|6.462, 24(0):15.547|15.598
3310, 239(8):5.266|5.488, 231(0):1.234|1.381, 23(0):0.538|0.559, 21(0):6.415|6.897, 24(0):15.744|16.039
3320, 229(17):5.345|7.776, 242(0):1.099|1.220, 24(0):0.604|0.617, 23(0):6.583|7.012, 23(0):14.852|15.038
3330, 222(18):5.324|5.538, 241(0):1.083|1.142, 22(0):0.561|0.599, 21(0):6.539|6.745, 21(0):14.890|15.196
3340, 231(8):5.129|5.308, 224(0):1.018|1.176, 23(0):0.492|0.504, 21(0):7.111|7.142, 20(0):14.976|15.431
3350, 225(6):5.226|5.543, 226(0):1.135|1.377, 22(0):0.450|0.457, 28(0):6.267|6.479, 24(0):16.149|16.342
3360, 227(13):5.294|5.608, 237(0):1.131|1.210, 23(0):0.501|0.521, 18(0):6.152|6.544, 24(0):15.273|15.333
3370, 238(16):5.347|6.381, 213(0):1.101|1.192, 24(0):0.483|0.504, 25(0):6.735|6.791, 22(0):15.911|16.207
3380, 221(24):5.401|5.559, 246(0):1.180|1.361, 22(0):0.572|0.601, 19(0):6.480|6.532, 21(0):15.350|16.090
3390, 225(10):5.179|5.673, 217(0):1.151|1.562, 23(0):0.490|0.550, 26(0):6.619|6.725, 26(0):15.829|16.702
3400, 227(21):5.406|5.958, 236(0):1.108|1.139, 23(0):0.522|0.792, 21(0):6.629|7.188, 22(0):15.960|16.203
3410, 227(56):6.176|6.503, 208(0):1.502|2.076, 21(0):0.516|0.538, 20(0):6.855|6.952, 22(0):16.131|16.738
3420, 199(49):6.399|6.530, 213(0):1.354|2.027, 22(0):0.612|0.779, 25(0):7.449|7.502, 23(0):18.031|18.090
3430, 232(30):5.771|7.561, 221(0):1.102|1.252, 22(0):0.511|0.614, 25(0):6.687|6.932, 21(0):15.846|16.097
3440, 224(32):5.688|5.954, 241(0):1.158|1.232, 23(0):0.611|0.712, 17(0):6.548|6.747, 20(0):15.587|16.404
3450, 233(36):5.602|5.919, 222(0):1.085|1.136, 23(0):0.528|0.594, 21(0):6.544|6.649, 23(0):15.960|16.821
3460, 222(19):5.355|5.927, 247(0):1.187|1.692, 23(0):0.535|0.678, 26(0):6.684|6.976, 23(0):16.220|16.321
3470, 224(22):5.406|5.601, 216(0):1.182|1.310, 21(0):0.640|0.672, 24(0):6.581|6.976, 23(0):14.429|15.290
3480, 225(23):5.503|5.943, 213(0):1.119|1.204, 23(0):0.496|0.497, 21(0):6.606|6.729, 24(0):15.314|16.470
3490, 228(18):5.391|5.824, 221(0):1.117|1.248, 22(0):0.506|0.526, 26(0):6.884|7.197, 23(0):15.666|15.883
3500, 223(20):5.348|6.090, 252(0):1.219|1.436, 24(0):0.482|0.488, 19(0):6.565|7.074, 23(0):15.625|15.960
3510, 233(18):5.414|5.772, 205(0):1.198|1.674, 22(0):0.550|0.626, 28(0):6.605|6.908, 21(0):15.556|15.765
3520, 233(13):5.271|5.833, 238(0):1.155|1.282, 24(0):0.440|0.484, 20(0):6.378|6.438, 22(0):15.267|15.467
3530, 241(11):5.209|5.561, 213(0):1.136|1.176, 23(0):0.604|0.691, 23(0):6.441|6.816, 25(0):14.846|15.379
3540, 229(19):5.425|5.526, 241(0):1.102|1.418, 23(0):0.447|0.642, 24(0):6.299|6.309, 23(0):14.763|15.023
3550, 230(9):5.108|5.612, 251(0):1.135|1.542, 24(0):0.498|0.520, 22(0):6.344|6.428, 24(0):14.983|15.688
3560, 228(17):5.336|5.481, 216(0):1.134|1.284, 23(0):0.486|0.489, 24(0):6.184|6.230, 22(0):16.115|16.301
3570, 226(12):5.271|5.641, 234(0):1.164|1.332, 22(0):0.490|0.601, 21(0):6.247|7.185, 19(0):15.604|16.447
3580, 228(19):5.341|5.798, 227(0):1.036|1.136, 23(0):0.489|0.498, 25(0):6.655|6.686, 26(0):15.102|15.439
3590, 223(9):5.239|7.424, 222(0):1.155|1.311, 21(0):0.521|0.547, 23(0):6.594|6.616, 25(0):15.169|15.481
3600, 236(13):5.327|5.444, 222(0):1.120|1.395, 24(0):0.492|0.515, 23(0):6.477|7.143, 21(0):15.779|16.077
3610, 231(22):5.536|5.761, 221(0):1.076|1.397, 23(0):0.521|0.537, 22(0):6.377|6.549, 27(0):15.538|15.872
3620, 231(14):5.313|5.453, 238(0):1.127|1.514, 22(0):0.462|0.531, 19(0):6.458|6.978, 19(0):15.551|16.121
3630, 209(18):5.268|5.674, 212(0):1.153|1.314, 23(0):0.546|0.597, 27(0):6.811|10.294, 26(0):15.407|15.633
3640, 239(13):5.355|5.706, 244(0):1.141|1.266, 24(0):0.590|0.654, 21(0):6.705|6.719, 20(0):14.971|15.333
3650, 221(16):5.374|5.698, 220(0):1.175|1.236, 22(0):0.473|0.533, 25(0):6.644|6.645, 26(0):15.018|16.102
3660, 234(14):5.343|5.651, 218(0):1.134|1.301, 23(0):0.530|0.672, 20(0):6.651|6.657, 17(0):14.980|15.135
3670, 222(9):5.371|6.043, 228(0):1.037|1.130, 22(0):0.512|0.663, 22(0):6.648|6.766, 22(0):15.159|15.346
3680, 228(17):5.446|5.651, 236(0):1.178|1.220, 24(0):0.562|0.627, 23(0):6.348|6.723, 24(0):15.064|15.491
3690, 227(17):5.379|5.653, 232(0):1.188|1.356, 22(0):0.501|0.578, 25(0):7.004|7.071, 24(0):15.764|16.538
3700, 224(25):5.446|5.578, 231(0):1.168|1.349, 22(0):0.556|0.593, 16(0):6.659|6.764, 21(0):15.172|15.326
3710, 222(25):5.476|5.801, 216(0):1.144|1.579, 23(0):0.518|0.537, 27(0):6.640|6.655, 27(0):15.543|15.982
3720, 197(47):5.944|6.171, 234(0):1.204|1.339, 21(0):0.533|0.644, 16(0):7.335|7.388, 14(0):17.281|17.486
3730, 220(28):5.561|5.797, 188(0):1.323|1.392, 21(0):0.565|0.587, 25(0):6.876|7.197, 27(0):17.205|17.358
3740, 209(33):5.565|6.183, 228(0):1.063|1.096, 21(0):0.695|0.734, 21(0):6.835|7.380, 21(0):15.197|15.437
3750, 222(31):5.702|7.959, 216(0):1.257|1.325, 22(0):0.677|0.816, 26(0):7.058|7.176, 18(0):16.897|16.912
3760, 241(20):5.570|5.703, 210(0):1.141|1.204, 23(0):0.629|0.685, 24(0):6.583|6.632, 27(0):15.474|16.383
3770, 230(19):5.440|6.032, 235(0):1.073|1.174, 23(0):0.529|0.583, 20(0):6.502|6.503, 21(0):15.581|15.952
3780, 220(9):5.260|5.479, 248(0):1.171|1.327, 23(0):0.606|0.730, 22(0):6.334|6.428, 21(0):15.557|17.028
3790, 215(18):5.357|5.558, 202(0):1.114|1.330, 22(0):0.475|0.499, 22(0):6.570|6.597, 22(0):14.718|16.467
3800, 222(18):5.406|5.950, 217(0):1.041|1.222, 21(0):0.552|0.601, 23(0):6.878|6.989, 24(0):15.685|16.115
3810, 229(5):5.219|5.370, 236(0):1.194|1.514, 23(0):0.543|0.583, 22(0):6.396|6.462, 17(0):14.560|15.452
3820, 223(6):5.197|5.666, 228(0):1.181|1.235, 23(0):0.515|0.606, 20(0):6.543|6.618, 28(0):15.468|15.551
3830, 231(9):5.258|5.293, 228(0):1.073|1.262, 22(0):0.522|0.787, 21(0):6.278|6.302, 18(0):14.198|14.513
3840, 229(18):5.338|5.752, 237(0):1.129|1.198, 24(0):0.683|0.865, 27(0):6.286|6.501, 28(0):15.578|16.591
3850, 233(11):5.110|5.552, 211(0):1.117|1.206, 22(0):0.482|0.708, 20(0):6.341|6.711, 22(0):15.297|16.175
3860, 218(12):5.197|5.371, 212(0):1.123|1.253, 23(0):0.577|0.777, 25(0):6.232|6.312, 22(0):14.885|15.414
3870, 224(10):5.203|5.600, 238(0):1.249|1.350, 21(0):0.589|0.613, 21(0):6.325|6.352, 22(0):15.796|15.931
3880, 236(25):5.362|5.923, 225(0):1.130|1.336, 24(0):0.477|0.497, 23(0):6.578|6.591, 26(0):15.383|15.966
3890, 231(17):5.451|7.851, 218(0):1.174|1.618, 21(0):0.575|0.610, 26(0):6.129|6.148, 21(0):14.864|15.762
3900, 224(12):5.235|5.404, 254(0):1.133|1.315, 25(0):0.526|0.638, 20(0):6.633|6.690, 20(0):15.262|15.422
3910, 214(10):5.178|5.425, 228(0):1.101|1.198, 23(0):0.442|0.444, 22(0):6.436|6.594, 28(0):15.287|15.643
3920, 237(23):5.462|5.983, 220(0):1.134|1.435, 23(0):0.506|0.590, 26(0):6.586|7.175, 20(0):15.535|15.749
3930, 228(15):5.326|5.656, 232(0):1.071|1.124, 21(0):0.494|0.597, 22(0):6.782|6.828, 27(0):15.385|15.856
3940, 238(23):5.318|5.689, 240(0):1.112|1.381, 25(0):0.531|0.620, 29(0):6.260|6.350, 19(0):15.607|16.352
3950, 236(19):5.451|5.815, 215(0):1.131|1.215, 24(0):0.520|0.523, 18(0):6.383|6.797, 24(0):15.190|15.224
3960, 215(17):5.446|5.937, 235(0):1.086|1.209, 22(0):0.503|0.597, 21(0):6.408|6.419, 25(0):15.515|16.007
3970, 251(8):5.151|5.636, 231(0):1.182|1.250, 24(0):0.431|0.501, 27(0):6.686|7.401, 20(0):14.439|14.748
3980, 238(15):5.579|5.775, 233(0):1.127|1.288, 23(0):0.517|0.527, 22(0):6.449|6.540, 24(0):14.952|16.338
3990, 206(11):5.353|5.669, 230(0):1.114|1.354, 21(0):0.568|0.630, 23(0):6.344|6.596, 26(0):15.880|16.063
4000, 231(19):5.213|5.804, 222(0):1.053|1.263, 23(0):0.570|0.757, 20(0):6.529|6.580, 19(0):15.317|16.158
4010, 203(25):5.437|5.634, 223(0):1.271|2.159, 22(0):0.721|0.748, 20(0):6.435|6.842, 20(0):15.016|15.378
4020, 202(42):6.167|6.272, 207(0):1.179|1.379, 20(0):0.521|0.981, 21(0):6.876|7.559, 25(0):16.921|18.047
4030, 201(33):5.729|6.586, 198(0):1.202|1.376, 20(0):0.478|0.557, 25(0):6.914|7.524, 19(0):15.424|16.878
4040, 208(26):5.823|5.927, 179(0):1.188|1.385, 19(0):0.525|0.525, 15(0):6.611|6.614, 20(0):15.697|15.762
4050, 180(25):5.675|5.829, 178(0):1.212|1.260, 18(0):0.517|0.537, 20(0):6.987|6.992, 16(0):16.637|16.654
4060, 173(12):5.717|5.929, 198(0):1.139|1.240, 20(0):0.556|0.679, 20(0):6.808|6.818, 16(0):14.655|16.782
4070, 183(15):5.600|5.756, 175(0):1.183|1.379, 17(0):0.568|0.581, 16(0):6.454|7.294, 22(0):15.349|16.315
4080, 164(19):5.466|5.686, 171(0):1.325|1.503, 16(0):0.531|0.665, 18(0):6.616|7.674, 19(0):15.544|15.583
4090, 173(17):5.349|5.405, 173(0):1.134|1.248, 17(0):0.468|0.510, 18(0):6.517|6.800, 18(0):15.041|15.812
4100, 189(24):5.482|5.600, 159(0):1.242|1.284, 18(0):0.496|0.636, 14(0):6.615|6.731, 15(0):15.309|16.843
4110, 157(9):5.262|5.619, 170(0):1.242|1.317, 17(0):0.449|0.508, 19(0):6.938|7.062, 16(0):15.422|16.081
4120, 206(20):5.460|5.956, 196(0):1.192|1.478, 20(0):0.499|0.506, 21(0):6.281|6.729, 23(0):15.608|17.510
4130, 223(5):5.118|5.605, 238(0):1.113|1.430, 23(0):0.524|0.798, 23(0):6.515|6.845, 14(0):16.282|16.416
4140, 216(10):5.101|5.426, 218(0):1.041|1.185, 21(0):0.502|0.705, 22(0):6.809|6.868, 22(0):15.625|15.920
4150, 230(12):5.246|6.260, 229(0):1.098|1.189, 22(0):0.488|0.581, 19(0):6.240|6.880, 25(0):14.668|15.755
4160, 212(14):5.327|5.618, 230(0):1.082|1.280, 24(0):0.530|0.626, 23(0):6.545|6.550, 20(0):14.811|15.377
4170, 208(9):5.203|5.561, 216(0):1.159|1.350, 21(0):0.662|0.829, 22(0):6.060|6.103, 26(0):15.028|16.207
4180, 240(12):5.575|5.849, 202(0):1.096|1.416, 21(0):0.529|0.634, 22(0):6.293|6.552, 21(0):14.393|15.028
4190, 221(7):5.215|5.430, 242(0):1.100|1.138, 25(0):0.516|0.606, 23(0):6.467|6.687, 23(0):15.082|15.773
4200, 211(12):5.250|5.484, 222(0):1.101|1.151, 21(0):0.553|0.613, 18(0):6.520|6.591, 20(0):15.287|16.355
4210, 238(8):5.150|5.252, 212(0):1.030|1.161, 21(0):0.553|0.595, 26(0):6.537|6.670, 21(0):14.823|15.786
4220, 218(30):5.446|5.759, 215(0):1.280|1.524, 23(0):0.664|0.728, 21(0):6.552|6.680, 24(0):15.703|15.840
4230, 221(37):6.057|7.077, 247(0):1.318|1.525, 24(0):0.615|0.836, 22(0):7.397|7.472, 23(0):16.936|17.244
4240, 228(13):5.632|5.785, 209(0):1.160|3.533, 21(0):0.561|0.663, 26(0):6.482|6.718, 24(0):15.967|16.674
4250, 219(21):5.405|5.628, 229(0):1.126|2.228, 23(0):0.555|0.581, 20(0):6.428|6.460, 23(0):16.824|17.530
4260, 232(16):5.301|5.562, 216(0):1.110|1.142, 21(0):0.488|0.493, 22(0):6.506|6.549, 21(0):16.355|17.701
4270, 218(15):5.413|6.016, 219(0):1.038|1.174, 23(0):0.472|0.496, 26(0):6.463|6.614, 23(0):16.184|16.330
4280, 230(23):5.472|5.590, 237(0):1.205|1.541, 22(0):0.493|0.683, 19(0):6.774|6.789, 22(0):15.504|16.110
4290, 236(15):5.436|5.980, 210(0):1.185|1.250, 23(0):0.538|0.583, 27(0):6.676|7.230, 21(0):15.352|16.084
4300, 235(22):5.463|5.665, 238(0):1.101|1.408, 23(0):0.720|1.140, 19(0):6.443|6.691, 26(0):16.058|16.929
4310, 197(26):5.818|6.122, 242(0):1.171|1.470, 23(0):0.705|0.755, 27(0):6.765|7.062, 23(0):15.743|17.245
4320, 219(33):5.762|6.374, 198(0):1.117|1.261, 20(0):0.552|0.554, 16(0):7.358|7.743, 20(0):16.135|16.895
4330, 232(26):5.472|6.370, 233(0):1.134|1.549, 23(0):0.565|0.638, 23(0):6.694|6.920, 21(0):15.951|16.307
4340, 205(15):5.401|5.927, 218(0):1.161|1.231, 22(0):0.522|0.610, 21(0):6.604|6.650, 20(0):15.524|15.725
4350, 223(10):5.185|5.308, 197(0):1.052|1.213, 21(0):0.524|0.660, 24(0):6.235|6.601, 27(0):15.573|15.591
4360, 218(13):5.306|5.734, 212(0):1.178|1.264, 23(0):0.538|0.576, 24(0):6.423|6.514, 21(0):14.680|14.836
4370, 217(17):5.248|5.380, 212(0):1.143|1.293, 20(0):0.583|0.625, 18(0):6.501|6.666, 20(0):15.340|15.857
4380, 215(12):5.278|7.142, 213(0):1.193|1.447, 22(0):0.625|0.709, 29(0):6.356|6.685, 23(0):15.009|15.274
4390, 235(18):5.291|5.456, 245(0):1.111|1.239, 24(0):0.453|0.660, 15(0):6.566|6.595, 21(0):15.206|15.925
4400, 214(13):5.237|5.516, 223(0):1.204|1.683, 22(0):0.587|0.817, 21(0):6.672|6.786, 22(0):15.219|15.653
4410, 217(20):5.402|5.957, 206(0):1.127|2.287, 20(0):0.631|0.767, 25(0):6.675|6.711, 25(0):15.857|15.992
4420, 224(16):5.297|5.369, 227(0):1.143|1.324, 24(0):0.559|0.561, 25(0):6.513|6.645, 20(0):15.065|15.611
4430, 223(20):5.507|5.639, 241(0):1.250|1.498, 23(0):0.606|0.717, 18(0):6.754|7.097, 20(0):15.103|15.953
4440, 241(25):5.445|6.482, 225(0):1.105|1.258, 21(0):0.506|0.517, 29(0):6.772|6.817, 25(0):15.879|17.035
4450, 239(17):5.456|5.794, 257(0):1.195|1.376, 25(0):0.563|0.592, 17(0):6.357|6.382, 19(0):15.536|15.798
4460, 227(17):5.288|5.977, 219(0):1.080|1.305, 22(0):0.500|0.554, 23(0):6.496|6.692, 26(0):15.648|16.033
4470, 230(12):5.379|5.641, 214(0):1.131|1.202, 24(0):0.523|0.825, 30(0):6.376|6.428, 25(0):15.550|15.899
4480, 226(10):5.189|5.481, 234(0):1.130|1.168, 23(0):0.527|0.554, 16(0):6.436|6.492, 25(0):15.580|16.311
4490, 224(10):5.286|5.700, 242(0):1.113|1.256, 24(0):0.490|0.551, 22(0):6.474|6.474, 19(0):14.272|14.880
4500, 236(7):5.243|5.498, 240(0):1.077|1.159, 23(0):0.507|0.510, 22(0):6.154|6.279, 24(0):14.657|14.830
4510, 217(19):5.449|6.281, 210(0):1.065|1.134, 22(0):0.486|0.492, 25(0):6.629|6.635, 23(0):15.302|15.714
4520, 231(21):5.336|5.599, 227(0):1.122|1.321, 22(0):0.574|0.744, 23(0):6.399|6.538, 23(0):15.438|15.788
4530, 215(11):5.349|5.719, 216(0):1.106|1.179, 21(0):0.518|0.537, 21(0):6.740|6.785, 21(0):15.658|15.677
4540, 225(23):5.563|5.731, 229(0):1.128|1.480, 23(0):0.528|0.641, 22(0):6.724|6.761, 22(0):15.125|15.469
4550, 227(25):5.670|6.082, 228(0):1.432|1.891, 23(0):0.606|0.773, 21(0):6.540|6.624, 21(0):15.427|15.646
4560, 223(19):5.506|6.029, 212(0):1.329|1.567, 21(0):0.580|0.585, 27(0):6.591|6.830, 26(0):17.325|17.698
4570, 221(20):5.425|5.497, 210(0):1.179|1.628, 24(0):0.586|0.613, 23(0):6.501|6.714, 21(0):15.635|16.575
4580, 213(31):5.523|5.714, 216(0):1.148|1.470, 20(0):0.568|0.590, 19(0):6.513|6.663, 20(0):16.357|16.855
4590, 209(37):5.607|6.019, 218(0):1.140|1.338, 21(0):0.526|0.610, 22(0):6.667|6.742, 23(0):16.068|16.644
4600, 227(31):5.457|5.510, 240(0):1.143|1.383, 22(0):0.580|0.614, 20(0):6.606|6.726, 22(0):15.341|16.380
4610, 217(35):5.821|6.308, 203(0):1.315|1.372, 22(0):0.659|0.798, 25(0):7.020|7.026, 18(0):15.497|15.739
4620, 221(45):6.333|8.410, 215(0):1.448|1.565, 22(0):0.556|0.658, 20(0):7.831|7.866, 25(0):17.448|17.533
4630, 214(25):5.891|6.278, 212(0):1.170|1.478, 22(0):0.736|0.823, 26(0):7.162|7.227, 24(0):16.190|17.555
4640, 230(33):5.800|6.305, 225(0):1.183|1.409, 23(0):0.594|0.885, 15(0):7.071|7.212, 20(0):16.216|16.389
4650, 221(20):5.433|6.115, 234(0):1.253|1.628, 23(0):0.519|0.619, 22(0):6.940|7.465, 19(0):16.694|17.523
4660, 241(28):5.487|6.039, 223(0):1.137|1.184, 23(0):0.620|0.644, 28(0):6.559|6.591, 25(0):15.704|16.107
4670, 210(12):5.279|5.316, 227(0):1.147|1.347, 22(0):0.576|0.582, 22(0):6.242|6.362, 25(0):15.603|15.665
4680, 229(18):5.452|5.727, 220(0):1.132|1.274, 23(0):0.453|0.524, 24(0):6.512|6.870, 23(0):15.221|15.978
4690, 240(8):5.136|5.748, 222(0):1.120|1.238, 22(0):0.497|0.626, 24(0):6.510|6.928, 24(0):15.295|15.296
4700, 213(10):5.307|5.680, 241(0):1.156|1.303, 22(0):0.565|0.568, 17(0):6.351|6.556, 22(0):15.198|16.117
4710, 220(17):5.454|5.714, 224(0):1.118|1.225, 23(0):0.552|1.566, 23(0):6.462|6.777, 22(0):14.728|15.067
4720, 223(16):5.324|8.061, 214(0):1.091|1.186, 21(0):0.511|0.517, 21(0):6.548|6.715, 21(0):14.778|15.492
4730, 216(11):5.316|5.487, 222(0):1.210|1.401, 22(0):0.497|0.608, 24(0):6.860|6.914, 21(0):15.792|16.846
4740, 225(23):5.671|5.793, 230(0):1.187|1.477, 23(0):0.526|0.557, 24(0):6.826|7.327, 20(0):15.434|15.846
4750, 223(15):5.247|5.787, 222(0):1.126|1.352, 23(0):0.514|0.556, 20(0):6.557|7.254, 25(0):15.911|17.124
4760, 221(24):5.363|5.692, 201(0):1.108|2.168, 22(0):0.559|0.675, 24(0):6.375|7.238, 23(0):15.599|15.604
4770, 228(25):5.355|5.661, 252(0):1.106|1.229, 21(0):0.518|0.549, 18(0):6.636|6.911, 19(0):16.122|16.535
4780, 208(6):5.115|5.376, 215(0):1.095|1.448, 22(0):0.486|0.634, 24(0):6.352|6.399, 19(0):15.722|17.690
4790, 222(21):5.278|5.694, 203(0):1.069|1.164, 23(0):0.609|0.637, 27(0):6.241|6.703, 28(0):16.061|16.138
4800, 243(10):5.331|5.431, 236(0):1.029|1.059, 23(0):0.563|0.768, 18(0):6.693|7.058, 21(0):14.694|15.618
4810, 228(9):5.115|5.445, 246(0):1.020|1.397, 23(0):0.541|0.588, 21(0):6.260|6.287, 20(0):14.985|16.231
4820, 222(20):5.538|6.963, 202(0):1.053|1.235, 21(0):0.498|0.687, 29(0):6.583|6.605, 29(0):15.281|15.284
4830, 219(10):5.211|5.389, 232(0):1.074|1.166, 22(0):0.526|0.569, 19(0):6.507|6.783, 18(0):15.275|15.694
4840, 223(10):5.189|5.380, 230(0):1.036|1.200, 25(0):0.509|0.520, 25(0):6.202|6.241, 23(0):14.846|15.279
4850, 230(11):5.275|5.877, 218(0):1.069|1.480, 21(0):0.474|0.545, 21(0):6.734|6.809, 23(0):14.839|15.445
4860, 230(13):5.246|5.699, 239(0):1.032|1.172, 24(0):0.488|0.566, 17(0):6.250|6.372, 24(0):14.208|14.816
4870, 232(16):5.204|5.543, 218(0):1.164|1.233, 22(0):0.530|0.582, 27(0):6.370|6.375, 23(0):14.685|14.925
4880, 230(20):5.419|5.564, 229(0):1.127|1.351, 21(0):0.564|0.615, 23(0):6.611|6.984, 19(0):15.111|16.270
4890, 225(20):5.574|5.873, 245(0):1.108|1.233, 25(0):0.586|0.682, 20(0):6.582|6.623, 26(0):15.980|16.407
4900, 216(21):5.641|6.812, 212(0):1.112|1.314, 22(0):0.542|0.559, 23(0):6.867|7.142, 27(0):16.302|17.757
4910, 220(33):5.855|6.345, 212(0):1.317|1.503, 22(0):0.671|0.728, 22(0):6.818|6.985, 18(0):16.130|16.283
4920, 204(45):6.241|7.753, 197(0):1.384|1.767, 20(0):0.535|0.543, 23(0):7.805|8.255, 22(0):16.943|17.928
4930, 231(32):5.739|6.357, 234(0):1.256|1.615, 22(0):0.767|0.831, 21(0):7.305|7.329, 19(0):16.384|16.627
4940, 212(32):5.640|6.053, 233(0):1.294|1.416, 24(0):0.667|1.079, 23(0):7.198|7.289, 21(0):17.093|17.115
4950, 242(30):5.790|5.858, 221(0):1.199|1.262, 24(0):0.631|0.767, 23(0):7.238|7.563, 26(0):16.724|18.033
4960, 233(34):5.817|7.241, 237(0):1.261|1.615, 21(0):0.492|0.581, 23(0):6.969|7.115, 22(0):15.931|16.296
4970, 218(19):5.265|5.342, 223(0):1.232|1.635, 24(0):0.502|0.639, 21(0):6.445|6.588, 22(0):14.924|15.068
4980, 219(24):5.647|6.037, 211(0):1.209|1.452, 22(0):0.563|0.581, 23(0):6.650|6.918, 23(0):15.663|15.825
4990, 233(37):5.907|7.842, 237(0):1.141|1.565, 23(0):0.601|0.685, 27(0):6.864|6.893, 26(0):15.683|15.933
5000, 230(22):5.625|6.345, 205(0):1.067|1.220, 21(0):0.484|0.504, 22(0):6.391|7.237, 22(0):16.253|17.383
5010, 220(13):5.282|5.703, 269(0):1.106|1.251, 23(0):0.653|0.698, 18(0):6.536|6.745, 18(0):15.354|16.630
5020, 228(23):5.543|5.766, 211(0):1.151|1.333, 23(0):0.587|0.683, 24(0):6.693|6.710, 20(0):16.313|17.478
5030, 225(10):5.426|5.556, 209(0):1.137|1.262, 22(0):0.516|0.639, 23(0):6.506|6.531, 29(0):15.692|15.817
5040, 226(11):5.230|5.565, 222(0):1.064|1.234, 21(0):0.466|0.597, 21(0):6.670|6.876, 21(0):14.893|15.525
5050, 209(18):5.525|5.992, 226(0):1.116|1.331, 23(0):0.521|0.526, 24(0):6.540|6.755, 23(0):15.804|16.632
5060, 220(7):5.249|5.285, 213(0):1.246|1.964, 22(0):0.483|0.534, 22(0):6.466|6.766, 21(0):14.639|14.669
5070, 219(19):5.367|5.827, 226(0):1.051|1.123, 21(0):0.471|0.491, 20(0):6.465|6.614, 19(0):14.898|15.147
5080, 212(18):5.182|5.645, 231(0):1.198|1.519, 23(0):0.471|0.485, 20(0):6.619|7.716, 24(0):15.272|16.266
5090, 237(22):5.442|5.752, 210(0):1.129|1.249, 24(0):0.517|0.546, 28(0):6.490|6.659, 21(0):14.685|14.862
5100, 231(11):5.124|5.260, 219(0):1.014|1.252, 21(0):0.577|0.600, 19(0):6.213|6.362, 24(0):14.918|16.292
5110, 227(11):5.199|5.357, 224(0):1.248|1.500, 23(0):0.559|0.608, 26(0):6.185|6.316, 24(0):14.464|16.006
5120, 224(5):5.063|5.306, 244(0):1.140|1.590, 21(0):0.763|0.847, 17(0):6.446|6.618, 20(0):14.942|15.183
5130, 210(10):5.249|5.644, 204(0):1.040|1.247, 23(0):0.459|0.461, 26(0):6.214|6.234, 26(0):15.020|15.118
5140, 216(10):5.400|5.678, 233(0):1.065|1.197, 23(0):0.552|0.597, 25(0):6.314|6.338, 21(0):14.544|14.793
5150, 239(15):5.279|8.623, 207(0):1.092|1.142, 22(0):0.573|0.733, 21(0):6.732|6.914, 22(0):15.530|15.669
5160, 212(16):5.338|5.556, 251(0):1.185|1.265, 23(0):0.483|0.571, 22(0):6.388|8.826, 21(0):14.424|14.808
5170, 227(17):5.360|5.514, 207(0):1.046|1.161, 21(0):0.466|0.518, 25(0):6.319|6.520, 24(0):14.506|14.569
5180, 229(6):5.115|5.376, 235(0):1.055|1.189, 23(0):0.470|0.549, 20(0):6.254|6.265, 21(0):15.571|16.014
5190, 232(25):5.513|5.751, 246(0):1.124|1.259, 23(0):0.488|0.577, 21(0):6.511|7.137, 21(0):15.026|15.209
5200, 224(11):5.228|6.786, 209(0):1.127|1.322, 23(0):0.451|0.459, 18(0):6.505|6.527, 26(0):15.862|16.558
5210, 205(23):5.525|5.633, 210(0):1.177|1.359, 21(0):0.477|0.630, 28(0):6.486|6.502, 19(0):15.228|16.482
5220, 210(38):6.005|6.218, 210(0):1.305|1.389, 21(0):0.593|0.629, 14(0):7.074|7.083, 17(0):16.458|16.579
5230, 205(30):5.610|7.599, 214(0):1.078|1.205, 22(0):0.495|0.573, 27(0):7.244|7.503, 27(0):15.843|15.981
5240, 237(28):5.687|5.934, 200(0):1.141|1.342, 21(0):0.574|0.895, 23(0):6.656|6.786, 22(0):15.469|15.573
5250, 221(16):5.513|5.748, 221(0):1.140|1.373, 21(0):0.519|0.602, 22(0):6.511|6.691, 19(0):15.133|16.260
5260, 221(23):5.527|5.801, 229(0):1.092|1.313, 24(0):0.535|0.659, 21(0):6.733|6.811, 28(0):15.365|15.655
5270, 219(9):5.225|5.277, 229(0):1.191|3.664, 21(0):0.510|0.592, 24(0):6.625|6.630, 17(0):14.716|15.216
5280, 210(19):5.481|5.589, 225(0):1.182|1.305, 23(0):0.609|0.760, 20(0):6.883|6.941, 23(0):16.189|16.372
5290, 234(19):5.418|5.748, 209(0):1.100|1.171, 21(0):0.550|0.850, 21(0):6.761|6.880, 22(0):15.174|15.282
5300, 212(14):5.379|6.436, 227(0):1.145|1.249, 22(0):0.550|0.572, 22(0):6.879|7.252, 24(0):15.444|16.090
5310, 231(14):5.210|5.493, 231(0):1.018|1.283, 23(0):0.500|0.523, 21(0):6.385|6.437, 22(0):14.655|15.228
5320, 241(11):5.123|5.941, 235(0):1.063|1.165, 24(0):0.551|0.606, 24(0):6.427|6.922, 24(0):14.896|15.776
5330, 226(13):5.227|5.562, 215(0):1.251|1.328, 23(0):0.535|0.536, 24(0):6.408|9.288, 21(0):15.149|16.168
5340, 226(18):5.314|5.921, 209(0):1.093|1.158, 22(0):0.551|0.553, 22(0):6.913|6.983, 25(0):15.151|15.795
5350, 222(10):5.203|5.579, 258(0):1.109|1.240, 22(0):0.477|0.479, 23(0):6.842|6.929, 21(0):14.990|15.508
5360, 212(13):5.310|5.665, 217(0):1.171|1.329, 23(0):0.512|0.591, 22(0):6.423|6.502, 22(0):15.466|15.699
5370, 209(15):5.481|5.951, 205(0):1.147|1.229, 21(0):0.516|0.543, 24(0):6.851|6.955, 23(0):15.733|15.991
5380, 243(19):5.365|5.499, 221(0):1.156|1.386, 22(0):0.517|0.537, 25(0):6.224|6.542, 21(0):14.745|15.249
5390, 215(16):5.412|5.795, 216(0):1.090|1.368, 22(0):0.576|0.594, 19(0):6.337|6.418, 22(0):15.387|15.497
5400, 243(7):5.084|5.423, 243(0):1.091|1.328, 24(0):0.538|0.614, 24(0):6.250|6.293, 24(0):15.165|15.965
5410, 235(16):5.417|8.534, 255(0):1.144|1.430, 25(0):0.491|0.582, 21(0):6.470|7.684, 20(0):15.109|15.761
5420, 236(11):5.244|5.444, 215(0):1.111|1.305, 23(0):0.462|0.526, 24(0):6.405|6.412, 26(0):15.776|16.628
5430, 232(7):5.243|7.238, 232(0):1.014|1.053, 22(0):0.449|0.476, 23(0):6.267|6.628, 25(0):14.657|15.351
5440, 229(8):5.126|5.637, 239(0):1.119|1.241, 25(0):0.507|0.729, 25(0):6.335|6.407, 22(0):14.955|15.120
5450, 229(9):5.184|5.412, 209(0):1.145|1.355, 21(0):0.589|0.591, 24(0):6.220|6.304, 25(0):13.808|13.962
5460, 217(19):5.209|5.648, 238(0):1.123|1.373, 22(0):0.445|0.543, 18(0):6.620|6.842, 20(0):14.504|15.366
5470, 215(17):5.514|5.765, 220(0):1.181|1.371, 22(0):0.504|0.542, 22(0):6.944|7.005, 20(0):14.695|15.013
5480, 233(23):5.541|6.501, 226(0):1.118|1.297, 22(0):0.496|0.501, 27(0):6.940|7.022, 24(0):15.315|15.595
5490, 242(20):5.442|6.358, 230(0):1.202|1.708, 25(0):0.683|0.795, 23(0):6.449|6.740, 24(0):14.997|15.180
5500, 210(10):5.201|5.401, 261(0):1.122|1.397, 24(0):0.574|0.642, 22(0):6.862|7.082, 23(0):14.734|15.023
5510, 214(18):5.665|5.932, 198(0):1.424|1.429, 20(0):0.545|0.738, 19(0):6.644|7.253, 19(0):15.664|17.095
5520, 220(39):6.010|6.269, 218(0):1.222|1.476, 21(0):0.706|0.750, 24(0):7.333|7.784, 26(0):16.385|17.527
5530, 229(26):5.476|5.685, 207(0):1.098|1.216, 22(0):0.495|0.529, 19(0):6.687|7.202, 16(0):16.716|17.442
5540, 225(33):5.784|6.340, 225(0):1.231|2.045, 24(0):0.695|0.748, 28(0):6.753|6.897, 28(0):16.120|16.175
5550, 222(22):5.773|5.863, 211(0):1.200|1.641, 21(0):0.489|0.501, 16(0):7.334|7.425, 19(0):17.014|17.616
5560, 217(19):5.353|5.723, 238(0):1.103|1.257, 23(0):0.572|0.589, 23(0):6.532|7.848, 23(0):15.868|16.004
5570, 202(12):5.427|5.537, 206(0):1.154|1.264, 20(0):0.502|0.535, 21(0):6.617|6.652, 20(0):15.023|15.073
5580, 221(6):5.200|5.275, 224(0):1.142|1.427, 22(0):0.523|0.541, 21(0):6.350|6.383, 21(0):15.309|15.673
5590, 224(6):5.233|5.484, 228(0):1.052|1.148, 23(0):0.463|0.470, 23(0):6.396|6.510, 27(0):15.354|15.613
5600, 225(13):5.281|5.891, 223(0):1.124|1.322, 23(0):0.438|0.496, 24(0):6.275|6.454, 21(0):14.593|14.730
5610, 223(15):5.176|5.596, 249(0):1.187|1.293, 22(0):0.550|0.582, 24(0):6.509|6.790, 20(0):15.271|15.546
5620, 245(17):5.307|5.901, 206(0):1.187|1.264, 24(0):0.573|0.666, 25(0):6.152|6.182, 26(0):15.500|15.686
5630, 241(16):5.428|7.485, 231(0):1.125|1.291, 22(0):0.803|0.889, 21(0):6.577|6.773, 24(0):15.226|15.927
5640, 214(9):5.145|5.545, 233(0):1.091|1.457, 24(0):0.477|0.560, 24(0):6.444|6.531, 22(0):14.802|15.115
5650, 236(6):5.096|5.232, 216(0):1.108|1.315, 22(0):0.471|0.532, 20(0):6.297|6.392, 22(0):15.823|15.921
5660, 229(10):5.235|5.520, 248(0):1.074|1.307, 24(0):0.542|0.939, 24(0):6.450|6.781, 22(0):15.037|15.229
5670, 219(10):5.311|6.123, 207(0):1.106|1.193, 21(0):0.483|0.538, 22(0):6.478|6.492, 26(0):14.881|14.956
5680, 221(15):5.280|5.429, 221(0):1.030|1.094, 23(0):0.510|0.519, 24(0):6.270|6.932, 22(0):14.948|15.500
5690, 232(13):5.171|5.539, 229(0):1.041|1.317, 22(0):0.583|0.654, 21(0):6.292|6.534, 20(0):15.329|15.479
5700, 223(8):5.154|5.267, 212(0):1.064|1.305, 22(0):0.501|0.583, 24(0):6.180|6.987, 23(0):14.546|14.681
5710, 223(3):4.970|5.397, 219(0):0.974|1.085, 22(0):0.437|0.532, 24(0):6.009|6.110, 25(0):14.699|15.742
5720, 211(5):5.033|5.444, 245(0):1.073|1.327, 23(0):0.432|0.446, 17(0):6.342|6.430, 19(0):14.708|14.855
5730, 230(5):5.113|5.218, 207(0):1.107|1.261, 22(0):0.640|0.719, 23(0):6.352|6.484, 23(0):14.561|14.921
5740, 224(7):5.171|5.561, 266(0):1.116|1.607, 25(0):0.531|0.643, 21(0):6.450|6.466, 22(0):14.080|14.980
5750, 216(8):5.229|5.302, 190(0):1.122|1.229, 19(0):0.506|0.519, 24(0):6.896|7.033, 26(0):15.742|15.964
5760, 232(14):5.299|5.631, 233(0):1.093|1.198, 23(0):0.506|0.531, 24(0):6.156|6.484, 19(0):15.115|15.614
5770, 237(13):5.434|5.651, 226(0):1.088|1.284, 24(0):0.590|0.649, 19(0):6.142|6.439, 22(0):15.421|16.129
5780, 213(15):5.228|5.611, 234(0):1.132|1.384, 22(0):0.661|0.676, 23(0):6.379|6.593, 22(0):15.850|15.914
5790, 232(34):5.570|5.603, 218(0):1.107|1.291, 23(0):0.508|0.561, 28(0):6.853|6.947, 25(0):15.753|16.440
5800, 221(38):5.679|5.893, 227(0):1.200|1.351, 23(0):0.523|0.535, 24(0):6.791|6.899, 22(0):15.763|16.586
5810, 226(38):6.471|16.931, 212(0):1.698|1.884, 22(0):0.620|1.881, 18(0):7.306|8.631, 21(0):16.267|16.635
5820, 205(64):7.401|7.922, 220(0):1.598|2.822, 21(0):0.676|0.715, 18(0):8.294|8.634, 21(0):18.413|19.405
5830, 218(24):5.845|6.304, 213(0):1.175|1.266, 21(0):0.540|0.571, 22(0):7.085|7.306, 22(0):15.749|17.769
5840, 221(25):5.489|6.034, 210(0):1.105|1.253, 21(0):0.429|0.437, 25(0):6.926|7.276, 24(0):15.791|16.513
5850, 234(24):5.373|5.628, 233(0):1.196|2.916, 23(0):0.715|1.078, 20(0):6.800|7.038, 19(0):16.623|16.896
5860, 211(7):5.048|8.286, 245(0):1.047|1.164, 23(0):0.479|0.694, 25(0):6.930|7.290, 20(0):15.222|15.853
5870, 247(18):5.537|5.690, 204(0):1.179|2.476, 23(0):0.474|0.550, 23(0):6.411|6.882, 26(0):15.336|15.845
5880, 227(12):5.310|5.724, 232(0):1.261|1.490, 23(0):0.532|0.546, 24(0):6.913|7.225, 23(0):15.681|17.476
5890, 220(2):4.979|5.108, 235(0):1.069|1.436, 23(0):0.528|0.874, 23(0):6.469|6.476, 24(0):14.975|15.379
5900, 196(4):5.222|5.440, 227(0):1.119|1.222, 22(0):0.446|0.451, 18(0):6.402|6.762, 25(0):14.997|15.627
5910, 239(2):4.844|5.193, 222(0):1.060|1.218, 23(0):0.426|0.510, 27(0):6.372|6.541, 19(0):14.176|14.502
5920, 226(2):4.922|5.012, 225(0):1.042|1.210, 22(0):0.496|0.554, 20(0):6.061|6.107, 18(0):14.603|14.616
5930, 219(5):5.191|5.536, 203(0):1.046|1.178, 20(0):0.471|0.483, 19(0):6.821|8.306, 29(0):14.678|15.070
5940, 232(12):5.336|5.473, 217(0):1.158|1.280, 23(0):0.476|0.494, 25(0):6.308|6.675, 21(0):16.119|16.741
5950, 215(9):5.148|5.339, 235(0):1.081|1.811, 22(0):0.533|0.699, 21(0):6.295|6.330, 20(0):14.580|14.760
5960, 210(5):5.055|5.419, 207(0):1.080|1.155, 21(0):0.443|0.529, 22(0):6.386|6.539, 23(0):15.238|15.331
5970, 220(8):5.045|5.180, 211(0):1.215|1.334, 22(0):0.482|0.676, 21(0):6.069|6.204, 22(0):15.180|15.432
5980, 231(9):5.107|5.405, 223(0):1.060|1.239, 24(0):0.497|0.537, 24(0):6.327|6.620, 21(0):14.556|14.663
5990, 228(17):5.437|5.711, 232(0):1.142|1.346, 22(0):0.434|0.559, 22(0):6.208|6.224, 24(0):15.598|15.913
6000, 218(15):5.347|5.651, 221(0):1.102|1.248, 22(0):0.597|0.618, 22(0):6.459|6.640, 20(0):15.915|15.971
6010, 221(12):5.256|5.426, 233(0):1.019|1.095, 22(0):0.470|0.520, 24(0):6.343|6.717, 25(0):14.920|15.440
6020, 217(12):5.256|5.542, 229(0):1.128|1.418, 23(0):0.522|0.557, 22(0):6.222|6.651, 22(0):15.143|15.428
error at thread_main
error at thread_main
error at thread_main
error at thread_main
error at thread_main
error at thread_main
error at thread_main
error at thread_main
error at thread_main
error at thread_main
error at thread_main
error at thread_main
error at thread_main
error at thread_main
error at thread_main
error at thread_main
error at thread_main
error at thread_main
error at thread_main
error at thread_main
error at thread_main
error at thread_main
error at thread_main
error at thread_main
error at thread_main
error at thread_main
error at thread_main
error at thread_main
error at thread_main
error at thread_main
error at thread_main
error at thread_main
error at thread_main
error at thread_main
error at thread_main
error at thread_main
error at thread_main
error at thread_main
error at thread_main
error at thread_main
error at thread_main
error at thread_main
error at thread_main
error at thread_main
error at thread_main
error at thread_main
error at thread_main
error at thread_main
error at thread_main
error at thread_main
error at thread_main
error at thread_main
error at thread_main
error at thread_main
error at thread_main
error at thread_main
error at thread_main
error at thread_main
error at thread_main
error at thread_main
error at thread_main
error at thread_main
error at thread_main
error at thread_main
error at thread_main
error at thread_main
error at thread_main
error at thread_main
error at thread_main
error at thread_main
error at thread_main
error at thread_main
error at thread_main
error at thread_main
error at thread_main
error at thread_main
error at thread_main
error at thread_main
error at thread_main
error at thread_main
error at thread_main
error at thread_main
error at thread_main
error at thread_main
error at thread_main
error at thread_main
error at thread_main
error at thread_main
error at thread_main
error at thread_main
error at thread_main
error at thread_main
error at thread_main
error at thread_main
error at thread_main
error at thread_main
error at thread_main
error at thread_main
error at thread_main
error at thread_main
error at thread_main
error at thread_main
error at thread_main
error at thread_main
error at thread_main
error at thread_main
error at thread_main
error at thread_main
error at thread_main
error at thread_main
error at thread_main
error at thread_main
error at thread_main
error at thread_main
error at thread_main
error at thread_main
error at thread_main
error at thread_main
error at thread_main
error at thread_main
error at thread_main
error at thread_main
error at thread_main
error at thread_main
error at thread_main
error at thread_main
error at thread_main
error at thread_main
error at thread_main
error at thread_main
error at thread_main
error at thread_main
error at thread_main
error at thread_main
error at thread_main
error at thread_main
error at thread_main
error at thread_main
error at thread_main
error at thread_main
error at thread_main
error at thread_main
error at thread_main
error at thread_main
error at thread_main
error at thread_main
error at thread_main
error at thread_main
error at thread_main
error at thread_main
error at thread_main
error at thread_main
error at thread_main
error at thread_main
error at thread_main
error at thread_main
error at thread_main
error at thread_main
error at thread_main
error at thread_main
error at thread_main
error at thread_main
error at thread_main
error at thread_main
error at thread_main
error at thread_main
error at thread_main
6030, 248(5):5.086|5.248, 226(0):1.067|1.172, 22(0):0.506|0.538, 22(0):6.233|6.341, 19(0):14.674|15.595
6040, 211(20):5.522|6.050, 214(0):1.185|1.214, 22(0):0.509|0.512, 23(0):6.819|6.950, 25(0):15.115|15.590
6050, 239(13):5.324|5.538, 229(0):1.064|1.207, 24(0):0.521|0.585, 21(0):6.320|6.359, 24(0):15.189|16.507
6060, 210(11):5.224|5.642, 228(0):1.165|1.326, 22(0):0.530|0.575, 24(0):6.219|6.306, 22(0):15.033|17.240
6070, 204(8):5.167|5.300, 229(0):1.073|1.292, 22(0):0.457|0.477, 24(0):6.486|6.754, 22(0):15.009|16.328
6080, 251(11):5.128|5.318, 221(0):1.231|1.352, 23(0):0.597|0.641, 21(0):6.479|6.592, 21(0):14.939|15.110
6090, 213(17):5.435|5.697, 222(0):1.159|1.214, 21(0):0.504|0.525, 24(0):6.989|7.120, 23(0):14.985|15.164
6100, 236(11):5.412|5.533, 213(0):1.050|1.123, 24(0):0.626|0.798, 18(0):6.544|6.663, 22(0):14.935|15.092
6110, 199(9):5.353|5.721, 218(0):1.197|1.332, 20(0):0.435|0.468, 23(0):6.403|6.440, 25(0):15.016|15.170
6120, 179(26):5.905|8.006, 172(0):1.324|1.523, 17(0):0.595|0.656, 17(0):6.842|7.205, 14(0):15.473|16.180
6130, 164(34):5.887|5.970, 155(0):1.196|1.205, 16(0):0.566|0.589, 18(0):7.394|7.408, 20(0):17.738|18.018
6140, 204(19):5.628|6.195, 208(0):1.209|1.394, 21(0):0.555|0.588, 20(0):7.070|7.443, 16(0):16.045|17.090
6150, 180(20):5.470|5.804, 200(0):1.085|1.147, 20(0):0.544|0.680, 16(0):6.418|6.748, 20(0):14.617|15.176
6160, 187(12):5.428|6.933, 174(0):1.098|1.141, 18(0):0.459|0.604, 19(0):6.635|6.865, 16(0):14.802|15.154
6170, 163(7):5.204|5.470, 176(0):1.162|1.504, 17(0):0.481|0.549, 17(0):6.517|6.526, 20(0):14.213|15.007
6180, 174(9):5.130|5.660, 167(0):1.212|1.346, 16(0):0.464|0.467, 17(0):6.162|6.443, 18(0):15.971|16.165
6190, 195(7):5.234|5.327, 180(0):1.211|1.279, 19(0):0.475|0.508, 19(0):6.238|6.747, 15(0):15.105|15.188
6200, 218(14):5.335|5.562, 210(0):1.169|1.230, 21(0):0.554|0.557, 21(0):6.451|6.647, 17(0):15.198|16.204
6210, 193(10):5.317|5.511, 233(0):1.079|1.156, 21(0):0.463|0.477, 20(0):6.965|7.190, 24(0):15.779|16.014
6220, 234(12):5.260|5.548, 224(0):1.047|1.523, 23(0):0.447|0.466, 25(0):6.407|6.620, 27(0):15.281|16.514
6230, 207(9):5.226|5.524, 219(0):1.101|1.251, 21(0):0.566|0.753, 19(0):6.242|6.483, 20(0):15.033|15.335
6240, 240(16):5.225|5.688, 214(0):1.217|1.364, 24(0):0.541|0.597, 26(0):6.525|6.823, 20(0):14.741|15.998
6250, 230(6):5.053|5.387, 223(0):1.126|1.699, 22(0):0.477|0.607, 21(0):6.437|6.539, 28(0):15.037|16.560
6260, 222(19):5.477|5.784, 204(0):1.033|1.151, 21(0):0.479|0.537, 23(0):6.109|6.552, 23(0):16.134|16.843
6270, 221(4):5.074|5.470, 242(0):1.065|2.054, 23(0):0.482|0.625, 20(0):6.223|6.295, 20(0):15.114|15.941
6280, 214(10):5.145|5.428, 231(0):1.121|1.745, 24(0):0.510|0.660, 26(0):5.941|6.111, 21(0):14.665|15.278
6290, 224(12):5.262|5.337, 227(0):1.087|1.241, 22(0):0.526|0.656, 21(0):6.357|6.467, 21(0):15.175|16.195
6300, 226(22):5.370|5.508, 223(0):1.048|1.120, 22(0):0.494|0.537, 23(0):7.117|7.176, 25(0):15.157|15.392
6310, 245(18):5.239|5.521, 214(0):1.138|1.878, 23(0):0.470|0.571, 25(0):6.487|6.495, 22(0):15.271|15.365
6320, 228(8):5.216|5.393, 246(0):1.084|1.176, 24(0):0.631|0.638, 22(0):6.300|6.324, 22(0):15.164|16.191
6330, 217(12):5.380|5.515, 201(0):0.996|1.166, 20(0):0.483|0.486, 22(0):6.571|6.813, 27(0):15.676|15.701
6340, 232(12):5.252|5.498, 250(0):1.084|1.309, 24(0):0.471|0.510, 22(0):6.376|6.745, 16(0):15.221|15.775
6350, 224(11):5.126|5.378, 219(0):1.144|1.406, 22(0):0.472|0.512, 20(0):6.382|6.407, 26(0):15.909|16.056
6360, 232(7):5.177|5.666, 218(0):1.030|1.180, 23(0):0.552|0.804, 24(0):6.475|6.574, 26(0):15.628|15.705
6370, 219(8):5.234|5.893, 231(0):1.115|1.212, 23(0):0.551|0.569, 26(0):6.056|6.285, 19(0):15.387|16.511
6380, 234(7):5.146|5.262, 244(0):1.069|1.271, 24(0):0.445|0.579, 22(0):6.616|6.976, 19(0):14.359|14.472
6390, 211(12):5.105|5.462, 224(0):1.114|1.169, 22(0):0.561|0.908, 20(0):6.263|6.549, 25(0):14.729|15.122
6400, 220(20):5.565|5.679, 217(0):1.076|1.315, 21(0):0.555|0.579, 23(0):6.534|6.577, 22(0):14.883|15.608
6410, 208(24):6.164|6.373, 198(0):1.657|2.247, 21(0):0.814|0.861, 21(0):6.760|7.112, 22(0):14.648|15.073
6420, 195(26):5.883|5.985, 189(0):1.216|1.664, 20(0):0.624|0.652, 20(0):6.850|6.892, 19(0):16.012|17.184
6430, 207(22):5.447|5.799, 223(0):1.170|1.300, 20(0):0.525|0.768, 23(0):6.844|7.001, 19(0):15.329|16.146
6440, 235(20):5.272|5.885, 223(0):1.262|1.794, 24(0):0.494|0.553, 18(0):6.551|6.812, 23(0):15.649|16.914
6450, 229(31):5.700|5.753, 227(0):1.182|1.519, 21(0):0.531|0.719, 23(0):7.492|8.204, 24(0):15.345|16.750
6460, 223(25):5.364|5.645, 223(0):1.177|1.234, 24(0):0.572|0.602, 25(0):6.833|7.003, 23(0):16.117|16.906
6470, 239(26):5.481|6.405, 217(0):1.195|1.258, 21(0):0.573|0.597, 24(0):6.636|6.644, 22(0):15.458|16.158
6480, 206(8):5.187|5.289, 220(0):1.090|1.269, 22(0):0.501|0.514, 22(0):7.045|7.198, 30(0):15.430|15.450
6490, 238(7):5.109|5.670, 237(0):1.166|1.381, 25(0):0.482|0.552, 26(0):6.296|6.426, 17(0):14.366|14.398
6500, 231(11):5.472|8.039, 240(0):1.051|1.096, 22(0):0.496|0.600, 19(0):6.187|6.989, 26(0):15.450|15.698
6510, 230(9):5.215|5.326, 219(0):1.098|1.162, 24(0):0.564|0.647, 26(0):6.319|6.320, 19(0):15.428|16.097
6520, 219(15):5.167|5.322, 215(0):1.200|1.272, 22(0):0.550|0.595, 19(0):6.441|6.449, 22(0):15.657|16.283
6530, 226(14):5.394|5.673, 230(0):1.100|1.260, 22(0):0.459|0.492, 21(0):6.227|6.462, 22(0):15.117|15.672
6540, 199(15):5.239|5.496, 218(0):1.171|1.451, 20(0):0.415|0.433, 21(0):6.450|6.622, 20(0):15.255|15.328
6550, 229(16):5.377|5.677, 222(0):1.119|1.549, 23(0):0.529|1.243, 21(0):6.497|6.575, 24(0):14.596|15.410
6560, 225(13):5.259|5.629, 196(0):1.157|1.257, 20(0):0.483|0.518, 23(0):6.479|6.787, 21(0):15.887|16.094
6570, 212(7):5.067|5.279, 229(0):1.108|1.137, 23(0):0.455|0.473, 21(0):6.068|6.340, 22(0):15.419|15.839
6580, 224(10):5.322|5.460, 219(0):1.165|1.235, 23(0):0.461|0.476, 25(0):6.341|6.432, 22(0):13.997|14.533
6590, 228(3):4.929|5.167, 226(0):1.125|1.389, 23(0):0.490|0.545, 22(0):6.557|6.804, 25(0):14.909|16.049
6600, 227(9):5.461|5.560, 229(0):1.068|1.129, 22(0):0.540|0.602, 27(0):6.287|6.855, 21(0):14.778|15.380
6610, 223(14):5.243|5.635, 235(0):1.250|1.464, 23(0):0.490|0.494, 17(0):6.427|6.636, 23(0):14.797|15.056
6620, 234(7):5.334|5.569, 233(0):1.118|1.238, 23(0):0.464|0.686, 22(0):6.407|6.427, 22(0):16.358|17.335
6630, 226(6):5.161|5.436, 225(0):1.054|1.293, 22(0):0.471|0.475, 25(0):6.565|6.844, 24(0):14.347|14.671
6640, 232(8):5.269|5.471, 231(0):1.044|1.170, 24(0):0.551|0.689, 25(0):6.368|6.400, 23(0):14.078|14.142
6650, 219(10):5.260|5.405, 223(0):1.131|1.331, 21(0):0.497|0.503, 20(0):6.230|6.304, 23(0):15.429|15.920
6660, 218(7):5.079|5.406, 240(0):1.091|1.746, 24(0):0.687|0.976, 21(0):6.494|6.741, 21(0):15.423|16.128
6670, 199(6):5.205|5.398, 203(0):1.152|1.271, 21(0):0.501|0.539, 26(0):6.411|6.559, 23(0):14.918|15.914
6680, 236(16):5.377|5.937, 230(0):1.132|1.191, 23(0):0.570|0.629, 16(0):6.696|6.802, 20(0):14.411|15.185
6690, 227(20):5.419|5.865, 207(0):1.023|1.100, 22(0):0.478|0.538, 24(0):6.656|7.109, 21(0):15.977|16.197
6700, 221(22):5.464|6.139, 233(0):1.152|1.708, 21(0):0.489|0.529, 21(0):6.583|7.380, 24(0):16.373|16.380
6710, 216(32):5.794|6.525, 210(0):1.377|1.746, 22(0):0.544|0.702, 20(0):6.778|6.989, 23(0):16.254|16.526
6720, 208(31):5.983|6.307, 189(0):1.254|1.508, 19(0):0.486|0.527, 23(0):7.118|7.313, 22(0):16.865|17.214
6730, 202(20):5.601|5.759, 223(0):1.166|1.664, 23(0):0.514|0.622, 22(0):6.678|6.871, 18(0):15.886|16.018
6740, 232(27):5.567|6.118, 225(0):1.184|1.442, 22(0):0.607|0.763, 23(0):7.018|7.121, 22(0):15.272|16.430
6750, 223(42):5.692|5.773, 202(0):1.199|1.256, 20(0):0.621|0.633, 23(0):6.816|7.016, 21(0):16.025|17.072
6760, 223(19):5.449|6.042, 245(0):1.244|2.699, 25(0):0.586|0.642, 18(0):6.960|7.009, 23(0):16.835|17.538
6770, 217(16):5.338|5.419, 229(0):1.152|2.677, 23(0):0.475|0.483, 27(0):6.730|6.779, 19(0):14.934|16.656
6780, 220(7):5.076|5.285, 216(0):1.076|1.320, 21(0):0.627|0.666, 21(0):6.450|6.765, 25(0):14.940|15.333
6790, 215(9):5.155|5.293, 217(0):1.130|1.283, 21(0):0.476|0.559, 24(0):6.565|6.598, 26(0):14.884|14.938
6800, 234(16):5.285|5.340, 222(0):1.114|1.301, 23(0):0.572|0.582, 22(0):6.310|6.532, 23(0):14.651|15.389
6810, 234(21):5.478|5.783, 228(0):1.088|1.176, 23(0):0.619|0.648, 22(0):6.615|6.937, 21(0):15.035|15.679
6820, 220(15):5.321|5.818, 233(0):1.112|1.318, 23(0):0.527|0.536, 23(0):6.394|6.549, 23(0):16.230|16.276
6830, 237(43):5.741|6.442, 218(0):1.254|1.403, 22(0):0.597|0.615, 22(0):6.873|6.981, 22(0):16.148|16.877
6840, 208(31):5.961|6.333, 244(0):1.271|1.554, 23(0):0.659|0.699, 23(0):6.745|6.855, 22(0):15.867|16.112
6850, 230(45):5.830|6.288, 231(0):1.181|1.406, 22(0):0.531|0.715, 21(0):6.926|7.232, 22(0):16.917|17.041
6860, 232(32):5.548|5.812, 196(0):1.346|1.439, 23(0):0.578|0.666, 26(0):7.016|7.087, 25(0):16.468|16.906
6870, 229(35):5.776|6.516, 239(0):1.208|3.691, 22(0):0.600|0.619, 23(0):7.148|7.150, 21(0):16.058|17.694
6880, 230(27):5.686|5.876, 235(0):1.208|1.305, 23(0):0.560|0.604, 19(0):6.726|6.757, 23(0):15.934|16.335
6890, 228(18):5.480|5.636, 195(0):1.230|1.747, 23(0):0.535|0.695, 25(0):6.527|7.132, 23(0):16.331|18.089
6900, 214(12):5.218|5.406, 250(0):1.183|1.997, 23(0):0.488|0.499, 20(0):6.164|6.504, 22(0):15.333|15.636
6910, 222(16):5.371|7.532, 235(0):1.054|1.098, 21(0):0.528|0.577, 22(0):6.354|6.601, 19(0):14.639|14.950
6920, 211(9):5.315|5.592, 191(0):1.197|1.610, 22(0):0.523|0.533, 26(0):6.345|6.536, 23(0):15.807|15.965
6930, 250(21):5.443|5.687, 219(0):1.094|1.190, 23(0):0.585|0.602, 21(0):6.284|6.614, 23(0):15.797|15.852
6940, 197(16):5.509|5.740, 229(0):1.115|1.251, 22(0):0.523|0.531, 21(0):6.663|7.033, 22(0):14.986|15.387
6950, 229(34):5.727|6.119, 223(0):1.159|1.241, 21(0):0.535|0.582, 20(0):6.598|6.770, 21(0):15.758|16.105
6960, 208(20):5.498|5.917, 222(0):1.108|1.235, 23(0):0.534|0.730, 25(0):6.595|6.827, 23(0):16.793|17.672
6970, 216(13):5.313|5.626, 219(0):1.079|1.325, 20(0):0.510|0.602, 19(0):6.808|6.833, 23(0):15.528|16.397
6980, 213(10):5.145|5.809, 200(0):1.050|1.095, 21(0):0.482|0.563, 21(0):6.137|6.347, 21(0):14.359|14.672
6990, 215(14):5.503|5.618, 206(0):1.183|1.326, 22(0):0.642|0.709, 22(0):6.542|6.553, 22(0):14.918|15.253
7000, 195(1):4.808|5.004, 228(0):1.005|1.194, 22(0):0.473|0.588, 21(0):6.187|6.332, 22(0):14.138|14.759
7010, 212(11):5.266|5.840, 195(0):1.161|1.292, 18(0):0.645|0.693, 19(0):6.299|6.457, 18(0):14.909|15.271
7020, 198(22):5.621|6.007, 200(0):1.190|1.234, 21(0):0.566|0.746, 19(0):6.646|6.858, 20(0):15.371|15.613
7030, 208(5):5.096|5.566, 223(0):1.071|1.137, 22(0):0.460|0.464, 21(0):6.487|6.530, 19(0):16.173|16.277
7040, 203(17):5.420|5.682, 189(0):1.203|1.284, 19(0):0.542|0.572, 19(0):6.598|6.726, 27(0):15.362|15.621
7050, 219(10):5.117|5.343, 217(0):1.117|1.227, 22(0):0.554|0.626, 24(0):6.780|6.802, 17(0):14.675|15.228
7060, 215(15):5.312|5.527, 210(0):1.144|1.657, 21(0):0.474|0.499, 22(0):6.291|6.485, 21(0):15.600|15.678
7070, 214(10):5.246|5.677, 218(0):1.123|1.259, 22(0):0.525|0.619, 23(0):6.303|6.338, 23(0):14.997|15.899
7080, 216(12):5.232|5.749, 217(0):1.186|1.887, 22(0):0.478|0.541, 22(0):6.550|6.617, 23(0):15.508|15.515
7090, 208(16):5.366|5.545, 202(0):1.166|1.216, 19(0):0.532|0.676, 23(0):6.598|6.613, 18(0):15.108|15.846
7100, 213(10):5.318|5.598, 199(0):1.133|1.392, 23(0):0.491|0.951, 18(0):6.206|6.665, 23(0):15.232|15.715
7110, 205(11):5.228|5.394, 222(0):1.176|1.346, 19(0):0.528|0.663, 16(0):6.635|6.642, 17(0):15.179|16.049
7120, 214(12):5.303|5.774, 198(0):1.159|1.302, 21(0):0.442|0.474, 24(0):6.643|6.767, 24(0):14.883|15.055
7130, 225(11):5.230|5.704, 214(0):1.124|1.194, 22(0):0.504|0.528, 23(0):6.760|6.793, 19(0):13.715|13.962
7140, 203(9):5.196|5.570, 227(0):1.088|1.257, 22(0):0.516|0.697, 18(0):6.485|6.554, 21(0):14.684|15.415
7150, 223(9):5.214|5.474, 217(0):1.079|1.138, 24(0):0.549|0.570, 26(0):6.270|6.373, 21(0):14.434|15.978
7160, 203(6):5.251|5.501, 224(0):1.105|1.355, 19(0):0.573|0.709, 19(0):6.808|7.199, 24(0):14.459|14.847
7170, 212(11):5.200|6.193, 205(0):1.064|1.126, 22(0):0.492|0.644, 23(0):6.743|6.807, 23(0):15.550|16.362
7180, 227(11):5.182|5.489, 217(0):1.141|1.249, 22(0):0.466|0.694, 23(0):6.452|6.471, 17(0):14.774|15.225
7190, 206(4):5.118|5.344, 215(0):1.063|1.214, 20(0):0.686|0.841, 15(0):6.254|6.486, 23(0):14.829|15.037
7200, 217(4):5.031|5.086, 220(0):1.092|1.516, 24(0):0.510|0.526, 26(0):6.407|7.002, 25(0):15.053|15.140

STOPPING THREADS.........................................................................................................................................................................................................................................

<Raw Results>
  [0] sc:146177  lt:13874  rt:0  fl:0 
  [1] sc:160062  lt:1  rt:0  fl:0 
  [2] sc:16007  lt:0  rt:0  fl:0 
  [3] sc:16005  lt:0  rt:0  fl:0 
  [4] sc:16007  lt:0  rt:0  fl:0 
 in 7200 sec.

<Raw Results2(sum ver.)>
  [0] sc:146177  lt:13874  rt:0  fl:0 
  [1] sc:160062  lt:1  rt:0  fl:0 
  [2] sc:16007  lt:0  rt:0  fl:0 
  [3] sc:16005  lt:0  rt:0  fl:0 
  [4] sc:16007  lt:0  rt:0  fl:0 

<Constraint Check> (all must be [OK])
 [transaction percentage]
        Payment: 43.48% (>=43.0%) [OK]
   Order-Status: 4.35% (>= 4.0%) [OK]
       Delivery: 4.35% (>= 4.0%) [OK]
    Stock-Level: 4.35% (>= 4.0%) [OK]
 [response time (at least 90% passed)]
      New-Order: 91.33%  [OK]
        Payment: 100.00%  [OK]
   Order-Status: 100.00%  [OK]
       Delivery: 100.00%  [OK]
    Stock-Level: 100.00%  [OK]

<TpmC>
                 1333.758 TpmC
Start: 2013-08-04 14:03:15 - Finish: 2013-08-04 16:23:19
AVG Idle CPU: 0.00
AVG Commit: 83.69
