***************************************
*** ###easy### TPC-C Load Generator ***
***************************************
option h with value '192.241.149.101'
option d with value 'tpcc'
option u with value 'root'
option p with value 'password'
option w with value '50'
option c with value '500'
option r with value '1200'
option l with value '7200'
<Parameters>
     [server]: 192.241.149.101
     [port]: 3306
     [DBname]: tpcc
       [user]: root
       [pass]: password
  [warehouse]: 50
 [connection]: 500
     [rampup]: 1200 (sec.)
    [measure]: 7200 (sec.)

RAMP-UP TIME.(1200 sec.)

MEASURING START.

  10, 424(3):4.944|9.009, 390(0):1.059|4.300, 41(0):0.605|1.381, 40(0):6.575|9.739, 42(0):15.551|22.569
  20, 526(2):4.719|5.248, 508(0):1.051|1.169, 51(0):0.499|0.654, 43(0):5.748|5.817, 51(0):12.530|12.801
  30, 562(4):4.884|5.617, 526(0):1.010|1.400, 55(0):0.487|0.585, 67(0):5.713|5.971, 51(0):11.819|11.836
  40, 524(2):4.755|5.669, 529(0):1.019|1.252, 54(0):0.564|0.694, 55(0):5.858|5.973, 57(0):12.407|12.712
  50, 499(1):4.898|9.176, 521(0):0.995|1.263, 50(0):0.470|0.492, 53(0):5.608|7.248, 45(0):11.960|13.005
  60, 617(58):5.728|7.569, 621(0):1.289|1.563, 60(0):0.680|0.901, 57(0):6.659|7.943, 65(0):14.883|15.737
  70, 562(3):4.845|5.449, 566(0):1.044|1.147, 57(0):0.628|0.695, 54(0):5.827|6.382, 58(0):12.632|12.801
  80, 533(1):4.536|5.682, 512(0):0.949|1.182, 51(0):0.509|0.569, 52(0):5.566|6.140, 50(0):12.341|12.965
  90, 427(0):4.570|4.812, 435(0):0.958|1.162, 45(0):0.573|0.586, 47(0):5.459|5.539, 47(0):12.152|12.568
 100, 407(2):4.592|10.621, 407(0):0.892|1.051, 40(0):0.445|0.481, 36(0):5.467|5.474, 34(0):10.985|11.396
 110, 354(1):4.584|5.241, 344(0):0.948|3.491, 36(0):0.445|0.455, 35(0):5.337|5.378, 41(0):11.436|11.874
 120, 552(2):4.641|5.623, 577(0):0.995|1.149, 55(0):0.520|0.527, 52(0):5.551|5.841, 54(0):12.226|12.523
 130, 470(0):4.464|4.629, 540(0):1.001|1.104, 48(0):0.464|0.489, 58(0):5.415|5.476, 50(0):11.645|11.746
 140, 526(0):4.432|4.734, 522(0):0.965|1.141, 52(0):0.449|0.460, 48(0):5.284|5.333, 51(0):11.779|11.863
 150, 398(1):4.533|5.268, 335(0):0.991|3.541, 41(0):0.404|0.483, 44(0):5.302|5.347, 40(0):11.966|13.224
 160, 547(0):4.539|4.798, 570(0):0.957|1.266, 54(0):0.467|0.478, 45(0):5.294|5.354, 50(0):11.822|12.519
 170, 503(0):4.380|4.903, 498(0):0.897|1.002, 52(0):0.440|0.448, 55(0):5.373|5.469, 55(0):11.693|12.812
 180, 410(1):4.522|5.827, 437(0):0.988|1.266, 41(0):0.425|0.530, 43(0):5.337|5.373, 39(0):12.193|13.998
 190, 519(1):4.582|5.162, 462(0):1.049|1.148, 51(0):0.518|0.551, 43(0):5.706|5.756, 55(0):12.203|12.607
 200, 445(0):4.599|4.961, 437(0):0.959|1.555, 43(0):0.506|0.575, 46(0):5.645|5.938, 44(0):13.153|13.364
 210, 467(0):4.495|4.684, 515(0):0.903|1.024, 48(0):0.385|0.418, 42(0):5.538|5.732, 41(0):12.032|12.221
 220, 470(1):4.369|5.351, 429(0):0.973|1.270, 47(0):0.455|0.499, 54(0):5.512|5.601, 52(0):12.102|12.931
 230, 554(1):4.749|5.244, 555(0):1.043|1.170, 54(0):0.586|1.436, 65(0):5.636|5.846, 53(0):12.650|13.296
 240, 524(6):4.966|5.432, 542(0):1.024|1.490, 53(0):0.527|0.655, 45(0):5.873|6.605, 54(0):13.123|14.730
 250, 449(0):4.634|4.809, 467(0):0.961|1.458, 47(0):0.460|0.476, 53(0):5.651|5.847, 48(0):12.721|14.394
 260, 520(2):4.441|5.278, 530(0):0.930|1.090, 51(0):0.459|0.506, 40(0):5.639|5.704, 51(0):11.441|12.753
 270, 442(0):4.620|4.964, 442(0):0.986|1.242, 46(0):0.526|0.661, 46(0):5.505|5.553, 44(0):13.340|13.763
 280, 559(0):4.499|4.778, 526(0):0.929|0.989, 55(0):0.539|0.595, 57(0):5.400|5.804, 53(0):11.838|12.211
 290, 518(1):4.486|6.138, 532(0):0.918|1.190, 52(0):0.391|0.431, 52(0):5.309|5.667, 54(0):11.817|12.270
 300, 462(0):4.586|4.879, 425(0):1.116|1.424, 44(0):0.417|0.655, 59(0):5.071|5.078, 45(0):13.452|13.996
 310, 439(3):4.558|5.522, 484(0):0.963|1.541, 46(0):0.461|0.494, 36(0):5.695|5.964, 43(0):12.179|12.873
 320, 497(5):4.966|5.279, 494(0):1.013|1.396, 50(0):0.546|0.551, 56(0):5.618|5.667, 45(0):12.678|13.208
 330, 574(4):4.877|5.733, 543(0):1.033|1.144, 54(0):0.460|0.580, 42(0):5.609|5.659, 62(0):11.881|12.645
 340, 470(0):4.470|4.719, 517(0):0.947|1.159, 51(0):0.462|0.480, 58(0):5.415|5.793, 47(0):11.814|13.271
 350, 525(5):4.884|5.904, 491(0):1.166|1.307, 51(0):0.508|0.532, 45(0):6.115|6.346, 52(0):13.892|14.527
 360, 419(17):5.532|6.051, 421(0):1.411|1.580, 41(0):0.513|0.524, 36(0):6.082|6.127, 39(0):15.782|16.181
 370, 497(23):5.515|6.422, 506(0):1.144|1.489, 50(0):0.544|0.614, 57(0):6.467|7.008, 52(0):13.743|13.858
 380, 487(5):4.925|5.888, 527(0):0.898|1.064, 49(0):0.468|0.710, 45(0):5.983|6.085, 52(0):12.331|12.833
 390, 519(0):4.685|4.959, 484(0):0.970|1.067, 52(0):0.468|0.571, 54(0):5.365|5.552, 51(0):12.379|12.869
 400, 576(0):4.558|4.880, 550(0):0.927|1.255, 58(0):0.462|0.484, 65(0):5.277|5.729, 59(0):13.329|13.367
 410, 502(1):4.423|5.504, 459(0):0.905|1.015, 46(0):0.467|0.507, 50(0):5.389|5.520, 47(0):11.138|12.299
 420, 503(0):4.362|4.581, 558(0):0.908|1.081, 55(0):0.445|0.448, 46(0):5.053|5.262, 51(0):14.112|14.497
 430, 594(1):4.316|6.737, 593(0):0.880|1.399, 59(0):0.484|0.532, 55(0):5.115|5.130, 62(0):11.164|11.286
 440, 626(0):4.274|4.404, 635(0):0.921|1.005, 60(0):0.431|0.459, 59(0):5.211|5.253, 59(0):11.291|11.474
 450, 518(1):4.454|5.041, 496(0):0.943|1.042, 53(0):0.440|0.544, 69(0):5.359|5.366, 50(0):14.167|14.789
 460, 564(0):4.263|4.736, 558(0):0.923|0.994, 55(0):0.436|0.624, 43(0):5.153|5.249, 58(0):11.475|11.491
 470, 534(0):4.344|4.884, 575(0):0.980|1.245, 56(0):0.469|0.695, 50(0):5.347|6.575, 50(0):11.127|12.947
 480, 610(1):4.704|5.648, 578(0):0.960|1.188, 59(0):0.529|0.552, 67(0):5.604|5.663, 66(0):12.940|13.132
 490, 505(0):4.557|4.964, 524(0):0.934|1.177, 53(0):0.453|0.531, 50(0):5.857|5.920, 52(0):11.621|12.330
 500, 472(0):4.328|4.871, 438(0):0.902|1.534, 45(0):0.415|0.462, 47(0):5.555|8.087, 47(0):10.676|12.402
 510, 577(1):4.429|5.094, 619(0):0.979|3.954, 59(0):0.436|0.666, 58(0):5.147|5.172, 54(0):12.510|13.309
 520, 505(0):4.448|4.672, 493(0):0.942|1.250, 51(0):0.487|0.490, 52(0):5.412|5.454, 49(0):11.903|12.517
 530, 527(1):4.244|6.262, 543(0):0.916|1.003, 53(0):0.398|0.443, 44(0):5.250|5.262, 60(0):11.500|13.052
 540, 483(2):4.539|5.053, 449(0):0.931|1.003, 47(0):0.457|0.528, 54(0):5.332|5.377, 41(0):12.296|12.808
 550, 538(2):4.707|5.082, 522(0):1.010|1.295, 51(0):0.499|0.578, 48(0):5.821|5.995, 57(0):12.357|13.364
 560, 525(0):4.590|4.873, 542(0):1.085|3.522, 55(0):0.483|0.489, 60(0):5.527|6.093, 50(0):12.546|13.305
 570, 545(1):4.714|5.025, 540(0):0.964|1.107, 54(0):0.470|0.518, 53(0):5.380|5.381, 58(0):13.531|14.297
 580, 500(0):4.565|4.782, 517(0):1.009|1.152, 52(0):0.408|0.460, 53(0):5.382|5.635, 49(0):12.054|12.348
 590, 492(0):4.424|4.644, 501(0):0.955|2.065, 48(0):0.476|0.479, 47(0):5.380|5.511, 52(0):12.599|12.776
 600, 581(0):4.583|4.964, 552(0):1.016|1.663, 58(0):0.440|0.458, 57(0):5.838|5.988, 57(0):15.306|15.666
 610, 579(0):4.504|4.666, 535(0):0.943|1.135, 55(0):0.467|0.477, 56(0):5.282|5.290, 54(0):11.967|12.649
 620, 413(1):4.394|6.697, 459(0):0.922|1.067, 43(0):0.476|0.516, 48(0):5.425|5.664, 46(0):11.428|11.797
 630, 535(0):4.328|4.744, 565(0):0.910|1.216, 54(0):0.510|0.554, 50(0):5.117|5.305, 47(0):11.814|11.879
 640, 463(0):4.520|4.709, 428(0):0.938|1.000, 46(0):0.542|0.594, 42(0):5.383|5.740, 46(0):12.367|12.590
 650, 485(0):4.503|4.777, 507(0):0.976|1.340, 49(0):0.437|0.467, 51(0):5.446|5.733, 49(0):13.000|13.833
 660, 443(33):5.673|6.270, 447(0):1.141|1.248, 45(0):0.631|3.005, 42(0):6.304|6.748, 51(0):13.837|14.365
 670, 619(62):5.744|6.004, 646(0):1.208|3.815, 64(0):1.291|1.483, 62(0):6.914|7.079, 62(0):17.075|17.640
 680, 452(4):4.842|5.662, 392(0):1.183|1.561, 42(0):0.563|0.583, 45(0):5.651|5.852, 44(0):12.130|12.286
 690, 466(1):4.791|5.057, 503(0):0.974|1.151, 48(0):0.451|0.473, 53(0):6.077|8.510, 47(0):12.082|14.497
 700, 481(1):4.725|5.314, 469(0):1.113|1.529, 47(0):0.492|0.557, 50(0):5.629|6.074, 47(0):12.259|14.065
 710, 463(2):4.831|6.687, 465(0):1.074|1.555, 47(0):0.490|0.541, 47(0):5.527|5.565, 44(0):12.543|14.246
 720, 524(0):4.658|4.934, 492(0):1.100|1.194, 51(0):0.544|0.574, 45(0):5.475|5.527, 49(0):13.354|14.153
 730, 470(1):4.674|5.381, 510(0):1.035|2.399, 49(0):0.481|0.593, 46(0):5.559|5.695, 51(0):13.136|13.176
 740, 525(1):4.620|5.246, 554(0):0.955|1.100, 54(0):0.411|0.434, 59(0):5.476|5.571, 53(0):13.017|13.179
 750, 505(2):4.653|5.184, 427(0):0.975|1.204, 47(0):0.515|0.565, 44(0):5.323|5.345, 52(0):12.239|12.585
 760, 482(0):4.468|4.878, 519(0):0.979|2.293, 50(0):0.489|0.507, 59(0):5.401|5.647, 50(0):12.271|12.383
 770, 521(1):4.712|5.156, 520(0):0.961|1.200, 50(0):0.507|0.540, 37(0):5.416|5.718, 48(0):11.370|11.619
 780, 536(1):4.571|5.072, 543(0):0.942|1.055, 55(0):0.566|0.585, 59(0):5.566|5.625, 54(0):12.191|12.352
 790, 529(0):4.742|4.948, 550(0):1.009|1.372, 52(0):0.478|0.618, 47(0):5.584|5.612, 53(0):12.873|13.647
 800, 515(4):4.924|5.164, 484(0):1.075|1.199, 53(0):0.424|0.430, 59(0):5.571|5.573, 53(0):14.180|15.450
 810, 532(2):4.877|5.069, 528(0):1.015|1.144, 50(0):0.511|0.713, 54(0):6.018|7.273, 53(0):12.293|12.591
 820, 486(1):4.699|5.093, 453(0):0.933|1.066, 49(0):0.455|0.492, 44(0):5.492|5.753, 44(0):12.098|13.495
 830, 515(0):4.666|4.968, 572(0):0.996|1.501, 53(0):0.509|0.518, 59(0):5.844|6.006, 55(0):12.113|13.827
 840, 600(2):4.694|5.227, 582(0):0.922|1.459, 60(0):0.503|0.651, 55(0):5.500|5.591, 57(0):12.252|12.459
 850, 533(0):4.609|4.767, 527(0):0.994|1.080, 53(0):0.493|0.576, 58(0):5.359|5.445, 57(0):11.931|12.675
 860, 552(0):4.671|4.918, 526(0):0.948|1.042, 55(0):0.561|0.605, 56(0):5.439|5.477, 56(0):12.082|12.440
 870, 515(0):4.643|4.921, 568(0):1.035|1.343, 54(0):0.460|0.793, 43(0):5.600|5.676, 48(0):14.548|15.240
 880, 460(0):4.421|4.709, 453(0):0.997|1.144, 46(0):0.467|0.511, 53(0):5.602|5.697, 45(0):12.314|12.636
 890, 509(0):4.701|4.887, 505(0):0.945|1.073, 50(0):0.444|0.447, 52(0):5.533|5.591, 53(0):12.424|12.843
 900, 417(4):4.853|7.048, 417(0):1.026|1.124, 43(0):0.444|0.721, 40(0):5.508|5.797, 43(0):12.717|13.079
 910, 492(3):4.945|5.164, 512(0):1.049|1.433, 49(0):0.613|0.633, 50(0):5.874|6.050, 48(0):13.047|13.261
 920, 471(10):5.234|7.548, 474(0):1.136|1.353, 47(0):0.568|0.694, 51(0):5.710|5.714, 44(0):14.565|14.731
 930, 511(29):5.328|5.584, 488(0):1.186|1.641, 47(0):0.590|0.778, 46(0):6.391|8.472, 55(0):14.927|15.040
 940, 553(6):4.974|6.787, 553(0):1.036|1.244, 58(0):0.476|0.478, 56(0):5.875|6.127, 56(0):13.925|13.977
 950, 548(1):4.808|5.204, 521(0):1.076|1.365, 53(0):0.505|0.720, 44(0):5.495|5.500, 55(0):12.437|12.670
 960, 522(29):5.517|7.127, 496(0):1.348|3.893, 51(0):0.708|0.803, 65(0):6.140|7.258, 50(0):13.868|14.005
 970, 599(34):5.643|6.664, 651(0):1.266|2.158, 63(0):0.573|0.755, 54(0):6.865|6.927, 64(0):17.178|17.474
 980, 443(17):5.329|7.526, 429(0):1.083|3.728, 43(0):0.716|0.748, 50(0):6.357|6.373, 43(0):13.868|15.168
 990, 448(0):4.521|4.648, 456(0):0.924|1.025, 46(0):0.425|0.438, 39(0):5.398|5.489, 46(0):11.842|12.262
1000, 570(1):4.542|5.064, 592(0):0.952|1.098, 58(0):0.516|0.559, 58(0):5.388|5.552, 53(0):12.026|12.050
1010, 522(4):4.926|7.614, 507(0):0.923|1.459, 50(0):0.447|0.866, 44(0):5.699|5.727, 54(0):12.816|13.168
1020, 459(0):4.519|4.754, 492(0):1.028|1.293, 48(0):0.639|0.737, 56(0):5.921|6.457, 47(0):12.672|12.678
1030, 478(2):4.784|5.602, 445(0):0.960|1.455, 46(0):0.510|0.550, 51(0):6.084|7.126, 48(0):11.213|11.875
1040, 466(0):4.501|4.731, 442(0):0.879|0.953, 47(0):0.483|0.525, 43(0):5.343|5.450, 47(0):11.921|11.968
1050, 480(0):4.622|4.991, 512(0):0.904|1.417, 50(0):0.451|0.475, 43(0):5.683|8.971, 49(0):12.747|12.857
1060, 517(1):4.490|5.058, 540(0):0.940|1.132, 53(0):0.504|0.507, 61(0):5.342|5.481, 54(0):12.040|12.606
1070, 484(2):4.661|5.079, 432(0):1.027|1.433, 45(0):0.505|0.538, 43(0):5.547|5.592, 41(0):11.893|13.090
1080, 485(0):4.464|4.710, 476(0):1.003|1.331, 48(0):0.428|0.556, 48(0):5.181|5.368, 52(0):11.842|11.862
1090, 497(8):5.060|5.386, 513(0):1.026|1.195, 50(0):0.458|0.469, 49(0):5.687|5.889, 44(0):13.311|14.539
1100, 435(0):4.514|4.660, 463(0):0.949|1.128, 44(0):0.469|0.529, 46(0):5.622|5.639, 46(0):12.126|12.182
1110, 534(3):4.741|5.365, 516(0):0.977|1.031, 53(0):0.537|0.784, 52(0):5.549|5.553, 57(0):12.922|13.436
1120, 515(9):5.048|6.555, 539(0):1.053|1.414, 52(0):0.652|0.671, 49(0):5.888|6.077, 51(0):14.588|15.072
1130, 527(3):4.787|5.307, 509(0):0.984|1.486, 54(0):0.456|0.476, 60(0):5.713|5.778, 55(0):12.115|12.242
1140, 482(4):4.975|5.522, 478(0):1.149|1.501, 47(0):0.490|0.786, 40(0):5.988|6.248, 44(0):12.964|13.003
1150, 542(2):4.799|5.056, 507(0):1.205|1.508, 54(0):0.507|0.515, 59(0):5.667|5.676, 54(0):16.183|16.321
1160, 480(12):5.126|5.609, 505(0):1.185|1.466, 49(0):0.449|0.600, 48(0):6.175|6.457, 48(0):12.776|15.448
1170, 637(0):4.633|4.931, 661(0):1.083|2.679, 64(0):0.539|0.552, 61(0):5.294|5.606, 66(0):12.731|13.001
1180, 553(0):4.595|4.814, 526(0):1.009|1.538, 54(0):0.501|0.523, 54(0):5.556|5.569, 53(0):11.720|12.890
1190, 505(1):4.566|5.148, 476(0):0.987|1.170, 50(0):0.500|0.581, 60(0):5.395|5.844, 53(0):11.739|12.065
1200, 677(0):4.429|4.762, 705(0):0.965|1.641, 67(0):0.471|0.492, 64(0):5.126|5.267, 65(0):11.588|11.708
1210, 499(1):4.581|7.172, 526(0):0.947|1.103, 53(0):0.489|0.544, 46(0):5.573|5.716, 55(0):11.874|11.921
1220, 580(1):4.408|5.003, 619(0):0.884|1.297, 58(0):0.551|0.701, 64(0):5.146|5.158, 52(0):11.374|11.496
1230, 659(0):4.573|4.909, 582(0):1.092|1.369, 63(0):0.552|0.621, 53(0):5.370|5.922, 69(0):12.297|12.362
1240, 497(5):4.902|5.300, 519(0):1.176|1.620, 52(0):0.483|0.520, 62(0):5.925|5.991, 51(0):14.056|15.405
1250, 543(2):4.649|5.062, 535(0):1.006|1.068, 53(0):0.498|0.632, 47(0):5.960|6.730, 50(0):12.402|12.423
1260, 424(10):5.243|6.114, 429(0):1.108|1.397, 40(0):0.537|0.634, 44(0):5.882|6.119, 41(0):14.161|16.321
1270, 589(8):5.018|6.030, 625(0):1.062|2.358, 62(0):0.494|0.549, 60(0):5.671|6.161, 64(0):13.244|14.786
1280, 517(1):4.726|5.056, 504(0):0.974|1.231, 52(0):0.518|0.547, 56(0):5.722|5.779, 53(0):12.786|12.801
1290, 556(0):4.453|4.789, 550(0):0.935|1.673, 56(0):0.503|0.697, 45(0):5.283|5.610, 56(0):12.630|12.722
1300, 521(0):4.367|4.702, 510(0):0.943|1.436, 51(0):0.423|0.429, 61(0):5.270|5.474, 47(0):12.064|13.287
1310, 535(2):4.503|6.338, 513(0):0.966|1.321, 51(0):0.458|0.477, 45(0):5.427|5.437, 54(0):13.066|13.072
1320, 485(0):4.561|4.850, 507(0):0.988|1.690, 52(0):0.518|0.629, 50(0):5.406|5.946, 50(0):12.569|13.091
1330, 513(0):4.427|4.708, 504(0):0.935|1.284, 51(0):0.464|0.495, 61(0):5.560|5.593, 51(0):11.829|12.144
1340, 486(0):4.472|4.888, 477(0):0.926|1.068, 47(0):0.459|0.477, 39(0):5.374|5.382, 47(0):11.577|11.984
1350, 523(0):4.246|4.557, 530(0):0.905|2.074, 53(0):0.512|0.550, 54(0):5.238|5.334, 54(0):11.287|11.523
1360, 581(0):4.496|4.961, 579(0):0.913|3.940, 59(0):0.463|0.468, 55(0):5.294|5.486, 60(0):11.895|12.057
1370, 448(1):4.431|5.014, 447(0):0.963|1.127, 45(0):0.505|0.660, 55(0):5.258|5.355, 45(0):12.584|13.762
1380, 473(1):4.606|5.025, 494(0):0.935|1.083, 46(0):0.415|0.450, 49(0):5.679|5.929, 48(0):11.103|11.183
1390, 467(0):4.623|4.857, 530(0):0.958|1.078, 48(0):0.442|0.487, 41(0):5.248|5.320, 45(0):11.682|11.878
1400, 582(2):4.748|6.248, 529(0):0.975|1.450, 59(0):0.505|0.657, 53(0):5.604|5.996, 60(0):12.724|12.831
1410, 533(0):4.520|4.775, 522(0):0.875|0.998, 52(0):0.432|0.447, 60(0):5.454|5.477, 46(0):11.498|11.757
1420, 495(1):4.353|5.139, 470(0):0.945|1.253, 49(0):0.458|0.499, 49(0):5.626|5.641, 50(0):12.192|13.254
1430, 559(1):4.613|5.351, 589(0):0.983|1.307, 56(0):0.488|0.507, 59(0):5.626|5.670, 58(0):11.957|12.017
1440, 463(0):4.707|4.852, 455(0):0.968|1.902, 47(0):0.471|0.525, 41(0):5.511|5.616, 49(0):12.512|13.587
1450, 510(5):4.959|6.261, 489(0):1.013|1.463, 50(0):0.493|0.500, 44(0):6.085|6.161, 52(0):13.146|14.774
1460, 522(4):4.927|5.606, 522(0):1.000|1.344, 53(0):0.503|0.505, 67(0):5.751|5.851, 52(0):13.257|13.518
1470, 512(1):4.366|6.648, 570(0):0.939|1.258, 53(0):0.458|0.547, 40(0):5.267|5.403, 47(0):11.313|11.360
1480, 609(1):4.217|5.779, 545(0):0.855|1.360, 56(0):0.505|0.559, 68(0):5.366|5.369, 58(0):12.353|13.245
1490, 535(0):4.325|4.620, 566(0):0.915|1.027, 57(0):0.410|0.459, 50(0):5.253|5.983, 56(0):11.905|12.067
1500, 417(0):4.406|4.750, 390(0):0.965|1.304, 41(0):0.473|0.601, 48(0):5.257|6.217, 45(0):11.597|11.919
1510, 595(0):4.229|4.865, 620(0):0.894|1.002, 58(0):0.510|0.977, 50(0):5.092|5.098, 60(0):12.352|12.836
1520, 512(0):4.284|4.531, 491(0):0.870|1.045, 52(0):0.432|0.435, 53(0):5.170|5.253, 47(0):11.238|11.359
1530, 411(0):4.444|4.666, 398(0):0.883|0.951, 41(0):0.397|0.400, 50(0):5.271|5.364, 43(0):11.552|12.837
1540, 517(6):4.970|6.699, 555(0):0.976|1.307, 54(0):0.479|0.551, 44(0):5.533|5.565, 52(0):12.586|14.381
1550, 453(3):4.953|5.469, 422(0):1.006|1.343, 42(0):0.547|0.710, 48(0):5.608|5.618, 48(0):12.805|12.962
1560, 561(26):5.539|6.794, 601(1):1.217|5.373, 59(0):0.602|0.707, 54(0):6.677|6.701, 50(0):15.386|16.400
1570, 625(15):5.375|8.485, 605(0):1.133|1.556, 61(0):0.610|0.635, 69(0):6.964|7.095, 66(0):17.253|18.291
1580, 460(2):4.769|5.155, 488(0):0.940|1.095, 46(0):0.473|0.504, 40(0):5.777|6.301, 47(0):13.386|13.973
1590, 488(5):4.982|6.059, 465(0):1.114|1.430, 49(0):0.564|0.746, 53(0):5.768|6.025, 46(0):12.830|13.040
1600, 455(1):4.915|5.164, 473(0):0.992|1.197, 46(0):0.586|0.676, 49(0):6.024|6.289, 48(0):12.683|13.043
1610, 507(8):5.144|5.497, 483(0):1.093|1.813, 50(0):0.513|0.649, 38(0):5.779|5.839, 53(0):12.900|13.102
1620, 422(0):4.623|4.755, 419(0):1.035|2.532, 43(0):0.474|0.476, 48(0):6.106|6.245, 36(0):13.099|13.491
1630, 486(2):4.828|6.095, 476(0):1.009|1.139, 48(0):0.502|0.505, 45(0):5.785|5.787, 54(0):12.202|12.367
1640, 446(1):4.581|5.196, 441(0):0.932|1.093, 44(0):0.434|0.434, 47(0):5.464|8.775, 45(0):12.486|12.985
1650, 495(0):4.461|4.728, 500(0):0.955|1.446, 50(0):0.615|0.668, 41(0):5.306|5.365, 48(0):11.258|11.535
1660, 512(7):5.008|5.301, 572(0):1.086|1.337, 52(0):0.559|0.569, 65(0):5.592|5.628, 50(0):11.716|12.022
1670, 472(4):4.949|5.186, 410(0):0.969|1.119, 47(0):0.418|0.420, 40(0):5.867|6.334, 51(0):12.084|12.228
1680, 476(0):4.551|4.813, 536(0):0.901|1.442, 49(0):0.477|0.509, 62(0):5.325|5.348, 48(0):12.465|12.638
1690, 492(2):4.623|5.564, 470(0):0.993|1.693, 48(0):0.465|0.591, 43(0):5.387|5.458, 44(0):11.913|12.321
1700, 579(0):4.716|4.880, 599(0):0.932|1.160, 59(0):0.571|0.702, 58(0):5.447|5.554, 58(0):11.910|12.078
1710, 408(1):4.550|6.565, 381(0):0.962|1.458, 38(0):0.466|0.468, 31(0):5.529|5.643, 42(0):12.297|12.327
1720, 490(0):4.441|4.992, 481(0):1.007|1.320, 51(0):0.407|0.421, 51(0):5.358|5.596, 52(0):13.093|14.315
1730, 556(1):4.587|5.561, 558(0):0.917|1.322, 56(0):0.546|0.582, 52(0):5.623|5.787, 57(0):11.680|13.114
1740, 464(0):4.580|4.970, 457(0):0.917|1.042, 46(0):0.480|0.481, 55(0):5.512|5.630, 43(0):12.838|14.064
1750, 603(5):4.823|6.543, 630(0):1.016|1.177, 61(0):0.497|0.949, 53(0):5.904|5.931, 57(0):13.075|13.290
1760, 547(7):5.038|5.461, 511(0):1.039|1.266, 53(0):0.782|1.040, 57(0):5.591|5.630, 56(0):12.642|12.745
1770, 442(0):4.476|4.878, 454(0):0.961|1.108, 44(0):0.420|0.479, 52(0):5.445|5.465, 43(0):11.944|12.141
1780, 543(0):4.565|4.713, 526(0):0.950|1.210, 54(0):0.438|0.515, 45(0):5.448|5.555, 58(0):13.305|13.327
1790, 456(0):4.512|4.999, 433(0):0.942|1.033, 44(0):0.488|0.499, 49(0):5.408|5.542, 41(0):12.312|13.235
1800, 456(0):4.558|4.925, 482(0):0.927|1.211, 46(0):0.493|0.518, 48(0):5.744|5.869, 53(0):12.197|12.630
1810, 398(1):4.635|5.148, 381(0):0.967|1.103, 40(0):0.553|0.595, 35(0):5.493|5.568, 30(0):12.838|12.991
1820, 470(0):4.721|4.952, 544(0):0.987|1.333, 50(0):0.473|0.569, 54(0):5.514|5.862, 56(0):12.928|13.083
1830, 625(2):4.689|5.691, 578(0):0.987|1.109, 61(0):0.557|0.764, 66(0):5.282|5.441, 56(0):12.484|13.738
1840, 479(1):4.600|5.009, 457(0):0.962|1.187, 48(0):0.437|0.529, 36(0):5.336|5.434, 51(0):12.248|12.450
1850, 512(4):4.943|5.400, 525(0):1.015|1.162, 51(0):0.535|0.622, 56(0):5.697|8.813, 49(0):13.013|14.346
1860, 463(37):5.568|6.991, 489(1):1.210|5.647, 47(0):0.580|0.644, 49(0):6.525|6.534, 51(0):15.836|16.115
1870, 640(18):5.259|7.005, 621(0):1.287|2.325, 65(0):0.815|0.989, 75(0):6.089|6.117, 61(0):14.267|15.785
1880, 556(19):5.334|6.422, 570(0):1.107|1.422, 55(0):0.570|0.779, 42(0):6.403|6.674, 60(0):13.792|14.694
1890, 529(6):4.954|5.160, 534(0):1.073|1.428, 52(0):0.477|0.480, 47(0):5.798|6.108, 50(0):15.499|17.824
1900, 519(1):4.571|6.649, 495(0):1.016|1.276, 52(0):0.457|0.464, 49(0):5.399|5.622, 53(0):12.096|12.835
1910, 468(0):4.735|4.943, 499(0):0.975|1.102, 48(0):0.476|0.558, 50(0):5.611|6.542, 48(0):11.929|12.259
1920, 420(0):4.751|4.975, 398(0):0.955|1.044, 42(0):0.468|0.592, 48(0):5.216|5.434, 42(0):12.578|12.675
1930, 558(1):4.702|7.884, 565(0):1.006|4.654, 55(0):0.442|0.537, 54(0):5.544|5.894, 52(0):12.715|13.955
1940, 534(0):4.509|4.703, 486(0):0.927|1.130, 52(0):0.444|0.456, 57(0):5.199|5.302, 56(0):12.048|12.143
1950, 543(0):4.400|4.920, 579(0):0.908|1.193, 55(0):0.465|0.535, 56(0):5.420|5.590, 53(0):11.894|12.099
1960, 631(0):4.333|4.902, 598(0):0.900|1.035, 62(0):0.454|0.629, 58(0):5.179|5.337, 62(0):11.223|11.339
1970, 524(0):4.425|4.626, 575(0):0.975|1.170, 55(0):0.487|0.573, 58(0):5.161|5.225, 50(0):12.248|14.647
1980, 526(0):4.564|4.846, 499(0):1.050|1.155, 50(0):0.454|0.567, 48(0):5.361|5.610, 52(0):13.367|13.484
1990, 491(3):4.876|5.293, 469(0):1.012|1.220, 49(0):0.504|0.773, 46(0):5.447|5.500, 47(0):14.218|15.980
2000, 537(0):4.534|4.790, 621(0):0.963|1.343, 55(0):0.464|0.498, 57(0):5.639|5.667, 59(0):12.390|12.593
2010, 527(0):4.386|4.618, 486(0):0.966|1.434, 53(0):0.472|0.527, 54(0):5.140|5.164, 53(0):11.880|11.891
2020, 507(1):4.462|5.505, 502(0):0.981|1.258, 50(0):0.431|0.538, 52(0):5.348|5.427, 54(0):11.955|12.771
2030, 477(0):4.683|4.972, 459(0):1.016|1.147, 47(0):0.413|0.481, 47(0):5.574|5.786, 45(0):11.936|12.367
2040, 491(0):4.710|4.903, 506(0):0.960|1.188, 51(0):0.617|0.710, 36(0):5.673|5.772, 48(0):11.654|11.809
2050, 535(2):4.761|5.908, 526(0):1.009|1.157, 53(0):0.516|0.828, 61(0):5.958|6.173, 53(0):11.830|13.660
2060, 504(0):4.390|4.519, 510(0):0.934|1.082, 50(0):0.501|0.540, 56(0):5.399|5.401, 55(0):11.998|12.535
2070, 512(0):4.570|4.913, 536(0):1.002|1.127, 52(0):0.446|0.522, 49(0):5.545|5.628, 46(0):12.168|12.174
2080, 325(0):4.443|4.521, 338(0):0.934|0.990, 35(0):0.541|0.558, 36(0):5.283|5.402, 39(0):11.772|11.852
2090, 533(0):4.497|4.649, 527(0):0.931|1.027, 50(0):0.461|0.484, 53(0):5.310|5.551, 49(0):12.028|12.892
2100, 444(2):4.846|5.971, 464(0):1.063|1.277, 47(0):0.545|0.696, 35(0):5.494|5.663, 44(0):12.467|13.584
2110, 548(0):4.656|4.820, 502(0):0.925|1.316, 52(0):0.608|0.623, 45(0):5.863|6.026, 57(0):12.032|12.364
2120, 453(0):4.499|4.922, 423(0):0.940|1.297, 45(0):0.515|0.529, 61(0):5.463|5.490, 45(0):14.072|14.549
2130, 572(1):4.726|5.115, 602(0):0.979|1.302, 58(0):0.435|0.451, 61(0):5.501|5.557, 59(0):12.046|12.870
2140, 545(4):4.737|5.426, 522(0):0.920|1.486, 53(0):0.470|0.574, 51(0):5.986|6.359, 48(0):12.467|13.194
2150, 420(2):4.899|5.443, 481(0):1.029|1.230, 47(0):0.465|0.466, 46(0):5.880|6.427, 50(0):13.650|14.033
2160, 421(42):6.254|6.450, 358(1):1.247|5.356, 38(0):0.564|0.593, 39(0):6.627|6.650, 38(0):16.676|18.712
2170, 571(47):5.955|10.189, 624(0):1.331|2.409, 60(0):0.557|0.619, 57(0):7.059|7.173, 55(0):15.816|16.426
2180, 529(14):5.139|5.637, 505(0):1.076|1.572, 50(0):0.553|0.564, 49(0):5.860|5.868, 56(0):13.332|13.372
2190, 553(4):4.942|5.255, 591(0):0.989|1.128, 56(0):0.610|0.674, 55(0):6.129|6.257, 53(0):13.089|13.524
2200, 506(3):4.797|6.575, 469(0):1.076|1.578, 50(0):0.432|0.488, 56(0):5.841|5.952, 51(0):12.978|14.740
2210, 452(1):4.696|5.002, 452(0):0.997|1.464, 46(0):0.467|0.588, 44(0):5.755|5.776, 48(0):12.494|12.665
2220, 593(2):4.677|7.838, 621(0):0.988|1.387, 58(0):0.494|0.503, 53(0):5.950|6.207, 56(0):12.271|12.312
2230, 503(0):4.552|4.878, 520(0):0.952|1.128, 53(0):0.458|0.463, 52(0):5.602|5.690, 51(0):12.813|13.042
2240, 327(3):4.792|5.216, 305(0):0.954|1.177, 31(0):0.482|0.558, 40(0):5.514|5.533, 32(0):11.868|11.968
2250, 544(4):4.700|5.321, 511(0):1.038|1.280, 55(0):0.432|0.441, 49(0):5.388|5.426, 55(0):12.005|12.042
2260, 506(1):4.553|5.081, 500(0):0.934|1.104, 49(0):0.486|0.487, 53(0):5.514|5.775, 48(0):12.220|12.730
2270, 452(1):4.467|5.131, 463(0):0.907|1.502, 45(0):0.540|0.629, 41(0):5.251|5.333, 46(0):11.510|12.057
2280, 535(0):4.666|4.866, 533(0):0.956|1.122, 55(0):0.455|0.509, 53(0):5.571|5.594, 54(0):12.130|12.810
2290, 446(1):4.863|5.242, 431(0):1.010|1.398, 44(0):0.543|0.580, 49(0):5.436|5.657, 43(0):11.861|12.656
2300, 515(0):4.690|4.982, 545(0):0.920|0.976, 53(0):0.507|0.526, 51(0):5.752|5.856, 54(0):12.311|12.593
2310, 598(1):4.576|5.112, 548(0):1.007|1.616, 57(0):0.428|0.431, 61(0):5.528|5.601, 60(0):12.415|13.110
2320, 526(0):4.481|4.780, 527(0):1.005|1.275, 53(0):0.457|0.458, 54(0):5.490|5.706, 48(0):12.790|13.271
2330, 508(1):4.481|5.333, 502(0):0.946|1.333, 50(0):0.438|0.469, 44(0):5.449|5.548, 53(0):11.838|11.986
2340, 367(1):4.842|5.198, 396(0):0.954|1.479, 39(0):0.536|0.826, 38(0):5.647|5.846, 42(0):13.093|13.627
2350, 499(12):5.136|8.454, 506(0):1.096|1.787, 51(0):0.525|0.546, 74(0):5.806|5.917, 51(0):14.307|14.500
2360, 517(0):4.524|4.844, 485(0):0.922|1.068, 50(0):0.539|0.560, 32(0):5.172|5.388, 49(0):11.917|13.301
2370, 496(1):4.659|5.155, 529(0):0.889|0.965, 50(0):0.482|0.543, 51(0):5.227|5.382, 47(0):11.635|12.731
2380, 474(1):4.585|6.675, 476(0):0.952|1.031, 48(0):0.479|0.486, 45(0):5.907|6.525, 45(0):12.790|13.068
2390, 498(0):4.623|4.907, 478(0):0.975|1.212, 49(0):0.443|0.593, 46(0):5.442|5.488, 50(0):12.931|14.789
2400, 515(1):4.595|5.339, 538(0):1.058|1.314, 51(0):0.500|0.610, 51(0):5.674|5.796, 57(0):12.720|12.998
2410, 470(1):4.718|5.079, 477(0):1.017|1.399, 49(0):0.486|0.500, 50(0):5.665|5.854, 43(0):13.276|13.818
2420, 523(6):4.976|7.729, 477(0):1.061|1.606, 50(0):0.515|0.535, 52(0):5.797|5.810, 55(0):13.509|13.600
2430, 366(1):4.785|5.434, 435(0):0.974|1.257, 39(0):0.427|0.528, 27(0):5.908|6.479, 39(0):11.863|13.508
2440, 493(2):4.767|5.235, 472(0):0.968|1.362, 48(0):0.454|0.492, 65(0):5.500|5.561, 46(0):11.898|13.713
2450, 556(1):4.683|5.093, 551(0):1.143|1.794, 56(0):0.560|0.567, 50(0):5.604|5.709, 57(0):13.431|13.856
2460, 495(46):5.918|6.216, 480(0):1.440|2.823, 49(0):0.837|0.978, 51(0):7.141|7.872, 51(2):19.999|20.759
2470, 577(22):5.242|5.703, 603(0):1.192|1.437, 57(0):0.595|0.703, 54(0):6.771|6.901, 56(0):12.863|13.146
2480, 568(1):4.644|5.636, 556(0):0.950|1.266, 57(0):0.474|0.475, 54(0):5.477|5.494, 56(0):12.053|12.158
2490, 487(2):4.825|5.054, 509(0):0.963|1.264, 51(0):0.536|0.659, 51(0):5.725|5.779, 52(0):12.357|13.220
2500, 496(1):4.671|7.363, 468(0):1.036|1.837, 49(0):0.521|0.525, 61(0):5.579|5.738, 50(0):11.825|11.988
2510, 407(0):4.690|4.936, 418(0):0.931|1.111, 41(0):0.442|0.449, 32(0):5.468|5.694, 40(0):12.090|12.291
2520, 553(0):4.718|4.961, 538(0):0.983|1.403, 53(0):0.473|0.490, 55(0):5.622|5.685, 54(0):11.835|11.937
2530, 501(1):4.466|5.030, 479(0):0.965|1.142, 49(0):0.567|0.664, 44(0):5.377|5.551, 45(0):11.552|12.550
2540, 470(0):4.634|4.958, 513(0):0.946|1.173, 51(0):0.463|0.692, 67(0):5.445|5.461, 50(0):12.051|12.441
2550, 566(1):4.580|5.030, 564(0):0.953|1.037, 56(0):0.481|0.487, 43(0):5.096|5.154, 60(0):11.820|12.247
2560, 508(1):4.581|5.047, 516(0):0.925|1.205, 51(0):0.479|0.480, 47(0):5.376|5.718, 50(0):11.790|11.849
2570, 499(0):4.527|4.807, 473(0):0.962|1.196, 49(0):0.517|0.582, 57(0):5.533|5.563, 50(0):13.193|13.375
2580, 537(0):4.578|4.720, 522(0):0.961|1.100, 51(0):0.484|0.490, 54(0):5.436|5.699, 49(0):12.660|12.933
2590, 576(1):4.663|5.330, 580(0):1.023|1.681, 59(0):0.465|0.468, 53(0):5.365|5.451, 61(0):12.041|12.358
2600, 475(0):4.504|4.905, 491(0):0.959|1.310, 47(0):0.461|0.465, 52(0):5.807|6.148, 46(0):11.590|12.056
2610, 401(0):4.601|4.841, 397(0):1.027|1.266, 41(0):0.442|0.605, 35(0):5.702|5.782, 36(0):13.150|13.549
2620, 503(0):4.610|4.814, 550(0):1.029|1.204, 51(0):0.433|0.468, 47(0):5.320|5.648, 55(0):12.288|12.305
2630, 508(2):4.553|5.147, 480(0):1.114|3.470, 51(0):0.459|0.462, 58(0):5.517|5.585, 46(0):13.076|13.226
2640, 542(0):4.522|4.749, 527(0):0.988|4.084, 52(0):0.446|0.487, 51(0):5.276|5.314, 59(0):12.696|12.851
2650, 494(1):4.724|5.618, 514(0):1.001|1.534, 51(0):0.489|0.518, 46(0):5.701|5.863, 49(0):12.927|17.141
2660, 518(0):4.482|4.830, 523(0):1.025|1.170, 53(0):0.524|0.581, 54(0):5.834|5.842, 55(0):11.648|11.908
2670, 301(0):4.530|4.701, 274(0):0.928|0.975, 28(0):0.413|0.519, 33(0):5.141|5.275, 29(0):12.665|13.174
2680, 453(0):4.667|4.904, 487(0):0.948|1.072, 48(0):0.437|0.532, 45(0):5.589|5.691, 48(0):12.431|12.811
2690, 481(0):4.556|4.858, 467(0):0.945|1.065, 45(0):0.439|0.462, 46(0):5.642|5.687, 44(0):11.414|11.628
2700, 578(0):4.505|4.814, 548(0):0.969|1.161, 59(0):0.465|0.516, 61(0):5.495|5.514, 55(0):12.705|12.913
2710, 567(2):4.758|5.228, 584(0):1.041|1.203, 57(0):0.480|0.501, 55(0):5.904|6.370, 55(0):12.759|13.141
2720, 539(1):4.541|5.004, 495(0):0.942|1.108, 53(0):0.442|0.494, 53(0):5.086|5.308, 59(0):12.492|12.781
2730, 465(2):4.690|5.142, 506(0):1.016|1.241, 46(0):0.597|0.631, 51(0):5.629|6.083, 43(0):11.819|12.449
2740, 349(0):4.646|4.989, 381(0):0.959|1.924, 38(0):0.494|0.629, 33(0):5.627|5.831, 38(0):14.415|15.060
2750, 514(1):4.507|5.138, 487(0):0.953|1.141, 50(0):0.419|0.440, 54(0):5.950|6.144, 48(0):12.703|12.856
2760, 495(29):5.765|6.259, 487(0):1.225|1.717, 49(0):0.707|0.815, 48(0):6.433|6.558, 54(0):17.992|18.425
2770, 494(14):5.509|6.121, 495(0):1.146|1.877, 49(0):0.532|0.594, 45(0):6.424|7.617, 44(0):14.866|15.813
2780, 497(22):5.309|6.809, 517(0):1.167|1.332, 50(0):0.554|0.577, 57(0):6.233|6.330, 56(0):14.498|16.599
2790, 489(4):4.961|5.375, 467(0):0.976|1.161, 49(0):0.496|0.644, 45(0):5.672|5.702, 44(0):11.812|12.077
2800, 535(2):4.625|5.747, 536(0):0.974|1.100, 52(0):0.437|0.691, 61(0):5.594|5.632, 53(0):12.978|12.995
2810, 470(0):4.459|4.653, 466(0):0.923|1.151, 48(0):0.461|0.503, 37(0):5.198|5.334, 50(0):11.457|12.387
2820, 515(1):4.597|6.606, 509(0):0.998|1.328, 51(0):0.501|0.702, 57(0):5.456|5.813, 48(0):11.608|11.830
2830, 458(0):4.721|4.805, 472(0):0.996|1.293, 45(0):0.419|0.565, 48(0):5.391|5.691, 44(0):12.502|12.992
2840, 524(1):4.591|5.006, 518(0):1.003|1.457, 55(0):0.455|0.555, 60(0):5.481|6.442, 56(0):11.455|11.574
2850, 449(0):4.471|4.732, 422(0):0.949|1.150, 42(0):0.467|0.676, 40(0):5.601|5.732, 46(0):12.085|12.350
2860, 512(0):4.717|4.823, 565(0):0.949|1.100, 53(0):0.497|0.500, 33(0):5.173|5.396, 53(0):12.703|12.989
2870, 388(3):4.969|6.476, 342(0):0.983|1.096, 37(0):0.464|0.511, 55(0):5.377|5.522, 36(0):13.013|13.364
2880, 490(3):4.770|6.133, 503(0):0.983|1.123, 51(0):0.485|0.509, 43(0):5.420|5.426, 49(0):12.081|12.496
2890, 555(0):4.495|4.811, 584(0):0.961|1.482, 56(0):0.456|0.555, 60(0):5.527|5.556, 55(0):12.552|12.668
2900, 517(0):4.439|4.611, 521(0):0.950|1.728, 51(0):0.440|0.467, 44(0):5.128|5.299, 52(0):11.726|11.890
2910, 494(0):4.638|4.882, 476(0):0.972|1.266, 50(0):0.459|0.472, 51(0):5.187|5.237, 48(0):11.328|12.094
2920, 515(0):4.494|4.779, 511(0):0.889|0.983, 49(0):0.414|0.446, 54(0):5.303|6.473, 54(0):11.618|12.092
2930, 446(0):4.497|4.711, 473(0):0.936|2.220, 47(0):0.422|0.426, 60(0):5.524|5.579, 47(0):11.308|11.731
2940, 497(0):4.428|4.806, 455(0):0.920|1.063, 48(0):0.473|0.527, 29(0):5.456|5.631, 48(0):12.931|13.266
2950, 424(0):4.629|4.788, 450(0):0.971|3.674, 45(0):0.477|0.620, 49(0):5.659|5.690, 45(0):11.749|12.187
2960, 448(1):4.431|5.003, 448(0):0.957|1.316, 44(0):0.450|0.489, 40(0):5.555|5.834, 37(0):13.494|14.811
2970, 447(0):4.537|4.730, 437(0):0.896|0.985, 43(0):0.463|0.466, 51(0):5.325|5.612, 50(0):12.730|13.502
2980, 419(0):4.495|4.730, 456(0):0.953|1.303, 44(0):0.444|0.469, 36(0):5.689|5.746, 40(0):11.311|11.925
2990, 462(0):4.563|4.922, 416(0):0.887|1.015, 45(0):0.462|0.605, 48(0):5.280|5.493, 44(0):12.312|12.428
3000, 505(0):4.524|4.817, 531(0):0.928|1.226, 52(0):0.491|0.767, 50(0):5.299|5.490, 50(0):11.883|12.043
3010, 476(1):4.854|5.000, 443(0):0.951|1.096, 45(0):0.395|0.422, 44(0):5.520|5.540, 49(0):12.501|12.973
3020, 491(0):4.653|4.856, 505(0):0.984|1.463, 51(0):0.520|0.829, 50(0):5.744|5.914, 50(0):12.047|12.532
3030, 516(1):4.586|8.369, 515(0):0.995|1.722, 52(0):0.469|0.533, 52(0):5.488|5.736, 57(0):12.668|13.694
3040, 471(0):4.581|4.898, 444(0):0.947|1.458, 43(0):0.409|0.445, 51(0):5.383|5.491, 42(0):12.770|12.994
3050, 472(3):4.835|5.499, 476(0):1.046|1.161, 49(0):0.532|0.554, 46(0):5.645|6.027, 46(0):13.162|13.306
3060, 504(25):5.366|6.105, 512(0):1.204|2.660, 52(0):0.575|0.595, 52(0):6.297|6.604, 51(0):14.654|14.936
3070, 506(18):5.384|7.279, 527(0):1.251|1.912, 49(0):0.567|0.773, 48(0):6.261|6.557, 51(0):13.412|15.704
3080, 469(2):4.875|5.219, 435(0):1.002|1.340, 48(0):0.528|0.674, 49(0):5.902|5.935, 46(0):12.621|13.003
3090, 421(0):4.596|4.959, 500(0):0.999|1.133, 42(0):0.466|0.481, 44(0):5.682|5.966, 47(0):15.341|15.551
3100, 468(2):4.545|5.031, 417(0):0.970|1.572, 45(0):0.441|0.477, 44(0):5.438|5.647, 45(0):11.957|12.944
3110, 457(1):4.573|5.148, 492(0):0.955|1.131, 50(0):0.419|0.457, 48(0):5.397|5.435, 50(0):13.133|13.402
3120, 515(0):4.502|4.786, 485(0):0.960|1.032, 50(0):0.476|0.495, 53(0):5.399|5.420, 44(0):12.870|13.033
3130, 572(1):4.612|5.006, 544(0):0.996|1.445, 54(0):0.460|0.490, 46(0):5.353|6.272, 61(0):11.841|12.482
3140, 492(1):4.730|5.331, 556(0):0.971|1.141, 53(0):0.473|0.509, 56(0):5.466|6.411, 49(0):11.556|12.029
3150, 560(1):4.622|5.038, 563(0):0.916|0.993, 55(0):0.420|0.427, 50(0):5.526|5.844, 55(0):12.991|13.130
3160, 666(1):4.457|5.077, 589(0):1.007|1.213, 66(0):0.552|0.578, 78(0):5.239|5.351, 69(0):11.983|12.016
3170, 621(0):4.475|4.842, 648(0):0.940|1.264, 63(0):0.438|0.557, 52(0):5.501|5.540, 61(0):11.964|12.325
3180, 724(0):4.413|4.769, 758(0):1.021|1.381, 71(0):0.568|0.669, 79(0):5.750|5.770, 70(0):11.846|12.170
3190, 670(0):4.606|4.773, 641(0):0.951|1.337, 66(0):0.468|0.516, 66(0):5.284|5.558, 69(0):12.074|12.192
3200, 532(1):4.549|5.303, 495(0):1.008|1.332, 54(0):0.446|0.510, 52(0):5.449|5.529, 46(0):11.824|12.082
3210, 525(1):4.541|6.963, 561(0):0.898|1.020, 55(0):0.531|0.544, 56(0):5.393|5.598, 62(0):12.903|13.636
3220, 480(0):4.445|4.819, 437(0):0.955|1.193, 45(0):0.437|0.506, 58(0):5.289|5.389, 43(0):12.016|12.966
3230, 453(1):4.662|5.118, 488(0):0.970|1.221, 47(0):0.415|0.447, 31(0):5.034|5.102, 50(0):12.146|12.316
3240, 417(2):4.505|5.263, 427(0):0.905|1.139, 42(0):0.435|0.526, 49(0):5.406|5.438, 36(0):12.103|13.015
3250, 475(1):4.708|5.002, 471(0):0.957|2.199, 47(0):0.492|0.511, 43(0):5.566|5.706, 54(0):12.278|12.736
3260, 513(0):4.478|4.961, 522(0):0.944|1.603, 51(0):0.449|0.730, 42(0):5.305|5.410, 48(0):11.982|12.035
3270, 420(0):4.567|4.960, 411(0):1.001|1.315, 41(0):0.599|0.892, 51(0):5.412|5.451, 43(0):11.947|12.778
3280, 481(0):4.504|4.870, 509(0):0.901|1.853, 48(0):0.501|0.594, 56(0):5.454|5.815, 49(0):11.178|11.219
3290, 427(1):4.524|6.140, 400(0):1.014|1.352, 45(0):0.414|0.448, 36(0):5.208|6.275, 44(0):12.737|13.508
3300, 588(0):4.482|4.629, 598(0):0.972|1.340, 58(0):0.410|0.416, 59(0):5.408|5.661, 53(0):11.855|11.891
3310, 495(0):4.591|4.912, 513(0):0.981|1.169, 50(0):0.480|0.497, 44(0):5.554|5.591, 56(0):13.490|13.530
3320, 544(1):4.475|5.715, 511(0):0.922|1.146, 53(0):0.553|0.553, 65(0):5.273|5.303, 51(0):12.051|12.423
3330, 382(2):4.851|5.102, 396(0):0.990|1.113, 40(0):0.502|0.531, 27(0):5.514|5.987, 38(0):13.435|14.324
3340, 494(2):4.884|5.059, 519(0):0.954|1.187, 48(0):0.428|0.448, 55(0):5.777|5.946, 47(0):12.090|12.704
3350, 522(0):4.544|4.729, 497(0):0.999|1.511, 53(0):0.635|0.637, 48(0):5.499|5.610, 50(0):12.762|12.899
3360, 524(84):8.361|11.078, 551(0):1.825|3.703, 54(0):0.975|1.228, 51(0):7.075|8.909, 60(14):19.999|30.484
3370, 649(45):6.447|8.535, 663(0):1.140|2.454, 66(0):0.441|0.624, 65(0):7.591|9.375, 67(0):14.722|16.717
3380, 528(1):4.464|5.863, 468(0):0.966|1.124, 49(0):0.406|0.570, 53(0):5.227|5.242, 43(0):11.980|12.367
3390, 446(0):4.374|4.747, 413(0):0.941|1.197, 43(0):0.464|0.476, 46(0):5.442|5.652, 47(0):12.220|12.656
3400, 443(1):4.609|5.867, 490(0):0.927|1.302, 47(0):0.460|0.461, 45(0):5.225|6.637, 49(0):12.041|12.287
3410, 466(1):4.169|6.220, 484(0):0.898|1.048, 48(0):0.467|0.514, 47(0):5.253|5.293, 44(0):10.941|11.554
3420, 529(0):4.193|4.651, 486(0):0.949|1.162, 49(0):0.384|0.447, 48(0):4.857|4.888, 50(0):10.822|11.572
3430, 427(0):4.070|4.435, 450(0):0.853|1.185, 45(0):0.392|0.459, 55(0):5.029|5.169, 43(0):9.990|10.096
3440, 533(0):4.083|4.550, 536(0):0.897|1.010, 53(0):0.428|0.512, 49(0):4.906|4.920, 58(0):10.831|10.859
3450, 546(0):4.133|4.480, 489(0):0.875|1.204, 52(0):0.457|0.484, 46(0):5.280|5.351, 50(0):11.176|11.311
3460, 491(0):4.087|4.304, 560(0):0.874|0.960, 52(0):0.450|0.467, 53(0):5.132|5.155, 50(0):11.063|11.495
3470, 479(0):4.225|4.671, 518(0):0.888|1.056, 49(0):0.483|0.742, 48(0):5.008|5.015, 53(0):11.897|13.100
3480, 547(1):4.570|5.144, 477(0):0.990|1.935, 52(0):0.455|0.669, 58(0):5.252|5.332, 47(0):11.910|12.128
3490, 550(3):4.753|5.176, 553(0):1.034|1.387, 57(0):0.633|0.697, 55(0):5.552|5.619, 57(0):11.789|11.867
3500, 458(1):4.513|5.017, 478(0):0.964|1.248, 44(0):0.527|0.578, 43(0):5.422|5.822, 47(0):11.562|12.617
3510, 478(0):4.461|4.838, 467(0):0.926|1.283, 48(0):0.422|0.494, 50(0):5.494|5.612, 46(0):11.432|11.783
3520, 484(1):4.356|5.160, 463(0):1.048|1.251, 49(0):0.483|0.498, 58(0):5.200|5.331, 50(0):11.567|12.395
3530, 428(0):4.449|4.695, 468(0):1.012|1.171, 44(0):0.474|0.497, 35(0):5.164|5.272, 41(0):12.565|13.877
3540, 508(2):4.623|6.310, 473(0):1.027|1.126, 49(0):0.486|0.522, 48(0):5.659|6.861, 52(0):12.195|12.252
3550, 561(2):4.565|5.821, 586(0):0.910|1.202, 56(0):0.731|0.853, 51(0):5.531|5.949, 57(0):12.802|12.928
3560, 523(0):4.482|4.695, 525(0):0.912|1.040, 55(0):0.401|0.460, 64(0):5.377|5.405, 50(0):12.354|13.678
3570, 552(0):4.453|4.834, 580(0):0.904|1.045, 53(0):0.483|0.556, 48(0):5.423|5.500, 60(0):11.462|12.405
3580, 497(0):4.407|4.518, 475(0):0.938|1.167, 51(0):0.502|0.547, 52(0):5.272|5.347, 45(0):11.527|11.638
3590, 486(0):4.592|4.784, 483(0):0.954|1.226, 48(0):0.447|0.451, 43(0):5.401|5.445, 54(0):11.829|12.725
3600, 542(0):4.647|4.875, 519(0):0.922|1.045, 52(0):0.443|0.691, 61(0):5.387|5.516, 50(0):11.988|12.135
3610, 488(0):4.530|4.719, 467(0):0.920|0.946, 49(0):0.421|0.563, 49(0):5.355|5.718, 49(0):12.608|12.910
3620, 432(1):4.780|5.495, 501(0):0.990|1.105, 46(0):0.480|0.523, 44(0):5.738|5.828, 44(0):12.315|12.809
3630, 444(1):4.720|5.044, 382(0):1.150|1.358, 43(0):0.489|0.491, 55(0):6.864|7.057, 43(0):12.259|12.931
3640, 450(1):4.797|5.028, 465(0):0.989|1.297, 46(0):0.478|0.518, 28(0):5.529|5.854, 49(0):12.136|13.631
3650, 565(17):5.373|6.078, 562(0):1.161|1.342, 55(0):0.657|0.756, 60(0):5.775|5.855, 51(1):19.105|20.538
3660, 439(9):5.125|8.651, 433(0):1.148|2.297, 45(0):0.664|0.711, 54(0):6.210|6.272, 49(0):16.151|16.267
3670, 642(3):4.892|5.848, 626(0):1.095|1.566, 63(0):0.468|0.878, 46(0):5.751|5.881, 62(0):13.160|13.340
3680, 444(1):4.704|5.122, 503(0):1.005|1.097, 47(0):0.495|0.602, 52(0):5.529|5.690, 43(0):11.400|11.836
3690, 490(2):4.682|5.530, 456(0):1.054|1.615, 47(0):0.601|0.669, 44(0):5.716|5.885, 53(0):11.994|12.545
3700, 482(4):4.863|7.997, 480(0):1.000|2.419, 48(0):0.410|0.526, 49(0):5.563|5.871, 47(0):12.547|12.607
3710, 440(0):4.689|4.972, 417(0):1.005|1.310, 43(0):0.526|0.609, 51(0):5.499|5.646, 45(0):11.809|12.134
3720, 473(4):4.981|5.462, 507(0):1.032|1.440, 47(0):0.564|0.658, 46(0):5.721|5.789, 42(0):12.969|13.918
3730, 451(2):4.625|5.570, 430(0):0.930|1.036, 47(0):0.513|0.529, 44(0):5.376|5.436, 49(0):12.040|12.796
3740, 469(0):4.578|4.827, 484(0):0.975|1.501, 47(0):0.463|0.502, 54(0):5.452|5.483, 45(0):11.432|11.749
3750, 461(0):4.739|4.974, 497(0):0.989|1.351, 48(0):0.453|0.640, 50(0):5.369|5.476, 47(0):11.947|12.460
3760, 492(1):4.475|5.006, 443(0):0.896|0.977, 47(0):0.409|0.426, 37(0):5.232|5.433, 49(0):11.998|12.519
3770, 417(0):4.472|4.676, 465(0):0.935|1.705, 44(0):0.416|0.419, 44(0):5.207|5.402, 41(0):12.310|12.982
3780, 497(0):4.626|4.979, 452(0):1.027|1.116, 47(0):0.458|0.506, 48(0):5.347|5.459, 49(0):11.910|12.614
3790, 496(3):4.813|5.440, 491(0):1.037|1.097, 49(0):0.451|0.464, 52(0):5.620|5.665, 48(0):12.353|13.072
3800, 422(0):4.369|4.562, 448(0):0.955|1.041, 44(0):0.483|0.543, 41(0):5.691|5.902, 49(0):12.555|12.588
3810, 647(0):4.625|4.903, 627(0):0.931|1.062, 63(0):0.574|0.654, 62(0):5.495|5.557, 61(0):11.658|12.497
3820, 559(0):4.466|4.868, 544(0):0.906|0.979, 55(0):0.419|0.429, 64(0):5.480|5.489, 56(0):12.198|12.809
3830, 492(2):4.594|8.067, 507(0):1.040|1.619, 51(0):0.453|0.494, 40(0):5.325|5.683, 51(0):12.956|14.468
3840, 524(2):4.644|5.395, 529(0):0.989|1.135, 53(0):0.590|0.671, 56(0):5.581|5.584, 53(0):11.410|11.976
3850, 522(1):4.578|5.570, 512(0):0.977|1.253, 51(0):0.456|0.547, 63(0):5.668|8.089, 46(0):13.275|14.668
3860, 522(0):4.489|4.720, 494(0):0.977|1.086, 51(0):0.485|0.508, 47(0):5.397|5.545, 53(0):12.187|12.495
3870, 445(0):4.765|4.987, 484(0):1.029|1.873, 46(0):0.489|0.536, 35(0):5.434|5.671, 50(0):13.279|14.776
3880, 442(0):4.673|4.802, 439(0):1.065|1.211, 45(0):0.446|0.479, 67(0):5.819|6.095, 43(0):11.372|11.595
3890, 487(1):4.643|5.033, 525(0):0.944|1.133, 49(0):0.444|0.529, 33(0):5.315|5.388, 46(0):11.968|12.240
3900, 548(1):4.679|5.459, 491(0):1.030|1.693, 52(0):0.456|0.472, 47(0):5.979|7.711, 52(0):13.144|13.288
3910, 536(1):4.322|5.054, 538(0):0.881|1.234, 53(0):0.426|0.514, 72(0):5.296|5.379, 57(0):11.993|12.138
3920, 521(0):4.391|4.591, 544(0):0.960|1.365, 53(0):0.441|0.449, 38(0):5.273|5.451, 53(0):10.910|11.183
3930, 547(1):4.704|5.102, 545(0):1.084|1.847, 56(0):0.520|0.521, 54(0):5.687|5.934, 52(0):11.763|11.813
3940, 507(0):4.634|4.934, 493(0):0.982|1.429, 51(0):0.470|0.513, 50(0):5.303|5.469, 51(0):12.602|13.246
3950, 451(1):4.605|5.132, 461(0):1.037|2.041, 45(0):0.529|0.650, 47(0):5.409|5.437, 46(0):11.964|12.654
3960, 455(21):5.381|6.297, 488(0):1.105|1.344, 46(0):0.522|0.596, 41(0):5.737|5.871, 43(0):14.948|15.754
3970, 600(12):5.130|7.780, 611(0):1.104|3.454, 61(0):0.527|0.558, 57(0):6.091|6.761, 65(0):13.072|13.161
3980, 425(6):5.013|5.804, 369(0):1.016|1.538, 40(0):0.445|0.462, 58(0):6.424|6.595, 42(0):13.138|14.062
3990, 459(3):4.904|7.738, 475(0):0.997|1.099, 47(0):0.664|0.932, 39(0):6.613|6.671, 43(0):12.526|13.819
4000, 492(1):4.801|5.004, 512(0):1.062|1.621, 48(0):0.451|0.467, 48(0):5.605|5.617, 51(0):12.986|13.214
4010, 442(0):4.750|4.970, 430(0):0.990|1.820, 46(0):0.444|0.475, 34(0):5.753|6.189, 46(0):12.653|14.109
4020, 476(0):4.633|4.830, 475(0):0.970|1.411, 47(0):0.498|0.617, 54(0):5.452|5.461, 43(0):13.147|13.270
4030, 520(1):4.542|5.113, 499(0):0.933|1.541, 50(0):0.497|0.515, 50(0):5.245|5.507, 55(0):12.685|12.754
4040, 515(0):4.593|4.820, 560(0):0.946|1.101, 53(0):0.536|0.558, 58(0):5.350|5.484, 54(0):12.661|12.712
4050, 469(0):4.808|4.975, 445(0):1.082|1.494, 46(0):0.463|0.515, 49(0):5.464|5.560, 43(0):11.900|12.629
4060, 490(0):4.421|4.845, 504(0):0.940|1.075, 52(0):0.715|0.775, 44(0):5.412|5.712, 55(0):11.338|12.214
4070, 447(0):4.369|4.528, 494(0):0.921|1.113, 46(0):0.501|0.538, 43(0):5.390|5.428, 44(0):12.184|12.529
4080, 481(1):4.827|5.025, 434(0):0.917|1.094, 45(0):0.429|0.449, 57(0):5.728|6.448, 44(0):11.667|12.697
4090, 557(0):4.539|4.956, 557(0):1.066|1.446, 57(0):0.508|0.593, 50(0):5.939|6.105, 60(0):13.040|13.062
4100, 498(0):4.629|4.845, 457(0):1.104|1.239, 47(0):0.451|0.509, 49(0):5.616|5.659, 45(0):11.887|11.926
4110, 537(0):4.353|4.819, 557(0):0.888|1.027, 54(0):0.417|0.445, 47(0):5.564|6.028, 54(0):11.888|12.024
4120, 511(1):4.531|5.118, 497(0):0.971|1.071, 51(0):0.501|0.519, 59(0):5.454|5.456, 52(0):11.609|13.191
4130, 519(1):4.655|5.066, 546(0):0.943|1.114, 54(0):0.444|0.472, 54(0):5.424|5.483, 54(0):12.222|12.733
4140, 561(1):4.735|5.022, 559(0):1.011|1.331, 56(0):0.462|0.520, 57(0):5.711|6.283, 53(0):12.656|13.017
4150, 538(0):4.457|4.732, 525(0):0.925|1.033, 54(0):0.457|0.582, 61(0):5.237|5.316, 58(0):12.197|12.206
4160, 364(0):4.494|4.726, 365(0):0.954|1.060, 36(0):0.452|0.614, 31(0):5.134|5.210, 32(0):11.544|11.757
4170, 478(1):4.536|5.045, 520(0):0.967|1.102, 50(0):0.475|0.505, 38(0):5.303|5.408, 47(0):11.513|11.552
4180, 467(0):4.550|4.811, 422(0):0.969|1.486, 43(0):0.413|0.436, 49(0):5.311|5.330, 44(0):12.323|12.572
4190, 485(1):4.476|5.166, 466(0):0.957|1.349, 49(0):0.436|0.444, 47(0):5.547|5.605, 55(0):12.160|12.796
4200, 465(0):4.572|4.981, 521(0):0.942|1.638, 47(0):0.518|0.540, 49(0):5.650|5.877, 44(0):11.992|12.805
4210, 448(0):4.736|4.851, 417(0):0.926|1.109, 45(0):0.462|0.463, 49(0):5.672|5.713, 47(0):11.980|12.904
4220, 546(3):4.680|5.447, 572(0):0.976|1.443, 56(0):0.505|0.565, 49(0):5.615|5.626, 50(0):13.410|13.796
4230, 484(2):4.678|5.461, 429(0):1.062|2.417, 46(0):0.421|0.943, 48(0):5.409|5.460, 53(0):12.966|13.093
4240, 550(2):4.724|8.522, 583(0):1.015|1.369, 57(0):0.612|1.178, 63(0):5.920|6.236, 57(0):12.529|12.674
4250, 519(1):4.665|5.026, 509(0):1.035|1.122, 51(0):0.436|0.495, 41(0):5.397|5.641, 51(0):12.088|12.550
4260, 440(21):5.410|6.412, 450(0):1.296|1.937, 44(0):0.577|0.834, 51(0):5.997|6.519, 39(0):13.823|15.001
4270, 452(15):5.323|5.510, 465(0):1.112|1.207, 47(0):0.496|0.521, 42(0):6.256|8.676, 49(0):13.610|13.917
4280, 439(3):4.823|5.708, 415(0):1.000|1.186, 42(0):0.582|0.583, 44(0):5.964|6.000, 42(0):12.751|13.535
4290, 496(5):4.984|6.250, 505(0):1.135|1.550, 50(0):0.497|0.517, 49(0):5.981|6.186, 47(0):12.696|12.754
4300, 484(1):4.768|5.045, 476(0):0.999|1.697, 48(0):0.464|0.965, 58(0):5.592|5.746, 50(0):12.093|12.232
4310, 493(1):4.585|5.118, 500(0):0.932|1.280, 50(0):0.532|0.553, 45(0):5.205|5.544, 53(0):11.687|11.723
4320, 479(1):4.752|5.247, 505(0):0.965|1.106, 47(0):0.488|0.555, 41(0):5.668|5.670, 47(0):12.230|12.376
4330, 450(8):5.051|5.443, 448(0):1.089|2.632, 45(0):0.527|0.531, 51(0):5.902|6.735, 45(0):13.075|13.380
4340, 511(9):5.032|5.309, 480(0):0.984|1.050, 52(0):0.469|0.504, 49(0):6.061|6.200, 51(0):13.362|14.083
4350, 439(1):4.629|5.207, 444(0):0.937|1.117, 43(0):0.544|0.616, 56(0):5.617|5.794, 45(0):12.548|12.580
4360, 467(1):4.608|6.679, 484(0):0.961|1.145, 43(0):0.506|0.532, 36(0):5.575|5.638, 44(0):11.938|12.598
4370, 472(1):4.581|5.576, 467(0):1.060|1.393, 52(0):0.512|0.674, 45(0):5.496|5.544, 51(0):13.130|13.786
4380, 475(0):4.524|4.822, 481(0):1.016|2.506, 47(0):0.509|0.510, 48(0):5.489|5.509, 45(0):12.663|13.358
4390, 515(7):5.079|6.131, 510(0):1.030|1.787, 53(0):0.454|0.527, 59(0):5.433|5.511, 54(0):12.573|13.047
4400, 504(0):4.767|4.955, 477(0):0.956|1.098, 47(0):0.442|0.459, 48(0):5.529|6.481, 47(0):11.576|12.185
4410, 449(1):4.640|5.239, 484(0):0.951|1.039, 48(0):0.479|0.538, 36(0):5.531|5.606, 49(0):12.371|12.476
4420, 520(1):4.591|5.324, 507(0):0.900|1.121, 49(0):0.488|0.497, 60(0):5.404|9.762, 46(0):11.916|12.464
4430, 567(0):4.637|4.937, 571(0):1.048|1.477, 58(0):0.537|0.586, 54(0):5.657|5.795, 56(0):11.825|12.018
4440, 385(0):4.499|4.709, 397(0):0.888|2.176, 39(0):0.459|0.471, 35(0):5.492|5.539, 40(0):12.078|13.975
4450, 463(0):4.645|4.750, 482(0):0.979|1.094, 48(0):0.479|0.483, 54(0):5.594|5.615, 47(0):11.975|12.072
4460, 556(1):4.595|6.177, 517(0):0.937|1.109, 55(0):0.504|0.644, 53(0):5.281|5.487, 60(0):11.601|11.649
4470, 507(1):4.454|7.446, 538(0):0.910|1.157, 50(0):0.649|0.656, 43(0):5.313|5.427, 50(0):11.433|11.528
4480, 499(0):4.468|4.985, 480(0):0.966|1.243, 48(0):0.466|0.473, 58(0):5.162|5.406, 48(0):11.892|12.010
4490, 488(0):4.556|4.881, 480(0):0.944|1.284, 49(0):0.502|0.582, 39(0):5.632|5.878, 50(0):12.442|12.613
4500, 503(0):4.513|4.810, 533(0):1.016|1.216, 52(0):0.471|0.519, 60(0):5.373|5.404, 49(0):13.299|14.347
4510, 656(0):4.473|4.879, 624(0):0.942|1.946, 64(0):0.447|0.458, 59(0):5.374|5.698, 66(0):11.523|11.853
4520, 555(0):4.437|4.714, 568(0):0.889|1.204, 56(0):0.444|0.446, 68(0):5.424|5.471, 50(0):11.691|11.866
4530, 537(2):4.689|5.050, 541(0):0.989|1.039, 56(0):0.612|0.712, 46(0):5.258|5.471, 61(0):12.115|12.193
4540, 692(2):4.710|6.274, 654(0):0.929|1.404, 68(0):0.616|0.811, 82(0):5.537|5.687, 69(0):11.794|11.917
4550, 688(1):4.685|5.059, 741(0):1.000|1.294, 70(0):0.527|0.532, 43(0):5.558|6.765, 65(0):11.987|12.176
4560, 495(19):5.566|6.834, 476(0):1.256|1.616, 50(0):0.536|0.628, 77(0):6.268|6.333, 50(0):15.258|16.204
4570, 544(46):5.995|6.948, 570(0):1.200|1.528, 51(0):0.736|1.028, 49(0):6.615|6.656, 54(0):15.873|16.362
4580, 503(5):4.890|5.523, 441(0):1.045|1.348, 51(0):0.468|0.544, 42(0):6.022|6.328, 52(0):13.621|14.283
4590, 494(0):4.761|4.793, 519(0):1.056|1.305, 49(0):0.512|0.824, 57(0):5.594|5.788, 51(0):12.554|12.642
4600, 504(1):4.762|5.220, 525(0):1.087|1.995, 52(0):0.486|0.489, 44(0):5.432|5.566, 52(0):12.137|12.192
4610, 477(1):4.658|5.110, 443(0):0.879|1.015, 47(0):0.470|0.534, 52(0):5.345|5.480, 45(0):13.083|13.494
4620, 515(0):4.566|4.729, 539(0):0.948|1.000, 52(0):0.493|0.581, 46(0):5.467|5.490, 51(0):12.731|12.912
4630, 451(1):4.579|6.279, 429(0):0.979|1.214, 42(0):0.599|0.614, 44(0):5.308|5.555, 43(0):12.610|13.374
4640, 465(0):4.567|4.843, 468(0):0.917|1.136, 50(0):0.483|0.556, 52(0):5.263|5.390, 48(0):12.288|12.587
4650, 456(0):4.453|4.598, 461(0):0.959|1.316, 45(0):0.490|0.545, 42(0):5.443|5.849, 49(0):12.247|12.727
4660, 361(0):4.549|4.774, 381(0):0.940|1.404, 36(0):0.430|0.514, 31(0):5.593|6.273, 33(0):11.885|12.724
4670, 499(1):4.572|6.845, 472(0):0.942|1.035, 48(0):0.569|1.159, 54(0):5.662|5.683, 50(0):11.602|11.809
4680, 518(1):4.624|5.001, 490(0):0.962|1.075, 51(0):0.526|0.593, 46(0):5.389|5.450, 49(0):13.020|13.115
4690, 441(1):4.542|8.925, 457(0):0.896|1.064, 46(0):0.524|0.580, 49(0):5.707|5.860, 41(0):12.073|12.491
4700, 493(0):4.519|4.971, 515(0):0.989|1.140, 49(0):0.468|0.519, 58(0):5.731|5.747, 53(0):11.555|14.352
4710, 441(0):4.583|4.909, 455(0):0.992|1.207, 44(0):0.465|0.480, 35(0):5.374|5.759, 46(0):11.553|11.752
4720, 457(1):4.597|5.273, 432(0):0.940|1.067, 46(0):0.435|0.471, 50(0):5.579|5.600, 47(0):12.284|12.486
4730, 519(0):4.613|4.863, 534(0):1.047|1.440, 53(0):0.581|0.741, 50(0):5.728|6.307, 53(0):11.598|12.292
4740, 543(2):4.772|5.305, 598(0):1.022|1.121, 55(0):0.456|0.471, 49(0):5.615|5.903, 54(0):12.447|12.482
4750, 464(0):4.756|4.962, 442(0):0.985|1.164, 46(0):0.418|0.483, 51(0):5.571|5.683, 45(0):13.259|13.868
4760, 451(1):4.652|5.325, 418(0):0.985|1.161, 45(0):0.462|0.487, 46(0):5.401|5.546, 42(0):12.851|12.877
4770, 502(0):4.563|4.735, 503(0):0.967|1.111, 49(0):0.468|0.566, 48(0):5.511|5.790, 53(0):11.752|11.768
4780, 556(0):4.462|4.824, 579(0):0.915|1.296, 57(0):0.551|0.575, 52(0):5.622|5.854, 55(0):12.298|12.936
4790, 559(0):4.440|4.863, 531(0):0.916|1.114, 56(0):0.464|0.553, 59(0):5.331|5.907, 52(0):11.511|11.734
4800, 491(3):4.759|5.664, 509(0):0.936|1.109, 49(0):0.483|0.490, 50(0):5.644|7.079, 51(0):12.473|14.921
4810, 497(1):4.670|8.810, 554(0):0.994|1.996, 51(0):0.493|0.521, 45(0):5.389|5.511, 54(0):13.085|13.875
4820, 596(3):4.602|5.196, 492(0):1.012|1.691, 56(0):0.501|0.523, 64(0):5.665|5.723, 53(0):12.629|13.620
4830, 487(3):4.839|5.163, 518(0):1.056|1.339, 50(0):0.515|0.986, 44(0):5.451|5.538, 51(0):12.475|13.672
4840, 453(0):4.540|4.710, 455(0):0.943|1.414, 46(0):0.457|0.461, 53(0):5.584|5.671, 49(0):12.365|13.007
4850, 548(2):4.907|5.538, 595(0):1.026|1.149, 55(0):0.502|0.520, 54(0):5.681|5.682, 54(0):13.694|14.071
4860, 411(18):5.625|6.759, 371(0):1.232|1.471, 41(0):0.591|0.632, 34(0):6.385|6.607, 39(0):14.797|15.702
4870, 535(15):5.334|6.171, 563(0):1.086|1.264, 54(0):0.571|0.579, 57(0):6.194|6.484, 58(0):12.901|13.024
4880, 510(0):4.460|4.704, 488(0):1.038|1.151, 50(0):0.508|0.511, 52(0):5.459|5.490, 46(0):13.489|13.532
4890, 455(1):4.659|5.351, 450(0):1.002|1.625, 47(0):0.530|0.560, 54(0):5.364|5.468, 49(0):12.596|12.683
4900, 439(0):4.544|4.700, 415(0):0.907|0.987, 41(0):0.405|0.426, 37(0):5.173|5.357, 43(0):11.213|12.245
4910, 476(2):4.496|5.545, 515(0):0.978|1.527, 51(0):0.386|0.581, 51(0):5.042|5.115, 52(0):15.882|16.160
4920, 505(0):4.315|4.628, 476(0):0.920|1.099, 49(0):0.442|0.630, 47(0):5.124|5.131, 46(0):11.435|11.482
4930, 472(0):4.262|4.561, 439(0):0.858|1.035, 45(0):0.491|0.534, 42(0):5.170|5.320, 47(0):11.426|11.752
4940, 463(1):4.600|5.103, 560(0):1.051|1.184, 50(0):0.474|0.476, 52(0):5.196|5.545, 47(0):12.943|13.160
4950, 313(0):4.654|4.703, 318(0):0.918|1.020, 33(0):0.419|0.573, 25(0):5.618|5.943, 27(0):12.469|14.304
4960, 500(1):4.587|5.234, 433(0):1.048|1.296, 46(0):0.576|0.593, 52(0):5.457|5.559, 48(0):12.274|12.722
4970, 465(0):4.648|4.786, 454(0):0.931|1.199, 47(0):0.473|0.487, 49(0):5.460|5.890, 53(0):12.477|12.610
4980, 480(0):4.622|4.785, 489(0):0.976|1.181, 48(0):0.465|0.554, 46(0):5.489|5.544, 49(0):12.425|12.956
4990, 492(1):4.617|5.468, 464(0):0.939|1.890, 47(0):0.539|0.686, 53(0):5.462|5.579, 47(0):12.704|13.235
5000, 509(1):4.456|5.027, 532(0):0.989|1.095, 53(0):0.435|0.455, 49(0):5.341|5.348, 53(0):12.870|15.241
5010, 487(1):4.644|5.247, 563(0):0.966|1.320, 48(0):0.486|0.561, 48(0):8.102|8.706, 47(0):11.863|12.078
5020, 577(1):4.668|5.179, 491(0):0.952|1.070, 57(0):0.504|0.741, 55(0):5.484|5.553, 52(0):12.300|13.994
5030, 488(0):4.617|4.773, 529(0):0.974|1.056, 51(0):0.449|0.549, 64(0):5.538|5.789, 53(0):11.986|12.578
5040, 582(1):4.630|5.094, 549(0):0.981|1.463, 57(0):0.431|0.532, 52(0):5.419|5.696, 59(0):13.063|13.209
5050, 489(1):4.610|5.032, 483(0):0.948|1.167, 47(0):0.559|0.586, 48(0):5.222|5.246, 46(0):11.634|12.325
5060, 536(0):4.637|4.790, 530(0):0.955|1.206, 55(0):0.465|0.478, 36(0):5.317|5.373, 55(0):12.020|12.168
5070, 476(0):4.534|4.641, 528(0):0.949|1.131, 49(0):0.458|0.674, 57(0):5.605|5.951, 52(0):11.114|11.533
5080, 534(0):4.543|4.834, 508(0):0.972|1.237, 53(0):0.549|0.618, 52(0):5.406|5.592, 53(0):12.213|12.296
5090, 470(3):4.714|8.443, 475(0):0.902|1.021, 48(0):0.500|0.544, 49(0):5.551|5.590, 46(0):12.131|12.262
5100, 493(0):4.612|4.993, 490(0):0.941|1.426, 48(0):0.839|1.102, 46(0):5.865|6.484, 47(0):13.067|15.466
5110, 551(1):4.745|5.091, 545(0):0.966|1.110, 56(0):0.574|0.627, 62(0):5.554|5.627, 54(0):11.018|11.357
5120, 454(0):4.581|4.960, 432(0):1.014|1.242, 44(0):0.516|0.543, 43(0):5.447|5.661, 48(0):11.112|11.284
5130, 551(0):4.630|4.833, 554(0):0.902|1.067, 54(0):0.444|0.617, 62(0):5.428|7.963, 52(0):12.032|12.239
5140, 476(1):4.552|5.112, 460(0):1.021|4.504, 47(0):0.435|0.464, 50(0):5.295|5.361, 49(0):13.179|14.408
5150, 435(2):4.496|5.302, 443(0):1.033|1.103, 45(0):0.470|0.711, 35(0):5.355|5.854, 41(0):12.896|13.250
5160, 607(40):5.644|6.464, 629(0):1.400|2.388, 61(0):0.569|0.797, 61(0):6.715|6.890, 63(0):14.739|14.775
5170, 684(7):4.987|5.900, 715(0):1.091|1.429, 69(0):0.549|0.586, 67(0):6.318|6.557, 71(0):13.819|14.179
5180, 466(0):4.805|4.925, 474(0):1.040|1.312, 49(0):0.479|0.508, 52(0):5.745|5.859, 46(0):14.063|15.947
5190, 492(5):4.869|5.274, 494(0):0.983|1.130, 49(0):0.663|0.675, 51(0):5.859|6.012, 52(0):13.723|14.268
5200, 516(30):5.775|6.624, 496(0):1.378|1.448, 50(0):0.648|0.748, 52(0):6.667|6.943, 44(1):17.750|20.798
5210, 479(2):4.648|5.133, 453(0):0.921|1.501, 45(0):0.478|0.600, 39(0):5.957|5.980, 50(0):11.854|12.308
5220, 466(0):4.624|4.715, 486(0):0.995|1.082, 50(0):0.485|0.565, 57(0):5.611|5.614, 46(0):11.372|11.387
5230, 472(0):4.629|4.944, 482(0):0.987|1.115, 48(0):0.473|0.614, 46(0):5.438|5.501, 46(0):11.857|13.073
5240, 438(2):4.821|5.392, 468(0):0.933|1.130, 45(0):0.497|0.611, 38(0):5.511|5.741, 47(0):11.599|11.659
5250, 466(1):4.764|6.261, 460(0):0.992|1.685, 46(0):0.430|0.486, 45(0):5.496|5.518, 43(0):13.866|14.583
5260, 445(2):4.763|5.865, 392(0):0.992|1.067, 41(0):0.517|0.566, 43(0):5.568|5.628, 48(0):12.982|13.354
5270, 435(3):4.749|5.111, 431(0):0.966|4.722, 43(0):0.569|0.580, 48(0):5.802|5.962, 45(0):12.484|12.659
5280, 510(0):4.593|4.919, 530(0):0.950|1.449, 53(0):0.496|0.575, 47(0):5.529|5.922, 53(0):13.537|13.650
5290, 565(1):4.545|5.151, 599(0):0.930|1.054, 58(0):0.484|0.489, 59(0):5.498|5.637, 54(0):12.650|13.256
5300, 451(3):4.753|7.862, 404(0):0.949|1.501, 42(0):0.503|0.602, 45(0):5.624|5.672, 44(0):12.044|12.327
5310, 492(1):4.687|5.141, 481(0):0.952|1.410, 50(0):0.508|0.631, 52(0):5.496|5.570, 52(0):12.086|12.399
5320, 516(0):4.646|4.996, 561(0):0.998|1.403, 53(0):0.420|0.451, 51(0):5.456|5.577, 49(0):11.637|11.663
5330, 563(0):4.625|4.743, 538(0):0.959|1.342, 56(0):0.472|0.495, 57(0):5.622|5.962, 60(0):11.844|12.296
5340, 487(0):4.672|4.976, 452(0):0.976|1.161, 47(0):0.477|0.503, 46(0):5.379|5.451, 43(0):11.331|12.167
5350, 477(3):4.818|6.937, 511(0):0.970|1.163, 48(0):0.469|0.489, 46(0):5.795|5.898, 47(0):12.503|13.161
5360, 423(0):4.705|4.818, 420(0):0.907|1.055, 43(0):0.432|0.436, 43(0):5.598|5.623, 46(0):11.933|13.086
5370, 475(2):4.848|5.296, 453(0):0.907|1.157, 47(0):0.440|0.580, 51(0):5.470|5.680, 45(0):12.002|12.364
5380, 443(0):4.739|4.887, 491(0):0.993|1.508, 46(0):0.442|0.453, 43(0):5.530|5.630, 50(0):12.167|12.238
5390, 529(2):4.604|5.374, 515(0):1.050|1.454, 52(0):0.484|0.554, 54(0):5.624|6.154, 49(0):12.267|12.528
5400, 539(4):4.830|7.134, 551(0):1.075|1.133, 54(0):0.442|0.443, 46(0):5.373|5.766, 56(0):11.927|12.659
5410, 488(0):4.415|4.743, 504(0):0.920|1.230, 48(0):0.424|0.428, 54(0):5.546|5.608, 47(0):11.864|12.302
5420, 471(0):4.586|4.749, 443(0):0.932|1.072, 45(0):0.503|0.542, 48(0):5.295|5.661, 43(0):11.910|12.014
5430, 532(2):4.760|7.121, 528(0):0.976|1.129, 56(0):0.456|0.470, 53(0):5.586|5.691, 60(0):11.786|12.609
5440, 496(2):4.768|5.132, 478(0):0.981|1.069, 47(0):0.438|0.620, 46(0):5.452|5.544, 47(0):11.986|12.476
5450, 485(0):4.621|4.888, 481(0):0.972|1.161, 49(0):0.441|0.467, 54(0):5.632|5.840, 44(0):12.545|12.548
5460, 408(19):5.290|5.667, 397(0):1.122|2.261, 42(0):0.535|0.584, 38(0):6.084|6.241, 46(0):14.291|16.329
5470, 599(14):5.465|5.853, 614(0):1.123|2.969, 60(0):0.442|0.511, 63(0):6.391|6.545, 54(0):13.673|13.814
5480, 543(6):4.939|6.765, 563(0):0.997|1.985, 55(0):0.533|0.549, 49(0):5.668|5.777, 62(0):12.709|14.690
5490, 517(2):4.728|5.436, 544(0):1.045|1.111, 52(0):0.514|0.876, 48(0):5.624|5.713, 51(0):12.445|12.696
5500, 516(3):4.798|6.161, 498(0):1.003|1.555, 53(0):0.456|0.481, 69(0):5.869|5.879, 53(0):13.239|13.596
5510, 529(1):4.556|5.063, 501(0):0.943|1.133, 50(0):0.463|0.475, 41(0):5.546|6.048, 46(0):12.524|12.637
5520, 551(0):4.715|4.979, 526(0):1.035|1.422, 55(0):0.459|0.501, 54(0):5.396|5.598, 57(0):11.291|11.644
5530, 455(0):4.442|4.941, 537(0):0.892|1.036, 49(0):0.416|0.450, 44(0):5.512|5.584, 51(0):12.331|12.677
5540, 477(0):4.591|4.992, 429(0):0.899|0.943, 45(0):0.422|0.458, 52(0):5.287|5.336, 44(0):12.523|12.869
5550, 426(0):4.624|4.904, 427(0):1.039|1.480, 42(0):0.477|0.508, 46(0):5.465|5.500, 43(0):12.120|12.189
5560, 458(0):4.572|4.793, 412(0):0.954|1.135, 45(0):0.458|0.500, 46(0):5.291|5.458, 41(0):11.941|11.973
5570, 555(1):4.600|5.032, 606(0):0.948|1.327, 58(0):0.473|0.514, 56(0):5.415|5.545, 62(0):12.130|12.493
5580, 700(0):4.428|4.656, 684(0):0.944|1.110, 69(0):0.517|0.541, 69(0):5.368|5.653, 69(0):11.687|11.820
5590, 657(0):4.411|4.601, 717(0):0.955|1.260, 65(0):0.515|0.527, 57(0):5.676|5.678, 63(0):12.108|12.944
5600, 689(1):4.451|5.498, 659(0):0.964|1.423, 71(0):0.450|0.556, 68(0):5.399|5.410, 72(0):11.310|11.316
5610, 556(0):4.440|4.800, 526(0):0.968|1.116, 54(0):0.534|0.543, 63(0):5.380|6.253, 56(0):12.214|13.191
5620, 463(1):4.291|5.144, 463(0):0.927|1.186, 47(0):0.466|0.536, 46(0):5.255|5.441, 46(0):11.449|11.859
5630, 580(0):4.318|4.592, 579(0):0.966|1.177, 56(0):0.464|0.505, 47(0):5.217|5.224, 58(0):11.408|11.655
5640, 565(4):4.855|5.126, 564(0):0.976|1.199, 57(0):0.495|0.670, 64(0):5.456|5.563, 52(0):12.626|12.872
5650, 431(1):4.473|5.064, 471(0):0.903|1.123, 46(0):0.424|0.453, 42(0):5.418|5.439, 49(0):11.577|11.867
5660, 491(0):4.549|4.907, 441(0):0.945|1.012, 47(0):0.429|0.527, 51(0):5.367|5.906, 46(0):11.765|12.302
5670, 476(0):4.514|4.762, 504(0):0.952|1.049, 48(0):0.459|0.480, 50(0):5.265|5.496, 43(0):11.374|11.395
5680, 412(0):4.383|4.798, 414(0):0.934|1.109, 42(0):0.482|0.693, 42(0):5.153|5.245, 49(0):11.820|11.954
5690, 504(1):4.692|5.159, 502(0):0.936|1.942, 50(0):0.427|0.487, 48(0):5.578|5.766, 44(0):12.116|13.423
5700, 439(5):4.923|5.298, 445(0):1.116|2.036, 44(0):0.477|0.484, 41(0):5.714|6.101, 48(0):13.169|13.290
5710, 501(0):4.589|4.847, 483(0):1.039|1.392, 49(0):0.504|0.560, 54(0):5.629|5.735, 48(0):12.311|12.402
5720, 469(0):4.504|4.683, 467(0):0.834|0.999, 47(0):0.421|0.472, 51(0):5.381|5.958, 48(0):12.073|12.875
5730, 489(0):4.625|4.994, 533(0):1.047|1.209, 51(0):0.469|0.579, 41(0):5.293|5.347, 51(0):12.274|13.970
5740, 514(0):4.677|4.913, 470(0):0.914|1.923, 48(0):0.456|0.457, 57(0):5.840|5.975, 46(0):12.364|12.553
5750, 512(4):4.876|5.119, 512(0):1.003|1.180, 52(0):0.541|0.556, 52(0):5.796|6.109, 54(0):12.915|13.150
5760, 524(30):5.611|7.420, 510(0):1.222|4.843, 52(0):0.619|0.686, 52(0):6.170|6.271, 50(0):15.547|15.654
5770, 462(20):5.298|5.444, 498(0):1.193|1.383, 47(0):0.558|0.648, 49(0):6.633|6.863, 48(0):13.629|13.991
5780, 397(3):4.835|5.525, 326(0):0.983|1.119, 37(0):0.482|0.498, 40(0):5.549|5.875, 37(0):12.803|14.317
5790, 511(2):4.882|5.089, 621(0):1.016|1.281, 57(0):0.444|0.525, 52(0):6.054|8.004, 54(0):13.143|13.533
5800, 500(2):4.878|5.307, 448(0):1.020|2.007, 47(0):0.518|0.563, 42(0):5.644|5.849, 49(0):13.239|14.293
5810, 543(1):4.692|5.013, 521(0):0.984|1.212, 53(0):0.442|0.456, 49(0):5.587|5.602, 54(0):11.776|12.015
5820, 408(0):4.441|4.637, 501(0):0.879|0.965, 45(0):0.462|0.491, 48(0):5.682|5.697, 46(0):11.964|12.312
5830, 477(1):4.595|5.022, 413(0):0.969|1.117, 46(0):0.417|0.419, 60(0):5.338|5.400, 41(0):12.713|12.856
5840, 505(0):4.492|4.950, 462(0):0.910|1.069, 48(0):0.468|0.507, 43(0):5.259|5.278, 50(0):12.306|13.059
5850, 504(0):4.467|4.821, 517(0):0.888|1.135, 51(0):0.397|0.421, 47(0):5.439|5.450, 56(0):12.566|12.635
5860, 439(0):4.389|4.551, 462(0):0.931|1.098, 46(0):0.500|0.724, 43(0):5.171|5.476, 45(0):13.032|13.049
5870, 537(0):4.456|4.724, 554(0):0.891|1.483, 52(0):0.478|0.770, 50(0):5.284|5.694, 50(0):11.942|12.985
5880, 405(1):4.536|5.914, 373(0):0.950|1.101, 39(0):0.487|0.533, 42(0):5.577|5.644, 38(0):12.239|12.384
5890, 481(0):4.413|4.729, 479(0):0.960|1.129, 50(0):0.471|0.638, 50(0):5.721|5.785, 52(0):11.894|12.210
5900, 501(0):4.633|4.957, 502(0):0.944|0.999, 50(0):0.456|0.547, 48(0):5.363|5.480, 52(0):11.297|11.310
5910, 454(0):4.511|4.671, 439(0):0.908|1.026, 45(0):0.386|0.408, 54(0):5.350|5.448, 45(0):11.880|12.624
5920, 499(1):4.408|5.118, 490(0):0.914|1.067, 49(0):0.546|0.549, 44(0):5.356|5.389, 48(0):11.883|12.078
5930, 469(0):4.593|4.753, 526(0):0.934|1.290, 47(0):0.460|0.544, 53(0):5.391|5.423, 45(0):11.467|11.752
5940, 646(2):4.761|5.500, 645(0):0.979|1.209, 67(0):0.462|0.511, 51(0):5.360|5.368, 66(0):12.618|12.933
5950, 661(0):4.341|4.660, 660(0):0.969|1.584, 65(0):0.483|0.500, 68(0):5.546|5.737, 68(0):12.238|12.313
5960, 696(0):4.427|4.812, 681(0):0.982|1.222, 70(0):0.550|0.670, 81(0):5.425|5.566, 65(0):11.965|15.090
5970, 546(0):4.586|4.811, 552(0):0.926|1.041, 55(0):0.492|0.520, 49(0):5.471|5.590, 60(0):12.072|13.913
5980, 407(2):4.542|5.447, 389(0):1.039|1.618, 40(0):0.433|0.448, 43(0):5.722|6.041, 37(0):11.807|11.985
5990, 485(1):4.568|5.032, 525(0):0.905|1.279, 50(0):0.521|0.579, 46(0):5.419|6.372, 47(0):12.069|12.820
6000, 530(0):4.486|4.901, 484(0):0.935|1.107, 51(0):0.423|0.451, 50(0):5.391|5.476, 56(0):11.637|12.399
error at thread_main
error at thread_main
error at thread_main
error at thread_main
error at thread_main
error at thread_main
error at thread_main
error at thread_main
error at thread_main
error at thread_main
error at thread_main
error at thread_main
error at thread_main
error at thread_main
error at thread_main
error at thread_main
error at thread_main
error at thread_main
error at thread_main
error at thread_main
error at thread_main
error at thread_main
error at thread_main
error at thread_main
error at thread_main
error at thread_main
error at thread_main
error at thread_main
error at thread_main
error at thread_main
error at thread_main
error at thread_main
error at thread_main
error at thread_main
error at thread_main
error at thread_main
error at thread_main
error at thread_main
error at thread_main
error at thread_main
error at thread_main
error at thread_main
error at thread_main
error at thread_main
error at thread_main
error at thread_main
error at thread_main
error at thread_main
error at thread_main
error at thread_main
error at thread_main
error at thread_main
error at thread_main
error at thread_main
error at thread_main
error at thread_main
error at thread_main
error at thread_main
error at thread_main
error at thread_main
error at thread_main
error at thread_main
error at thread_main
error at thread_main
error at thread_main
error at thread_main
error at thread_main
error at thread_main
error at thread_main
error at thread_main
error at thread_main
error at thread_main
error at thread_main
error at thread_main
error at thread_main
error at thread_main
error at thread_main
error at thread_main
error at thread_main
error at thread_main
error at thread_main
error at thread_main
error at thread_main
error at thread_main
error at thread_main
error at thread_main
error at thread_main
error at thread_main
error at thread_main
error at thread_main
error at thread_main
error at thread_main
error at thread_main
error at thread_main
error at thread_main
error at thread_main
error at thread_main
error at thread_main
error at thread_main
error at thread_main
error at thread_main
error at thread_main
error at thread_main
error at thread_main
error at thread_main
error at thread_main
error at thread_main
error at thread_main
error at thread_main
error at thread_main
error at thread_main
6010, 483(0):4.475|4.739, 495(0):0.902|1.201, 49(0):0.433|0.453, 54(0):5.145|5.175, 45(0):11.476|12.071
6020, 520(0):4.474|4.675, 482(0):0.891|2.133, 49(0):0.477|0.842, 47(0):5.377|5.397, 51(0):13.824|16.247
error at thread_main
error at thread_main
error at thread_main
error at thread_main
error at thread_main
error at thread_main
error at thread_main
error at thread_main
error at thread_main
error at thread_main
error at thread_main
error at thread_main
error at thread_main
error at thread_main
error at thread_main
error at thread_main
error at thread_main
error at thread_main
error at thread_main
error at thread_main
error at thread_main
error at thread_main
error at thread_main
error at thread_main
error at thread_main
error at thread_main
error at thread_main
error at thread_main
error at thread_main
error at thread_main
error at thread_main
error at thread_main
error at thread_main
error at thread_main
error at thread_main
error at thread_main
error at thread_main
error at thread_main
error at thread_main
error at thread_main
error at thread_main
error at thread_main
6030, 461(0):4.443|4.615, 496(0):0.909|1.050, 49(0):0.463|0.497, 44(0):5.160|5.433, 53(0):11.705|12.253
6040, 427(2):4.787|5.215, 451(0):1.001|1.422, 44(0):0.440|0.454, 50(0):5.593|5.641, 39(0):12.720|13.738
6050, 443(0):4.714|4.856, 385(0):1.048|1.097, 41(0):0.517|0.585, 38(0):5.525|5.623, 43(0):12.008|12.246
6060, 383(9):5.246|5.563, 435(0):1.126|1.571, 39(0):0.573|0.608, 41(0):5.946|5.994, 41(0):13.327|13.819
6070, 557(5):4.964|5.419, 555(0):1.019|1.937, 58(0):0.483|0.631, 65(0):6.249|6.260, 58(0):12.891|14.096
6080, 597(5):4.905|7.044, 589(0):1.083|1.619, 58(0):0.525|0.557, 62(0):5.665|5.814, 56(0):13.748|14.000
6090, 531(5):4.873|5.828, 539(0):1.046|2.216, 52(0):0.678|0.747, 39(0):6.018|7.189, 52(0):14.153|14.719
6100, 477(1):4.851|5.358, 462(0):0.974|1.125, 50(0):0.428|0.434, 53(0):5.706|5.724, 51(0):11.513|11.665
6110, 447(4):4.817|6.322, 442(0):0.964|1.303, 44(0):0.412|0.415, 50(0):5.334|5.338, 44(0):12.824|13.508
6120, 455(0):4.452|4.653, 509(0):0.945|1.072, 48(0):0.684|0.846, 31(0):5.195|5.355, 45(0):11.813|12.247
6130, 491(0):4.497|4.822, 443(0):0.969|1.326, 47(0):0.485|0.490, 53(0):5.359|5.568, 50(0):11.927|12.546
6140, 472(1):4.509|5.061, 489(0):0.968|1.320, 46(0):0.456|0.533, 53(0):5.417|5.532, 46(0):12.008|13.295
6150, 486(0):4.584|4.818, 485(0):0.947|1.192, 50(0):0.455|0.467, 40(0):5.602|5.647, 47(0):11.480|13.229
6160, 572(0):4.518|4.779, 541(0):0.954|1.353, 56(0):0.490|0.770, 58(0):5.593|6.068, 54(0):11.634|11.922
6170, 473(0):4.631|4.889, 495(0):0.977|1.073, 48(0):0.470|0.488, 48(0):5.859|6.257, 53(0):13.952|14.350
6180, 537(1):4.529|5.362, 533(0):0.984|1.168, 54(0):0.436|0.467, 62(0):5.495|5.656, 50(0):11.914|12.979
6190, 392(1):4.717|5.229, 401(0):0.979|1.286, 38(0):0.505|0.511, 42(0):5.427|5.438, 42(0):11.708|11.720
6200, 531(1):4.615|5.016, 539(0):0.983|1.435, 55(0):0.527|0.571, 49(0):5.336|5.526, 56(0):13.114|13.188
6210, 553(0):4.594|4.691, 555(0):0.954|1.333, 53(0):0.451|0.469, 55(0):5.183|5.556, 52(0):13.207|15.346
6220, 508(1):4.653|8.413, 464(0):1.008|1.301, 51(0):0.545|0.574, 50(0):5.505|5.725, 52(0):11.430|12.605
6230, 566(0):4.510|4.821, 598(0):0.971|1.088, 58(0):0.455|0.548, 52(0):5.222|5.290, 55(0):11.490|11.763
6240, 430(0):4.654|4.749, 425(0):1.023|1.222, 42(0):0.513|0.536, 40(0):5.766|5.771, 42(0):13.014|13.300
6250, 548(2):4.705|5.274, 535(0):0.993|1.077, 54(0):0.510|0.524, 55(0):5.494|5.558, 57(0):11.941|12.323
6260, 378(0):4.508|4.659, 392(0):0.970|1.158, 39(0):0.538|0.569, 38(0):5.408|5.431, 37(0):11.054|13.505
6270, 492(0):4.590|4.778, 503(0):0.984|1.249, 49(0):0.435|0.458, 57(0):5.733|5.902, 51(0):12.780|13.401
6280, 414(0):4.631|4.908, 455(0):0.968|1.267, 44(0):0.498|0.531, 43(0):5.403|5.675, 39(0):12.089|12.158
6290, 510(0):4.553|4.900, 461(0):0.983|1.092, 47(0):0.440|0.548, 46(0):5.419|5.981, 51(0):12.241|12.879
6300, 501(0):4.639|4.884, 500(0):1.063|1.230, 52(0):0.429|0.454, 51(0):5.508|5.901, 48(0):12.258|12.443
6310, 489(0):4.401|4.587, 439(0):0.950|1.087, 46(0):0.408|0.467, 50(0):5.452|5.462, 49(0):11.911|12.237
6320, 541(0):4.368|4.728, 546(0):0.894|1.004, 55(0):0.419|0.436, 50(0):5.207|5.503, 52(0):11.512|11.815
6330, 455(0):4.375|4.471, 511(0):0.938|1.012, 49(0):0.466|0.478, 53(0):5.438|5.466, 50(0):12.028|13.080
6340, 428(0):4.610|4.884, 405(0):0.975|1.003, 40(0):0.479|0.481, 40(0):5.369|5.749, 42(0):12.886|12.965
6350, 535(3):4.792|5.179, 531(0):1.052|1.669, 52(0):0.460|0.464, 52(0):5.440|5.457, 52(0):14.527|14.635
6360, 464(22):5.468|6.328, 475(0):1.285|1.663, 49(0):0.627|0.763, 49(0):6.422|9.613, 48(0):14.576|15.117
6370, 596(16):5.249|5.844, 580(0):1.052|1.240, 60(0):0.548|0.571, 58(0):6.346|6.425, 59(0):13.862|13.955
6380, 353(0):4.720|4.852, 390(0):1.015|1.266, 34(0):0.455|0.468, 31(0):5.479|5.625, 39(0):12.296|12.799
6390, 462(3):4.928|5.605, 415(0):1.080|1.350, 45(0):0.540|0.594, 49(0):5.736|6.057, 43(0):13.451|15.545
6400, 527(0):4.709|4.921, 565(0):1.018|1.321, 54(0):0.578|0.622, 54(0):5.857|6.943, 55(0):12.876|13.101
6410, 450(8):5.145|10.215, 480(0):1.122|2.237, 46(0):0.510|0.550, 44(0):5.782|8.764, 46(0):13.048|13.656
6420, 501(2):4.631|5.696, 449(0):0.948|1.056, 49(0):0.487|0.519, 61(0):5.482|5.496, 46(0):12.251|12.973
6430, 483(1):4.708|5.241, 482(0):1.069|1.415, 49(0):0.434|0.634, 38(0):5.596|5.631, 49(0):12.356|14.526
6440, 531(0):4.494|4.845, 548(0):0.951|1.509, 53(0):0.466|0.531, 51(0):5.230|5.502, 55(0):12.966|13.287
6450, 425(0):4.649|4.989, 406(0):0.998|1.258, 42(0):0.503|0.520, 45(0):5.600|5.635, 44(0):12.960|13.626
6460, 500(1):4.598|5.071, 497(0):0.960|1.690, 50(0):0.579|0.624, 46(0):5.322|5.345, 45(0):11.684|12.017
6470, 436(0):4.426|4.752, 462(0):0.897|1.119, 45(0):0.425|0.454, 49(0):5.411|5.831, 51(0):10.947|11.573
6480, 319(2):4.624|5.173, 310(0):0.943|0.989, 31(0):0.439|0.482, 27(0):5.387|5.568, 28(0):11.230|11.315
6490, 472(0):4.654|4.828, 468(0):0.999|1.200, 48(0):0.419|0.468, 46(0):5.822|6.106, 50(0):12.283|12.441
6500, 516(0):4.628|4.995, 494(0):0.923|1.377, 49(0):0.525|0.709, 53(0):5.603|6.004, 46(0):11.614|11.965
6510, 430(0):4.416|4.984, 442(0):0.909|1.447, 44(0):0.494|0.520, 45(0):5.354|5.427, 46(0):11.579|11.793
6520, 490(1):4.799|5.019, 511(0):1.034|1.424, 51(0):0.523|0.544, 46(0):5.468|5.703, 52(0):12.991|13.705
6530, 501(0):4.635|4.766, 501(0):0.952|1.093, 50(0):0.514|0.530, 53(0):5.661|5.978, 49(0):11.545|11.638
6540, 497(2):4.546|5.363, 503(0):0.934|1.506, 50(0):0.477|0.496, 52(0):5.310|5.345, 50(0):12.013|12.200
6550, 518(0):4.362|4.529, 520(0):0.935|1.182, 51(0):0.428|0.448, 49(0):4.958|4.995, 47(0):10.803|11.250
6560, 534(0):4.268|4.437, 549(0):0.948|1.064, 54(0):0.480|0.592, 50(0):5.147|5.183, 55(0):10.752|11.473
6570, 475(0):4.493|4.954, 436(0):0.982|1.384, 47(0):0.462|0.478, 53(0):5.321|5.447, 50(0):10.844|10.907
6580, 416(0):4.411|4.641, 425(0):0.876|1.146, 41(0):0.473|1.197, 43(0):5.313|5.491, 37(0):11.581|11.986
6590, 517(2):4.550|5.216, 509(0):0.914|1.322, 52(0):0.508|0.528, 50(0):5.484|5.702, 56(0):11.485|12.094
6600, 520(2):4.636|5.104, 544(0):0.951|1.162, 51(0):0.462|0.608, 51(0):5.361|6.780, 52(0):11.529|12.262
6610, 548(0):4.527|4.891, 554(0):0.913|1.088, 57(0):0.465|0.558, 62(0):5.801|6.236, 50(0):11.739|12.234
6620, 473(0):4.594|4.758, 440(0):0.923|1.174, 46(0):0.502|0.544, 40(0):5.366|5.600, 48(0):11.782|11.814
6630, 459(0):4.752|4.908, 457(0):1.014|1.165, 45(0):0.467|0.482, 40(0):5.443|5.739, 50(0):12.120|12.135
6640, 549(0):4.727|4.898, 515(0):1.027|1.405, 54(0):0.515|0.674, 69(0):5.898|6.145, 49(0):13.807|14.087
6650, 496(0):4.566|4.742, 526(0):0.910|1.082, 50(0):0.433|0.489, 44(0):5.562|5.567, 53(0):12.035|12.864
6660, 504(13):5.138|9.505, 488(0):1.160|1.482, 50(0):0.525|0.593, 50(0):6.004|6.608, 50(0):15.323|15.428
6670, 514(3):4.753|6.722, 518(0):1.129|1.442, 52(0):0.578|0.740, 49(0):5.949|5.986, 55(0):13.423|13.540
6680, 375(1):4.793|6.741, 377(0):0.966|1.283, 38(0):0.447|0.478, 43(0):5.549|5.573, 38(0):11.655|11.718
6690, 534(0):4.513|4.661, 589(0):0.962|1.058, 56(0):0.509|0.537, 43(0):5.171|5.218, 51(0):11.916|12.220
6700, 492(1):4.660|5.323, 494(0):0.964|1.335, 50(0):0.502|0.519, 59(0):5.334|5.379, 50(0):12.863|12.939
6710, 511(0):4.411|4.984, 498(0):0.918|1.142, 49(0):0.447|0.450, 44(0):5.440|5.448, 45(0):12.205|12.378
6720, 517(0):4.238|4.557, 483(0):0.913|1.042, 51(0):0.386|0.414, 54(0):5.079|5.089, 58(0):10.828|10.916
6730, 486(0):4.328|4.600, 529(0):0.924|1.143, 50(0):0.443|0.489, 41(0):5.220|5.244, 47(0):11.778|12.067
6740, 502(0):4.247|4.677, 480(0):0.821|1.310, 49(0):0.404|0.405, 51(0):5.048|5.619, 46(0):10.874|11.196
6750, 449(0):4.486|4.961, 441(0):0.902|1.216, 45(0):0.420|0.439, 54(0):5.172|5.303, 52(0):11.560|11.678
6760, 528(0):4.509|4.716, 509(0):0.896|1.474, 50(0):0.436|0.437, 46(0):5.315|5.810, 49(0):12.633|12.785
6770, 372(0):4.633|4.845, 412(0):0.882|0.954, 40(0):0.456|0.457, 39(0):5.370|5.632, 39(0):12.018|12.364
6780, 519(0):4.488|4.970, 485(0):0.958|1.053, 50(0):0.465|0.466, 55(0):5.355|5.394, 48(0):12.651|13.371
6790, 497(0):4.493|4.711, 532(0):0.918|1.322, 52(0):0.436|0.438, 47(0):5.237|5.458, 55(0):12.291|12.443
6800, 409(1):4.655|5.004, 468(0):0.968|1.351, 43(0):0.421|0.435, 44(0):5.367|5.764, 38(0):12.225|13.763
6810, 554(0):4.648|4.957, 511(0):0.974|1.305, 53(0):0.523|0.725, 51(0):5.692|5.704, 60(0):12.072|12.192
6820, 493(1):4.446|7.618, 459(0):0.906|0.947, 49(0):0.436|0.483, 52(0):5.575|5.942, 39(0):11.801|12.066
6830, 454(0):4.465|4.635, 434(0):0.974|1.017, 45(0):0.464|0.473, 49(0):5.412|5.423, 53(0):11.810|11.959
6840, 469(2):4.755|5.670, 482(0):1.035|1.237, 47(0):0.425|0.645, 43(0):5.604|5.644, 47(0):12.230|12.794
6850, 464(1):4.657|5.380, 457(0):0.962|1.280, 47(0):0.411|0.457, 44(0):5.408|5.435, 45(0):12.331|14.309
6860, 445(0):4.635|4.898, 455(0):0.985|1.231, 45(0):0.489|0.494, 46(0):5.724|5.832, 48(0):12.172|12.669
6870, 487(1):4.409|5.642, 494(0):0.926|1.103, 48(0):0.399|0.624, 45(0):5.341|5.517, 49(0):13.032|13.290
6880, 434(1):4.577|5.228, 488(0):0.943|1.146, 45(0):0.452|0.559, 46(0):5.416|5.483, 44(0):11.132|12.198
6890, 625(0):4.567|4.876, 566(0):0.988|1.502, 60(0):0.439|0.524, 61(0):5.444|5.476, 58(0):11.441|12.456
6900, 434(0):4.503|4.818, 427(0):0.971|1.324, 44(0):0.439|0.454, 53(0):5.207|5.330, 44(0):12.172|13.805
6910, 488(0):4.383|4.959, 501(0):0.931|1.126, 48(0):0.467|0.474, 50(0):5.150|5.185, 50(0):11.378|11.382
6920, 501(0):4.548|4.740, 497(0):0.920|1.240, 50(0):0.548|0.661, 45(0):5.271|5.281, 47(0):13.248|14.051
6930, 535(0):4.402|4.648, 555(0):0.917|1.040, 56(0):0.545|0.679, 49(0):5.195|5.208, 58(0):12.440|13.159
6940, 448(2):4.765|5.093, 431(0):0.979|1.370, 42(0):0.562|0.571, 51(0):5.570|5.891, 39(0):12.780|13.055
6950, 647(2):4.725|5.935, 708(0):1.014|1.258, 70(0):0.531|0.724, 67(0):5.625|5.651, 70(0):12.099|14.284
6960, 632(77):7.152|9.002, 554(0):1.812|3.332, 58(0):0.885|1.064, 57(0):7.196|7.227, 60(6):19.999|32.323
6970, 686(50):5.714|6.197, 702(0):1.350|1.954, 71(0):0.611|0.625, 73(0):8.855|10.455, 66(0):14.494|15.014
6980, 425(4):4.891|5.294, 405(0):1.164|3.039, 41(0):0.485|0.528, 44(0):6.168|6.960, 44(0):12.481|12.755
6990, 476(4):4.917|5.284, 492(0):1.028|1.378, 48(0):0.584|0.811, 49(0):5.754|5.810, 51(0):12.377|12.619
7000, 490(6):5.011|5.375, 518(0):1.083|1.296, 49(0):0.537|0.622, 49(0):5.746|5.873, 48(0):12.476|13.861
7010, 485(0):4.620|4.893, 446(0):1.020|2.149, 48(0):0.459|0.502, 45(0):5.478|5.594, 47(0):12.884|12.961
7020, 473(1):4.721|5.024, 471(0):1.027|1.137, 48(0):0.438|0.469, 45(0):5.800|5.938, 49(0):12.272|12.400
7030, 505(1):4.546|5.016, 538(0):0.968|1.400, 51(0):0.462|0.511, 45(0):5.373|5.468, 53(0):12.488|12.699
7040, 554(0):4.522|4.952, 616(0):0.934|1.139, 57(0):0.474|0.528, 52(0):5.840|6.082, 56(0):11.971|12.266
7050, 491(0):4.679|4.924, 383(0):0.880|1.034, 45(0):0.556|0.566, 59(0):5.425|5.464, 45(0):12.770|13.280
7060, 503(1):4.527|5.157, 564(0):0.966|1.607, 54(0):0.473|0.491, 48(0):5.420|5.505, 52(0):12.020|12.715
7070, 549(2):4.764|5.245, 552(0):0.964|1.448, 53(0):0.616|1.106, 48(0):5.514|5.932, 55(0):12.071|12.367
7080, 492(1):4.742|5.300, 475(0):1.106|2.003, 50(0):0.507|0.543, 50(0):5.871|5.963, 52(0):15.149|15.352
7090, 533(1):4.662|5.058, 509(0):0.963|1.398, 53(0):0.503|0.547, 67(0):5.485|5.521, 52(0):11.056|11.353
7100, 442(0):4.481|4.750, 424(0):0.943|1.266, 43(0):0.455|0.489, 39(0):5.229|5.492, 42(0):11.852|12.523
7110, 687(1):4.491|5.130, 730(0):0.880|1.091, 70(0):0.467|0.487, 59(0):5.161|5.174, 71(0):11.539|12.122
7120, 500(0):4.491|4.610, 477(0):0.895|1.049, 50(0):0.429|0.452, 55(0):5.239|5.306, 48(0):10.673|10.930
7130, 435(0):4.258|4.409, 459(0):0.914|1.111, 44(0):0.446|0.450, 43(0):4.962|5.012, 47(0):11.338|11.525
7140, 477(3):4.849|5.266, 469(0):1.076|1.214, 47(0):0.580|0.600, 51(0):5.755|5.795, 39(0):12.266|13.130
7150, 444(1):4.788|5.126, 418(0):0.951|1.081, 43(0):0.459|0.904, 46(0):5.768|5.921, 46(0):11.723|11.775
7160, 519(2):4.523|5.247, 512(0):0.952|1.350, 50(0):0.430|0.546, 52(0):5.488|5.816, 53(0):11.663|12.138
7170, 452(0):4.575|4.950, 456(0):1.028|1.210, 47(0):0.472|0.500, 43(0):5.451|5.603, 45(0):11.961|12.172
7180, 427(0):4.535|4.917, 425(0):1.015|1.105, 43(0):0.451|0.456, 41(0):5.395|5.598, 42(0):12.041|12.734
7190, 410(0):4.733|4.924, 403(0):0.965|2.145, 41(0):0.492|0.513, 39(0):5.586|5.662, 45(0):12.848|13.811
7200, 514(1):4.721|6.505, 552(0):0.952|1.205, 53(0):0.522|0.558, 51(0):5.497|5.632, 49(0):12.483|13.098

STOPPING THREADS...........................................................................................................................................................................................................................................................................................................................................................

<Raw Results>
  [0] sc:358050  lt:2118  rt:0  fl:0 
  [1] sc:360126  lt:3  rt:0  fl:0 
  [2] sc:36015  lt:0  rt:0  fl:0 
  [3] sc:36009  lt:0  rt:0  fl:0 
  [4] sc:35988  lt:24  rt:0  fl:0 
 in 7200 sec.

<Raw Results2(sum ver.)>
  [0] sc:358050  lt:2118  rt:0  fl:0 
  [1] sc:360126  lt:3  rt:0  fl:0 
  [2] sc:36015  lt:0  rt:0  fl:0 
  [3] sc:36009  lt:0  rt:0  fl:0 
  [4] sc:35988  lt:24  rt:0  fl:0 

<Constraint Check> (all must be [OK])
 [transaction percentage]
        Payment: 43.48% (>=43.0%) [OK]
   Order-Status: 4.35% (>= 4.0%) [OK]
       Delivery: 4.35% (>= 4.0%) [OK]
    Stock-Level: 4.35% (>= 4.0%) [OK]
 [response time (at least 90% passed)]
      New-Order: 99.41%  [OK]
        Payment: 100.00%  [OK]
   Order-Status: 100.00%  [OK]
       Delivery: 100.00%  [OK]
    Stock-Level: 99.93%  [OK]

<TpmC>
                 3001.400 TpmC
Start: 2013-08-08 00:44:07 - Finish: 2013-08-08 03:04:10
AVG Idle CPU: 5.52
AVG Commit: 71.37
